48813 Startzeit: 16.06 11:25:01,278| mit PID <0.103.0> auf ggt3@lab32.cpt.haw-hamburg.de
beim Namensdienst und auf Node lokal registriert.
beim Koordinator gemeldet.
Linker Nachbar 48826 (48826) gebunden.
Rechter Nachbar 488316 (488316) gebunden.
48813: initiiere eine Terminierungsabstimmung (42). 16.06 11:27:09,732|
48813: stimme ab (48826): mit >JA< gestimmt und weitergeleitet (Code 2). 16.06 11:27:09,734|
48813: stimme ab (48822): mit >JA< gestimmt und weitergeleitet (Code 2). 16.06 11:27:09,843|
48813: stimme ab (488114): mit >JA< gestimmt und weitergeleitet (Code 2). 16.06 11:27:09,844|
48813: stimme ab (48839): mit >JA< gestimmt und weitergeleitet (Code 2). 16.06 11:27:09,953|
48813: stimme ab (488310): mit >JA< gestimmt und weitergeleitet (Code 2). 16.06 11:27:09,953|
48813: stimme ab (48823): mit >JA< gestimmt und weitergeleitet (Code 2). 16.06 11:27:09,953|
48813: stimme ab (48811): mit >JA< gestimmt und weitergeleitet (Code 2). 16.06 11:27:09,964|
48813: stimme ab (488210): mit >JA< gestimmt und weitergeleitet (Code 2). 16.06 11:27:09,964|
48813: stimme ab (48814): mit >JA< gestimmt und weitergeleitet (Code 2). 16.06 11:27:09,964|
48813: stimme ab (488213): mit >JA< gestimmt und weitergeleitet (Code 2). 16.06 11:27:09,964|
48813: stimme ab (488314): mit >JA< gestimmt und weitergeleitet (Code 2). 16.06 11:27:09,965|
48813: stimme ab (488113): mit >JA< gestimmt und weitergeleitet (Code 2). 16.06 11:27:09,965|
48813: stimme ab (488312): mit >JA< gestimmt und weitergeleitet (Code 2). 16.06 11:27:09,973|
48813: stimme ab (48829): mit >JA< gestimmt und weitergeleitet (Code 2). 16.06 11:27:09,212|
48813: stimme ab (488115): mit >JA< gestimmt und weitergeleitet (Code 2). 16.06 11:27:09,212|
48813: stimme ab (488216): mit >JA< gestimmt und weitergeleitet (Code 2). 16.06 11:27:09,212|
48813: stimme ab (488215): mit >JA< gestimmt und weitergeleitet (Code 2). 16.06 11:27:09,212|
48813: stimme ab (488111): mit >JA< gestimmt und weitergeleitet (Code 2). 16.06 11:27:09,213|
48813: stimme ab (488212): mit >JA< gestimmt und weitergeleitet (Code 2). 16.06 11:27:09,213|
48813: stimme ab (48832): mit >JA< gestimmt und weitergeleitet (Code 2). 16.06 11:27:09,213|
48813: stimme ab (48838): mit >JA< gestimmt und weitergeleitet (Code 2). 16.06 11:27:09,514|
48813: stimme ab (48837): mit >JA< gestimmt und weitergeleitet (Code 2). 16.06 11:27:09,513|
48813: stimme ab (488116): mit >JA< gestimmt und weitergeleitet (Code 2). 16.06 11:27:09,513|
48813: stimme ab (488311): mit >JA< gestimmt und weitergeleitet (Code 2). 16.06 11:27:09,513|
48813: stimme ab (488315): mit >JA< gestimmt und weitergeleitet (Code 2). 16.06 11:27:09,513|
48813: stimme ab (48815): mit >JA< gestimmt und weitergeleitet (Code 2). 16.06 11:27:09,844|
48813: stimme ab (488110): mit >JA< gestimmt und weitergeleitet (Code 2). 16.06 11:27:09,844|
48813: stimme ab (48819): mit >JA< gestimmt und weitergeleitet (Code 2). 16.06 11:27:09,844|
48813: stimme ab (488112): mit >JA< gestimmt und weitergeleitet (Code 2). 16.06 11:27:09,844|
48813: stimme ab (48817): mit >JA< gestimmt und weitergeleitet (Code 2). 16.06 11:27:09,845|
48813: stimme ab (48816): mit >JA< gestimmt und weitergeleitet (Code 2). 16.06 11:27:09,845|
48813: stimme ab (488214): mit >JA< gestimmt und weitergeleitet (Code 2). 16.06 11:27:09,845|
48813: stimme ab (48824): mit >JA< gestimmt und weitergeleitet (Code 2). 16.06 11:27:09,845|
48813: stimme ab (48825): mit >JA< gestimmt und weitergeleitet (Code 2). 16.06 11:27:09,845|
48813: stimme ab (48828): mit >JA< gestimmt und weitergeleitet (Code 2). 16.06 11:27:09,846|
48813: stimme ab (48812): mit >JA< gestimmt und weitergeleitet (Code 2). 16.06 11:27:09,846|
48813: stimme ab (48827): mit >JA< gestimmt und weitergeleitet (Code 2). 16.06 11:27:09,846|
48813: stimme ab (48818): mit >JA< gestimmt und weitergeleitet (Code 2). 16.06 11:27:09,846|
48813: stimme ab (48821): mit >JA< gestimmt und weitergeleitet (Code 2). 16.06 11:27:09,846|
48813: stimme ab (48836): mit >JA< gestimmt und weitergeleitet (Code 2). 16.06 11:27:09,847|
48813: stimme ab (48833): mit >JA< gestimmt und weitergeleitet (Code 2). 16.06 11:27:09,185|
48813: stimme ab (488313): mit >JA< gestimmt und weitergeleitet (Code 2). 16.06 11:27:09,556|
48813: stimme ab (488211): mit >JA< gestimmt und weitergeleitet (Code 2). 16.06 11:27:09,556|
48813: stimme ab (48835): mit >JA< gestimmt und weitergeleitet (Code 2). 16.06 11:27:09,557|
48813: stimme ab (48831): mit >JA< gestimmt und weitergeleitet (Code 2). 16.06 11:27:09,556|
48813: stimme ab (48834): mit >JA< gestimmt und weitergeleitet (Code 2). 16.06 11:27:09,557|
48813: stimme ab (488316): mit >JA< gestimmt und weitergeleitet (Code 2). 16.06 11:27:09,557|
48813: stimme ab (48813): Koordinator Terminierung gemeldet mit 42. 16.06 11:27:09,557|
setpm: 73616400.
sendy: 279312 (219648); keine Berechnung.
48813: stimme ab (48826): mit >JA< gestimmt und weitergeleitet (Code 2). 16.06 11:29:54,312|
sendy: 253968 (73616400); berechnet als neues Mi 219648. 16.06 11:29:54,292|
48813: initiiere eine Terminierungsabstimmung (219648). 16.06 11:29:54,311|
48813: stimme ab (48822): mit >JA< gestimmt und weitergeleitet (Code 2). 16.06 11:29:54,313|
48813: stimme ab (488114): mit >JA< gestimmt und weitergeleitet (Code 2). 16.06 11:29:54,527|
48813: stimme ab (48823): mit >JA< gestimmt und weitergeleitet (Code 2). 16.06 11:29:54,528|
48813: stimme ab (488310): mit >JA< gestimmt und weitergeleitet (Code 2). 16.06 11:29:54,528|
48813: stimme ab (488210): mit >JA< gestimmt und weitergeleitet (Code 2). 16.06 11:29:54,895|
48813: stimme ab (48811): mit >JA< gestimmt und weitergeleitet (Code 2). 16.06 11:29:54,894|
48813: stimme ab (488213): mit >JA< gestimmt und weitergeleitet (Code 2). 16.06 11:29:54,923|
48813: stimme ab (48829): mit >JA< gestimmt und weitergeleitet (Code 2). 16.06 11:29:54,923|
48813: stimme ab (48839): mit >JA< gestimmt und weitergeleitet (Code 2). 16.06 11:29:54,894|
48813: stimme ab (488113): mit >JA< gestimmt und weitergeleitet (Code 2). 16.06 11:29:54,924|
48813: stimme ab (48832): mit >JA< gestimmt und weitergeleitet (Code 2). 16.06 11:29:54,924|
48813: stimme ab (488312): mit >JA< gestimmt und weitergeleitet (Code 2). 16.06 11:29:54,924|
48813: stimme ab (488314): mit >JA< gestimmt und weitergeleitet (Code 2). 16.06 11:29:54,923|
48813: stimme ab (48814): mit >JA< gestimmt und weitergeleitet (Code 2). 16.06 11:29:54,923|
48813: stimme ab (48815): mit >JA< gestimmt und weitergeleitet (Code 2). 16.06 11:29:54,182|
48813: stimme ab (488115): mit >JA< gestimmt und weitergeleitet (Code 2). 16.06 11:29:54,039|
48813: stimme ab (488212): mit >JA< gestimmt und weitergeleitet (Code 2). 16.06 11:29:54,040|
48813: stimme ab (48838): mit >JA< gestimmt und weitergeleitet (Code 2). 16.06 11:29:54,039|
48813: stimme ab (488216): mit >JA< gestimmt und weitergeleitet (Code 2). 16.06 11:29:54,039|
48813: stimme ab (488315): mit >JA< gestimmt und weitergeleitet (Code 2). 16.06 11:29:54,264|
48813: stimme ab (488110): mit >JA< gestimmt und weitergeleitet (Code 2). 16.06 11:29:54,350|
48813: stimme ab (48819): mit >JA< gestimmt und weitergeleitet (Code 2). 16.06 11:29:54,351|
48813: stimme ab (48816): mit >JA< gestimmt und weitergeleitet (Code 2). 16.06 11:29:54,351|
48813: stimme ab (488112): mit >JA< gestimmt und weitergeleitet (Code 2). 16.06 11:29:54,351|
48813: stimme ab (48817): mit >JA< gestimmt und weitergeleitet (Code 2). 16.06 11:29:54,351|
48813: stimme ab (48827): mit >JA< gestimmt und weitergeleitet (Code 2). 16.06 11:29:54,352|
sendy: 59664 (219648); berechnet als neues Mi 40656. 16.06 11:30:00,370|
48813: initiiere eine Terminierungsabstimmung (40656). 16.06 11:30:03,411|
sendy: 16 (40656); berechnet als neues Mi 16. 16.06 11:31:18,450|
48813: stimme ab (48826): mit >NEIN< gestimmt und ignoriert.
48813: initiiere eine Terminierungsabstimmung (16). 16.06 11:31:21,491|
setpm: 165636900.
sendy: 571428 (165636900); berechnet als neues Mi 494208. 16.06 11:34:47,672|
48813: stimme ab (48826): mit >JA< gestimmt und weitergeleitet (Code 1). 16.06 11:34:47,691|
48813: stimme ab (488114): mit >JA< gestimmt und weitergeleitet (Code 1). 16.06 11:34:47,692|
48813: initiiere eine Terminierungsabstimmung (494208). 16.06 11:34:47,692|
48813: stimme ab (488310): mit >JA< gestimmt und weitergeleitet (Code 2). 16.06 11:34:47,692|
48813: stimme ab (48822): mit >JA< gestimmt und weitergeleitet (Code 2). 16.06 11:34:47,702|
48813: stimme ab (48839): mit >JA< gestimmt und weitergeleitet (Code 2). 16.06 11:34:47,714|
48813: stimme ab (488210): mit >JA< gestimmt und weitergeleitet (Code 2). 16.06 11:34:47,715|
48813: stimme ab (48823): mit >JA< gestimmt und weitergeleitet (Code 2). 16.06 11:34:47,715|
48813: stimme ab (488315): mit >JA< gestimmt und weitergeleitet (Code 2). 16.06 11:34:47,900|
48813: stimme ab (488110): mit >JA< gestimmt und weitergeleitet (Code 2). 16.06 11:34:47,908|
48813: stimme ab (48815): mit >JA< gestimmt und weitergeleitet (Code 2). 16.06 11:34:47,900|
48813: stimme ab (48838): mit >JA< gestimmt und weitergeleitet (Code 2). 16.06 11:34:47,899|
48813: stimme ab (48832): mit >JA< gestimmt und weitergeleitet (Code 2). 16.06 11:34:47,899|
48813: stimme ab (488212): mit >JA< gestimmt und weitergeleitet (Code 2). 16.06 11:34:47,899|
48813: stimme ab (488213): mit >JA< gestimmt und weitergeleitet (Code 2). 16.06 11:34:47,897|
48813: stimme ab (48829): mit >JA< gestimmt und weitergeleitet (Code 2). 16.06 11:34:47,897|
48813: stimme ab (488314): mit >JA< gestimmt und weitergeleitet (Code 2). 16.06 11:34:47,898|
48813: stimme ab (488312): mit >JA< gestimmt und weitergeleitet (Code 2). 16.06 11:34:47,897|
48813: stimme ab (48811): mit >JA< gestimmt und weitergeleitet (Code 2). 16.06 11:34:47,898|
48813: stimme ab (48814): mit >JA< gestimmt und weitergeleitet (Code 2). 16.06 11:34:47,898|
48813: stimme ab (488115): mit >JA< gestimmt und weitergeleitet (Code 2). 16.06 11:34:47,898|
48813: stimme ab (488113): mit >JA< gestimmt und weitergeleitet (Code 2). 16.06 11:34:47,898|
48813: stimme ab (488216): mit >JA< gestimmt und weitergeleitet (Code 2). 16.06 11:34:47,899|
48813: stimme ab (48827): mit >JA< gestimmt und weitergeleitet (Code 2). 16.06 11:34:47,146|
48813: stimme ab (48817): mit >JA< gestimmt und weitergeleitet (Code 2). 16.06 11:34:47,146|
48813: stimme ab (48819): mit >JA< gestimmt und weitergeleitet (Code 2). 16.06 11:34:47,145|
48813: stimme ab (488112): mit >JA< gestimmt und weitergeleitet (Code 2). 16.06 11:34:47,146|
48813: stimme ab (48816): mit >JA< gestimmt und weitergeleitet (Code 2). 16.06 11:34:47,146|
sendy: 36 (494208); berechnet als neues Mi 36. 16.06 11:36:11,610|
48813: stimme ab (48826): mit >NEIN< gestimmt und ignoriert.
48813: initiiere eine Terminierungsabstimmung (36). 16.06 11:36:14,660|
Downtime: 16.06 11:36:40,301| vom Client 48813
