08.11 11:20:05,548|11043: Got Nameservice: ns@lab30.cpt.haw-hamburg.de
08.11 11:20:05,549|11043: Sende Nachricht an Nameservicenode: ns@lab30.cpt.haw-hamburg.de
08.11 11:20:05,550|11043: Nachricht an Nameservicenode gesendet
08.11 11:20:05,591|11043: Bind done
08.11 11:20:05,591|11043: Get Koordinator -> Get Dienst
08.11 11:20:05,594|11043: Trying to get Nameservice: ns@lab30.cpt.haw-hamburg.de
08.11 11:20:05,621|11043: Got Nameservice: ns@lab30.cpt.haw-hamburg.de
08.11 11:20:05,622|11043: Got Nameservice, trying to contact it for: chef
08.11 11:20:05,655|11043: chef found, Name: chef Node: ko@lab22.cpt.haw-hamburg.de
08.11 11:20:05,656|11043: Sende Nachricht an Koordinator: chef
08.11 11:20:05,657|11043: warte auf Nachbarmessage vom Koordinator
08.11 11:21:06,458|11043: Neighbors set. Left: 11021 Right: 11073|starting loop
08.11 11:21:12,441|11043: Starting with MI: 10320453
08.11 11:21:12,442|11043: Starting new timer
08.11 11:21:12,393|11043: Got Y: 4236266385
08.11 11:21:12,393|11043: Killing old timer in Y
08.11 11:21:12,394|11043: Starting new timer
08.11 11:21:12,394|11043: New Y: 4236266385 >= Mi: 10320453
08.11 11:21:15,267|11043: Got Abstimmung
08.11 11:21:15,268|11043: Got it from someone else
08.11 11:21:15,268|11043: TimeDiff of 3 big enough
08.11 11:21:15,269|11043: Trying to get Nameservice: ns@lab30.cpt.haw-hamburg.de
08.11 11:21:15,274|11043: Got Nameservice: ns@lab30.cpt.haw-hamburg.de
08.11 11:21:15,275|11043: Got Nameservice, trying to contact it for: 11073
08.11 11:21:15,282|11043: 11073 found, Name: 11073 Node: team10@lab24.cpt.haw-hamburg.de
08.11 11:21:15,282|11043: Abstimmung yes, sending to Next One
08.11 11:21:15,435|11043: Got Abstimmung
08.11 11:21:15,435|11043: Got it from someone else
08.11 11:21:15,436|11043: TimeDiff of 3 big enough
08.11 11:21:15,436|11043: Trying to get Nameservice: ns@lab30.cpt.haw-hamburg.de
08.11 11:21:15,440|11043: Got Nameservice: ns@lab30.cpt.haw-hamburg.de
08.11 11:21:15,441|11043: Got Nameservice, trying to contact it for: 11073
08.11 11:21:15,447|11043: 11073 found, Name: 11073 Node: team10@lab24.cpt.haw-hamburg.de
08.11 11:21:15,448|11043: Abstimmung yes, sending to Next One
08.11 11:21:15,742|11043: Got Abstimmung
08.11 11:21:15,743|11043: Got it from someone else
08.11 11:21:15,744|11043: TimeDiff of 3 big enough
08.11 11:21:15,744|11043: Trying to get Nameservice: ns@lab30.cpt.haw-hamburg.de
08.11 11:21:15,755|11043: Got Nameservice: ns@lab30.cpt.haw-hamburg.de
08.11 11:21:15,755|11043: Got Nameservice, trying to contact it for: 11073
08.11 11:21:15,763|11043: 11073 found, Name: 11073 Node: team10@lab24.cpt.haw-hamburg.de
08.11 11:21:15,763|11043: Abstimmung yes, sending to Next One
08.11 11:21:15,766|11043: Got Abstimmung
08.11 11:21:15,767|11043: Got it from someone else
08.11 11:21:15,768|11043: TimeDiff of 3 big enough
08.11 11:21:15,769|11043: Trying to get Nameservice: ns@lab30.cpt.haw-hamburg.de
08.11 11:21:15,778|11043: Got Nameservice: ns@lab30.cpt.haw-hamburg.de
08.11 11:21:15,779|11043: Got Nameservice, trying to contact it for: 11073
08.11 11:21:15,786|11043: 11073 found, Name: 11073 Node: team10@lab24.cpt.haw-hamburg.de
08.11 11:21:15,786|11043: Abstimmung yes, sending to Next One
08.11 11:21:15,818|11043: Got Abstimmung
08.11 11:21:15,819|11043: Got it from someone else
08.11 11:21:15,820|11043: TimeDiff of 3 big enough
08.11 11:21:15,820|11043: Trying to get Nameservice: ns@lab30.cpt.haw-hamburg.de
08.11 11:21:15,826|11043: Got Nameservice: ns@lab30.cpt.haw-hamburg.de
08.11 11:21:15,827|11043: Got Nameservice, trying to contact it for: 11073
08.11 11:21:15,838|11043: 11073 found, Name: 11073 Node: team10@lab24.cpt.haw-hamburg.de
08.11 11:21:15,839|11043: Abstimmung yes, sending to Next One
08.11 11:21:15,881|11043: Got Abstimmung
08.11 11:21:15,882|11043: Got it from someone else
08.11 11:21:15,883|11043: TimeDiff of 3 big enough
08.11 11:21:15,883|11043: Trying to get Nameservice: ns@lab30.cpt.haw-hamburg.de
08.11 11:21:15,889|11043: Got Nameservice: ns@lab30.cpt.haw-hamburg.de
08.11 11:21:15,890|11043: Got Nameservice, trying to contact it for: 11073
08.11 11:21:15,895|11043: 11073 found, Name: 11073 Node: team10@lab24.cpt.haw-hamburg.de
08.11 11:21:15,896|11043: Abstimmung yes, sending to Next One
08.11 11:21:15,925|11043: Got Abstimmung
08.11 11:21:15,925|11043: Got it from someone else
08.11 11:21:15,926|11043: TimeDiff of 3 big enough
08.11 11:21:15,927|11043: Trying to get Nameservice: ns@lab30.cpt.haw-hamburg.de
08.11 11:21:15,933|11043: Got Nameservice: ns@lab30.cpt.haw-hamburg.de
08.11 11:21:15,934|11043: Got Nameservice, trying to contact it for: 11073
08.11 11:21:15,032|11043: 11073 found, Name: 11073 Node: team10@lab24.cpt.haw-hamburg.de
08.11 11:21:15,034|11043: Abstimmung yes, sending to Next One
08.11 11:21:15,089|11043: Got Abstimmung
08.11 11:21:15,090|11043: Got it from someone else
08.11 11:21:15,091|11043: TimeDiff of 3 big enough
08.11 11:21:15,092|11043: Trying to get Nameservice: ns@lab30.cpt.haw-hamburg.de
08.11 11:21:15,204|11043: Got Nameservice: ns@lab30.cpt.haw-hamburg.de
08.11 11:21:15,206|11043: Got Nameservice, trying to contact it for: 11073
08.11 11:21:15,625|11043: 11073 found, Name: 11073 Node: team10@lab24.cpt.haw-hamburg.de
08.11 11:21:15,626|11043: Abstimmung yes, sending to Next One
08.11 11:21:15,633|11043: Got Abstimmung
08.11 11:21:15,634|11043: Got it from someone else
08.11 11:21:15,635|11043: TimeDiff of 3 big enough
08.11 11:21:15,635|11043: Trying to get Nameservice: ns@lab30.cpt.haw-hamburg.de
08.11 11:21:15,764|11043: Got Nameservice: ns@lab30.cpt.haw-hamburg.de
08.11 11:21:15,765|11043: Got Nameservice, trying to contact it for: 11073
08.11 11:21:15,903|11043: 11073 found, Name: 11073 Node: team10@lab24.cpt.haw-hamburg.de
08.11 11:21:15,906|11043: Abstimmung yes, sending to Next One
08.11 11:21:15,909|11043: Got Abstimmung
08.11 11:21:15,911|11043: Got it from someone else
08.11 11:21:15,916|11043: TimeDiff of 3 big enough
08.11 11:21:15,917|11043: Trying to get Nameservice: ns@lab30.cpt.haw-hamburg.de
08.11 11:21:15,017|11043: Got Nameservice: ns@lab30.cpt.haw-hamburg.de
08.11 11:21:15,019|11043: Got Nameservice, trying to contact it for: 11073
08.11 11:21:15,298|11043: 11073 found, Name: 11073 Node: team10@lab24.cpt.haw-hamburg.de
08.11 11:21:15,299|11043: Abstimmung yes, sending to Next One
08.11 11:21:15,300|11043: Got Abstimmung
08.11 11:21:15,301|11043: Got it from someone else
08.11 11:21:15,302|11043: TimeDiff of 3 big enough
08.11 11:21:15,303|11043: Trying to get Nameservice: ns@lab30.cpt.haw-hamburg.de
08.11 11:21:15,411|11043: Got Nameservice: ns@lab30.cpt.haw-hamburg.de
08.11 11:21:15,412|11043: Got Nameservice, trying to contact it for: 11073
08.11 11:21:15,579|11043: 11073 found, Name: 11073 Node: team10@lab24.cpt.haw-hamburg.de
08.11 11:21:15,580|11043: Abstimmung yes, sending to Next One
08.11 11:21:15,416|11043: Trying to get Nameservice: ns@lab30.cpt.haw-hamburg.de
08.11 11:21:15,450|11043: Got Nameservice: ns@lab30.cpt.haw-hamburg.de
08.11 11:21:15,450|11043: Got Nameservice, trying to contact it for: 11073
08.11 11:21:15,513|11043: 11073 found, Name: 11073 Node: team10@lab24.cpt.haw-hamburg.de
08.11 11:21:15,515|11043: ABSTIMMUNG start
08.11 11:21:16,779|11043: Got Abstimmung
08.11 11:21:16,785|11043: Got it from someone else
08.11 11:21:16,792|11043: TimeDiff of 4 big enough
08.11 11:21:16,799|11043: Trying to get Nameservice: ns@lab30.cpt.haw-hamburg.de
08.11 11:21:16,853|11043: Got Nameservice: ns@lab30.cpt.haw-hamburg.de
08.11 11:21:16,859|11043: Got Nameservice, trying to contact it for: 11073
08.11 11:21:16,599|11043: 11073 found, Name: 11073 Node: team10@lab24.cpt.haw-hamburg.de
08.11 11:21:16,608|11043: Abstimmung yes, sending to Next One
08.11 11:21:16,695|11043: Got Abstimmung
08.11 11:21:16,696|11043: Got it from someone else
08.11 11:21:16,696|11043: TimeDiff of 4 big enough
08.11 11:21:16,700|11043: Trying to get Nameservice: ns@lab30.cpt.haw-hamburg.de
08.11 11:21:16,727|11043: Got Nameservice: ns@lab30.cpt.haw-hamburg.de
08.11 11:21:16,727|11043: Got Nameservice, trying to contact it for: 11073
08.11 11:21:16,798|11043: 11073 found, Name: 11073 Node: team10@lab24.cpt.haw-hamburg.de
08.11 11:21:16,801|11043: Abstimmung yes, sending to Next One
08.11 11:21:16,087|11043: Got Abstimmung
08.11 11:21:16,089|11043: Got it from someone else
08.11 11:21:16,090|11043: TimeDiff of 4 big enough
08.11 11:21:16,091|11043: Trying to get Nameservice: ns@lab30.cpt.haw-hamburg.de
08.11 11:21:16,121|11043: Got Nameservice: ns@lab30.cpt.haw-hamburg.de
08.11 11:21:16,122|11043: Got Nameservice, trying to contact it for: 11073
08.11 11:21:16,203|11043: 11073 found, Name: 11073 Node: team10@lab24.cpt.haw-hamburg.de
08.11 11:21:16,203|11043: Abstimmung yes, sending to Next One
08.11 11:21:16,870|11043: Got Abstimmung
08.11 11:21:16,870|11043: Got it from someone else
08.11 11:21:16,872|11043: TimeDiff of 4 big enough
08.11 11:21:16,873|11043: Trying to get Nameservice: ns@lab30.cpt.haw-hamburg.de
08.11 11:21:16,899|11043: Got Nameservice: ns@lab30.cpt.haw-hamburg.de
08.11 11:21:16,900|11043: Got Nameservice, trying to contact it for: 11073
08.11 11:21:16,947|11043: 11073 found, Name: 11073 Node: team10@lab24.cpt.haw-hamburg.de
08.11 11:21:16,948|11043: Abstimmung yes, sending to Next One
08.11 11:21:16,283|11043: Got Abstimmung
08.11 11:21:16,284|11043: Got it from someone else
08.11 11:21:16,285|11043: TimeDiff of 4 big enough
08.11 11:21:16,286|11043: Trying to get Nameservice: ns@lab30.cpt.haw-hamburg.de
08.11 11:21:16,325|11043: Got Nameservice: ns@lab30.cpt.haw-hamburg.de
08.11 11:21:16,327|11043: Got Nameservice, trying to contact it for: 11073
08.11 11:21:16,358|11043: 11073 found, Name: 11073 Node: team10@lab24.cpt.haw-hamburg.de
08.11 11:21:16,359|11043: Abstimmung yes, sending to Next One
08.11 11:21:16,051|11043: Got Abstimmung
08.11 11:21:16,052|11043: Got it from someone else
08.11 11:21:16,052|11043: TimeDiff of 4 big enough
08.11 11:21:16,053|11043: Trying to get Nameservice: ns@lab30.cpt.haw-hamburg.de
08.11 11:21:16,139|11043: Got Nameservice: ns@lab30.cpt.haw-hamburg.de
08.11 11:21:16,139|11043: Got Nameservice, trying to contact it for: 11073
08.11 11:21:16,162|11043: 11073 found, Name: 11073 Node: team10@lab24.cpt.haw-hamburg.de
08.11 11:21:16,163|11043: Abstimmung yes, sending to Next One
08.11 11:21:17,066|11043: Got Abstimmung
08.11 11:21:17,068|11043: Got it from someone else
08.11 11:21:17,068|11043: TimeDiff of 5 big enough
08.11 11:21:17,069|11043: Trying to get Nameservice: ns@lab30.cpt.haw-hamburg.de
08.11 11:21:17,135|11043: Got Nameservice: ns@lab30.cpt.haw-hamburg.de
08.11 11:21:17,136|11043: Got Nameservice, trying to contact it for: 11073
08.11 11:21:17,235|11043: 11073 found, Name: 11073 Node: team10@lab24.cpt.haw-hamburg.de
08.11 11:21:17,236|11043: Abstimmung yes, sending to Next One
08.11 11:21:17,459|11043: Got Abstimmung
08.11 11:21:17,460|11043: Got it from someone else
08.11 11:21:17,461|11043: TimeDiff of 5 big enough
08.11 11:21:17,461|11043: Trying to get Nameservice: ns@lab30.cpt.haw-hamburg.de
08.11 11:21:17,551|11043: Got Nameservice: ns@lab30.cpt.haw-hamburg.de
08.11 11:21:17,555|11043: Got Nameservice, trying to contact it for: 11073
08.11 11:21:17,637|11043: 11073 found, Name: 11073 Node: team10@lab24.cpt.haw-hamburg.de
08.11 11:21:17,639|11043: Abstimmung yes, sending to Next One
08.11 11:21:18,553|11043: Got Abstimmung
08.11 11:21:18,554|11043: Got it from someone else
08.11 11:21:18,554|11043: TimeDiff of 6 big enough
08.11 11:21:18,555|11043: Trying to get Nameservice: ns@lab30.cpt.haw-hamburg.de
08.11 11:21:18,607|11043: Got Nameservice: ns@lab30.cpt.haw-hamburg.de
08.11 11:21:18,608|11043: Got Nameservice, trying to contact it for: 11073
08.11 11:21:18,649|11043: 11073 found, Name: 11073 Node: team10@lab24.cpt.haw-hamburg.de
08.11 11:21:18,650|11043: Abstimmung yes, sending to Next One
08.11 11:21:18,605|11043: Got Abstimmung
08.11 11:21:18,606|11043: Got it from someone else
08.11 11:21:18,606|11043: TimeDiff of 6 big enough
08.11 11:21:18,607|11043: Trying to get Nameservice: ns@lab30.cpt.haw-hamburg.de
08.11 11:21:18,635|11043: Got Nameservice: ns@lab30.cpt.haw-hamburg.de
08.11 11:21:18,636|11043: Got Nameservice, trying to contact it for: 11073
08.11 11:21:18,641|11043: 11073 found, Name: 11073 Node: team10@lab24.cpt.haw-hamburg.de
08.11 11:21:18,642|11043: Abstimmung yes, sending to Next One
08.11 11:21:19,317|11043: Got Abstimmung
08.11 11:21:19,322|11043: Got it from someone else
08.11 11:21:19,329|11043: TimeDiff of 7 big enough
08.11 11:21:19,335|11043: Trying to get Nameservice: ns@lab30.cpt.haw-hamburg.de
08.11 11:21:19,526|11043: Got Nameservice: ns@lab30.cpt.haw-hamburg.de
08.11 11:21:19,533|11043: Got Nameservice, trying to contact it for: 11073
08.11 11:21:19,026|11043: 11073 found, Name: 11073 Node: team10@lab24.cpt.haw-hamburg.de
08.11 11:21:19,028|11043: Abstimmung yes, sending to Next One
08.11 11:21:19,724|11043: Got Abstimmung
08.11 11:21:19,725|11043: Got it from someone else
08.11 11:21:19,726|11043: TimeDiff of 7 big enough
08.11 11:21:19,726|11043: Trying to get Nameservice: ns@lab30.cpt.haw-hamburg.de
08.11 11:21:19,792|11043: Got Nameservice: ns@lab30.cpt.haw-hamburg.de
08.11 11:21:19,793|11043: Got Nameservice, trying to contact it for: 11073
08.11 11:21:19,834|11043: 11073 found, Name: 11073 Node: team10@lab24.cpt.haw-hamburg.de
08.11 11:21:19,835|11043: Abstimmung yes, sending to Next One
08.11 11:21:19,620|11043: Got Abstimmung
08.11 11:21:19,621|11043: Got it from someone else
08.11 11:21:19,621|11043: TimeDiff of 7 big enough
08.11 11:21:19,622|11043: Trying to get Nameservice: ns@lab30.cpt.haw-hamburg.de
08.11 11:21:19,655|11043: Got Nameservice: ns@lab30.cpt.haw-hamburg.de
08.11 11:21:19,656|11043: Got Nameservice, trying to contact it for: 11073
08.11 11:21:19,731|11043: 11073 found, Name: 11073 Node: team10@lab24.cpt.haw-hamburg.de
08.11 11:21:19,732|11043: Abstimmung yes, sending to Next One
08.11 11:21:19,497|11043: Got Abstimmung
08.11 11:21:19,497|11043: Got it from someone else
08.11 11:21:19,498|11043: TimeDiff of 7 big enough
08.11 11:21:19,498|11043: Trying to get Nameservice: ns@lab30.cpt.haw-hamburg.de
08.11 11:21:19,512|11043: Got Nameservice: ns@lab30.cpt.haw-hamburg.de
08.11 11:21:19,512|11043: Got Nameservice, trying to contact it for: 11073
08.11 11:21:19,517|11043: 11073 found, Name: 11073 Node: team10@lab24.cpt.haw-hamburg.de
08.11 11:21:19,518|11043: Abstimmung yes, sending to Next One
08.11 11:21:20,719|11043: Got Abstimmung
08.11 11:21:20,720|11043: Got it from someone else
08.11 11:21:20,720|11043: TimeDiff of 8 big enough
08.11 11:21:20,721|11043: Trying to get Nameservice: ns@lab30.cpt.haw-hamburg.de
08.11 11:21:20,758|11043: Got Nameservice: ns@lab30.cpt.haw-hamburg.de
08.11 11:21:20,759|11043: Got Nameservice, trying to contact it for: 11073
08.11 11:21:20,765|11043: 11073 found, Name: 11073 Node: team10@lab24.cpt.haw-hamburg.de
08.11 11:21:20,766|11043: Abstimmung yes, sending to Next One
08.11 11:21:20,612|11043: Got Abstimmung
08.11 11:21:20,612|11043: Got it from someone else
08.11 11:21:20,613|11043: TimeDiff of 8 big enough
08.11 11:21:20,613|11043: Trying to get Nameservice: ns@lab30.cpt.haw-hamburg.de
08.11 11:21:20,653|11043: Got Nameservice: ns@lab30.cpt.haw-hamburg.de
08.11 11:21:20,653|11043: Got Nameservice, trying to contact it for: 11073
08.11 11:21:20,656|11043: 11073 found, Name: 11073 Node: team10@lab24.cpt.haw-hamburg.de
08.11 11:21:20,657|11043: Abstimmung yes, sending to Next One
08.11 11:21:22,576|11043: Got Y: 39
08.11 11:21:22,577|11043: Starting new timer
08.11 11:21:22,578|11043: Caculating new MI: 39 Y: 39
08.11 11:21:22,611|11043: Trying to get Nameservice: ns@lab30.cpt.haw-hamburg.de
08.11 11:21:22,651|11043: Got Nameservice: ns@lab30.cpt.haw-hamburg.de
08.11 11:21:22,653|11043: Got Nameservice, trying to contact it for: 11021
08.11 11:21:22,687|11043: 11021 found, Name: 11021 Node: team10@lab24.cpt.haw-hamburg.de
08.11 11:21:22,688|11043: Sending Y: 39 to Left
08.11 11:21:22,688|11043: Trying to get Nameservice: ns@lab30.cpt.haw-hamburg.de
08.11 11:21:22,962|11043: Got Nameservice: ns@lab30.cpt.haw-hamburg.de
08.11 11:21:22,964|11043: Got Nameservice, trying to contact it for: 11073
08.11 11:21:22,071|11043: 11073 found, Name: 11073 Node: team10@lab24.cpt.haw-hamburg.de
08.11 11:21:22,074|11043: Sending Y: 39 to Right
08.11 11:21:22,074|11043: Get Koordinator -> Get Dienst
08.11 11:21:22,075|11043: Trying to get Nameservice: ns@lab30.cpt.haw-hamburg.de
08.11 11:21:22,117|11043: Got Nameservice: ns@lab30.cpt.haw-hamburg.de
08.11 11:21:22,118|11043: Got Nameservice, trying to contact it for: chef
08.11 11:21:22,266|11043: chef found, Name: chef Node: ko@lab22.cpt.haw-hamburg.de
08.11 11:21:22,266|11043: BriefMi to Koord: 39
08.11 11:21:22,267|11043: Got Y: 39
08.11 11:21:22,268|11043: Killing old timer in Y
08.11 11:21:22,268|11043: Starting new timer
08.11 11:21:22,269|11043: New Y: 39 >= Mi: 39
08.11 11:21:22,269|11043: Got Y: 13
08.11 11:21:22,270|11043: Killing old timer in Y
08.11 11:21:22,271|11043: Starting new timer
08.11 11:21:22,272|11043: Caculating new MI: 13 Y: 13
08.11 11:21:22,312|11043: Trying to get Nameservice: ns@lab30.cpt.haw-hamburg.de
08.11 11:21:22,332|11043: Got Nameservice: ns@lab30.cpt.haw-hamburg.de
08.11 11:21:22,334|11043: Got Nameservice, trying to contact it for: 11021
08.11 11:21:22,408|11043: 11021 found, Name: 11021 Node: team10@lab24.cpt.haw-hamburg.de
08.11 11:21:22,409|11043: Sending Y: 13 to Left
08.11 11:21:22,409|11043: Trying to get Nameservice: ns@lab30.cpt.haw-hamburg.de
08.11 11:21:22,447|11043: Got Nameservice: ns@lab30.cpt.haw-hamburg.de
08.11 11:21:22,448|11043: Got Nameservice, trying to contact it for: 11073
08.11 11:21:22,492|11043: 11073 found, Name: 11073 Node: team10@lab24.cpt.haw-hamburg.de
08.11 11:21:22,492|11043: Sending Y: 13 to Right
08.11 11:21:22,493|11043: Get Koordinator -> Get Dienst
08.11 11:21:22,494|11043: Trying to get Nameservice: ns@lab30.cpt.haw-hamburg.de
08.11 11:21:22,594|11043: Got Nameservice: ns@lab30.cpt.haw-hamburg.de
08.11 11:21:22,596|11043: Got Nameservice, trying to contact it for: chef
08.11 11:21:22,644|11043: chef found, Name: chef Node: ko@lab22.cpt.haw-hamburg.de
08.11 11:21:22,645|11043: BriefMi to Koord: 13
08.11 11:21:22,760|11043: Got Y: 13
08.11 11:21:22,762|11043: Killing old timer in Y
08.11 11:21:22,764|11043: Starting new timer
08.11 11:21:22,764|11043: New Y: 13 >= Mi: 13
08.11 11:21:25,439|11043: Got Abstimmung
08.11 11:21:25,440|11043: Got it from someone else
08.11 11:21:25,441|11043: TimeDiff of 3 big enough
08.11 11:21:25,442|11043: Trying to get Nameservice: ns@lab30.cpt.haw-hamburg.de
08.11 11:21:25,478|11043: Got Nameservice: ns@lab30.cpt.haw-hamburg.de
08.11 11:21:25,479|11043: Got Nameservice, trying to contact it for: 11073
08.11 11:21:25,485|11043: 11073 found, Name: 11073 Node: team10@lab24.cpt.haw-hamburg.de
08.11 11:21:25,486|11043: Abstimmung yes, sending to Next One
08.11 11:21:25,790|11043: Trying to get Nameservice: ns@lab30.cpt.haw-hamburg.de
08.11 11:21:25,797|11043: Got Nameservice: ns@lab30.cpt.haw-hamburg.de
08.11 11:21:25,797|11043: Got Nameservice, trying to contact it for: 11073
08.11 11:21:25,805|11043: 11073 found, Name: 11073 Node: team10@lab24.cpt.haw-hamburg.de
08.11 11:21:25,806|11043: ABSTIMMUNG start
08.11 11:21:25,835|11043: Got Abstimmung
08.11 11:21:25,836|11043: Got it from someone else
08.11 11:21:25,836|11043: TimeDiff of 3 big enough
08.11 11:21:25,837|11043: Trying to get Nameservice: ns@lab30.cpt.haw-hamburg.de
08.11 11:21:25,883|11043: Got Nameservice: ns@lab30.cpt.haw-hamburg.de
08.11 11:21:25,883|11043: Got Nameservice, trying to contact it for: 11073
08.11 11:21:25,889|11043: 11073 found, Name: 11073 Node: team10@lab24.cpt.haw-hamburg.de
08.11 11:21:25,891|11043: Abstimmung yes, sending to Next One
08.11 11:21:28,442|11043: Got Abstimmung
08.11 11:21:28,443|11043: Got it from someone else
08.11 11:21:28,443|11043: TimeDiff of 6 big enough
08.11 11:21:28,444|11043: Trying to get Nameservice: ns@lab30.cpt.haw-hamburg.de
08.11 11:21:28,482|11043: Got Nameservice: ns@lab30.cpt.haw-hamburg.de
08.11 11:21:28,482|11043: Got Nameservice, trying to contact it for: 11073
08.11 11:21:28,488|11043: 11073 found, Name: 11073 Node: team10@lab24.cpt.haw-hamburg.de
08.11 11:21:28,488|11043: Abstimmung yes, sending to Next One
08.11 11:21:28,177|11043: Got Abstimmung
08.11 11:21:28,180|11043: Got it from someone else
08.11 11:21:28,181|11043: TimeDiff of 6 big enough
08.11 11:21:28,181|11043: Trying to get Nameservice: ns@lab30.cpt.haw-hamburg.de
08.11 11:21:28,210|11043: Got Nameservice: ns@lab30.cpt.haw-hamburg.de
08.11 11:21:28,211|11043: Got Nameservice, trying to contact it for: 11073
08.11 11:21:28,219|11043: 11073 found, Name: 11073 Node: team10@lab24.cpt.haw-hamburg.de
08.11 11:21:28,220|11043: Abstimmung yes, sending to Next One
08.11 11:21:29,702|11043: Got Abstimmung
08.11 11:21:29,707|11043: Got it from someone else
08.11 11:21:29,713|11043: TimeDiff of 7 big enough
08.11 11:21:29,719|11043: Trying to get Nameservice: ns@lab30.cpt.haw-hamburg.de
08.11 11:21:29,097|11043: Got Nameservice: ns@lab30.cpt.haw-hamburg.de
08.11 11:21:29,105|11043: Got Nameservice, trying to contact it for: 11073
08.11 11:21:29,163|11043: 11073 found, Name: 11073 Node: team10@lab24.cpt.haw-hamburg.de
08.11 11:21:29,171|11043: Abstimmung yes, sending to Next One
08.11 11:21:29,672|11043: Got Abstimmung
08.11 11:21:29,673|11043: Got it from someone else
08.11 11:21:29,673|11043: TimeDiff of 7 big enough
08.11 11:21:29,674|11043: Trying to get Nameservice: ns@lab30.cpt.haw-hamburg.de
08.11 11:21:29,721|11043: Got Nameservice: ns@lab30.cpt.haw-hamburg.de
08.11 11:21:29,724|11043: Got Nameservice, trying to contact it for: 11073
08.11 11:21:29,755|11043: 11073 found, Name: 11073 Node: team10@lab24.cpt.haw-hamburg.de
08.11 11:21:29,777|11043: Abstimmung yes, sending to Next One
08.11 11:21:32,778|11043: Got Abstimmung
08.11 11:21:32,779|11043: Got it from someone else
08.11 11:21:32,779|11043: TimeDiff of 10 big enough
08.11 11:21:32,780|11043: Trying to get Nameservice: ns@lab30.cpt.haw-hamburg.de
08.11 11:21:32,823|11043: Got Nameservice: ns@lab30.cpt.haw-hamburg.de
08.11 11:21:32,827|11043: Got Nameservice, trying to contact it for: 11073
08.11 11:21:32,858|11043: 11073 found, Name: 11073 Node: team10@lab24.cpt.haw-hamburg.de
08.11 11:21:32,880|11043: Abstimmung yes, sending to Next One
08.11 11:21:32,627|11043: Got Abstimmung
08.11 11:21:32,628|11043: Got it from someone else
08.11 11:21:32,628|11043: TimeDiff of 10 big enough
08.11 11:21:32,629|11043: Trying to get Nameservice: ns@lab30.cpt.haw-hamburg.de
08.11 11:21:32,659|11043: Got Nameservice: ns@lab30.cpt.haw-hamburg.de
08.11 11:21:32,660|11043: Got Nameservice, trying to contact it for: 11073
08.11 11:21:32,665|11043: 11073 found, Name: 11073 Node: team10@lab24.cpt.haw-hamburg.de
08.11 11:21:32,666|11043: Abstimmung yes, sending to Next One
08.11 11:21:34,383|11043: Got Abstimmung
08.11 11:21:34,384|11043: Got it from someone else
08.11 11:21:34,384|11043: TimeDiff of 12 big enough
08.11 11:21:34,385|11043: Trying to get Nameservice: ns@lab30.cpt.haw-hamburg.de
08.11 11:21:34,434|11043: Got Nameservice: ns@lab30.cpt.haw-hamburg.de
08.11 11:21:34,435|11043: Got Nameservice, trying to contact it for: 11073
08.11 11:21:34,446|11043: 11073 found, Name: 11073 Node: team10@lab24.cpt.haw-hamburg.de
08.11 11:21:34,447|11043: Abstimmung yes, sending to Next One
08.11 11:21:34,094|11043: Got Abstimmung
08.11 11:21:34,095|11043: Got it from someone else
08.11 11:21:34,095|11043: TimeDiff of 12 big enough
08.11 11:21:34,096|11043: Trying to get Nameservice: ns@lab30.cpt.haw-hamburg.de
08.11 11:21:34,133|11043: Got Nameservice: ns@lab30.cpt.haw-hamburg.de
08.11 11:21:34,134|11043: Got Nameservice, trying to contact it for: 11073
08.11 11:21:34,138|11043: 11073 found, Name: 11073 Node: team10@lab24.cpt.haw-hamburg.de
08.11 11:21:34,139|11043: Abstimmung yes, sending to Next One
08.11 11:21:34,412|11043: Got Abstimmung
08.11 11:21:34,416|11043: Got it from someone else
08.11 11:21:34,417|11043: TimeDiff of 12 big enough
08.11 11:21:34,417|11043: Trying to get Nameservice: ns@lab30.cpt.haw-hamburg.de
08.11 11:21:34,442|11043: Got Nameservice: ns@lab30.cpt.haw-hamburg.de
08.11 11:21:34,443|11043: Got Nameservice, trying to contact it for: 11073
08.11 11:21:34,453|11043: 11073 found, Name: 11073 Node: team10@lab24.cpt.haw-hamburg.de
08.11 11:21:34,454|11043: Abstimmung yes, sending to Next One
08.11 11:21:34,076|11043: Got Abstimmung
08.11 11:21:34,076|11043: Got it from someone else
08.11 11:21:34,077|11043: TimeDiff of 12 big enough
08.11 11:21:34,078|11043: Trying to get Nameservice: ns@lab30.cpt.haw-hamburg.de
08.11 11:21:34,117|11043: Got Nameservice: ns@lab30.cpt.haw-hamburg.de
08.11 11:21:34,117|11043: Got Nameservice, trying to contact it for: 11073
08.11 11:21:34,123|11043: 11073 found, Name: 11073 Node: team10@lab24.cpt.haw-hamburg.de
08.11 11:21:34,124|11043: Abstimmung yes, sending to Next One
08.11 11:21:35,624|11043: Got Abstimmung
08.11 11:21:35,624|11043: Got it from someone else
08.11 11:21:35,625|11043: TimeDiff of 13 big enough
08.11 11:21:35,625|11043: Trying to get Nameservice: ns@lab30.cpt.haw-hamburg.de
08.11 11:21:35,667|11043: Got Nameservice: ns@lab30.cpt.haw-hamburg.de
08.11 11:21:35,668|11043: Got Nameservice, trying to contact it for: 11073
08.11 11:21:35,696|11043: 11073 found, Name: 11073 Node: team10@lab24.cpt.haw-hamburg.de
08.11 11:21:35,697|11043: Abstimmung yes, sending to Next One
08.11 11:21:35,049|11043: Got Abstimmung
08.11 11:21:35,050|11043: Got it from someone else
08.11 11:21:35,050|11043: TimeDiff of 13 big enough
08.11 11:21:35,051|11043: Trying to get Nameservice: ns@lab30.cpt.haw-hamburg.de
08.11 11:21:35,097|11043: Got Nameservice: ns@lab30.cpt.haw-hamburg.de
08.11 11:21:35,098|11043: Got Nameservice, trying to contact it for: 11073
08.11 11:21:35,104|11043: 11073 found, Name: 11073 Node: team10@lab24.cpt.haw-hamburg.de
08.11 11:21:35,105|11043: Abstimmung yes, sending to Next One
08.11 11:21:35,034|11043: Got Abstimmung
08.11 11:21:35,035|11043: Got it from someone else
08.11 11:21:35,035|11043: TimeDiff of 13 big enough
08.11 11:21:35,036|11043: Trying to get Nameservice: ns@lab30.cpt.haw-hamburg.de
08.11 11:21:35,051|11043: Got Nameservice: ns@lab30.cpt.haw-hamburg.de
08.11 11:21:35,052|11043: Got Nameservice, trying to contact it for: 11073
08.11 11:21:35,057|11043: 11073 found, Name: 11073 Node: team10@lab24.cpt.haw-hamburg.de
08.11 11:21:35,058|11043: Abstimmung yes, sending to Next One
08.11 11:21:35,829|11043: Got Abstimmung
08.11 11:21:35,830|11043: Got it from someone else
08.11 11:21:35,830|11043: TimeDiff of 13 big enough
08.11 11:21:35,831|11043: Trying to get Nameservice: ns@lab30.cpt.haw-hamburg.de
08.11 11:21:35,865|11043: Got Nameservice: ns@lab30.cpt.haw-hamburg.de
08.11 11:21:35,866|11043: Got Nameservice, trying to contact it for: 11073
08.11 11:21:35,894|11043: 11073 found, Name: 11073 Node: team10@lab24.cpt.haw-hamburg.de
08.11 11:21:35,895|11043: Abstimmung yes, sending to Next One
08.11 11:21:35,716|11043: Got Abstimmung
08.11 11:21:35,716|11043: Got it from someone else
08.11 11:21:35,717|11043: TimeDiff of 13 big enough
08.11 11:21:35,718|11043: Trying to get Nameservice: ns@lab30.cpt.haw-hamburg.de
08.11 11:21:35,751|11043: Got Nameservice: ns@lab30.cpt.haw-hamburg.de
08.11 11:21:35,752|11043: Got Nameservice, trying to contact it for: 11073
08.11 11:21:35,757|11043: 11073 found, Name: 11073 Node: team10@lab24.cpt.haw-hamburg.de
08.11 11:21:35,758|11043: Abstimmung yes, sending to Next One
08.11 11:21:35,503|11043: Got Abstimmung
08.11 11:21:35,503|11043: Got it from someone else
08.11 11:21:35,504|11043: TimeDiff of 13 big enough
08.11 11:21:35,505|11043: Trying to get Nameservice: ns@lab30.cpt.haw-hamburg.de
08.11 11:21:35,535|11043: Got Nameservice: ns@lab30.cpt.haw-hamburg.de
08.11 11:21:35,536|11043: Got Nameservice, trying to contact it for: 11073
08.11 11:21:35,565|11043: 11073 found, Name: 11073 Node: team10@lab24.cpt.haw-hamburg.de
08.11 11:21:35,566|11043: Abstimmung yes, sending to Next One
08.11 11:21:35,237|11043: Got Abstimmung
08.11 11:21:35,238|11043: Got it from someone else
08.11 11:21:35,239|11043: TimeDiff of 13 big enough
08.11 11:21:35,239|11043: Trying to get Nameservice: ns@lab30.cpt.haw-hamburg.de
08.11 11:21:35,246|11043: Got Nameservice: ns@lab30.cpt.haw-hamburg.de
08.11 11:21:35,246|11043: Got Nameservice, trying to contact it for: 11073
08.11 11:21:35,251|11043: 11073 found, Name: 11073 Node: team10@lab24.cpt.haw-hamburg.de
08.11 11:21:35,252|11043: Abstimmung yes, sending to Next One
08.11 11:21:36,561|11043: Got Abstimmung
08.11 11:21:36,566|11043: Got it from someone else
08.11 11:21:36,571|11043: TimeDiff of 14 big enough
08.11 11:21:36,575|11043: Trying to get Nameservice: ns@lab30.cpt.haw-hamburg.de
08.11 11:21:36,897|11043: Got Nameservice: ns@lab30.cpt.haw-hamburg.de
08.11 11:21:36,903|11043: Got Nameservice, trying to contact it for: 11073
08.11 11:21:36,185|11043: 11073 found, Name: 11073 Node: team10@lab24.cpt.haw-hamburg.de
08.11 11:21:36,192|11043: Abstimmung yes, sending to Next One
08.11 11:21:36,145|11043: Got Abstimmung
08.11 11:21:36,145|11043: Got it from someone else
08.11 11:21:36,146|11043: TimeDiff of 14 big enough
08.11 11:21:36,146|11043: Trying to get Nameservice: ns@lab30.cpt.haw-hamburg.de
08.11 11:21:36,175|11043: Got Nameservice: ns@lab30.cpt.haw-hamburg.de
08.11 11:21:36,175|11043: Got Nameservice, trying to contact it for: 11073
08.11 11:21:36,233|11043: 11073 found, Name: 11073 Node: team10@lab24.cpt.haw-hamburg.de
08.11 11:21:36,234|11043: Abstimmung yes, sending to Next One
08.11 11:21:36,206|11043: Got Abstimmung
08.11 11:21:36,207|11043: Got it from someone else
08.11 11:21:36,208|11043: TimeDiff of 14 big enough
08.11 11:21:36,208|11043: Trying to get Nameservice: ns@lab30.cpt.haw-hamburg.de
08.11 11:21:36,236|11043: Got Nameservice: ns@lab30.cpt.haw-hamburg.de
08.11 11:21:36,237|11043: Got Nameservice, trying to contact it for: 11073
08.11 11:21:36,241|11043: 11073 found, Name: 11073 Node: team10@lab24.cpt.haw-hamburg.de
08.11 11:21:36,242|11043: Abstimmung yes, sending to Next One
08.11 11:21:36,264|11043: Got Abstimmung
08.11 11:21:36,265|11043: Got it from someone else
08.11 11:21:36,266|11043: TimeDiff of 14 big enough
08.11 11:21:36,266|11043: Trying to get Nameservice: ns@lab30.cpt.haw-hamburg.de
08.11 11:21:36,326|11043: Got Nameservice: ns@lab30.cpt.haw-hamburg.de
08.11 11:21:36,327|11043: Got Nameservice, trying to contact it for: 11073
08.11 11:21:36,361|11043: 11073 found, Name: 11073 Node: team10@lab24.cpt.haw-hamburg.de
08.11 11:21:36,364|11043: Abstimmung yes, sending to Next One
08.11 11:21:36,735|11043: Got Abstimmung
08.11 11:21:36,736|11043: Got it from someone else
08.11 11:21:36,736|11043: TimeDiff of 14 big enough
08.11 11:21:36,737|11043: Trying to get Nameservice: ns@lab30.cpt.haw-hamburg.de
08.11 11:21:36,778|11043: Got Nameservice: ns@lab30.cpt.haw-hamburg.de
08.11 11:21:36,779|11043: Got Nameservice, trying to contact it for: 11073
08.11 11:21:36,782|11043: 11073 found, Name: 11073 Node: team10@lab24.cpt.haw-hamburg.de
08.11 11:21:36,783|11043: Abstimmung yes, sending to Next One
08.11 11:21:36,549|11043: Got Abstimmung
08.11 11:21:36,550|11043: Got it from someone else
08.11 11:21:36,551|11043: TimeDiff of 14 big enough
08.11 11:21:36,551|11043: Trying to get Nameservice: ns@lab30.cpt.haw-hamburg.de
08.11 11:21:36,581|11043: Got Nameservice: ns@lab30.cpt.haw-hamburg.de
08.11 11:21:36,582|11043: Got Nameservice, trying to contact it for: 11073
08.11 11:21:36,586|11043: 11073 found, Name: 11073 Node: team10@lab24.cpt.haw-hamburg.de
08.11 11:21:36,587|11043: Abstimmung yes, sending to Next One
08.11 11:21:36,781|11043: Got Abstimmung
08.11 11:21:36,781|11043: Got it from someone else
08.11 11:21:36,782|11043: TimeDiff of 14 big enough
08.11 11:21:36,783|11043: Trying to get Nameservice: ns@lab30.cpt.haw-hamburg.de
08.11 11:21:36,813|11043: Got Nameservice: ns@lab30.cpt.haw-hamburg.de
08.11 11:21:36,814|11043: Got Nameservice, trying to contact it for: 11073
08.11 11:21:36,819|11043: 11073 found, Name: 11073 Node: team10@lab24.cpt.haw-hamburg.de
08.11 11:21:36,820|11043: Abstimmung yes, sending to Next One
08.11 11:21:37,144|11043: Got Abstimmung
08.11 11:21:37,149|11043: Got it from someone else
08.11 11:21:37,155|11043: TimeDiff of 15 big enough
08.11 11:21:37,161|11043: Trying to get Nameservice: ns@lab30.cpt.haw-hamburg.de
08.11 11:21:37,529|11043: Got Nameservice: ns@lab30.cpt.haw-hamburg.de
08.11 11:21:37,538|11043: Got Nameservice, trying to contact it for: 11073
08.11 11:21:37,586|11043: 11073 found, Name: 11073 Node: team10@lab24.cpt.haw-hamburg.de
08.11 11:21:37,593|11043: Abstimmung yes, sending to Next One
08.11 11:21:37,564|11043: Got Abstimmung
08.11 11:21:37,565|11043: Got it from someone else
08.11 11:21:37,565|11043: TimeDiff of 15 big enough
08.11 11:21:37,566|11043: Trying to get Nameservice: ns@lab30.cpt.haw-hamburg.de
08.11 11:21:37,597|11043: Got Nameservice: ns@lab30.cpt.haw-hamburg.de
08.11 11:21:37,598|11043: Got Nameservice, trying to contact it for: 11073
08.11 11:21:37,603|11043: 11073 found, Name: 11073 Node: team10@lab24.cpt.haw-hamburg.de
08.11 11:21:37,603|11043: Abstimmung yes, sending to Next One
08.11 11:21:41,597|11043: Got Abstimmung
08.11 11:21:41,597|11043: Got it from someone else
08.11 11:21:41,598|11043: TimeDiff of 19 big enough
08.11 11:21:41,599|11043: Trying to get Nameservice: ns@lab30.cpt.haw-hamburg.de
08.11 11:21:41,627|11043: Got Nameservice: ns@lab30.cpt.haw-hamburg.de
08.11 11:21:41,628|11043: Got Nameservice, trying to contact it for: 11073
08.11 11:21:41,633|11043: 11073 found, Name: 11073 Node: team10@lab24.cpt.haw-hamburg.de
08.11 11:21:41,633|11043: Abstimmung yes, sending to Next One
08.11 11:21:42,766|11043: Got Abstimmung
08.11 11:21:42,767|11043: Got it from someone else
08.11 11:21:42,767|11043: TimeDiff of 20 big enough
08.11 11:21:42,768|11043: Trying to get Nameservice: ns@lab30.cpt.haw-hamburg.de
08.11 11:21:42,779|11043: Got Nameservice: ns@lab30.cpt.haw-hamburg.de
08.11 11:21:42,780|11043: Got Nameservice, trying to contact it for: 11073
08.11 11:21:42,786|11043: 11073 found, Name: 11073 Node: team10@lab24.cpt.haw-hamburg.de
08.11 11:21:42,786|11043: Abstimmung yes, sending to Next One
08.11 11:21:42,687|11043: Got Abstimmung
08.11 11:21:42,688|11043: Got it from someone else
08.11 11:21:42,688|11043: TimeDiff of 20 big enough
08.11 11:21:42,689|11043: Trying to get Nameservice: ns@lab30.cpt.haw-hamburg.de
08.11 11:21:42,760|11043: Got Nameservice: ns@lab30.cpt.haw-hamburg.de
08.11 11:21:42,761|11043: Got Nameservice, trying to contact it for: 11073
08.11 11:21:42,767|11043: 11073 found, Name: 11073 Node: team10@lab24.cpt.haw-hamburg.de
08.11 11:21:42,768|11043: Abstimmung yes, sending to Next One
08.11 11:21:43,397|11043: Got Abstimmung
08.11 11:21:43,402|11043: Got it from someone else
08.11 11:21:43,408|11043: TimeDiff of 21 big enough
08.11 11:21:43,414|11043: Trying to get Nameservice: ns@lab30.cpt.haw-hamburg.de
08.11 11:21:43,886|11043: Got Nameservice: ns@lab30.cpt.haw-hamburg.de
08.11 11:21:43,893|11043: Got Nameservice, trying to contact it for: 11073
08.11 11:21:43,944|11043: 11073 found, Name: 11073 Node: team10@lab24.cpt.haw-hamburg.de
08.11 11:21:43,951|11043: Abstimmung yes, sending to Next One
08.11 11:21:43,855|11043: Got Abstimmung
08.11 11:21:43,856|11043: Got it from someone else
08.11 11:21:43,857|11043: TimeDiff of 21 big enough
08.11 11:21:43,857|11043: Trying to get Nameservice: ns@lab30.cpt.haw-hamburg.de
08.11 11:21:43,889|11043: Got Nameservice: ns@lab30.cpt.haw-hamburg.de
08.11 11:21:43,890|11043: Got Nameservice, trying to contact it for: 11073
08.11 11:21:43,895|11043: 11073 found, Name: 11073 Node: team10@lab24.cpt.haw-hamburg.de
08.11 11:21:43,896|11043: Abstimmung yes, sending to Next One
08.11 11:21:44,963|11043: Got Abstimmung
08.11 11:21:44,963|11043: Got it from someone else
08.11 11:21:44,964|11043: TimeDiff of 22 big enough
08.11 11:21:44,965|11043: Trying to get Nameservice: ns@lab30.cpt.haw-hamburg.de
08.11 11:21:44,992|11043: Got Nameservice: ns@lab30.cpt.haw-hamburg.de
08.11 11:21:44,992|11043: Got Nameservice, trying to contact it for: 11073
08.11 11:21:44,997|11043: 11073 found, Name: 11073 Node: team10@lab24.cpt.haw-hamburg.de
08.11 11:21:44,998|11043: Abstimmung yes, sending to Next One
08.11 11:21:45,412|11043: Got Abstimmung
08.11 11:21:45,412|11043: Got it from someone else
08.11 11:21:45,413|11043: TimeDiff of 23 big enough
08.11 11:21:45,413|11043: Trying to get Nameservice: ns@lab30.cpt.haw-hamburg.de
08.11 11:21:45,441|11043: Got Nameservice: ns@lab30.cpt.haw-hamburg.de
08.11 11:21:45,442|11043: Got Nameservice, trying to contact it for: 11073
08.11 11:21:45,448|11043: 11073 found, Name: 11073 Node: team10@lab24.cpt.haw-hamburg.de
08.11 11:21:45,449|11043: Abstimmung yes, sending to Next One
08.11 11:21:46,700|11043: Got Abstimmung
08.11 11:21:46,701|11043: Got it from someone else
08.11 11:21:46,701|11043: TimeDiff of 24 big enough
08.11 11:21:46,702|11043: Trying to get Nameservice: ns@lab30.cpt.haw-hamburg.de
08.11 11:21:46,759|11043: Got Nameservice: ns@lab30.cpt.haw-hamburg.de
08.11 11:21:46,762|11043: Got Nameservice, trying to contact it for: 11073
08.11 11:21:46,800|11043: 11073 found, Name: 11073 Node: team10@lab24.cpt.haw-hamburg.de
08.11 11:21:46,823|11043: Abstimmung yes, sending to Next One
08.11 11:21:46,910|11043: Got Abstimmung
08.11 11:21:46,911|11043: Got it from someone else
08.11 11:21:46,911|11043: TimeDiff of 24 big enough
08.11 11:21:46,912|11043: Trying to get Nameservice: ns@lab30.cpt.haw-hamburg.de
08.11 11:21:46,994|11043: Got Nameservice: ns@lab30.cpt.haw-hamburg.de
08.11 11:21:46,995|11043: Got Nameservice, trying to contact it for: 11073
08.11 11:21:46,000|11043: 11073 found, Name: 11073 Node: team10@lab24.cpt.haw-hamburg.de
08.11 11:21:46,001|11043: Abstimmung yes, sending to Next One
08.11 11:21:51,086|11043: Got Abstimmung
08.11 11:21:51,086|11043: Got it from someone else
08.11 11:21:51,087|11043: TimeDiff of 29 big enough
08.11 11:21:51,088|11043: Trying to get Nameservice: ns@lab30.cpt.haw-hamburg.de
08.11 11:21:51,141|11043: Got Nameservice: ns@lab30.cpt.haw-hamburg.de
08.11 11:21:51,142|11043: Got Nameservice, trying to contact it for: 11073
08.11 11:21:51,148|11043: 11073 found, Name: 11073 Node: team10@lab24.cpt.haw-hamburg.de
08.11 11:21:51,149|11043: Abstimmung yes, sending to Next One
08.11 11:21:52,088|11043: Got Abstimmung
08.11 11:21:52,088|11043: Got it from someone else
08.11 11:21:52,089|11043: TimeDiff of 30 big enough
08.11 11:21:52,090|11043: Trying to get Nameservice: ns@lab30.cpt.haw-hamburg.de
08.11 11:21:52,123|11043: Got Nameservice: ns@lab30.cpt.haw-hamburg.de
08.11 11:21:52,124|11043: Got Nameservice, trying to contact it for: 11073
08.11 11:21:52,129|11043: 11073 found, Name: 11073 Node: team10@lab24.cpt.haw-hamburg.de
08.11 11:21:52,130|11043: Abstimmung yes, sending to Next One
08.11 11:21:52,985|11043: Got Abstimmung
08.11 11:21:52,986|11043: Got it from someone else
08.11 11:21:52,986|11043: TimeDiff of 30 big enough
08.11 11:21:52,987|11043: Trying to get Nameservice: ns@lab30.cpt.haw-hamburg.de
08.11 11:21:52,023|11043: Got Nameservice: ns@lab30.cpt.haw-hamburg.de
08.11 11:21:52,023|11043: Got Nameservice, trying to contact it for: 11073
08.11 11:21:52,030|11043: 11073 found, Name: 11073 Node: team10@lab24.cpt.haw-hamburg.de
08.11 11:21:52,031|11043: Abstimmung yes, sending to Next One
08.11 11:21:52,567|11043: Got Abstimmung
08.11 11:21:52,568|11043: Got it from someone else
08.11 11:21:52,568|11043: TimeDiff of 30 big enough
08.11 11:21:52,569|11043: Trying to get Nameservice: ns@lab30.cpt.haw-hamburg.de
08.11 11:21:52,615|11043: Got Nameservice: ns@lab30.cpt.haw-hamburg.de
08.11 11:21:52,615|11043: Got Nameservice, trying to contact it for: 11073
08.11 11:21:52,620|11043: 11073 found, Name: 11073 Node: team10@lab24.cpt.haw-hamburg.de
08.11 11:21:52,621|11043: Abstimmung yes, sending to Next One
08.11 11:21:53,120|11043: Got Abstimmung
08.11 11:21:53,121|11043: Got it from someone else
08.11 11:21:53,121|11043: TimeDiff of 31 big enough
08.11 11:21:53,122|11043: Trying to get Nameservice: ns@lab30.cpt.haw-hamburg.de
08.11 11:21:53,128|11043: Got Nameservice: ns@lab30.cpt.haw-hamburg.de
08.11 11:21:53,129|11043: Got Nameservice, trying to contact it for: 11073
08.11 11:21:53,134|11043: 11073 found, Name: 11073 Node: team10@lab24.cpt.haw-hamburg.de
08.11 11:21:53,135|11043: Abstimmung yes, sending to Next One
08.11 11:21:54,517|11043: Got Abstimmung
08.11 11:21:54,518|11043: Got it from someone else
08.11 11:21:54,519|11043: TimeDiff of 32 big enough
08.11 11:21:54,519|11043: Trying to get Nameservice: ns@lab30.cpt.haw-hamburg.de
08.11 11:21:54,556|11043: Got Nameservice: ns@lab30.cpt.haw-hamburg.de
08.11 11:21:54,557|11043: Got Nameservice, trying to contact it for: 11073
08.11 11:21:54,562|11043: 11073 found, Name: 11073 Node: team10@lab24.cpt.haw-hamburg.de
08.11 11:21:54,563|11043: Abstimmung yes, sending to Next One
08.11 11:21:58,885|11043: Got Abstimmung
08.11 11:21:58,885|11043: Got it from someone else
08.11 11:21:58,886|11043: TimeDiff of 36 big enough
08.11 11:21:58,886|11043: Trying to get Nameservice: ns@lab30.cpt.haw-hamburg.de
08.11 11:21:58,893|11043: Got Nameservice: ns@lab30.cpt.haw-hamburg.de
08.11 11:21:58,894|11043: Got Nameservice, trying to contact it for: 11073
08.11 11:21:58,899|11043: 11073 found, Name: 11073 Node: team10@lab24.cpt.haw-hamburg.de
08.11 11:21:58,900|11043: Abstimmung yes, sending to Next One
08.11 11:21:59,961|11043: Got Abstimmung
08.11 11:21:59,962|11043: Got it from someone else
08.11 11:21:59,963|11043: TimeDiff of 37 big enough
08.11 11:21:59,963|11043: Trying to get Nameservice: ns@lab30.cpt.haw-hamburg.de
08.11 11:21:59,038|11043: Got Nameservice: ns@lab30.cpt.haw-hamburg.de
08.11 11:21:59,039|11043: Got Nameservice, trying to contact it for: 11073
08.11 11:21:59,044|11043: 11073 found, Name: 11073 Node: team10@lab24.cpt.haw-hamburg.de
08.11 11:21:59,045|11043: Abstimmung yes, sending to Next One
08.11 11:22:01,214|11043: Got Abstimmung
08.11 11:22:01,214|11043: Got it from someone else
08.11 11:22:01,215|11043: TimeDiff of 39 big enough
08.11 11:22:01,216|11043: Trying to get Nameservice: ns@lab30.cpt.haw-hamburg.de
08.11 11:22:01,248|11043: Got Nameservice: ns@lab30.cpt.haw-hamburg.de
08.11 11:22:01,248|11043: Got Nameservice, trying to contact it for: 11073
08.11 11:22:01,254|11043: 11073 found, Name: 11073 Node: team10@lab24.cpt.haw-hamburg.de
08.11 11:22:01,255|11043: Abstimmung yes, sending to Next One
08.11 11:22:01,915|11043: Got Abstimmung
08.11 11:22:01,916|11043: Got it from someone else
08.11 11:22:01,917|11043: TimeDiff of 39 big enough
08.11 11:22:01,917|11043: Trying to get Nameservice: ns@lab30.cpt.haw-hamburg.de
08.11 11:22:01,957|11043: Got Nameservice: ns@lab30.cpt.haw-hamburg.de
08.11 11:22:01,958|11043: Got Nameservice, trying to contact it for: 11073
08.11 11:22:01,985|11043: 11073 found, Name: 11073 Node: team10@lab24.cpt.haw-hamburg.de
08.11 11:22:01,986|11043: Abstimmung yes, sending to Next One
08.11 11:22:02,726|11043: Got Abstimmung
08.11 11:22:02,726|11043: Got it from someone else
08.11 11:22:02,727|11043: TimeDiff of 40 big enough
08.11 11:22:02,728|11043: Trying to get Nameservice: ns@lab30.cpt.haw-hamburg.de
08.11 11:22:02,759|11043: Got Nameservice: ns@lab30.cpt.haw-hamburg.de
08.11 11:22:02,760|11043: Got Nameservice, trying to contact it for: 11073
08.11 11:22:02,765|11043: 11073 found, Name: 11073 Node: team10@lab24.cpt.haw-hamburg.de
08.11 11:22:02,766|11043: Abstimmung yes, sending to Next One
08.11 11:22:02,755|11043: Got Abstimmung
08.11 11:22:02,755|11043: Got it from someone else
08.11 11:22:02,756|11043: TimeDiff of 40 big enough
08.11 11:22:02,757|11043: Trying to get Nameservice: ns@lab30.cpt.haw-hamburg.de
08.11 11:22:02,792|11043: Got Nameservice: ns@lab30.cpt.haw-hamburg.de
08.11 11:22:02,793|11043: Got Nameservice, trying to contact it for: 11073
08.11 11:22:02,821|11043: 11073 found, Name: 11073 Node: team10@lab24.cpt.haw-hamburg.de
08.11 11:22:02,821|11043: Abstimmung yes, sending to Next One
08.11 11:22:03,565|11043: Got Abstimmung
08.11 11:22:03,571|11043: Got it from someone else
08.11 11:22:03,577|11043: TimeDiff of 41 big enough
08.11 11:22:03,583|11043: Trying to get Nameservice: ns@lab30.cpt.haw-hamburg.de
08.11 11:22:03,943|11043: Got Nameservice: ns@lab30.cpt.haw-hamburg.de
08.11 11:22:03,951|11043: Got Nameservice, trying to contact it for: 11073
08.11 11:22:03,240|11043: 11073 found, Name: 11073 Node: team10@lab24.cpt.haw-hamburg.de
08.11 11:22:03,248|11043: Abstimmung yes, sending to Next One
08.11 11:22:03,519|11043: Got Abstimmung
08.11 11:22:03,520|11043: Got it from someone else
08.11 11:22:03,521|11043: TimeDiff of 41 big enough
08.11 11:22:03,521|11043: Trying to get Nameservice: ns@lab30.cpt.haw-hamburg.de
08.11 11:22:03,572|11043: Got Nameservice: ns@lab30.cpt.haw-hamburg.de
08.11 11:22:03,573|11043: Got Nameservice, trying to contact it for: 11073
08.11 11:22:03,579|11043: 11073 found, Name: 11073 Node: team10@lab24.cpt.haw-hamburg.de
08.11 11:22:03,579|11043: Abstimmung yes, sending to Next One
08.11 11:22:04,949|11043: Got Abstimmung
08.11 11:22:04,950|11043: Got it from someone else
08.11 11:22:04,951|11043: TimeDiff of 42 big enough
08.11 11:22:04,951|11043: Trying to get Nameservice: ns@lab30.cpt.haw-hamburg.de
08.11 11:22:04,999|11043: Got Nameservice: ns@lab30.cpt.haw-hamburg.de
08.11 11:22:04,000|11043: Got Nameservice, trying to contact it for: 11073
08.11 11:22:04,006|11043: 11073 found, Name: 11073 Node: team10@lab24.cpt.haw-hamburg.de
08.11 11:22:04,006|11043: Abstimmung yes, sending to Next One
08.11 11:22:04,097|11043: Got Abstimmung
08.11 11:22:04,098|11043: Got it from someone else
08.11 11:22:04,098|11043: TimeDiff of 42 big enough
08.11 11:22:04,099|11043: Trying to get Nameservice: ns@lab30.cpt.haw-hamburg.de
08.11 11:22:04,140|11043: Got Nameservice: ns@lab30.cpt.haw-hamburg.de
08.11 11:22:04,140|11043: Got Nameservice, trying to contact it for: 11073
08.11 11:22:04,145|11043: 11073 found, Name: 11073 Node: team10@lab24.cpt.haw-hamburg.de
08.11 11:22:04,148|11043: Abstimmung yes, sending to Next One
08.11 11:22:05,214|11043: Got Abstimmung
08.11 11:22:05,214|11043: Got it from someone else
08.11 11:22:05,215|11043: TimeDiff of 43 big enough
08.11 11:22:05,216|11043: Trying to get Nameservice: ns@lab30.cpt.haw-hamburg.de
08.11 11:22:05,232|11043: Got Nameservice: ns@lab30.cpt.haw-hamburg.de
08.11 11:22:05,232|11043: Got Nameservice, trying to contact it for: 11073
08.11 11:22:05,238|11043: 11073 found, Name: 11073 Node: team10@lab24.cpt.haw-hamburg.de
08.11 11:22:05,239|11043: Abstimmung yes, sending to Next One
08.11 11:22:06,854|11043: Got Abstimmung
08.11 11:22:06,855|11043: Got it from someone else
08.11 11:22:06,855|11043: TimeDiff of 44 big enough
08.11 11:22:06,856|11043: Trying to get Nameservice: ns@lab30.cpt.haw-hamburg.de
08.11 11:22:06,887|11043: Got Nameservice: ns@lab30.cpt.haw-hamburg.de
08.11 11:22:06,888|11043: Got Nameservice, trying to contact it for: 11073
08.11 11:22:06,891|11043: 11073 found, Name: 11073 Node: team10@lab24.cpt.haw-hamburg.de
08.11 11:22:06,892|11043: Abstimmung yes, sending to Next One
08.11 11:22:07,269|11043: Got Abstimmung
08.11 11:22:07,269|11043: Got it from someone else
08.11 11:22:07,270|11043: TimeDiff of 45 big enough
08.11 11:22:07,270|11043: Trying to get Nameservice: ns@lab30.cpt.haw-hamburg.de
08.11 11:22:07,302|11043: Got Nameservice: ns@lab30.cpt.haw-hamburg.de
08.11 11:22:07,303|11043: Got Nameservice, trying to contact it for: 11073
08.11 11:22:07,336|11043: 11073 found, Name: 11073 Node: team10@lab24.cpt.haw-hamburg.de
08.11 11:22:07,336|11043: Abstimmung yes, sending to Next One
08.11 11:22:07,573|11043: Got Abstimmung
08.11 11:22:07,573|11043: Got it from someone else
08.11 11:22:07,574|11043: TimeDiff of 45 big enough
08.11 11:22:07,574|11043: Trying to get Nameservice: ns@lab30.cpt.haw-hamburg.de
08.11 11:22:07,739|11043: Got Nameservice: ns@lab30.cpt.haw-hamburg.de
08.11 11:22:07,740|11043: Got Nameservice, trying to contact it for: 11073
08.11 11:22:07,781|11043: 11073 found, Name: 11073 Node: team10@lab24.cpt.haw-hamburg.de
08.11 11:22:07,782|11043: Abstimmung yes, sending to Next One
08.11 11:22:07,885|11043: Got Abstimmung
08.11 11:22:07,885|11043: Got it from someone else
08.11 11:22:07,886|11043: TimeDiff of 45 big enough
08.11 11:22:07,887|11043: Trying to get Nameservice: ns@lab30.cpt.haw-hamburg.de
08.11 11:22:07,912|11043: Got Nameservice: ns@lab30.cpt.haw-hamburg.de
08.11 11:22:07,913|11043: Got Nameservice, trying to contact it for: 11073
08.11 11:22:07,919|11043: 11073 found, Name: 11073 Node: team10@lab24.cpt.haw-hamburg.de
08.11 11:22:07,920|11043: Abstimmung yes, sending to Next One
08.11 11:22:08,514|11043: Got Abstimmung
08.11 11:22:08,515|11043: Got it from someone else
08.11 11:22:08,515|11043: TimeDiff of 46 big enough
08.11 11:22:08,516|11043: Trying to get Nameservice: ns@lab30.cpt.haw-hamburg.de
08.11 11:22:08,563|11043: Got Nameservice: ns@lab30.cpt.haw-hamburg.de
08.11 11:22:08,564|11043: Got Nameservice, trying to contact it for: 11073
08.11 11:22:08,569|11043: 11073 found, Name: 11073 Node: team10@lab24.cpt.haw-hamburg.de
08.11 11:22:08,570|11043: Abstimmung yes, sending to Next One
08.11 11:22:08,424|11043: Got Abstimmung
08.11 11:22:08,424|11043: Got it from someone else
08.11 11:22:08,425|11043: TimeDiff of 46 big enough
08.11 11:22:08,425|11043: Trying to get Nameservice: ns@lab30.cpt.haw-hamburg.de
08.11 11:22:08,436|11043: Got Nameservice: ns@lab30.cpt.haw-hamburg.de
08.11 11:22:08,437|11043: Got Nameservice, trying to contact it for: 11073
08.11 11:22:08,442|11043: 11073 found, Name: 11073 Node: team10@lab24.cpt.haw-hamburg.de
08.11 11:22:08,443|11043: Abstimmung yes, sending to Next One
08.11 11:22:09,692|11043: Got Abstimmung
08.11 11:22:09,718|11043: Got it from someone else
08.11 11:22:09,719|11043: TimeDiff of 47 big enough
08.11 11:22:09,719|11043: Trying to get Nameservice: ns@lab30.cpt.haw-hamburg.de
08.11 11:22:09,725|11043: Got Nameservice: ns@lab30.cpt.haw-hamburg.de
08.11 11:22:09,725|11043: Got Nameservice, trying to contact it for: 11073
08.11 11:22:09,751|11043: 11073 found, Name: 11073 Node: team10@lab24.cpt.haw-hamburg.de
08.11 11:22:09,752|11043: Abstimmung yes, sending to Next One
08.11 11:22:09,727|11043: Got Abstimmung
08.11 11:22:09,727|11043: Got it from someone else
08.11 11:22:09,728|11043: TimeDiff of 47 big enough
08.11 11:22:09,729|11043: Trying to get Nameservice: ns@lab30.cpt.haw-hamburg.de
08.11 11:22:09,760|11043: Got Nameservice: ns@lab30.cpt.haw-hamburg.de
08.11 11:22:09,761|11043: Got Nameservice, trying to contact it for: 11073
08.11 11:22:09,797|11043: 11073 found, Name: 11073 Node: team10@lab24.cpt.haw-hamburg.de
08.11 11:22:09,799|11043: Abstimmung yes, sending to Next One
08.11 11:22:10,765|11043: Got Abstimmung
08.11 11:22:10,766|11043: Got it from someone else
08.11 11:22:10,766|11043: TimeDiff of 48 big enough
08.11 11:22:10,767|11043: Trying to get Nameservice: ns@lab30.cpt.haw-hamburg.de
08.11 11:22:10,805|11043: Got Nameservice: ns@lab30.cpt.haw-hamburg.de
08.11 11:22:10,806|11043: Got Nameservice, trying to contact it for: 11073
08.11 11:22:10,811|11043: 11073 found, Name: 11073 Node: team10@lab24.cpt.haw-hamburg.de
08.11 11:22:10,811|11043: Abstimmung yes, sending to Next One
08.11 11:22:10,372|11043: Got Abstimmung
08.11 11:22:10,373|11043: Got it from someone else
08.11 11:22:10,373|11043: TimeDiff of 48 big enough
08.11 11:22:10,378|11043: Trying to get Nameservice: ns@lab30.cpt.haw-hamburg.de
08.11 11:22:10,405|11043: Got Nameservice: ns@lab30.cpt.haw-hamburg.de
08.11 11:22:10,406|11043: Got Nameservice, trying to contact it for: 11073
08.11 11:22:10,412|11043: 11073 found, Name: 11073 Node: team10@lab24.cpt.haw-hamburg.de
08.11 11:22:10,413|11043: Abstimmung yes, sending to Next One
08.11 11:22:11,604|11043: Got Abstimmung
08.11 11:22:11,604|11043: Got it from someone else
08.11 11:22:11,605|11043: TimeDiff of 49 big enough
08.11 11:22:11,606|11043: Trying to get Nameservice: ns@lab30.cpt.haw-hamburg.de
08.11 11:22:11,636|11043: Got Nameservice: ns@lab30.cpt.haw-hamburg.de
08.11 11:22:11,637|11043: Got Nameservice, trying to contact it for: 11073
08.11 11:22:11,651|11043: 11073 found, Name: 11073 Node: team10@lab24.cpt.haw-hamburg.de
08.11 11:22:11,657|11043: Abstimmung yes, sending to Next One
08.11 11:22:12,876|11043: Got Abstimmung
08.11 11:22:12,900|11043: Got it from someone else
08.11 11:22:12,901|11043: TimeDiff of 50 big enough
08.11 11:22:12,901|11043: Trying to get Nameservice: ns@lab30.cpt.haw-hamburg.de
08.11 11:22:12,907|11043: Got Nameservice: ns@lab30.cpt.haw-hamburg.de
08.11 11:22:12,907|11043: Got Nameservice, trying to contact it for: 11073
08.11 11:22:12,912|11043: 11073 found, Name: 11073 Node: team10@lab24.cpt.haw-hamburg.de
08.11 11:22:12,913|11043: Abstimmung yes, sending to Next One
08.11 11:22:12,539|11043: Got Abstimmung
08.11 11:22:12,539|11043: Got it from someone else
08.11 11:22:12,540|11043: TimeDiff of 50 big enough
08.11 11:22:12,540|11043: Trying to get Nameservice: ns@lab30.cpt.haw-hamburg.de
08.11 11:22:12,589|11043: Got Nameservice: ns@lab30.cpt.haw-hamburg.de
08.11 11:22:12,590|11043: Got Nameservice, trying to contact it for: 11073
08.11 11:22:12,594|11043: 11073 found, Name: 11073 Node: team10@lab24.cpt.haw-hamburg.de
08.11 11:22:12,595|11043: Abstimmung yes, sending to Next One
08.11 11:22:13,323|11043: Got Abstimmung
08.11 11:22:13,323|11043: Got it from someone else
08.11 11:22:13,324|11043: TimeDiff of 51 big enough
08.11 11:22:13,324|11043: Trying to get Nameservice: ns@lab30.cpt.haw-hamburg.de
08.11 11:22:13,391|11043: Got Nameservice: ns@lab30.cpt.haw-hamburg.de
08.11 11:22:13,392|11043: Got Nameservice, trying to contact it for: 11073
08.11 11:22:13,399|11043: 11073 found, Name: 11073 Node: team10@lab24.cpt.haw-hamburg.de
08.11 11:22:13,428|11043: Abstimmung yes, sending to Next One
08.11 11:22:14,460|11043: Got Abstimmung
08.11 11:22:14,460|11043: Got it from someone else
08.11 11:22:14,461|11043: TimeDiff of 52 big enough
08.11 11:22:14,462|11043: Trying to get Nameservice: ns@lab30.cpt.haw-hamburg.de
08.11 11:22:14,496|11043: Got Nameservice: ns@lab30.cpt.haw-hamburg.de
08.11 11:22:14,497|11043: Got Nameservice, trying to contact it for: 11073
08.11 11:22:14,509|11043: 11073 found, Name: 11073 Node: team10@lab24.cpt.haw-hamburg.de
08.11 11:22:14,517|11043: Abstimmung yes, sending to Next One
08.11 11:22:15,076|11043: Got Abstimmung
08.11 11:22:15,077|11043: Got it from someone else
08.11 11:22:15,077|11043: TimeDiff of 53 big enough
08.11 11:22:15,078|11043: Trying to get Nameservice: ns@lab30.cpt.haw-hamburg.de
08.11 11:22:15,104|11043: Got Nameservice: ns@lab30.cpt.haw-hamburg.de
08.11 11:22:15,105|11043: Got Nameservice, trying to contact it for: 11073
08.11 11:22:15,111|11043: 11073 found, Name: 11073 Node: team10@lab24.cpt.haw-hamburg.de
08.11 11:22:15,112|11043: Abstimmung yes, sending to Next One
08.11 11:22:16,640|11043: Got Abstimmung
08.11 11:22:16,020|11043: Got it from someone else
08.11 11:22:16,085|11043: TimeDiff of 54 big enough
08.11 11:22:16,141|11043: Trying to get Nameservice: ns@lab30.cpt.haw-hamburg.de
08.11 11:22:16,512|11043: Got Nameservice: ns@lab30.cpt.haw-hamburg.de
08.11 11:22:16,584|11043: Got Nameservice, trying to contact it for: 11073
08.11 11:22:16,618|11043: 11073 found, Name: 11073 Node: team10@lab24.cpt.haw-hamburg.de
08.11 11:22:16,705|11043: Abstimmung yes, sending to Next One
08.11 11:22:16,876|11043: Got Abstimmung
08.11 11:22:16,876|11043: Got it from someone else
08.11 11:22:16,877|11043: TimeDiff of 54 big enough
08.11 11:22:16,878|11043: Trying to get Nameservice: ns@lab30.cpt.haw-hamburg.de
08.11 11:22:16,887|11043: Got Nameservice: ns@lab30.cpt.haw-hamburg.de
08.11 11:22:16,889|11043: Got Nameservice, trying to contact it for: 11073
08.11 11:22:16,895|11043: 11073 found, Name: 11073 Node: team10@lab24.cpt.haw-hamburg.de
08.11 11:22:16,896|11043: Abstimmung yes, sending to Next One
08.11 11:22:17,625|11043: Got Abstimmung
08.11 11:22:17,626|11043: Got it from someone else
08.11 11:22:17,627|11043: TimeDiff of 55 big enough
08.11 11:22:17,627|11043: Trying to get Nameservice: ns@lab30.cpt.haw-hamburg.de
08.11 11:22:17,655|11043: Got Nameservice: ns@lab30.cpt.haw-hamburg.de
08.11 11:22:17,656|11043: Got Nameservice, trying to contact it for: 11073
08.11 11:22:17,691|11043: 11073 found, Name: 11073 Node: team10@lab24.cpt.haw-hamburg.de
08.11 11:22:17,692|11043: Abstimmung yes, sending to Next One
08.11 11:22:17,339|11043: Got Abstimmung
08.11 11:22:17,340|11043: Got it from someone else
08.11 11:22:17,341|11043: TimeDiff of 55 big enough
08.11 11:22:17,341|11043: Trying to get Nameservice: ns@lab30.cpt.haw-hamburg.de
08.11 11:22:17,373|11043: Got Nameservice: ns@lab30.cpt.haw-hamburg.de
08.11 11:22:17,374|11043: Got Nameservice, trying to contact it for: 11073
08.11 11:22:17,379|11043: 11073 found, Name: 11073 Node: team10@lab24.cpt.haw-hamburg.de
08.11 11:22:17,380|11043: Abstimmung yes, sending to Next One
08.11 11:22:21,426|11043: Got Abstimmung
08.11 11:22:21,427|11043: Got it from someone else
08.11 11:22:21,428|11043: TimeDiff of 59 big enough
08.11 11:22:21,429|11043: Trying to get Nameservice: ns@lab30.cpt.haw-hamburg.de
08.11 11:22:21,463|11043: Got Nameservice: ns@lab30.cpt.haw-hamburg.de
08.11 11:22:21,464|11043: Got Nameservice, trying to contact it for: 11073
08.11 11:22:21,469|11043: 11073 found, Name: 11073 Node: team10@lab24.cpt.haw-hamburg.de
08.11 11:22:21,469|11043: Abstimmung yes, sending to Next One
08.11 11:22:22,160|11043: Got Abstimmung
08.11 11:22:22,161|11043: Got it from someone else
08.11 11:22:22,161|11043: TimeDiff of 60 big enough
08.11 11:22:22,162|11043: Trying to get Nameservice: ns@lab30.cpt.haw-hamburg.de
08.11 11:22:22,195|11043: Got Nameservice: ns@lab30.cpt.haw-hamburg.de
08.11 11:22:22,195|11043: Got Nameservice, trying to contact it for: 11073
08.11 11:22:22,200|11043: 11073 found, Name: 11073 Node: team10@lab24.cpt.haw-hamburg.de
08.11 11:22:22,201|11043: Abstimmung yes, sending to Next One
08.11 11:22:23,054|11043: Got Abstimmung
08.11 11:22:23,054|11043: Got it from someone else
08.11 11:22:23,055|11043: TimeDiff of 61 big enough
08.11 11:22:23,055|11043: Trying to get Nameservice: ns@lab30.cpt.haw-hamburg.de
08.11 11:22:23,085|11043: Got Nameservice: ns@lab30.cpt.haw-hamburg.de
08.11 11:22:23,086|11043: Got Nameservice, trying to contact it for: 11073
08.11 11:22:23,091|11043: 11073 found, Name: 11073 Node: team10@lab24.cpt.haw-hamburg.de
08.11 11:22:23,092|11043: Abstimmung yes, sending to Next One
08.11 11:24:02,001|11043: Starting with MI: 675675
08.11 11:24:02,013|11043: Starting new timer
08.11 11:24:02,984|11043: Got Y: 2182005
08.11 11:24:02,984|11043: Killing old timer in Y
08.11 11:24:02,985|11043: Starting new timer
08.11 11:24:02,985|11043: New Y: 2182005 >= Mi: 675675
08.11 11:24:04,951|11043: Got Abstimmung
08.11 11:24:04,952|11043: Got it from someone else
08.11 11:24:04,953|11043: TimeDiff of 2 big enough
08.11 11:24:04,953|11043: Trying to get Nameservice: ns@lab30.cpt.haw-hamburg.de
08.11 11:24:04,983|11043: Got Nameservice: ns@lab30.cpt.haw-hamburg.de
08.11 11:24:04,983|11043: Got Nameservice, trying to contact it for: 11073
08.11 11:24:04,990|11043: 11073 found, Name: 11073 Node: team10@lab24.cpt.haw-hamburg.de
08.11 11:24:04,991|11043: Abstimmung yes, sending to Next One
08.11 11:24:05,139|11043: Got Abstimmung
08.11 11:24:05,198|11043: Got it from someone else
08.11 11:24:05,257|11043: TimeDiff of 3 big enough
08.11 11:24:05,309|11043: Trying to get Nameservice: ns@lab30.cpt.haw-hamburg.de
08.11 11:24:05,019|11043: Got Nameservice: ns@lab30.cpt.haw-hamburg.de
08.11 11:24:05,026|11043: Got Nameservice, trying to contact it for: 11073
08.11 11:24:05,676|11043: 11073 found, Name: 11073 Node: team10@lab24.cpt.haw-hamburg.de
08.11 11:24:05,683|11043: Abstimmung yes, sending to Next One
08.11 11:24:05,710|11043: Got Abstimmung
08.11 11:24:05,716|11043: Got it from someone else
08.11 11:24:05,722|11043: TimeDiff of 3 big enough
08.11 11:24:05,728|11043: Trying to get Nameservice: ns@lab30.cpt.haw-hamburg.de
08.11 11:24:05,036|11043: Got Nameservice: ns@lab30.cpt.haw-hamburg.de
08.11 11:24:05,043|11043: Got Nameservice, trying to contact it for: 11073
08.11 11:24:05,821|11043: 11073 found, Name: 11073 Node: team10@lab24.cpt.haw-hamburg.de
08.11 11:24:05,831|11043: Abstimmung yes, sending to Next One
08.11 11:24:05,837|11043: Got Abstimmung
08.11 11:24:05,843|11043: Got it from someone else
08.11 11:24:05,864|11043: TimeDiff of 3 big enough
08.11 11:24:05,870|11043: Trying to get Nameservice: ns@lab30.cpt.haw-hamburg.de
08.11 11:24:05,114|11043: Got Nameservice: ns@lab30.cpt.haw-hamburg.de
08.11 11:24:05,120|11043: Got Nameservice, trying to contact it for: 11073
08.11 11:24:05,484|11043: 11073 found, Name: 11073 Node: team10@lab24.cpt.haw-hamburg.de
08.11 11:24:05,490|11043: Abstimmung yes, sending to Next One
08.11 11:24:05,411|11043: Got Abstimmung
08.11 11:24:05,417|11043: Got it from someone else
08.11 11:24:05,424|11043: TimeDiff of 3 big enough
08.11 11:24:05,432|11043: Trying to get Nameservice: ns@lab30.cpt.haw-hamburg.de
08.11 11:24:05,993|11043: Got Nameservice: ns@lab30.cpt.haw-hamburg.de
08.11 11:24:05,000|11043: Got Nameservice, trying to contact it for: 11073
08.11 11:24:05,574|11043: 11073 found, Name: 11073 Node: team10@lab24.cpt.haw-hamburg.de
08.11 11:24:05,580|11043: Abstimmung yes, sending to Next One
08.11 11:24:05,675|11043: Got Abstimmung
08.11 11:24:05,680|11043: Got it from someone else
08.11 11:24:05,686|11043: TimeDiff of 3 big enough
08.11 11:24:05,691|11043: Trying to get Nameservice: ns@lab30.cpt.haw-hamburg.de
08.11 11:24:05,752|11043: Got Nameservice: ns@lab30.cpt.haw-hamburg.de
08.11 11:24:05,758|11043: Got Nameservice, trying to contact it for: 11073
08.11 11:24:05,942|11043: 11073 found, Name: 11073 Node: team10@lab24.cpt.haw-hamburg.de
08.11 11:24:05,948|11043: Abstimmung yes, sending to Next One
08.11 11:24:05,004|11043: Trying to get Nameservice: ns@lab30.cpt.haw-hamburg.de
08.11 11:24:05,022|11043: Got Nameservice: ns@lab30.cpt.haw-hamburg.de
08.11 11:24:05,022|11043: Got Nameservice, trying to contact it for: 11073
08.11 11:24:05,065|11043: 11073 found, Name: 11073 Node: team10@lab24.cpt.haw-hamburg.de
08.11 11:24:05,067|11043: ABSTIMMUNG start
08.11 11:24:08,752|11043: Got Abstimmung
08.11 11:24:08,753|11043: Got it from someone else
08.11 11:24:08,754|11043: TimeDiff of 6 big enough
08.11 11:24:08,755|11043: Trying to get Nameservice: ns@lab30.cpt.haw-hamburg.de
08.11 11:24:08,789|11043: Got Nameservice: ns@lab30.cpt.haw-hamburg.de
08.11 11:24:08,790|11043: Got Nameservice, trying to contact it for: 11073
08.11 11:24:08,795|11043: 11073 found, Name: 11073 Node: team10@lab24.cpt.haw-hamburg.de
08.11 11:24:08,796|11043: Abstimmung yes, sending to Next One
08.11 11:24:09,715|11043: Got Abstimmung
08.11 11:24:09,716|11043: Got it from someone else
08.11 11:24:09,717|11043: TimeDiff of 7 big enough
08.11 11:24:09,718|11043: Trying to get Nameservice: ns@lab30.cpt.haw-hamburg.de
08.11 11:24:09,750|11043: Got Nameservice: ns@lab30.cpt.haw-hamburg.de
08.11 11:24:09,751|11043: Got Nameservice, trying to contact it for: 11073
08.11 11:24:09,758|11043: 11073 found, Name: 11073 Node: team10@lab24.cpt.haw-hamburg.de
08.11 11:24:09,760|11043: Abstimmung yes, sending to Next One
08.11 11:24:12,193|11043: Got Abstimmung
08.11 11:24:12,199|11043: Got it from someone else
08.11 11:24:12,204|11043: TimeDiff of 10 big enough
08.11 11:24:12,210|11043: Trying to get Nameservice: ns@lab30.cpt.haw-hamburg.de
08.11 11:24:12,621|11043: Got Nameservice: ns@lab30.cpt.haw-hamburg.de
08.11 11:24:12,628|11043: Got Nameservice, trying to contact it for: 11073
08.11 11:24:12,677|11043: 11073 found, Name: 11073 Node: team10@lab24.cpt.haw-hamburg.de
08.11 11:24:12,692|11043: Abstimmung yes, sending to Next One
08.11 11:24:12,568|11043: Got Abstimmung
08.11 11:24:12,569|11043: Got it from someone else
08.11 11:24:12,569|11043: TimeDiff of 10 big enough
08.11 11:24:12,570|11043: Trying to get Nameservice: ns@lab30.cpt.haw-hamburg.de
08.11 11:24:12,602|11043: Got Nameservice: ns@lab30.cpt.haw-hamburg.de
08.11 11:24:12,603|11043: Got Nameservice, trying to contact it for: 11073
08.11 11:24:12,610|11043: 11073 found, Name: 11073 Node: team10@lab24.cpt.haw-hamburg.de
08.11 11:24:12,611|11043: Abstimmung yes, sending to Next One
08.11 11:24:14,860|11043: Got Abstimmung
08.11 11:24:14,862|11043: Got it from someone else
08.11 11:24:14,865|11043: TimeDiff of 12 big enough
08.11 11:24:14,865|11043: Trying to get Nameservice: ns@lab30.cpt.haw-hamburg.de
08.11 11:24:14,894|11043: Got Nameservice: ns@lab30.cpt.haw-hamburg.de
08.11 11:24:14,894|11043: Got Nameservice, trying to contact it for: 11073
08.11 11:24:14,898|11043: 11073 found, Name: 11073 Node: team10@lab24.cpt.haw-hamburg.de
08.11 11:24:14,899|11043: Abstimmung yes, sending to Next One
08.11 11:24:15,976|11043: Got Abstimmung
08.11 11:24:15,977|11043: Got it from someone else
08.11 11:24:15,977|11043: TimeDiff of 13 big enough
08.11 11:24:15,978|11043: Trying to get Nameservice: ns@lab30.cpt.haw-hamburg.de
08.11 11:24:15,014|11043: Got Nameservice: ns@lab30.cpt.haw-hamburg.de
08.11 11:24:15,015|11043: Got Nameservice, trying to contact it for: 11073
08.11 11:24:15,021|11043: 11073 found, Name: 11073 Node: team10@lab24.cpt.haw-hamburg.de
08.11 11:24:15,022|11043: Abstimmung yes, sending to Next One
08.11 11:24:17,223|11043: Got Abstimmung
08.11 11:24:17,223|11043: Got it from someone else
08.11 11:24:17,224|11043: TimeDiff of 15 big enough
08.11 11:24:17,224|11043: Trying to get Nameservice: ns@lab30.cpt.haw-hamburg.de
08.11 11:24:17,297|11043: Got Nameservice: ns@lab30.cpt.haw-hamburg.de
08.11 11:24:17,298|11043: Got Nameservice, trying to contact it for: 11073
08.11 11:24:17,335|11043: 11073 found, Name: 11073 Node: team10@lab24.cpt.haw-hamburg.de
08.11 11:24:17,338|11043: Abstimmung yes, sending to Next One
08.11 11:24:18,850|11043: Got Abstimmung
08.11 11:24:18,851|11043: Got it from someone else
08.11 11:24:18,852|11043: TimeDiff of 16 big enough
08.11 11:24:18,853|11043: Trying to get Nameservice: ns@lab30.cpt.haw-hamburg.de
08.11 11:24:18,911|11043: Got Nameservice: ns@lab30.cpt.haw-hamburg.de
08.11 11:24:18,912|11043: Got Nameservice, trying to contact it for: 11073
08.11 11:24:18,917|11043: 11073 found, Name: 11073 Node: team10@lab24.cpt.haw-hamburg.de
08.11 11:24:18,918|11043: Abstimmung yes, sending to Next One
08.11 11:24:19,424|11043: Got Abstimmung
08.11 11:24:19,425|11043: Got it from someone else
08.11 11:24:19,425|11043: TimeDiff of 17 big enough
08.11 11:24:19,426|11043: Trying to get Nameservice: ns@lab30.cpt.haw-hamburg.de
08.11 11:24:19,459|11043: Got Nameservice: ns@lab30.cpt.haw-hamburg.de
08.11 11:24:19,459|11043: Got Nameservice, trying to contact it for: 11073
08.11 11:24:19,465|11043: 11073 found, Name: 11073 Node: team10@lab24.cpt.haw-hamburg.de
08.11 11:24:19,466|11043: Abstimmung yes, sending to Next One
08.11 11:24:20,569|11043: Got Abstimmung
08.11 11:24:20,570|11043: Got it from someone else
08.11 11:24:20,570|11043: TimeDiff of 18 big enough
08.11 11:24:20,571|11043: Trying to get Nameservice: ns@lab30.cpt.haw-hamburg.de
08.11 11:24:20,635|11043: Got Nameservice: ns@lab30.cpt.haw-hamburg.de
08.11 11:24:20,636|11043: Got Nameservice, trying to contact it for: 11073
08.11 11:24:20,118|11043: 11073 found, Name: 11073 Node: team10@lab24.cpt.haw-hamburg.de
08.11 11:24:20,119|11043: Abstimmung yes, sending to Next One
08.11 11:24:24,628|11043: Got Abstimmung
08.11 11:24:24,628|11043: Got it from someone else
08.11 11:24:24,629|11043: TimeDiff of 22 big enough
08.11 11:24:24,630|11043: Trying to get Nameservice: ns@lab30.cpt.haw-hamburg.de
08.11 11:24:24,660|11043: Got Nameservice: ns@lab30.cpt.haw-hamburg.de
08.11 11:24:24,661|11043: Got Nameservice, trying to contact it for: 11073
08.11 11:24:24,670|11043: 11073 found, Name: 11073 Node: team10@lab24.cpt.haw-hamburg.de
08.11 11:24:24,672|11043: Abstimmung yes, sending to Next One
08.11 11:24:25,875|11043: Got Abstimmung
08.11 11:24:25,880|11043: Got it from someone else
08.11 11:24:25,887|11043: TimeDiff of 23 big enough
08.11 11:24:25,894|11043: Trying to get Nameservice: ns@lab30.cpt.haw-hamburg.de
08.11 11:24:25,019|11043: Got Nameservice: ns@lab30.cpt.haw-hamburg.de
08.11 11:24:25,021|11043: Got Nameservice, trying to contact it for: 11073
08.11 11:24:25,026|11043: 11073 found, Name: 11073 Node: team10@lab24.cpt.haw-hamburg.de
08.11 11:24:25,026|11043: Abstimmung yes, sending to Next One
08.11 11:24:25,997|11043: Got Abstimmung
08.11 11:24:25,997|11043: Got it from someone else
08.11 11:24:25,998|11043: TimeDiff of 23 big enough
08.11 11:24:25,999|11043: Trying to get Nameservice: ns@lab30.cpt.haw-hamburg.de
08.11 11:24:25,028|11043: Got Nameservice: ns@lab30.cpt.haw-hamburg.de
08.11 11:24:25,028|11043: Got Nameservice, trying to contact it for: 11073
08.11 11:24:25,033|11043: 11073 found, Name: 11073 Node: team10@lab24.cpt.haw-hamburg.de
08.11 11:24:25,034|11043: Abstimmung yes, sending to Next One
08.11 11:24:26,656|11043: Got Abstimmung
08.11 11:24:26,662|11043: Got it from someone else
08.11 11:24:26,668|11043: TimeDiff of 24 big enough
08.11 11:24:26,676|11043: Trying to get Nameservice: ns@lab30.cpt.haw-hamburg.de
08.11 11:24:26,035|11043: Got Nameservice: ns@lab30.cpt.haw-hamburg.de
08.11 11:24:26,043|11043: Got Nameservice, trying to contact it for: 11073
08.11 11:24:26,329|11043: 11073 found, Name: 11073 Node: team10@lab24.cpt.haw-hamburg.de
08.11 11:24:26,338|11043: Abstimmung yes, sending to Next One
08.11 11:24:26,305|11043: Got Abstimmung
08.11 11:24:26,306|11043: Got it from someone else
08.11 11:24:26,307|11043: TimeDiff of 24 big enough
08.11 11:24:26,307|11043: Trying to get Nameservice: ns@lab30.cpt.haw-hamburg.de
08.11 11:24:26,356|11043: Got Nameservice: ns@lab30.cpt.haw-hamburg.de
08.11 11:24:26,359|11043: Got Nameservice, trying to contact it for: 11073
08.11 11:24:26,393|11043: 11073 found, Name: 11073 Node: team10@lab24.cpt.haw-hamburg.de
08.11 11:24:26,417|11043: Abstimmung yes, sending to Next One
08.11 11:24:26,466|11043: Got Abstimmung
08.11 11:24:26,466|11043: Got it from someone else
08.11 11:24:26,467|11043: TimeDiff of 24 big enough
08.11 11:24:26,468|11043: Trying to get Nameservice: ns@lab30.cpt.haw-hamburg.de
08.11 11:24:26,536|11043: Got Nameservice: ns@lab30.cpt.haw-hamburg.de
08.11 11:24:26,537|11043: Got Nameservice, trying to contact it for: 11073
08.11 11:24:26,542|11043: 11073 found, Name: 11073 Node: team10@lab24.cpt.haw-hamburg.de
08.11 11:24:26,543|11043: Abstimmung yes, sending to Next One
08.11 11:24:28,823|11043: Got Abstimmung
08.11 11:24:28,823|11043: Got it from someone else
08.11 11:24:28,824|11043: TimeDiff of 26 big enough
08.11 11:24:28,825|11043: Trying to get Nameservice: ns@lab30.cpt.haw-hamburg.de
08.11 11:24:28,836|11043: Got Nameservice: ns@lab30.cpt.haw-hamburg.de
08.11 11:24:28,837|11043: Got Nameservice, trying to contact it for: 11073
08.11 11:24:28,843|11043: 11073 found, Name: 11073 Node: team10@lab24.cpt.haw-hamburg.de
08.11 11:24:28,844|11043: Abstimmung yes, sending to Next One
08.11 11:24:28,983|11043: Got Abstimmung
08.11 11:24:28,985|11043: Got it from someone else
08.11 11:24:28,986|11043: TimeDiff of 26 big enough
08.11 11:24:28,987|11043: Trying to get Nameservice: ns@lab30.cpt.haw-hamburg.de
08.11 11:24:28,000|11043: Got Nameservice: ns@lab30.cpt.haw-hamburg.de
08.11 11:24:28,002|11043: Got Nameservice, trying to contact it for: 11073
08.11 11:24:28,034|11043: 11073 found, Name: 11073 Node: team10@lab24.cpt.haw-hamburg.de
08.11 11:24:28,035|11043: Abstimmung yes, sending to Next One
08.11 11:24:28,267|11043: Got Abstimmung
08.11 11:24:28,267|11043: Got it from someone else
08.11 11:24:28,268|11043: TimeDiff of 26 big enough
08.11 11:24:28,269|11043: Trying to get Nameservice: ns@lab30.cpt.haw-hamburg.de
08.11 11:24:28,278|11043: Got Nameservice: ns@lab30.cpt.haw-hamburg.de
08.11 11:24:28,279|11043: Got Nameservice, trying to contact it for: 11073
08.11 11:24:28,284|11043: 11073 found, Name: 11073 Node: team10@lab24.cpt.haw-hamburg.de
08.11 11:24:28,285|11043: Abstimmung yes, sending to Next One
08.11 11:24:29,363|11043: Got Abstimmung
08.11 11:24:29,369|11043: Got it from someone else
08.11 11:24:29,375|11043: TimeDiff of 27 big enough
08.11 11:24:29,380|11043: Trying to get Nameservice: ns@lab30.cpt.haw-hamburg.de
08.11 11:24:29,904|11043: Got Nameservice: ns@lab30.cpt.haw-hamburg.de
08.11 11:24:29,916|11043: Got Nameservice, trying to contact it for: 11073
08.11 11:24:29,032|11043: 11073 found, Name: 11073 Node: team10@lab24.cpt.haw-hamburg.de
08.11 11:24:29,033|11043: Abstimmung yes, sending to Next One
08.11 11:24:29,711|11043: Got Abstimmung
08.11 11:24:29,712|11043: Got it from someone else
08.11 11:24:29,713|11043: TimeDiff of 27 big enough
08.11 11:24:29,713|11043: Trying to get Nameservice: ns@lab30.cpt.haw-hamburg.de
08.11 11:24:29,759|11043: Got Nameservice: ns@lab30.cpt.haw-hamburg.de
08.11 11:24:29,764|11043: Got Nameservice, trying to contact it for: 11073
08.11 11:24:29,793|11043: 11073 found, Name: 11073 Node: team10@lab24.cpt.haw-hamburg.de
08.11 11:24:29,796|11043: Abstimmung yes, sending to Next One
08.11 11:24:29,034|11043: Got Abstimmung
08.11 11:24:29,034|11043: Got it from someone else
08.11 11:24:29,035|11043: TimeDiff of 27 big enough
08.11 11:24:29,035|11043: Trying to get Nameservice: ns@lab30.cpt.haw-hamburg.de
08.11 11:24:29,074|11043: Got Nameservice: ns@lab30.cpt.haw-hamburg.de
08.11 11:24:29,074|11043: Got Nameservice, trying to contact it for: 11073
08.11 11:24:29,078|11043: 11073 found, Name: 11073 Node: team10@lab24.cpt.haw-hamburg.de
08.11 11:24:29,079|11043: Abstimmung yes, sending to Next One
08.11 11:24:29,317|11043: Got Abstimmung
08.11 11:24:29,317|11043: Got it from someone else
08.11 11:24:29,318|11043: TimeDiff of 27 big enough
08.11 11:24:29,319|11043: Trying to get Nameservice: ns@lab30.cpt.haw-hamburg.de
08.11 11:24:29,344|11043: Got Nameservice: ns@lab30.cpt.haw-hamburg.de
08.11 11:24:29,345|11043: Got Nameservice, trying to contact it for: 11073
08.11 11:24:29,380|11043: 11073 found, Name: 11073 Node: team10@lab24.cpt.haw-hamburg.de
08.11 11:24:29,381|11043: Abstimmung yes, sending to Next One
08.11 11:24:29,637|11043: Got Abstimmung
08.11 11:24:29,638|11043: Got it from someone else
08.11 11:24:29,639|11043: TimeDiff of 27 big enough
08.11 11:24:29,639|11043: Trying to get Nameservice: ns@lab30.cpt.haw-hamburg.de
08.11 11:24:29,667|11043: Got Nameservice: ns@lab30.cpt.haw-hamburg.de
08.11 11:24:29,668|11043: Got Nameservice, trying to contact it for: 11073
08.11 11:24:29,751|11043: 11073 found, Name: 11073 Node: team10@lab24.cpt.haw-hamburg.de
08.11 11:24:29,751|11043: Abstimmung yes, sending to Next One
08.11 11:24:30,350|11043: Got Abstimmung
08.11 11:24:30,437|11043: Got it from someone else
08.11 11:24:30,440|11043: TimeDiff of 28 big enough
08.11 11:24:30,442|11043: Trying to get Nameservice: ns@lab30.cpt.haw-hamburg.de
08.11 11:24:30,468|11043: Got Nameservice: ns@lab30.cpt.haw-hamburg.de
08.11 11:24:30,468|11043: Got Nameservice, trying to contact it for: 11073
08.11 11:24:30,501|11043: 11073 found, Name: 11073 Node: team10@lab24.cpt.haw-hamburg.de
08.11 11:24:30,502|11043: Abstimmung yes, sending to Next One
08.11 11:24:30,054|11043: Got Abstimmung
08.11 11:24:30,055|11043: Got it from someone else
08.11 11:24:30,055|11043: TimeDiff of 28 big enough
08.11 11:24:30,056|11043: Trying to get Nameservice: ns@lab30.cpt.haw-hamburg.de
08.11 11:24:30,089|11043: Got Nameservice: ns@lab30.cpt.haw-hamburg.de
08.11 11:24:30,090|11043: Got Nameservice, trying to contact it for: 11073
08.11 11:24:30,095|11043: 11073 found, Name: 11073 Node: team10@lab24.cpt.haw-hamburg.de
08.11 11:24:30,096|11043: Abstimmung yes, sending to Next One
08.11 11:24:30,117|11043: Got Abstimmung
08.11 11:24:30,118|11043: Got it from someone else
08.11 11:24:30,118|11043: TimeDiff of 28 big enough
08.11 11:24:30,119|11043: Trying to get Nameservice: ns@lab30.cpt.haw-hamburg.de
08.11 11:24:30,167|11043: Got Nameservice: ns@lab30.cpt.haw-hamburg.de
08.11 11:24:30,168|11043: Got Nameservice, trying to contact it for: 11073
08.11 11:24:30,303|11043: 11073 found, Name: 11073 Node: team10@lab24.cpt.haw-hamburg.de
08.11 11:24:30,304|11043: Abstimmung yes, sending to Next One
08.11 11:24:30,937|11043: Got Abstimmung
08.11 11:24:30,938|11043: Got it from someone else
08.11 11:24:30,938|11043: TimeDiff of 28 big enough
08.11 11:24:30,939|11043: Trying to get Nameservice: ns@lab30.cpt.haw-hamburg.de
08.11 11:24:30,944|11043: Got Nameservice: ns@lab30.cpt.haw-hamburg.de
08.11 11:24:30,945|11043: Got Nameservice, trying to contact it for: 11073
08.11 11:24:30,982|11043: 11073 found, Name: 11073 Node: team10@lab24.cpt.haw-hamburg.de
08.11 11:24:30,983|11043: Abstimmung yes, sending to Next One
08.11 11:24:36,829|11043: Got Abstimmung
08.11 11:24:36,830|11043: Got it from someone else
08.11 11:24:36,831|11043: TimeDiff of 34 big enough
08.11 11:24:36,832|11043: Trying to get Nameservice: ns@lab30.cpt.haw-hamburg.de
08.11 11:24:36,864|11043: Got Nameservice: ns@lab30.cpt.haw-hamburg.de
08.11 11:24:36,864|11043: Got Nameservice, trying to contact it for: 11073
08.11 11:24:36,870|11043: 11073 found, Name: 11073 Node: team10@lab24.cpt.haw-hamburg.de
08.11 11:24:36,871|11043: Abstimmung yes, sending to Next One
08.11 11:24:37,389|11043: Got Abstimmung
08.11 11:24:37,389|11043: Got it from someone else
08.11 11:24:37,390|11043: TimeDiff of 35 big enough
08.11 11:24:37,390|11043: Trying to get Nameservice: ns@lab30.cpt.haw-hamburg.de
08.11 11:24:37,405|11043: Got Nameservice: ns@lab30.cpt.haw-hamburg.de
08.11 11:24:37,406|11043: Got Nameservice, trying to contact it for: 11073
08.11 11:24:37,412|11043: 11073 found, Name: 11073 Node: team10@lab24.cpt.haw-hamburg.de
08.11 11:24:37,412|11043: Abstimmung yes, sending to Next One
08.11 11:24:37,452|11043: Got Abstimmung
08.11 11:24:37,453|11043: Got it from someone else
08.11 11:24:37,454|11043: TimeDiff of 35 big enough
08.11 11:24:37,454|11043: Trying to get Nameservice: ns@lab30.cpt.haw-hamburg.de
08.11 11:24:37,596|11043: Got Nameservice: ns@lab30.cpt.haw-hamburg.de
08.11 11:24:37,597|11043: Got Nameservice, trying to contact it for: 11073
08.11 11:24:37,621|11043: 11073 found, Name: 11073 Node: team10@lab24.cpt.haw-hamburg.de
08.11 11:24:37,622|11043: Abstimmung yes, sending to Next One
08.11 11:24:38,582|11043: Got Abstimmung
08.11 11:24:38,582|11043: Got it from someone else
08.11 11:24:38,583|11043: TimeDiff of 36 big enough
08.11 11:24:38,583|11043: Trying to get Nameservice: ns@lab30.cpt.haw-hamburg.de
08.11 11:24:38,633|11043: Got Nameservice: ns@lab30.cpt.haw-hamburg.de
08.11 11:24:38,633|11043: Got Nameservice, trying to contact it for: 11073
08.11 11:24:38,639|11043: 11073 found, Name: 11073 Node: team10@lab24.cpt.haw-hamburg.de
08.11 11:24:38,640|11043: Abstimmung yes, sending to Next One
08.11 11:24:39,840|11043: Got Abstimmung
08.11 11:24:39,847|11043: Got it from someone else
08.11 11:24:39,848|11043: TimeDiff of 37 big enough
08.11 11:24:39,848|11043: Trying to get Nameservice: ns@lab30.cpt.haw-hamburg.de
08.11 11:24:39,874|11043: Got Nameservice: ns@lab30.cpt.haw-hamburg.de
08.11 11:24:39,875|11043: Got Nameservice, trying to contact it for: 11073
08.11 11:24:39,888|11043: 11073 found, Name: 11073 Node: team10@lab24.cpt.haw-hamburg.de
08.11 11:24:39,889|11043: Abstimmung yes, sending to Next One
08.11 11:24:44,854|11043: Got Abstimmung
08.11 11:24:44,855|11043: Got it from someone else
08.11 11:24:44,855|11043: TimeDiff of 42 big enough
08.11 11:24:44,856|11043: Trying to get Nameservice: ns@lab30.cpt.haw-hamburg.de
08.11 11:24:44,903|11043: Got Nameservice: ns@lab30.cpt.haw-hamburg.de
08.11 11:24:44,904|11043: Got Nameservice, trying to contact it for: 11073
08.11 11:24:44,907|11043: 11073 found, Name: 11073 Node: team10@lab24.cpt.haw-hamburg.de
08.11 11:24:44,907|11043: Abstimmung yes, sending to Next One
08.11 11:24:45,457|11043: Got Abstimmung
08.11 11:24:45,458|11043: Got it from someone else
08.11 11:24:45,459|11043: TimeDiff of 43 big enough
08.11 11:24:45,459|11043: Trying to get Nameservice: ns@lab30.cpt.haw-hamburg.de
08.11 11:24:45,492|11043: Got Nameservice: ns@lab30.cpt.haw-hamburg.de
08.11 11:24:45,493|11043: Got Nameservice, trying to contact it for: 11073
08.11 11:24:45,497|11043: 11073 found, Name: 11073 Node: team10@lab24.cpt.haw-hamburg.de
08.11 11:24:45,498|11043: Abstimmung yes, sending to Next One
08.11 11:24:46,762|11043: Got Abstimmung
08.11 11:24:46,762|11043: Got it from someone else
08.11 11:24:46,763|11043: TimeDiff of 44 big enough
08.11 11:24:46,764|11043: Trying to get Nameservice: ns@lab30.cpt.haw-hamburg.de
08.11 11:24:46,795|11043: Got Nameservice: ns@lab30.cpt.haw-hamburg.de
08.11 11:24:46,795|11043: Got Nameservice, trying to contact it for: 11073
08.11 11:24:46,801|11043: 11073 found, Name: 11073 Node: team10@lab24.cpt.haw-hamburg.de
08.11 11:24:46,801|11043: Abstimmung yes, sending to Next One
08.11 11:24:46,520|11043: Got Abstimmung
08.11 11:24:46,520|11043: Got it from someone else
08.11 11:24:46,521|11043: TimeDiff of 44 big enough
08.11 11:24:46,521|11043: Trying to get Nameservice: ns@lab30.cpt.haw-hamburg.de
08.11 11:24:46,579|11043: Got Nameservice: ns@lab30.cpt.haw-hamburg.de
08.11 11:24:46,583|11043: Got Nameservice, trying to contact it for: 11073
08.11 11:24:46,623|11043: 11073 found, Name: 11073 Node: team10@lab24.cpt.haw-hamburg.de
08.11 11:24:46,646|11043: Abstimmung yes, sending to Next One
08.11 11:24:47,930|11043: Got Abstimmung
08.11 11:24:47,931|11043: Got it from someone else
08.11 11:24:47,932|11043: TimeDiff of 45 big enough
08.11 11:24:47,932|11043: Trying to get Nameservice: ns@lab30.cpt.haw-hamburg.de
08.11 11:24:47,961|11043: Got Nameservice: ns@lab30.cpt.haw-hamburg.de
08.11 11:24:47,962|11043: Got Nameservice, trying to contact it for: 11073
08.11 11:24:47,976|11043: 11073 found, Name: 11073 Node: team10@lab24.cpt.haw-hamburg.de
08.11 11:24:47,978|11043: Abstimmung yes, sending to Next One
08.11 11:24:51,638|11043: Got Abstimmung
08.11 11:24:51,639|11043: Got it from someone else
08.11 11:24:51,640|11043: TimeDiff of 49 big enough
08.11 11:24:51,640|11043: Trying to get Nameservice: ns@lab30.cpt.haw-hamburg.de
08.11 11:24:51,669|11043: Got Nameservice: ns@lab30.cpt.haw-hamburg.de
08.11 11:24:51,669|11043: Got Nameservice, trying to contact it for: 11073
08.11 11:24:51,674|11043: 11073 found, Name: 11073 Node: team10@lab24.cpt.haw-hamburg.de
08.11 11:24:51,674|11043: Abstimmung yes, sending to Next One
08.11 11:24:52,891|11043: Got Abstimmung
08.11 11:24:52,915|11043: Got it from someone else
08.11 11:24:52,917|11043: TimeDiff of 50 big enough
08.11 11:24:52,919|11043: Trying to get Nameservice: ns@lab30.cpt.haw-hamburg.de
08.11 11:24:52,955|11043: Got Nameservice: ns@lab30.cpt.haw-hamburg.de
08.11 11:24:52,956|11043: Got Nameservice, trying to contact it for: 11073
08.11 11:24:52,977|11043: 11073 found, Name: 11073 Node: team10@lab24.cpt.haw-hamburg.de
08.11 11:24:52,978|11043: Abstimmung yes, sending to Next One
08.11 11:24:53,146|11043: Got Abstimmung
08.11 11:24:53,147|11043: Got it from someone else
08.11 11:24:53,147|11043: TimeDiff of 51 big enough
08.11 11:24:53,148|11043: Trying to get Nameservice: ns@lab30.cpt.haw-hamburg.de
08.11 11:24:53,179|11043: Got Nameservice: ns@lab30.cpt.haw-hamburg.de
08.11 11:24:53,179|11043: Got Nameservice, trying to contact it for: 11073
08.11 11:24:53,185|11043: 11073 found, Name: 11073 Node: team10@lab24.cpt.haw-hamburg.de
08.11 11:24:53,186|11043: Abstimmung yes, sending to Next One
08.11 11:24:53,154|11043: Got Abstimmung
08.11 11:24:53,155|11043: Got it from someone else
08.11 11:24:53,156|11043: TimeDiff of 51 big enough
08.11 11:24:53,156|11043: Trying to get Nameservice: ns@lab30.cpt.haw-hamburg.de
08.11 11:24:53,272|11043: Got Nameservice: ns@lab30.cpt.haw-hamburg.de
08.11 11:24:53,274|11043: Got Nameservice, trying to contact it for: 11073
08.11 11:24:53,325|11043: 11073 found, Name: 11073 Node: team10@lab24.cpt.haw-hamburg.de
08.11 11:24:53,326|11043: Abstimmung yes, sending to Next One
08.11 11:25:03,274|11043: Got Abstimmung
08.11 11:25:03,275|11043: Got it from someone else
08.11 11:25:03,275|11043: TimeDiff of 61 big enough
08.11 11:25:03,276|11043: Trying to get Nameservice: ns@lab30.cpt.haw-hamburg.de
08.11 11:25:03,282|11043: Got Nameservice: ns@lab30.cpt.haw-hamburg.de
08.11 11:25:03,283|11043: Got Nameservice, trying to contact it for: 11073
08.11 11:25:03,288|11043: 11073 found, Name: 11073 Node: team10@lab24.cpt.haw-hamburg.de
08.11 11:25:03,289|11043: Abstimmung yes, sending to Next One
08.11 11:25:04,541|11043: Got Abstimmung
08.11 11:25:04,547|11043: Got it from someone else
08.11 11:25:04,552|11043: TimeDiff of 62 big enough
08.11 11:25:04,558|11043: Trying to get Nameservice: ns@lab30.cpt.haw-hamburg.de
08.11 11:25:04,877|11043: Got Nameservice: ns@lab30.cpt.haw-hamburg.de
08.11 11:25:04,884|11043: Got Nameservice, trying to contact it for: 11073
08.11 11:25:04,961|11043: 11073 found, Name: 11073 Node: team10@lab24.cpt.haw-hamburg.de
08.11 11:25:04,980|11043: Abstimmung yes, sending to Next One
08.11 11:25:05,040|11043: Got Abstimmung
08.11 11:25:05,041|11043: Got it from someone else
08.11 11:25:05,041|11043: TimeDiff of 63 big enough
08.11 11:25:05,042|11043: Trying to get Nameservice: ns@lab30.cpt.haw-hamburg.de
08.11 11:25:05,084|11043: Got Nameservice: ns@lab30.cpt.haw-hamburg.de
08.11 11:25:05,088|11043: Got Nameservice, trying to contact it for: 11073
08.11 11:25:05,123|11043: 11073 found, Name: 11073 Node: team10@lab24.cpt.haw-hamburg.de
08.11 11:25:05,147|11043: Abstimmung yes, sending to Next One
08.11 11:25:05,681|11043: Got Abstimmung
08.11 11:25:05,682|11043: Got it from someone else
08.11 11:25:05,682|11043: TimeDiff of 63 big enough
08.11 11:25:05,683|11043: Trying to get Nameservice: ns@lab30.cpt.haw-hamburg.de
08.11 11:25:05,711|11043: Got Nameservice: ns@lab30.cpt.haw-hamburg.de
08.11 11:25:05,712|11043: Got Nameservice, trying to contact it for: 11073
08.11 11:25:05,718|11043: 11073 found, Name: 11073 Node: team10@lab24.cpt.haw-hamburg.de
08.11 11:25:05,719|11043: Abstimmung yes, sending to Next One
08.11 11:25:06,177|11043: Got Abstimmung
08.11 11:25:06,177|11043: Got it from someone else
08.11 11:25:06,178|11043: TimeDiff of 64 big enough
08.11 11:25:06,179|11043: Trying to get Nameservice: ns@lab30.cpt.haw-hamburg.de
08.11 11:25:06,206|11043: Got Nameservice: ns@lab30.cpt.haw-hamburg.de
08.11 11:25:06,207|11043: Got Nameservice, trying to contact it for: 11073
08.11 11:25:06,212|11043: 11073 found, Name: 11073 Node: team10@lab24.cpt.haw-hamburg.de
08.11 11:25:06,213|11043: Abstimmung yes, sending to Next One
08.11 11:25:06,822|11043: Got Abstimmung
08.11 11:25:06,823|11043: Got it from someone else
08.11 11:25:06,823|11043: TimeDiff of 64 big enough
08.11 11:25:06,824|11043: Trying to get Nameservice: ns@lab30.cpt.haw-hamburg.de
08.11 11:25:06,851|11043: Got Nameservice: ns@lab30.cpt.haw-hamburg.de
08.11 11:25:06,852|11043: Got Nameservice, trying to contact it for: 11073
08.11 11:25:06,857|11043: 11073 found, Name: 11073 Node: team10@lab24.cpt.haw-hamburg.de
08.11 11:25:06,857|11043: Abstimmung yes, sending to Next One
08.11 11:25:07,501|11043: Got Y: 3
08.11 11:25:07,502|11043: Starting new timer
08.11 11:25:07,502|11043: Caculating new MI: 3 Y: 3
08.11 11:25:07,541|11043: Trying to get Nameservice: ns@lab30.cpt.haw-hamburg.de
08.11 11:25:07,551|11043: Got Nameservice: ns@lab30.cpt.haw-hamburg.de
08.11 11:25:07,551|11043: Got Nameservice, trying to contact it for: 11021
08.11 11:25:07,588|11043: 11021 found, Name: 11021 Node: team10@lab24.cpt.haw-hamburg.de
08.11 11:25:07,589|11043: Sending Y: 3 to Left
08.11 11:25:07,590|11043: Trying to get Nameservice: ns@lab30.cpt.haw-hamburg.de
08.11 11:25:07,653|11043: Got Nameservice: ns@lab30.cpt.haw-hamburg.de
08.11 11:25:07,653|11043: Got Nameservice, trying to contact it for: 11073
08.11 11:25:07,687|11043: 11073 found, Name: 11073 Node: team10@lab24.cpt.haw-hamburg.de
08.11 11:25:07,688|11043: Sending Y: 3 to Right
08.11 11:25:07,690|11043: Get Koordinator -> Get Dienst
08.11 11:25:07,691|11043: Trying to get Nameservice: ns@lab30.cpt.haw-hamburg.de
08.11 11:25:07,730|11043: Got Nameservice: ns@lab30.cpt.haw-hamburg.de
08.11 11:25:07,730|11043: Got Nameservice, trying to contact it for: chef
08.11 11:25:07,733|11043: chef found, Name: chef Node: ko@lab22.cpt.haw-hamburg.de
08.11 11:25:07,734|11043: BriefMi to Koord: 3
08.11 11:25:07,779|11043: Got Y: 3
08.11 11:25:07,780|11043: Killing old timer in Y
08.11 11:25:07,781|11043: Starting new timer
08.11 11:25:07,781|11043: New Y: 3 >= Mi: 3
08.11 11:25:09,338|11043: Got Abstimmung
08.11 11:25:09,338|11043: Got it from someone else
08.11 11:25:09,339|11043: TimeDiff of 2 big enough
08.11 11:25:09,339|11043: Trying to get Nameservice: ns@lab30.cpt.haw-hamburg.de
08.11 11:25:09,371|11043: Got Nameservice: ns@lab30.cpt.haw-hamburg.de
08.11 11:25:09,372|11043: Got Nameservice, trying to contact it for: 11073
08.11 11:25:09,377|11043: 11073 found, Name: 11073 Node: team10@lab24.cpt.haw-hamburg.de
08.11 11:25:09,378|11043: Abstimmung yes, sending to Next One
08.11 11:25:10,636|11043: Got Abstimmung
08.11 11:25:10,637|11043: Got it from someone else
08.11 11:25:10,638|11043: TimeDiff of 3 big enough
08.11 11:25:10,638|11043: Trying to get Nameservice: ns@lab30.cpt.haw-hamburg.de
08.11 11:25:10,646|11043: Got Nameservice: ns@lab30.cpt.haw-hamburg.de
08.11 11:25:10,647|11043: Got Nameservice, trying to contact it for: 11073
08.11 11:25:10,694|11043: 11073 found, Name: 11073 Node: team10@lab24.cpt.haw-hamburg.de
08.11 11:25:10,695|11043: Abstimmung yes, sending to Next One
08.11 11:25:10,801|11043: Trying to get Nameservice: ns@lab30.cpt.haw-hamburg.de
08.11 11:25:10,840|11043: Got Nameservice: ns@lab30.cpt.haw-hamburg.de
08.11 11:25:10,841|11043: Got Nameservice, trying to contact it for: 11073
08.11 11:25:10,852|11043: 11073 found, Name: 11073 Node: team10@lab24.cpt.haw-hamburg.de
08.11 11:25:10,853|11043: ABSTIMMUNG start
08.11 11:25:11,316|11043: Got Abstimmung
08.11 11:25:11,323|11043: Got it from someone else
08.11 11:25:11,328|11043: TimeDiff of 4 big enough
08.11 11:25:11,336|11043: Trying to get Nameservice: ns@lab30.cpt.haw-hamburg.de
08.11 11:25:11,663|11043: Got Nameservice: ns@lab30.cpt.haw-hamburg.de
08.11 11:25:11,671|11043: Got Nameservice, trying to contact it for: 11073
08.11 11:25:11,766|11043: 11073 found, Name: 11073 Node: team10@lab24.cpt.haw-hamburg.de
08.11 11:25:11,778|11043: Abstimmung yes, sending to Next One
08.11 11:25:11,828|11043: Got Abstimmung
08.11 11:25:11,828|11043: Got it from someone else
08.11 11:25:11,829|11043: TimeDiff of 4 big enough
08.11 11:25:11,830|11043: Trying to get Nameservice: ns@lab30.cpt.haw-hamburg.de
08.11 11:25:11,086|11043: Got Nameservice: ns@lab30.cpt.haw-hamburg.de
08.11 11:25:11,087|11043: Got Nameservice, trying to contact it for: 11073
08.11 11:25:11,225|11043: 11073 found, Name: 11073 Node: team10@lab24.cpt.haw-hamburg.de
08.11 11:25:11,225|11043: Abstimmung yes, sending to Next One
08.11 11:25:11,689|11043: Got Y: 1
08.11 11:25:11,690|11043: Starting new timer
08.11 11:25:11,690|11043: Caculating new MI: 1 Y: 1
08.11 11:25:11,759|11043: Trying to get Nameservice: ns@lab30.cpt.haw-hamburg.de
08.11 11:25:11,766|11043: Got Nameservice: ns@lab30.cpt.haw-hamburg.de
08.11 11:25:11,767|11043: Got Nameservice, trying to contact it for: 11021
08.11 11:25:11,773|11043: 11021 found, Name: 11021 Node: team10@lab24.cpt.haw-hamburg.de
08.11 11:25:11,774|11043: Sending Y: 1 to Left
08.11 11:25:11,775|11043: Trying to get Nameservice: ns@lab30.cpt.haw-hamburg.de
08.11 11:25:11,835|11043: Got Nameservice: ns@lab30.cpt.haw-hamburg.de
08.11 11:25:11,836|11043: Got Nameservice, trying to contact it for: 11073
08.11 11:25:11,839|11043: 11073 found, Name: 11073 Node: team10@lab24.cpt.haw-hamburg.de
08.11 11:25:11,840|11043: Sending Y: 1 to Right
08.11 11:25:11,843|11043: Get Koordinator -> Get Dienst
08.11 11:25:11,846|11043: Trying to get Nameservice: ns@lab30.cpt.haw-hamburg.de
08.11 11:25:11,876|11043: Got Nameservice: ns@lab30.cpt.haw-hamburg.de
08.11 11:25:11,877|11043: Got Nameservice, trying to contact it for: chef
08.11 11:25:11,881|11043: chef found, Name: chef Node: ko@lab22.cpt.haw-hamburg.de
08.11 11:25:11,881|11043: BriefMi to Koord: 1
08.11 11:25:11,924|11043: Got Y: 1
08.11 11:25:11,924|11043: Killing old timer in Y
08.11 11:25:11,925|11043: Starting new timer
08.11 11:25:11,925|11043: New Y: 1 >= Mi: 1
08.11 11:25:13,572|11043: Got Abstimmung
08.11 11:25:13,625|11043: Got it from someone else
08.11 11:25:13,686|11043: TimeDiff of 3 big enough
08.11 11:25:13,737|11043: Trying to get Nameservice: ns@lab30.cpt.haw-hamburg.de
08.11 11:25:14,550|11043: Got Nameservice: ns@lab30.cpt.haw-hamburg.de
08.11 11:25:14,611|11043: Got Nameservice, trying to contact it for: 11073
08.11 11:25:14,512|11043: 11073 found, Name: 11073 Node: team10@lab24.cpt.haw-hamburg.de
08.11 11:25:14,552|11043: Abstimmung yes, sending to Next One
08.11 11:25:14,714|11043: Got Nameservice: ns@lab30.cpt.haw-hamburg.de
08.11 11:25:14,722|11043: Unbinding from Nameservice
08.11 11:25:14,728|11043: Killed
