08.11 11:20:05,701|11083: Got Nameservice: ns@lab30.cpt.haw-hamburg.de
08.11 11:20:05,702|11083: Sende Nachricht an Nameservicenode: ns@lab30.cpt.haw-hamburg.de
08.11 11:20:05,702|11083: Nachricht an Nameservicenode gesendet
08.11 11:20:05,732|11083: Bind done
08.11 11:20:05,732|11083: Get Koordinator -> Get Dienst
08.11 11:20:05,733|11083: Trying to get Nameservice: ns@lab30.cpt.haw-hamburg.de
08.11 11:20:05,762|11083: Got Nameservice: ns@lab30.cpt.haw-hamburg.de
08.11 11:20:05,763|11083: Got Nameservice, trying to contact it for: chef
08.11 11:20:05,796|11083: chef found, Name: chef Node: ko@lab22.cpt.haw-hamburg.de
08.11 11:20:05,796|11083: Sende Nachricht an Koordinator: chef
08.11 11:20:05,799|11083: warte auf Nachbarmessage vom Koordinator
08.11 11:21:06,051|11083: Neighbors set. Left: 12191 Right: 11692|starting loop
08.11 11:21:12,935|11083: Starting with MI: 27959358141
08.11 11:21:12,936|11083: Starting new timer
08.11 11:21:15,798|11083: Got Abstimmung
08.11 11:21:15,799|11083: Got it from someone else
08.11 11:21:15,800|11083: TimeDiff of 3 big enough
08.11 11:21:15,800|11083: Trying to get Nameservice: ns@lab30.cpt.haw-hamburg.de
08.11 11:21:15,807|11083: Got Nameservice: ns@lab30.cpt.haw-hamburg.de
08.11 11:21:15,808|11083: Got Nameservice, trying to contact it for: 11692
08.11 11:21:15,814|11083: 11692 found, Name: 11692 Node: starter@lab21.cpt.haw-hamburg.de
08.11 11:21:15,814|11083: Abstimmung yes, sending to Next One
08.11 11:21:15,839|11083: Got Abstimmung
08.11 11:21:15,840|11083: Got it from someone else
08.11 11:21:15,840|11083: TimeDiff of 3 big enough
08.11 11:21:15,841|11083: Trying to get Nameservice: ns@lab30.cpt.haw-hamburg.de
08.11 11:21:15,847|11083: Got Nameservice: ns@lab30.cpt.haw-hamburg.de
08.11 11:21:15,847|11083: Got Nameservice, trying to contact it for: 11692
08.11 11:21:15,851|11083: 11692 found, Name: 11692 Node: starter@lab21.cpt.haw-hamburg.de
08.11 11:21:15,852|11083: Abstimmung yes, sending to Next One
08.11 11:21:15,853|11083: Got Abstimmung
08.11 11:21:15,854|11083: Got it from someone else
08.11 11:21:15,854|11083: TimeDiff of 3 big enough
08.11 11:21:15,855|11083: Trying to get Nameservice: ns@lab30.cpt.haw-hamburg.de
08.11 11:21:15,860|11083: Got Nameservice: ns@lab30.cpt.haw-hamburg.de
08.11 11:21:15,861|11083: Got Nameservice, trying to contact it for: 11692
08.11 11:21:15,866|11083: 11692 found, Name: 11692 Node: starter@lab21.cpt.haw-hamburg.de
08.11 11:21:15,866|11083: Abstimmung yes, sending to Next One
08.11 11:21:15,902|11083: Got Abstimmung
08.11 11:21:15,903|11083: Got it from someone else
08.11 11:21:15,904|11083: TimeDiff of 3 big enough
08.11 11:21:15,904|11083: Trying to get Nameservice: ns@lab30.cpt.haw-hamburg.de
08.11 11:21:15,915|11083: Got Nameservice: ns@lab30.cpt.haw-hamburg.de
08.11 11:21:15,917|11083: Got Nameservice, trying to contact it for: 11692
08.11 11:21:15,922|11083: 11692 found, Name: 11692 Node: starter@lab21.cpt.haw-hamburg.de
08.11 11:21:15,923|11083: Abstimmung yes, sending to Next One
08.11 11:21:15,940|11083: Trying to get Nameservice: ns@lab30.cpt.haw-hamburg.de
08.11 11:21:15,034|11083: Got Nameservice: ns@lab30.cpt.haw-hamburg.de
08.11 11:21:15,036|11083: Got Nameservice, trying to contact it for: 11692
08.11 11:21:15,086|11083: 11692 found, Name: 11692 Node: starter@lab21.cpt.haw-hamburg.de
08.11 11:21:15,091|11083: ABSTIMMUNG start
08.11 11:21:15,093|11083: Got Abstimmung
08.11 11:21:15,093|11083: Got it from someone else
08.11 11:21:15,094|11083: TimeDiff of 3 big enough
08.11 11:21:15,095|11083: Trying to get Nameservice: ns@lab30.cpt.haw-hamburg.de
08.11 11:21:15,202|11083: Got Nameservice: ns@lab30.cpt.haw-hamburg.de
08.11 11:21:15,205|11083: Got Nameservice, trying to contact it for: 11692
08.11 11:21:15,627|11083: 11692 found, Name: 11692 Node: starter@lab21.cpt.haw-hamburg.de
08.11 11:21:15,629|11083: Abstimmung yes, sending to Next One
08.11 11:21:15,630|11083: Got Abstimmung
08.11 11:21:15,631|11083: Got it from someone else
08.11 11:21:15,632|11083: TimeDiff of 3 big enough
08.11 11:21:15,633|11083: Trying to get Nameservice: ns@lab30.cpt.haw-hamburg.de
08.11 11:21:15,765|11083: Got Nameservice: ns@lab30.cpt.haw-hamburg.de
08.11 11:21:15,768|11083: Got Nameservice, trying to contact it for: 11692
08.11 11:21:15,910|11083: 11692 found, Name: 11692 Node: starter@lab21.cpt.haw-hamburg.de
08.11 11:21:15,910|11083: Abstimmung yes, sending to Next One
08.11 11:21:15,911|11083: Got Abstimmung
08.11 11:21:15,912|11083: Got it from someone else
08.11 11:21:15,913|11083: TimeDiff of 3 big enough
08.11 11:21:15,913|11083: Trying to get Nameservice: ns@lab30.cpt.haw-hamburg.de
08.11 11:21:15,020|11083: Got Nameservice: ns@lab30.cpt.haw-hamburg.de
08.11 11:21:15,021|11083: Got Nameservice, trying to contact it for: 11692
08.11 11:21:15,293|11083: 11692 found, Name: 11692 Node: starter@lab21.cpt.haw-hamburg.de
08.11 11:21:15,293|11083: Abstimmung yes, sending to Next One
08.11 11:21:15,294|11083: Got Abstimmung
08.11 11:21:15,295|11083: Got it from someone else
08.11 11:21:15,295|11083: TimeDiff of 3 big enough
08.11 11:21:15,296|11083: Trying to get Nameservice: ns@lab30.cpt.haw-hamburg.de
08.11 11:21:15,403|11083: Got Nameservice: ns@lab30.cpt.haw-hamburg.de
08.11 11:21:15,407|11083: Got Nameservice, trying to contact it for: 11692
08.11 11:21:15,574|11083: 11692 found, Name: 11692 Node: starter@lab21.cpt.haw-hamburg.de
08.11 11:21:15,578|11083: Abstimmung yes, sending to Next One
08.11 11:21:15,595|11083: Got Abstimmung
08.11 11:21:15,595|11083: Got it from someone else
08.11 11:21:15,596|11083: TimeDiff of 3 big enough
08.11 11:21:15,596|11083: Trying to get Nameservice: ns@lab30.cpt.haw-hamburg.de
08.11 11:21:15,814|11083: Got Nameservice: ns@lab30.cpt.haw-hamburg.de
08.11 11:21:15,815|11083: Got Nameservice, trying to contact it for: 11692
08.11 11:21:15,963|11083: 11692 found, Name: 11692 Node: starter@lab21.cpt.haw-hamburg.de
08.11 11:21:15,964|11083: Abstimmung yes, sending to Next One
08.11 11:21:15,968|11083: Got Abstimmung
08.11 11:21:15,973|11083: Got it from someone else
08.11 11:21:15,978|11083: TimeDiff of 3 big enough
08.11 11:21:15,979|11083: Trying to get Nameservice: ns@lab30.cpt.haw-hamburg.de
08.11 11:21:15,991|11083: Got Nameservice: ns@lab30.cpt.haw-hamburg.de
08.11 11:21:15,992|11083: Got Nameservice, trying to contact it for: 11692
08.11 11:21:15,014|11083: 11692 found, Name: 11692 Node: starter@lab21.cpt.haw-hamburg.de
08.11 11:21:15,016|11083: Abstimmung yes, sending to Next One
08.11 11:21:15,017|11083: Got Abstimmung
08.11 11:21:15,019|11083: Got it from someone else
08.11 11:21:15,020|11083: TimeDiff of 3 big enough
08.11 11:21:15,022|11083: Trying to get Nameservice: ns@lab30.cpt.haw-hamburg.de
08.11 11:21:15,045|11083: Got Nameservice: ns@lab30.cpt.haw-hamburg.de
08.11 11:21:15,045|11083: Got Nameservice, trying to contact it for: 11692
08.11 11:21:15,089|11083: 11692 found, Name: 11692 Node: starter@lab21.cpt.haw-hamburg.de
08.11 11:21:15,090|11083: Abstimmung yes, sending to Next One
08.11 11:21:15,091|11083: Got Abstimmung
08.11 11:21:15,095|11083: Got it from someone else
08.11 11:21:15,098|11083: TimeDiff of 3 big enough
08.11 11:21:15,099|11083: Trying to get Nameservice: ns@lab30.cpt.haw-hamburg.de
08.11 11:21:15,129|11083: Got Nameservice: ns@lab30.cpt.haw-hamburg.de
08.11 11:21:15,130|11083: Got Nameservice, trying to contact it for: 11692
08.11 11:21:15,135|11083: 11692 found, Name: 11692 Node: starter@lab21.cpt.haw-hamburg.de
08.11 11:21:15,135|11083: Abstimmung yes, sending to Next One
08.11 11:21:15,136|11083: Got Abstimmung
08.11 11:21:15,138|11083: Got it from someone else
08.11 11:21:15,138|11083: TimeDiff of 3 big enough
08.11 11:21:15,140|11083: Trying to get Nameservice: ns@lab30.cpt.haw-hamburg.de
08.11 11:21:15,167|11083: Got Nameservice: ns@lab30.cpt.haw-hamburg.de
08.11 11:21:15,167|11083: Got Nameservice, trying to contact it for: 11692
08.11 11:21:15,178|11083: 11692 found, Name: 11692 Node: starter@lab21.cpt.haw-hamburg.de
08.11 11:21:15,179|11083: Abstimmung yes, sending to Next One
08.11 11:21:15,180|11083: Got Abstimmung
08.11 11:21:15,181|11083: Got it from someone else
08.11 11:21:15,182|11083: TimeDiff of 3 big enough
08.11 11:21:15,184|11083: Trying to get Nameservice: ns@lab30.cpt.haw-hamburg.de
08.11 11:21:15,195|11083: Got Nameservice: ns@lab30.cpt.haw-hamburg.de
08.11 11:21:15,196|11083: Got Nameservice, trying to contact it for: 11692
08.11 11:21:15,203|11083: 11692 found, Name: 11692 Node: starter@lab21.cpt.haw-hamburg.de
08.11 11:21:15,204|11083: Abstimmung yes, sending to Next One
08.11 11:21:15,456|11083: Got Abstimmung
08.11 11:21:15,457|11083: Got it from someone else
08.11 11:21:15,458|11083: TimeDiff of 3 big enough
08.11 11:21:15,458|11083: Trying to get Nameservice: ns@lab30.cpt.haw-hamburg.de
08.11 11:21:15,520|11083: Got Nameservice: ns@lab30.cpt.haw-hamburg.de
08.11 11:21:15,520|11083: Got Nameservice, trying to contact it for: 11692
08.11 11:21:15,562|11083: 11692 found, Name: 11692 Node: starter@lab21.cpt.haw-hamburg.de
08.11 11:21:15,564|11083: Abstimmung yes, sending to Next One
08.11 11:21:15,567|11083: Got Abstimmung
08.11 11:21:15,568|11083: Got it from someone else
08.11 11:21:15,568|11083: TimeDiff of 3 big enough
08.11 11:21:15,569|11083: Trying to get Nameservice: ns@lab30.cpt.haw-hamburg.de
08.11 11:21:15,597|11083: Got Nameservice: ns@lab30.cpt.haw-hamburg.de
08.11 11:21:15,599|11083: Got Nameservice, trying to contact it for: 11692
08.11 11:21:15,647|11083: 11692 found, Name: 11692 Node: starter@lab21.cpt.haw-hamburg.de
08.11 11:21:15,649|11083: Abstimmung yes, sending to Next One
08.11 11:21:15,680|11083: Got Abstimmung
08.11 11:21:15,681|11083: Got it from someone else
08.11 11:21:15,681|11083: TimeDiff of 3 big enough
08.11 11:21:15,682|11083: Trying to get Nameservice: ns@lab30.cpt.haw-hamburg.de
08.11 11:21:15,729|11083: Got Nameservice: ns@lab30.cpt.haw-hamburg.de
08.11 11:21:15,730|11083: Got Nameservice, trying to contact it for: 11692
08.11 11:21:15,804|11083: 11692 found, Name: 11692 Node: starter@lab21.cpt.haw-hamburg.de
08.11 11:21:15,805|11083: Abstimmung yes, sending to Next One
08.11 11:21:15,806|11083: Got Abstimmung
08.11 11:21:15,807|11083: Got it from someone else
08.11 11:21:15,807|11083: TimeDiff of 3 big enough
08.11 11:21:15,808|11083: Trying to get Nameservice: ns@lab30.cpt.haw-hamburg.de
08.11 11:21:15,883|11083: Got Nameservice: ns@lab30.cpt.haw-hamburg.de
08.11 11:21:15,884|11083: Got Nameservice, trying to contact it for: 11692
08.11 11:21:15,943|11083: 11692 found, Name: 11692 Node: starter@lab21.cpt.haw-hamburg.de
08.11 11:21:15,943|11083: Abstimmung yes, sending to Next One
08.11 11:21:15,945|11083: Got Abstimmung
08.11 11:21:15,945|11083: Got it from someone else
08.11 11:21:15,946|11083: TimeDiff of 3 big enough
08.11 11:21:15,947|11083: Trying to get Nameservice: ns@lab30.cpt.haw-hamburg.de
08.11 11:21:15,975|11083: Got Nameservice: ns@lab30.cpt.haw-hamburg.de
08.11 11:21:15,976|11083: Got Nameservice, trying to contact it for: 11692
08.11 11:21:15,027|11083: 11692 found, Name: 11692 Node: starter@lab21.cpt.haw-hamburg.de
08.11 11:21:15,028|11083: Abstimmung yes, sending to Next One
08.11 11:21:15,029|11083: Got Abstimmung
08.11 11:21:15,029|11083: Got it from someone else
08.11 11:21:15,030|11083: TimeDiff of 3 big enough
08.11 11:21:15,030|11083: Trying to get Nameservice: ns@lab30.cpt.haw-hamburg.de
08.11 11:21:15,066|11083: Got Nameservice: ns@lab30.cpt.haw-hamburg.de
08.11 11:21:15,067|11083: Got Nameservice, trying to contact it for: 11692
08.11 11:21:15,105|11083: 11692 found, Name: 11692 Node: starter@lab21.cpt.haw-hamburg.de
08.11 11:21:15,105|11083: Abstimmung yes, sending to Next One
08.11 11:21:15,683|11083: Got Abstimmung
08.11 11:21:15,685|11083: Got it from someone else
08.11 11:21:15,686|11083: TimeDiff of 3 big enough
08.11 11:21:15,687|11083: Trying to get Nameservice: ns@lab30.cpt.haw-hamburg.de
08.11 11:21:15,729|11083: Got Nameservice: ns@lab30.cpt.haw-hamburg.de
08.11 11:21:15,731|11083: Got Nameservice, trying to contact it for: 11692
08.11 11:21:15,772|11083: 11692 found, Name: 11692 Node: starter@lab21.cpt.haw-hamburg.de
08.11 11:21:15,773|11083: Abstimmung yes, sending to Next One
08.11 11:21:15,773|11083: Got Abstimmung
08.11 11:21:15,774|11083: Got it from someone else
08.11 11:21:15,775|11083: TimeDiff of 3 big enough
08.11 11:21:15,776|11083: Trying to get Nameservice: ns@lab30.cpt.haw-hamburg.de
08.11 11:21:15,806|11083: Got Nameservice: ns@lab30.cpt.haw-hamburg.de
08.11 11:21:15,808|11083: Got Nameservice, trying to contact it for: 11692
08.11 11:21:15,860|11083: 11692 found, Name: 11692 Node: starter@lab21.cpt.haw-hamburg.de
08.11 11:21:15,861|11083: Abstimmung yes, sending to Next One
08.11 11:21:18,917|11083: Got Y: 40365
08.11 11:21:18,918|11083: Starting new timer
08.11 11:21:18,918|11083: Caculating new MI: 16146 Y: 40365
08.11 11:21:18,955|11083: Trying to get Nameservice: ns@lab30.cpt.haw-hamburg.de
08.11 11:21:18,699|11083: Got Nameservice: ns@lab30.cpt.haw-hamburg.de
08.11 11:21:18,768|11083: Got Nameservice, trying to contact it for: 12191
08.11 11:21:19,897|11083: 12191 found, Name: 12191 Node: starter@lab23.cpt.haw-hamburg.de
08.11 11:21:19,962|11083: Sending Y: 16146 to Left
08.11 11:21:19,036|11083: Trying to get Nameservice: ns@lab30.cpt.haw-hamburg.de
08.11 11:21:19,772|11083: Got Nameservice: ns@lab30.cpt.haw-hamburg.de
08.11 11:21:19,923|11083: Got Nameservice, trying to contact it for: 11692
08.11 11:21:19,682|11083: 11692 found, Name: 11692 Node: starter@lab21.cpt.haw-hamburg.de
08.11 11:21:19,690|11083: Sending Y: 16146 to Right
08.11 11:21:19,696|11083: Get Koordinator -> Get Dienst
08.11 11:21:19,703|11083: Trying to get Nameservice: ns@lab30.cpt.haw-hamburg.de
08.11 11:21:19,193|11083: Got Nameservice: ns@lab30.cpt.haw-hamburg.de
08.11 11:21:19,200|11083: Got Nameservice, trying to contact it for: chef
08.11 11:21:19,811|11083: chef found, Name: chef Node: ko@lab22.cpt.haw-hamburg.de
08.11 11:21:19,817|11083: BriefMi to Koord: 16146
08.11 11:21:19,824|11083: Got Y: 8073
08.11 11:21:19,146|11083: Killing old timer in Y
08.11 11:21:19,152|11083: Starting new timer
08.11 11:21:19,157|11083: Caculating new MI: 8073 Y: 8073
08.11 11:21:19,535|11083: Trying to get Nameservice: ns@lab30.cpt.haw-hamburg.de
08.11 11:21:19,326|11083: Got Nameservice: ns@lab30.cpt.haw-hamburg.de
08.11 11:21:19,333|11083: Got Nameservice, trying to contact it for: 12191
08.11 11:21:19,735|11083: 12191 found, Name: 12191 Node: starter@lab23.cpt.haw-hamburg.de
08.11 11:21:19,742|11083: Sending Y: 8073 to Left
08.11 11:21:19,749|11083: Trying to get Nameservice: ns@lab30.cpt.haw-hamburg.de
08.11 11:21:19,467|11083: Got Nameservice: ns@lab30.cpt.haw-hamburg.de
08.11 11:21:19,475|11083: Got Nameservice, trying to contact it for: 11692
08.11 11:21:19,894|11083: 11692 found, Name: 11692 Node: starter@lab21.cpt.haw-hamburg.de
08.11 11:21:19,902|11083: Sending Y: 8073 to Right
08.11 11:21:19,908|11083: Get Koordinator -> Get Dienst
08.11 11:21:19,916|11083: Trying to get Nameservice: ns@lab30.cpt.haw-hamburg.de
08.11 11:21:19,604|11083: Got Nameservice: ns@lab30.cpt.haw-hamburg.de
08.11 11:21:19,610|11083: Got Nameservice, trying to contact it for: chef
08.11 11:21:19,067|11083: chef found, Name: chef Node: ko@lab22.cpt.haw-hamburg.de
08.11 11:21:19,074|11083: BriefMi to Koord: 8073
08.11 11:21:21,864|11083: Got Y: 117
08.11 11:21:21,864|11083: Killing old timer in Y
08.11 11:21:21,865|11083: Starting new timer
08.11 11:21:21,866|11083: Caculating new MI: 117 Y: 117
08.11 11:21:21,903|11083: Trying to get Nameservice: ns@lab30.cpt.haw-hamburg.de
08.11 11:21:21,931|11083: Got Nameservice: ns@lab30.cpt.haw-hamburg.de
08.11 11:21:21,932|11083: Got Nameservice, trying to contact it for: 12191
08.11 11:21:21,998|11083: 12191 found, Name: 12191 Node: starter@lab23.cpt.haw-hamburg.de
08.11 11:21:21,999|11083: Sending Y: 117 to Left
08.11 11:21:21,669|11083: Trying to get Nameservice: ns@lab30.cpt.haw-hamburg.de
08.11 11:21:22,067|11083: Got Nameservice: ns@lab30.cpt.haw-hamburg.de
08.11 11:21:22,173|11083: Got Nameservice, trying to contact it for: 11692
08.11 11:21:22,945|11083: 11692 found, Name: 11692 Node: starter@lab21.cpt.haw-hamburg.de
08.11 11:21:22,023|11083: Sending Y: 117 to Right
08.11 11:21:22,092|11083: Get Koordinator -> Get Dienst
08.11 11:21:22,151|11083: Trying to get Nameservice: ns@lab30.cpt.haw-hamburg.de
08.11 11:21:22,571|11083: Got Nameservice: ns@lab30.cpt.haw-hamburg.de
08.11 11:21:22,581|11083: Got Nameservice, trying to contact it for: chef
08.11 11:21:22,806|11083: chef found, Name: chef Node: ko@lab22.cpt.haw-hamburg.de
08.11 11:21:22,813|11083: BriefMi to Koord: 117
08.11 11:21:22,679|11083: Got Y: 8073
08.11 11:21:22,680|11083: Killing old timer in Y
08.11 11:21:22,680|11083: Starting new timer
08.11 11:21:22,682|11083: New Y: 8073 >= Mi: 117
08.11 11:21:24,840|11083: Got Abstimmung
08.11 11:21:24,841|11083: Got it from someone else
08.11 11:21:24,842|11083: TimeDiff of 2 big enough
08.11 11:21:24,843|11083: Trying to get Nameservice: ns@lab30.cpt.haw-hamburg.de
08.11 11:21:25,390|11083: Got Nameservice: ns@lab30.cpt.haw-hamburg.de
08.11 11:21:25,584|11083: Got Nameservice, trying to contact it for: 11692
08.11 11:21:25,641|11083: 11692 found, Name: 11692 Node: starter@lab21.cpt.haw-hamburg.de
08.11 11:21:25,709|11083: Abstimmung yes, sending to Next One
08.11 11:21:25,775|11083: Got Abstimmung
08.11 11:21:25,834|11083: Got it from someone else
08.11 11:21:25,891|11083: TimeDiff of 3 big enough
08.11 11:21:25,955|11083: Trying to get Nameservice: ns@lab30.cpt.haw-hamburg.de
08.11 11:21:25,710|11083: Got Nameservice: ns@lab30.cpt.haw-hamburg.de
08.11 11:21:25,729|11083: Got Nameservice, trying to contact it for: 11692
08.11 11:21:25,117|11083: 11692 found, Name: 11692 Node: starter@lab21.cpt.haw-hamburg.de
08.11 11:21:25,129|11083: Abstimmung yes, sending to Next One
08.11 11:21:25,145|11083: Got Abstimmung
08.11 11:21:25,158|11083: Got it from someone else
08.11 11:21:25,166|11083: TimeDiff of 3 big enough
08.11 11:21:25,173|11083: Trying to get Nameservice: ns@lab30.cpt.haw-hamburg.de
08.11 11:21:25,533|11083: Got Nameservice: ns@lab30.cpt.haw-hamburg.de
08.11 11:21:25,555|11083: Got Nameservice, trying to contact it for: 11692
08.11 11:21:25,369|11083: 11692 found, Name: 11692 Node: starter@lab21.cpt.haw-hamburg.de
08.11 11:21:25,432|11083: Abstimmung yes, sending to Next One
08.11 11:21:25,447|11083: Got Abstimmung
08.11 11:21:25,453|11083: Got it from someone else
08.11 11:21:25,459|11083: TimeDiff of 3 big enough
08.11 11:21:25,464|11083: Trying to get Nameservice: ns@lab30.cpt.haw-hamburg.de
08.11 11:21:25,764|11083: Got Nameservice: ns@lab30.cpt.haw-hamburg.de
08.11 11:21:25,803|11083: Got Nameservice, trying to contact it for: 11692
08.11 11:21:25,267|11083: 11692 found, Name: 11692 Node: starter@lab21.cpt.haw-hamburg.de
08.11 11:21:25,273|11083: Abstimmung yes, sending to Next One
08.11 11:21:25,304|11083: Got Abstimmung
08.11 11:21:25,314|11083: Got it from someone else
08.11 11:21:25,328|11083: TimeDiff of 3 big enough
08.11 11:21:25,341|11083: Trying to get Nameservice: ns@lab30.cpt.haw-hamburg.de
08.11 11:21:25,527|11083: Got Nameservice: ns@lab30.cpt.haw-hamburg.de
08.11 11:21:25,567|11083: Got Nameservice, trying to contact it for: 11692
08.11 11:21:25,687|11083: 11692 found, Name: 11692 Node: starter@lab21.cpt.haw-hamburg.de
08.11 11:21:25,693|11083: Abstimmung yes, sending to Next One
08.11 11:21:25,695|11083: Trying to get Nameservice: ns@lab30.cpt.haw-hamburg.de
08.11 11:21:25,700|11083: Got Nameservice: ns@lab30.cpt.haw-hamburg.de
08.11 11:21:25,700|11083: Got Nameservice, trying to contact it for: 11692
08.11 11:21:25,706|11083: 11692 found, Name: 11692 Node: starter@lab21.cpt.haw-hamburg.de
08.11 11:21:25,707|11083: ABSTIMMUNG start
08.11 11:21:26,404|11083: Got Abstimmung
08.11 11:21:26,405|11083: Got it from someone else
08.11 11:21:26,406|11083: TimeDiff of 4 big enough
08.11 11:21:26,407|11083: Trying to get Nameservice: ns@lab30.cpt.haw-hamburg.de
08.11 11:21:26,424|11083: Got Nameservice: ns@lab30.cpt.haw-hamburg.de
08.11 11:21:26,425|11083: Got Nameservice, trying to contact it for: 11692
08.11 11:21:26,436|11083: 11692 found, Name: 11692 Node: starter@lab21.cpt.haw-hamburg.de
08.11 11:21:26,437|11083: Abstimmung yes, sending to Next One
08.11 11:21:27,683|11083: Got Abstimmung
08.11 11:21:27,684|11083: Got it from someone else
08.11 11:21:27,685|11083: TimeDiff of 5 big enough
08.11 11:21:27,686|11083: Trying to get Nameservice: ns@lab30.cpt.haw-hamburg.de
08.11 11:21:27,723|11083: Got Nameservice: ns@lab30.cpt.haw-hamburg.de
08.11 11:21:27,724|11083: Got Nameservice, trying to contact it for: 11692
08.11 11:21:27,752|11083: 11692 found, Name: 11692 Node: starter@lab21.cpt.haw-hamburg.de
08.11 11:21:27,753|11083: Abstimmung yes, sending to Next One
08.11 11:21:27,893|11083: Got Abstimmung
08.11 11:21:27,894|11083: Got it from someone else
08.11 11:21:27,895|11083: TimeDiff of 5 big enough
08.11 11:21:27,895|11083: Trying to get Nameservice: ns@lab30.cpt.haw-hamburg.de
08.11 11:21:27,946|11083: Got Nameservice: ns@lab30.cpt.haw-hamburg.de
08.11 11:21:27,947|11083: Got Nameservice, trying to contact it for: 11692
08.11 11:21:27,987|11083: 11692 found, Name: 11692 Node: starter@lab21.cpt.haw-hamburg.de
08.11 11:21:27,988|11083: Abstimmung yes, sending to Next One
08.11 11:21:29,068|11083: Got Abstimmung
08.11 11:21:29,069|11083: Got it from someone else
08.11 11:21:29,070|11083: TimeDiff of 7 big enough
08.11 11:21:29,071|11083: Trying to get Nameservice: ns@lab30.cpt.haw-hamburg.de
08.11 11:21:29,119|11083: Got Nameservice: ns@lab30.cpt.haw-hamburg.de
08.11 11:21:29,119|11083: Got Nameservice, trying to contact it for: 11692
08.11 11:21:29,123|11083: 11692 found, Name: 11692 Node: starter@lab21.cpt.haw-hamburg.de
08.11 11:21:29,123|11083: Abstimmung yes, sending to Next One
08.11 11:21:29,351|11083: Got Abstimmung
08.11 11:21:29,352|11083: Got it from someone else
08.11 11:21:29,353|11083: TimeDiff of 7 big enough
08.11 11:21:29,353|11083: Trying to get Nameservice: ns@lab30.cpt.haw-hamburg.de
08.11 11:21:29,392|11083: Got Nameservice: ns@lab30.cpt.haw-hamburg.de
08.11 11:21:29,393|11083: Got Nameservice, trying to contact it for: 11692
08.11 11:21:29,398|11083: 11692 found, Name: 11692 Node: starter@lab21.cpt.haw-hamburg.de
08.11 11:21:29,399|11083: Abstimmung yes, sending to Next One
08.11 11:21:29,773|11083: Got Abstimmung
08.11 11:21:29,774|11083: Got it from someone else
08.11 11:21:29,774|11083: TimeDiff of 7 big enough
08.11 11:21:29,775|11083: Trying to get Nameservice: ns@lab30.cpt.haw-hamburg.de
08.11 11:21:29,779|11083: Got Nameservice: ns@lab30.cpt.haw-hamburg.de
08.11 11:21:29,780|11083: Got Nameservice, trying to contact it for: 11692
08.11 11:21:29,818|11083: 11692 found, Name: 11692 Node: starter@lab21.cpt.haw-hamburg.de
08.11 11:21:29,819|11083: Abstimmung yes, sending to Next One
08.11 11:21:30,389|11083: Got Y: 117
08.11 11:21:30,416|11083: Starting new timer
08.11 11:21:30,435|11083: New Y: 117 >= Mi: 117
08.11 11:21:30,932|11083: Got Abstimmung
08.11 11:21:30,933|11083: Got it from someone else
08.11 11:21:30,934|11083: TimeDiff of 0 NOT big enough
08.11 11:21:33,880|11083: Trying to get Nameservice: ns@lab30.cpt.haw-hamburg.de
08.11 11:21:33,944|11083: Got Nameservice: ns@lab30.cpt.haw-hamburg.de
08.11 11:21:33,952|11083: Got Nameservice, trying to contact it for: 11692
08.11 11:21:33,999|11083: 11692 found, Name: 11692 Node: starter@lab21.cpt.haw-hamburg.de
08.11 11:21:33,006|11083: ABSTIMMUNG start
08.11 11:21:33,983|11083: Got Y: 39
08.11 11:21:33,984|11083: Starting new timer
08.11 11:21:33,984|11083: Caculating new MI: 39 Y: 39
08.11 11:21:33,011|11083: Trying to get Nameservice: ns@lab30.cpt.haw-hamburg.de
08.11 11:21:33,181|11083: Got Nameservice: ns@lab30.cpt.haw-hamburg.de
08.11 11:21:33,271|11083: Got Nameservice, trying to contact it for: 12191
08.11 11:21:34,469|11083: 12191 found, Name: 12191 Node: starter@lab23.cpt.haw-hamburg.de
08.11 11:21:34,541|11083: Sending Y: 39 to Left
08.11 11:21:34,602|11083: Trying to get Nameservice: ns@lab30.cpt.haw-hamburg.de
08.11 11:21:34,072|11083: Got Nameservice: ns@lab30.cpt.haw-hamburg.de
08.11 11:21:34,080|11083: Got Nameservice, trying to contact it for: 11692
08.11 11:21:34,136|11083: 11692 found, Name: 11692 Node: starter@lab21.cpt.haw-hamburg.de
08.11 11:21:34,152|11083: Sending Y: 39 to Right
08.11 11:21:34,159|11083: Get Koordinator -> Get Dienst
08.11 11:21:34,166|11083: Trying to get Nameservice: ns@lab30.cpt.haw-hamburg.de
08.11 11:21:34,661|11083: Got Nameservice: ns@lab30.cpt.haw-hamburg.de
08.11 11:21:34,669|11083: Got Nameservice, trying to contact it for: chef
08.11 11:21:34,917|11083: chef found, Name: chef Node: ko@lab22.cpt.haw-hamburg.de
08.11 11:21:34,923|11083: BriefMi to Koord: 39
08.11 11:21:36,113|11083: Got Abstimmung
08.11 11:21:36,120|11083: Got it from someone else
08.11 11:21:36,126|11083: TimeDiff of 3 big enough
08.11 11:21:36,132|11083: Trying to get Nameservice: ns@lab30.cpt.haw-hamburg.de
08.11 11:21:36,476|11083: Got Nameservice: ns@lab30.cpt.haw-hamburg.de
08.11 11:21:36,482|11083: Got Nameservice, trying to contact it for: 11692
08.11 11:21:36,879|11083: 11692 found, Name: 11692 Node: starter@lab21.cpt.haw-hamburg.de
08.11 11:21:36,887|11083: Abstimmung yes, sending to Next One
08.11 11:21:36,309|11083: Got Abstimmung
08.11 11:21:36,310|11083: Got it from someone else
08.11 11:21:36,310|11083: TimeDiff of 3 big enough
08.11 11:21:36,311|11083: Trying to get Nameservice: ns@lab30.cpt.haw-hamburg.de
08.11 11:21:36,320|11083: Got Nameservice: ns@lab30.cpt.haw-hamburg.de
08.11 11:21:36,320|11083: Got Nameservice, trying to contact it for: 11692
08.11 11:21:36,356|11083: 11692 found, Name: 11692 Node: starter@lab21.cpt.haw-hamburg.de
08.11 11:21:36,357|11083: Abstimmung yes, sending to Next One
08.11 11:21:36,480|11083: Got Abstimmung
08.11 11:21:36,482|11083: Got it from someone else
08.11 11:21:36,484|11083: TimeDiff of 3 big enough
08.11 11:21:36,516|11083: Trying to get Nameservice: ns@lab30.cpt.haw-hamburg.de
08.11 11:21:36,520|11083: Got Nameservice: ns@lab30.cpt.haw-hamburg.de
08.11 11:21:36,520|11083: Got Nameservice, trying to contact it for: 11692
08.11 11:21:36,542|11083: 11692 found, Name: 11692 Node: starter@lab21.cpt.haw-hamburg.de
08.11 11:21:36,542|11083: Abstimmung yes, sending to Next One
08.11 11:21:36,695|11083: Got Abstimmung
08.11 11:21:36,696|11083: Got it from someone else
08.11 11:21:36,697|11083: TimeDiff of 3 big enough
08.11 11:21:36,699|11083: Trying to get Nameservice: ns@lab30.cpt.haw-hamburg.de
08.11 11:21:36,728|11083: Got Nameservice: ns@lab30.cpt.haw-hamburg.de
08.11 11:21:36,729|11083: Got Nameservice, trying to contact it for: 11692
08.11 11:21:36,732|11083: 11692 found, Name: 11692 Node: starter@lab21.cpt.haw-hamburg.de
08.11 11:21:36,733|11083: Abstimmung yes, sending to Next One
08.11 11:21:36,335|11083: Got Abstimmung
08.11 11:21:36,336|11083: Got it from someone else
08.11 11:21:36,336|11083: TimeDiff of 3 big enough
08.11 11:21:36,337|11083: Trying to get Nameservice: ns@lab30.cpt.haw-hamburg.de
08.11 11:21:36,367|11083: Got Nameservice: ns@lab30.cpt.haw-hamburg.de
08.11 11:21:36,368|11083: Got Nameservice, trying to contact it for: 11692
08.11 11:21:36,373|11083: 11692 found, Name: 11692 Node: starter@lab21.cpt.haw-hamburg.de
08.11 11:21:36,374|11083: Abstimmung yes, sending to Next One
08.11 11:21:36,416|11083: Got Abstimmung
08.11 11:21:36,417|11083: Got it from someone else
08.11 11:21:36,418|11083: TimeDiff of 3 big enough
08.11 11:21:36,418|11083: Trying to get Nameservice: ns@lab30.cpt.haw-hamburg.de
08.11 11:21:36,451|11083: Got Nameservice: ns@lab30.cpt.haw-hamburg.de
08.11 11:21:36,452|11083: Got Nameservice, trying to contact it for: 11692
08.11 11:21:36,457|11083: 11692 found, Name: 11692 Node: starter@lab21.cpt.haw-hamburg.de
08.11 11:21:36,458|11083: Abstimmung yes, sending to Next One
08.11 11:21:36,845|11083: Got Abstimmung
08.11 11:21:36,846|11083: Got it from someone else
08.11 11:21:36,846|11083: TimeDiff of 3 big enough
08.11 11:21:36,847|11083: Trying to get Nameservice: ns@lab30.cpt.haw-hamburg.de
08.11 11:21:36,886|11083: Got Nameservice: ns@lab30.cpt.haw-hamburg.de
08.11 11:21:36,887|11083: Got Nameservice, trying to contact it for: 11692
08.11 11:21:36,917|11083: 11692 found, Name: 11692 Node: starter@lab21.cpt.haw-hamburg.de
08.11 11:21:36,918|11083: Abstimmung yes, sending to Next One
08.11 11:21:36,920|11083: Got Abstimmung
08.11 11:21:36,920|11083: Got it from someone else
08.11 11:21:36,921|11083: TimeDiff of 3 big enough
08.11 11:21:36,922|11083: Trying to get Nameservice: ns@lab30.cpt.haw-hamburg.de
08.11 11:21:36,964|11083: Got Nameservice: ns@lab30.cpt.haw-hamburg.de
08.11 11:21:36,964|11083: Got Nameservice, trying to contact it for: 11692
08.11 11:21:37,452|11083: 11692 found, Name: 11692 Node: starter@lab21.cpt.haw-hamburg.de
08.11 11:21:37,603|11083: Abstimmung yes, sending to Next One
08.11 11:21:37,074|11083: Trying to get Nameservice: ns@lab30.cpt.haw-hamburg.de
08.11 11:21:37,406|11083: Got Nameservice: ns@lab30.cpt.haw-hamburg.de
08.11 11:21:37,472|11083: Got Nameservice, trying to contact it for: 11692
08.11 11:21:37,087|11083: 11692 found, Name: 11692 Node: starter@lab21.cpt.haw-hamburg.de
08.11 11:21:37,094|11083: ABSTIMMUNG start
08.11 11:21:37,100|11083: Got Abstimmung
08.11 11:21:37,106|11083: Got it from someone else
08.11 11:21:37,111|11083: TimeDiff of 4 big enough
08.11 11:21:37,116|11083: Trying to get Nameservice: ns@lab30.cpt.haw-hamburg.de
08.11 11:21:37,779|11083: Got Nameservice: ns@lab30.cpt.haw-hamburg.de
08.11 11:21:37,787|11083: Got Nameservice, trying to contact it for: 11692
08.11 11:21:37,343|11083: 11692 found, Name: 11692 Node: starter@lab21.cpt.haw-hamburg.de
08.11 11:21:37,350|11083: Abstimmung yes, sending to Next One
08.11 11:21:37,358|11083: Got Abstimmung
08.11 11:21:37,363|11083: Got it from someone else
08.11 11:21:37,370|11083: TimeDiff of 4 big enough
08.11 11:21:37,375|11083: Trying to get Nameservice: ns@lab30.cpt.haw-hamburg.de
08.11 11:21:37,213|11083: Got Nameservice: ns@lab30.cpt.haw-hamburg.de
08.11 11:21:37,219|11083: Got Nameservice, trying to contact it for: 11692
08.11 11:21:37,289|11083: 11692 found, Name: 11692 Node: starter@lab21.cpt.haw-hamburg.de
08.11 11:21:37,296|11083: Abstimmung yes, sending to Next One
08.11 11:21:37,306|11083: Got Abstimmung
08.11 11:21:37,313|11083: Got it from someone else
08.11 11:21:37,320|11083: TimeDiff of 4 big enough
08.11 11:21:37,331|11083: Trying to get Nameservice: ns@lab30.cpt.haw-hamburg.de
08.11 11:21:37,730|11083: Got Nameservice: ns@lab30.cpt.haw-hamburg.de
08.11 11:21:37,737|11083: Got Nameservice, trying to contact it for: 11692
08.11 11:21:37,543|11083: 11692 found, Name: 11692 Node: starter@lab21.cpt.haw-hamburg.de
08.11 11:21:37,564|11083: Abstimmung yes, sending to Next One
08.11 11:21:37,575|11083: Got Abstimmung
08.11 11:21:37,582|11083: Got it from someone else
08.11 11:21:37,589|11083: TimeDiff of 4 big enough
08.11 11:21:37,594|11083: Trying to get Nameservice: ns@lab30.cpt.haw-hamburg.de
08.11 11:21:37,945|11083: Got Nameservice: ns@lab30.cpt.haw-hamburg.de
08.11 11:21:37,982|11083: Got Nameservice, trying to contact it for: 11692
08.11 11:21:37,959|11083: 11692 found, Name: 11692 Node: starter@lab21.cpt.haw-hamburg.de
08.11 11:21:37,989|11083: Abstimmung yes, sending to Next One
08.11 11:21:37,298|11083: Got Abstimmung
08.11 11:21:37,298|11083: Got it from someone else
08.11 11:21:37,299|11083: TimeDiff of 4 big enough
08.11 11:21:37,301|11083: Trying to get Nameservice: ns@lab30.cpt.haw-hamburg.de
08.11 11:21:37,333|11083: Got Nameservice: ns@lab30.cpt.haw-hamburg.de
08.11 11:21:37,333|11083: Got Nameservice, trying to contact it for: 11692
08.11 11:21:37,338|11083: 11692 found, Name: 11692 Node: starter@lab21.cpt.haw-hamburg.de
08.11 11:21:37,339|11083: Abstimmung yes, sending to Next One
08.11 11:21:37,906|11083: Got Abstimmung
08.11 11:21:37,907|11083: Got it from someone else
08.11 11:21:37,907|11083: TimeDiff of 4 big enough
08.11 11:21:37,908|11083: Trying to get Nameservice: ns@lab30.cpt.haw-hamburg.de
08.11 11:21:37,914|11083: Got Nameservice: ns@lab30.cpt.haw-hamburg.de
08.11 11:21:37,914|11083: Got Nameservice, trying to contact it for: 11692
08.11 11:21:37,919|11083: 11692 found, Name: 11692 Node: starter@lab21.cpt.haw-hamburg.de
08.11 11:21:37,920|11083: Abstimmung yes, sending to Next One
08.11 11:21:37,177|11083: Got Abstimmung
08.11 11:21:37,177|11083: Got it from someone else
08.11 11:21:37,178|11083: TimeDiff of 4 big enough
08.11 11:21:37,179|11083: Trying to get Nameservice: ns@lab30.cpt.haw-hamburg.de
08.11 11:21:37,221|11083: Got Nameservice: ns@lab30.cpt.haw-hamburg.de
08.11 11:21:37,223|11083: Got Nameservice, trying to contact it for: 11692
08.11 11:21:37,232|11083: 11692 found, Name: 11692 Node: starter@lab21.cpt.haw-hamburg.de
08.11 11:21:37,233|11083: Abstimmung yes, sending to Next One
08.11 11:21:38,926|11083: Got Abstimmung
08.11 11:21:38,927|11083: Got it from someone else
08.11 11:21:38,928|11083: TimeDiff of 5 big enough
08.11 11:21:38,929|11083: Trying to get Nameservice: ns@lab30.cpt.haw-hamburg.de
08.11 11:21:38,958|11083: Got Nameservice: ns@lab30.cpt.haw-hamburg.de
08.11 11:21:38,961|11083: Got Nameservice, trying to contact it for: 11692
08.11 11:21:38,967|11083: 11692 found, Name: 11692 Node: starter@lab21.cpt.haw-hamburg.de
08.11 11:21:38,970|11083: Abstimmung yes, sending to Next One
08.11 11:21:38,833|11083: Got Abstimmung
08.11 11:21:38,834|11083: Got it from someone else
08.11 11:21:38,835|11083: TimeDiff of 5 big enough
08.11 11:21:38,835|11083: Trying to get Nameservice: ns@lab30.cpt.haw-hamburg.de
08.11 11:21:38,864|11083: Got Nameservice: ns@lab30.cpt.haw-hamburg.de
08.11 11:21:38,865|11083: Got Nameservice, trying to contact it for: 11692
08.11 11:21:38,870|11083: 11692 found, Name: 11692 Node: starter@lab21.cpt.haw-hamburg.de
08.11 11:21:38,870|11083: Abstimmung yes, sending to Next One
08.11 11:21:42,651|11083: Got Abstimmung
08.11 11:21:42,652|11083: Got it from someone else
08.11 11:21:42,653|11083: TimeDiff of 9 big enough
08.11 11:21:42,654|11083: Trying to get Nameservice: ns@lab30.cpt.haw-hamburg.de
08.11 11:21:42,686|11083: Got Nameservice: ns@lab30.cpt.haw-hamburg.de
08.11 11:21:42,686|11083: Got Nameservice, trying to contact it for: 11692
08.11 11:21:42,722|11083: 11692 found, Name: 11692 Node: starter@lab21.cpt.haw-hamburg.de
08.11 11:21:42,723|11083: Abstimmung yes, sending to Next One
08.11 11:21:42,940|11083: Got Abstimmung
08.11 11:21:42,941|11083: Got it from someone else
08.11 11:21:42,941|11083: TimeDiff of 9 big enough
08.11 11:21:42,942|11083: Trying to get Nameservice: ns@lab30.cpt.haw-hamburg.de
08.11 11:21:42,015|11083: Got Nameservice: ns@lab30.cpt.haw-hamburg.de
08.11 11:21:42,016|11083: Got Nameservice, trying to contact it for: 11692
08.11 11:21:42,185|11083: 11692 found, Name: 11692 Node: starter@lab21.cpt.haw-hamburg.de
08.11 11:21:42,187|11083: Abstimmung yes, sending to Next One
08.11 11:21:45,745|11083: Got Abstimmung
08.11 11:21:45,745|11083: Got it from someone else
08.11 11:21:45,746|11083: TimeDiff of 12 big enough
08.11 11:21:45,746|11083: Trying to get Nameservice: ns@lab30.cpt.haw-hamburg.de
08.11 11:21:45,779|11083: Got Nameservice: ns@lab30.cpt.haw-hamburg.de
08.11 11:21:45,780|11083: Got Nameservice, trying to contact it for: 11692
08.11 11:21:45,792|11083: 11692 found, Name: 11692 Node: starter@lab21.cpt.haw-hamburg.de
08.11 11:21:45,797|11083: Abstimmung yes, sending to Next One
08.11 11:21:46,116|11083: Got Abstimmung
08.11 11:21:46,117|11083: Got it from someone else
08.11 11:21:46,117|11083: TimeDiff of 13 big enough
08.11 11:21:46,118|11083: Trying to get Nameservice: ns@lab30.cpt.haw-hamburg.de
08.11 11:21:46,124|11083: Got Nameservice: ns@lab30.cpt.haw-hamburg.de
08.11 11:21:46,125|11083: Got Nameservice, trying to contact it for: 11692
08.11 11:21:46,131|11083: 11692 found, Name: 11692 Node: starter@lab21.cpt.haw-hamburg.de
08.11 11:21:46,131|11083: Abstimmung yes, sending to Next One
08.11 11:21:46,056|11083: Got Abstimmung
08.11 11:21:46,056|11083: Got it from someone else
08.11 11:21:46,057|11083: TimeDiff of 13 big enough
08.11 11:21:46,058|11083: Trying to get Nameservice: ns@lab30.cpt.haw-hamburg.de
08.11 11:21:46,107|11083: Got Nameservice: ns@lab30.cpt.haw-hamburg.de
08.11 11:21:46,107|11083: Got Nameservice, trying to contact it for: 11692
08.11 11:21:46,124|11083: 11692 found, Name: 11692 Node: starter@lab21.cpt.haw-hamburg.de
08.11 11:21:46,125|11083: Abstimmung yes, sending to Next One
08.11 11:21:49,598|11083: Got Y: 39
08.11 11:21:49,599|11083: Starting new timer
08.11 11:21:49,600|11083: New Y: 39 >= Mi: 39
08.11 11:21:49,129|11083: Got Abstimmung
08.11 11:21:49,130|11083: Got it from someone else
08.11 11:21:49,130|11083: TimeDiff of 0 NOT big enough
08.11 11:21:52,618|11083: Trying to get Nameservice: ns@lab30.cpt.haw-hamburg.de
08.11 11:21:52,623|11083: Got Nameservice: ns@lab30.cpt.haw-hamburg.de
08.11 11:21:52,623|11083: Got Nameservice, trying to contact it for: 11692
08.11 11:21:52,629|11083: 11692 found, Name: 11692 Node: starter@lab21.cpt.haw-hamburg.de
08.11 11:21:52,630|11083: ABSTIMMUNG start
08.11 11:21:52,343|11083: Got Y: 13
08.11 11:21:52,344|11083: Starting new timer
08.11 11:21:52,344|11083: Caculating new MI: 13 Y: 13
08.11 11:21:52,380|11083: Trying to get Nameservice: ns@lab30.cpt.haw-hamburg.de
08.11 11:21:52,395|11083: Got Nameservice: ns@lab30.cpt.haw-hamburg.de
08.11 11:21:52,396|11083: Got Nameservice, trying to contact it for: 12191
08.11 11:21:52,401|11083: 12191 found, Name: 12191 Node: starter@lab23.cpt.haw-hamburg.de
08.11 11:21:52,401|11083: Sending Y: 13 to Left
08.11 11:21:52,402|11083: Trying to get Nameservice: ns@lab30.cpt.haw-hamburg.de
08.11 11:21:52,435|11083: Got Nameservice: ns@lab30.cpt.haw-hamburg.de
08.11 11:21:52,436|11083: Got Nameservice, trying to contact it for: 11692
08.11 11:21:52,475|11083: 11692 found, Name: 11692 Node: starter@lab21.cpt.haw-hamburg.de
08.11 11:21:52,476|11083: Sending Y: 13 to Right
08.11 11:21:52,476|11083: Get Koordinator -> Get Dienst
08.11 11:21:52,477|11083: Trying to get Nameservice: ns@lab30.cpt.haw-hamburg.de
08.11 11:21:52,531|11083: Got Nameservice: ns@lab30.cpt.haw-hamburg.de
08.11 11:21:52,533|11083: Got Nameservice, trying to contact it for: chef
08.11 11:21:52,565|11083: chef found, Name: chef Node: ko@lab22.cpt.haw-hamburg.de
08.11 11:21:52,566|11083: BriefMi to Koord: 13
08.11 11:21:54,745|11083: Got Abstimmung
08.11 11:21:54,746|11083: Got it from someone else
08.11 11:21:54,746|11083: TimeDiff of 2 big enough
08.11 11:21:54,747|11083: Trying to get Nameservice: ns@lab30.cpt.haw-hamburg.de
08.11 11:21:54,772|11083: Got Nameservice: ns@lab30.cpt.haw-hamburg.de
08.11 11:21:54,773|11083: Got Nameservice, trying to contact it for: 11692
08.11 11:21:54,780|11083: 11692 found, Name: 11692 Node: starter@lab21.cpt.haw-hamburg.de
08.11 11:21:54,781|11083: Abstimmung yes, sending to Next One
08.11 11:21:55,163|11083: Got Abstimmung
08.11 11:21:55,164|11083: Got it from someone else
08.11 11:21:55,164|11083: TimeDiff of 3 big enough
08.11 11:21:55,165|11083: Trying to get Nameservice: ns@lab30.cpt.haw-hamburg.de
08.11 11:21:55,196|11083: Got Nameservice: ns@lab30.cpt.haw-hamburg.de
08.11 11:21:55,196|11083: Got Nameservice, trying to contact it for: 11692
08.11 11:21:55,202|11083: 11692 found, Name: 11692 Node: starter@lab21.cpt.haw-hamburg.de
08.11 11:21:55,202|11083: Abstimmung yes, sending to Next One
08.11 11:21:55,489|11083: Trying to get Nameservice: ns@lab30.cpt.haw-hamburg.de
08.11 11:21:55,499|11083: Got Nameservice: ns@lab30.cpt.haw-hamburg.de
08.11 11:21:55,499|11083: Got Nameservice, trying to contact it for: 11692
08.11 11:21:55,506|11083: 11692 found, Name: 11692 Node: starter@lab21.cpt.haw-hamburg.de
08.11 11:21:55,506|11083: ABSTIMMUNG start
08.11 11:21:55,507|11083: Got Abstimmung
08.11 11:21:55,508|11083: Got it from someone else
08.11 11:21:55,508|11083: TimeDiff of 3 big enough
08.11 11:21:55,509|11083: Trying to get Nameservice: ns@lab30.cpt.haw-hamburg.de
08.11 11:21:55,547|11083: Got Nameservice: ns@lab30.cpt.haw-hamburg.de
08.11 11:21:55,548|11083: Got Nameservice, trying to contact it for: 11692
08.11 11:21:55,577|11083: 11692 found, Name: 11692 Node: starter@lab21.cpt.haw-hamburg.de
08.11 11:21:55,578|11083: Abstimmung yes, sending to Next One
08.11 11:21:55,579|11083: Got Abstimmung
08.11 11:21:55,580|11083: Got it from someone else
08.11 11:21:55,580|11083: TimeDiff of 3 big enough
08.11 11:21:55,581|11083: Trying to get Nameservice: ns@lab30.cpt.haw-hamburg.de
08.11 11:21:55,613|11083: Got Nameservice: ns@lab30.cpt.haw-hamburg.de
08.11 11:21:55,615|11083: Got Nameservice, trying to contact it for: 11692
08.11 11:21:55,694|11083: 11692 found, Name: 11692 Node: starter@lab21.cpt.haw-hamburg.de
08.11 11:21:55,696|11083: Abstimmung yes, sending to Next One
08.11 11:21:55,699|11083: Got Abstimmung
08.11 11:21:55,701|11083: Got it from someone else
08.11 11:21:55,704|11083: TimeDiff of 3 big enough
08.11 11:21:55,707|11083: Trying to get Nameservice: ns@lab30.cpt.haw-hamburg.de
08.11 11:21:55,184|11083: Got Nameservice: ns@lab30.cpt.haw-hamburg.de
08.11 11:21:55,184|11083: Got Nameservice, trying to contact it for: 11692
08.11 11:21:55,258|11083: 11692 found, Name: 11692 Node: starter@lab21.cpt.haw-hamburg.de
08.11 11:21:55,259|11083: Abstimmung yes, sending to Next One
08.11 11:21:57,916|11083: Got Y: 13
08.11 11:21:57,918|11083: Starting new timer
08.11 11:21:57,918|11083: New Y: 13 >= Mi: 13
08.11 11:21:58,435|11083: Got Abstimmung
08.11 11:21:58,436|11083: Got it from someone else
08.11 11:21:58,436|11083: TimeDiff of 1 NOT big enough
08.11 11:22:00,460|11083: Got Abstimmung
08.11 11:22:00,461|11083: Got it from someone else
08.11 11:22:00,461|11083: TimeDiff of 3 big enough
08.11 11:22:00,462|11083: Trying to get Nameservice: ns@lab30.cpt.haw-hamburg.de
08.11 11:22:00,490|11083: Got Nameservice: ns@lab30.cpt.haw-hamburg.de
08.11 11:22:00,491|11083: Got Nameservice, trying to contact it for: 11692
08.11 11:22:00,496|11083: 11692 found, Name: 11692 Node: starter@lab21.cpt.haw-hamburg.de
08.11 11:22:00,496|11083: Abstimmung yes, sending to Next One
08.11 11:22:00,921|11083: Trying to get Nameservice: ns@lab30.cpt.haw-hamburg.de
08.11 11:22:00,928|11083: Got Nameservice: ns@lab30.cpt.haw-hamburg.de
08.11 11:22:00,929|11083: Got Nameservice, trying to contact it for: 11692
08.11 11:22:00,933|11083: 11692 found, Name: 11692 Node: starter@lab21.cpt.haw-hamburg.de
08.11 11:22:00,934|11083: ABSTIMMUNG start
08.11 11:22:01,251|11083: Got Abstimmung
08.11 11:22:01,252|11083: Got it from someone else
08.11 11:22:01,252|11083: TimeDiff of 4 big enough
08.11 11:22:01,253|11083: Trying to get Nameservice: ns@lab30.cpt.haw-hamburg.de
08.11 11:22:01,273|11083: Got Nameservice: ns@lab30.cpt.haw-hamburg.de
08.11 11:22:01,274|11083: Got Nameservice, trying to contact it for: 11692
08.11 11:22:01,307|11083: 11692 found, Name: 11692 Node: starter@lab21.cpt.haw-hamburg.de
08.11 11:22:01,307|11083: Abstimmung yes, sending to Next One
08.11 11:22:02,625|11083: Got Abstimmung
08.11 11:22:02,626|11083: Got it from someone else
08.11 11:22:02,626|11083: TimeDiff of 5 big enough
08.11 11:22:02,627|11083: Trying to get Nameservice: ns@lab30.cpt.haw-hamburg.de
08.11 11:22:02,681|11083: Got Nameservice: ns@lab30.cpt.haw-hamburg.de
08.11 11:22:02,686|11083: Got Nameservice, trying to contact it for: 11692
08.11 11:22:02,723|11083: 11692 found, Name: 11692 Node: starter@lab21.cpt.haw-hamburg.de
08.11 11:22:02,724|11083: Abstimmung yes, sending to Next One
08.11 11:22:02,848|11083: Got Abstimmung
08.11 11:22:02,848|11083: Got it from someone else
08.11 11:22:02,849|11083: TimeDiff of 5 big enough
08.11 11:22:02,849|11083: Trying to get Nameservice: ns@lab30.cpt.haw-hamburg.de
08.11 11:22:02,903|11083: Got Nameservice: ns@lab30.cpt.haw-hamburg.de
08.11 11:22:02,906|11083: Got Nameservice, trying to contact it for: 11692
08.11 11:22:02,980|11083: 11692 found, Name: 11692 Node: starter@lab21.cpt.haw-hamburg.de
08.11 11:22:02,028|11083: Abstimmung yes, sending to Next One
08.11 11:22:03,587|11083: Got Abstimmung
08.11 11:22:03,588|11083: Got it from someone else
08.11 11:22:03,588|11083: TimeDiff of 6 big enough
08.11 11:22:03,589|11083: Trying to get Nameservice: ns@lab30.cpt.haw-hamburg.de
08.11 11:22:03,607|11083: Got Nameservice: ns@lab30.cpt.haw-hamburg.de
08.11 11:22:03,608|11083: Got Nameservice, trying to contact it for: 11692
08.11 11:22:03,616|11083: 11692 found, Name: 11692 Node: starter@lab21.cpt.haw-hamburg.de
08.11 11:22:03,616|11083: Abstimmung yes, sending to Next One
08.11 11:22:03,883|11083: Got Abstimmung
08.11 11:22:03,883|11083: Got it from someone else
08.11 11:22:03,884|11083: TimeDiff of 6 big enough
08.11 11:22:03,884|11083: Trying to get Nameservice: ns@lab30.cpt.haw-hamburg.de
08.11 11:22:03,913|11083: Got Nameservice: ns@lab30.cpt.haw-hamburg.de
08.11 11:22:03,914|11083: Got Nameservice, trying to contact it for: 11692
08.11 11:22:03,920|11083: 11692 found, Name: 11692 Node: starter@lab21.cpt.haw-hamburg.de
08.11 11:22:03,921|11083: Abstimmung yes, sending to Next One
08.11 11:22:04,387|11083: Got Abstimmung
08.11 11:22:04,388|11083: Got it from someone else
08.11 11:22:04,388|11083: TimeDiff of 7 big enough
08.11 11:22:04,389|11083: Trying to get Nameservice: ns@lab30.cpt.haw-hamburg.de
08.11 11:22:04,394|11083: Got Nameservice: ns@lab30.cpt.haw-hamburg.de
08.11 11:22:04,395|11083: Got Nameservice, trying to contact it for: 11692
08.11 11:22:04,401|11083: 11692 found, Name: 11692 Node: starter@lab21.cpt.haw-hamburg.de
08.11 11:22:04,401|11083: Abstimmung yes, sending to Next One
08.11 11:22:04,499|11083: Got Abstimmung
08.11 11:22:04,501|11083: Got it from someone else
08.11 11:22:04,505|11083: TimeDiff of 7 big enough
08.11 11:22:04,531|11083: Trying to get Nameservice: ns@lab30.cpt.haw-hamburg.de
08.11 11:22:04,541|11083: Got Nameservice: ns@lab30.cpt.haw-hamburg.de
08.11 11:22:04,541|11083: Got Nameservice, trying to contact it for: 11692
08.11 11:22:04,547|11083: 11692 found, Name: 11692 Node: starter@lab21.cpt.haw-hamburg.de
08.11 11:22:04,547|11083: Abstimmung yes, sending to Next One
08.11 11:22:05,010|11083: Got Abstimmung
08.11 11:22:05,010|11083: Got it from someone else
08.11 11:22:05,011|11083: TimeDiff of 8 big enough
08.11 11:22:05,011|11083: Trying to get Nameservice: ns@lab30.cpt.haw-hamburg.de
08.11 11:22:05,017|11083: Got Nameservice: ns@lab30.cpt.haw-hamburg.de
08.11 11:22:05,017|11083: Got Nameservice, trying to contact it for: 11692
08.11 11:22:05,023|11083: 11692 found, Name: 11692 Node: starter@lab21.cpt.haw-hamburg.de
08.11 11:22:05,023|11083: Abstimmung yes, sending to Next One
08.11 11:22:05,074|11083: Got Abstimmung
08.11 11:22:05,076|11083: Got it from someone else
08.11 11:22:05,080|11083: TimeDiff of 8 big enough
08.11 11:22:05,106|11083: Trying to get Nameservice: ns@lab30.cpt.haw-hamburg.de
08.11 11:22:05,159|11083: Got Nameservice: ns@lab30.cpt.haw-hamburg.de
08.11 11:22:05,160|11083: Got Nameservice, trying to contact it for: 11692
08.11 11:22:05,167|11083: 11692 found, Name: 11692 Node: starter@lab21.cpt.haw-hamburg.de
08.11 11:22:05,168|11083: Abstimmung yes, sending to Next One
08.11 11:22:07,724|11083: Got Abstimmung
08.11 11:22:07,725|11083: Got it from someone else
08.11 11:22:07,726|11083: TimeDiff of 10 big enough
08.11 11:22:07,726|11083: Trying to get Nameservice: ns@lab30.cpt.haw-hamburg.de
08.11 11:22:07,749|11083: Got Nameservice: ns@lab30.cpt.haw-hamburg.de
08.11 11:22:07,750|11083: Got Nameservice, trying to contact it for: 11692
08.11 11:22:07,755|11083: 11692 found, Name: 11692 Node: starter@lab21.cpt.haw-hamburg.de
08.11 11:22:07,756|11083: Abstimmung yes, sending to Next One
08.11 11:22:07,578|11083: Got Abstimmung
08.11 11:22:07,578|11083: Got it from someone else
08.11 11:22:07,579|11083: TimeDiff of 10 big enough
08.11 11:22:07,580|11083: Trying to get Nameservice: ns@lab30.cpt.haw-hamburg.de
08.11 11:22:07,737|11083: Got Nameservice: ns@lab30.cpt.haw-hamburg.de
08.11 11:22:07,738|11083: Got Nameservice, trying to contact it for: 11692
08.11 11:22:07,741|11083: 11692 found, Name: 11692 Node: starter@lab21.cpt.haw-hamburg.de
08.11 11:22:07,742|11083: Abstimmung yes, sending to Next One
08.11 11:22:08,765|11083: Got Abstimmung
08.11 11:22:08,772|11083: Got it from someone else
08.11 11:22:08,778|11083: TimeDiff of 11 big enough
08.11 11:22:08,787|11083: Trying to get Nameservice: ns@lab30.cpt.haw-hamburg.de
08.11 11:22:08,866|11083: Got Nameservice: ns@lab30.cpt.haw-hamburg.de
08.11 11:22:08,879|11083: Got Nameservice, trying to contact it for: 11692
08.11 11:22:08,932|11083: 11692 found, Name: 11692 Node: starter@lab21.cpt.haw-hamburg.de
08.11 11:22:08,945|11083: Abstimmung yes, sending to Next One
08.11 11:22:08,345|11083: Got Abstimmung
08.11 11:22:08,345|11083: Got it from someone else
08.11 11:22:08,346|11083: TimeDiff of 11 big enough
08.11 11:22:08,347|11083: Trying to get Nameservice: ns@lab30.cpt.haw-hamburg.de
08.11 11:22:08,352|11083: Got Nameservice: ns@lab30.cpt.haw-hamburg.de
08.11 11:22:08,352|11083: Got Nameservice, trying to contact it for: 11692
08.11 11:22:08,379|11083: 11692 found, Name: 11692 Node: starter@lab21.cpt.haw-hamburg.de
08.11 11:22:08,380|11083: Abstimmung yes, sending to Next One
08.11 11:22:08,963|11083: Got Abstimmung
08.11 11:22:08,964|11083: Got it from someone else
08.11 11:22:08,965|11083: TimeDiff of 11 big enough
08.11 11:22:08,965|11083: Trying to get Nameservice: ns@lab30.cpt.haw-hamburg.de
08.11 11:22:08,032|11083: Got Nameservice: ns@lab30.cpt.haw-hamburg.de
08.11 11:22:08,033|11083: Got Nameservice, trying to contact it for: 11692
08.11 11:22:08,037|11083: 11692 found, Name: 11692 Node: starter@lab21.cpt.haw-hamburg.de
08.11 11:22:08,038|11083: Abstimmung yes, sending to Next One
08.11 11:22:09,320|11083: Got Abstimmung
08.11 11:22:09,321|11083: Got it from someone else
08.11 11:22:09,322|11083: TimeDiff of 12 big enough
08.11 11:22:09,323|11083: Trying to get Nameservice: ns@lab30.cpt.haw-hamburg.de
08.11 11:22:09,372|11083: Got Nameservice: ns@lab30.cpt.haw-hamburg.de
08.11 11:22:09,373|11083: Got Nameservice, trying to contact it for: 11692
08.11 11:22:09,376|11083: 11692 found, Name: 11692 Node: starter@lab21.cpt.haw-hamburg.de
08.11 11:22:09,377|11083: Abstimmung yes, sending to Next One
08.11 11:22:09,078|11083: Got Abstimmung
08.11 11:22:09,078|11083: Got it from someone else
08.11 11:22:09,079|11083: TimeDiff of 12 big enough
08.11 11:22:09,079|11083: Trying to get Nameservice: ns@lab30.cpt.haw-hamburg.de
08.11 11:22:09,138|11083: Got Nameservice: ns@lab30.cpt.haw-hamburg.de
08.11 11:22:09,139|11083: Got Nameservice, trying to contact it for: 11692
08.11 11:22:09,144|11083: 11692 found, Name: 11692 Node: starter@lab21.cpt.haw-hamburg.de
08.11 11:22:09,144|11083: Abstimmung yes, sending to Next One
08.11 11:22:10,684|11083: Got Abstimmung
08.11 11:22:10,685|11083: Got it from someone else
08.11 11:22:10,685|11083: TimeDiff of 13 big enough
08.11 11:22:10,686|11083: Trying to get Nameservice: ns@lab30.cpt.haw-hamburg.de
08.11 11:22:10,740|11083: Got Nameservice: ns@lab30.cpt.haw-hamburg.de
08.11 11:22:10,744|11083: Got Nameservice, trying to contact it for: 11692
08.11 11:22:10,784|11083: 11692 found, Name: 11692 Node: starter@lab21.cpt.haw-hamburg.de
08.11 11:22:10,807|11083: Abstimmung yes, sending to Next One
08.11 11:22:11,026|11083: Got Abstimmung
08.11 11:22:11,026|11083: Got it from someone else
08.11 11:22:11,027|11083: TimeDiff of 14 big enough
08.11 11:22:11,028|11083: Trying to get Nameservice: ns@lab30.cpt.haw-hamburg.de
08.11 11:22:11,073|11083: Got Nameservice: ns@lab30.cpt.haw-hamburg.de
08.11 11:22:11,074|11083: Got Nameservice, trying to contact it for: 11692
08.11 11:22:11,084|11083: 11692 found, Name: 11692 Node: starter@lab21.cpt.haw-hamburg.de
08.11 11:22:11,085|11083: Abstimmung yes, sending to Next One
08.11 11:22:12,203|11083: Got Abstimmung
08.11 11:22:12,204|11083: Got it from someone else
08.11 11:22:12,204|11083: TimeDiff of 15 big enough
08.11 11:22:12,205|11083: Trying to get Nameservice: ns@lab30.cpt.haw-hamburg.de
08.11 11:22:12,210|11083: Got Nameservice: ns@lab30.cpt.haw-hamburg.de
08.11 11:22:12,211|11083: Got Nameservice, trying to contact it for: 11692
08.11 11:22:12,217|11083: 11692 found, Name: 11692 Node: starter@lab21.cpt.haw-hamburg.de
08.11 11:22:12,217|11083: Abstimmung yes, sending to Next One
08.11 11:22:12,877|11083: Got Abstimmung
08.11 11:22:12,878|11083: Got it from someone else
08.11 11:22:12,878|11083: TimeDiff of 15 big enough
08.11 11:22:12,879|11083: Trying to get Nameservice: ns@lab30.cpt.haw-hamburg.de
08.11 11:22:12,908|11083: Got Nameservice: ns@lab30.cpt.haw-hamburg.de
08.11 11:22:12,909|11083: Got Nameservice, trying to contact it for: 11692
08.11 11:22:12,914|11083: 11692 found, Name: 11692 Node: starter@lab21.cpt.haw-hamburg.de
08.11 11:22:12,915|11083: Abstimmung yes, sending to Next One
08.11 11:22:13,585|11083: Got Abstimmung
08.11 11:22:13,586|11083: Got it from someone else
08.11 11:22:13,586|11083: TimeDiff of 16 big enough
08.11 11:22:13,587|11083: Trying to get Nameservice: ns@lab30.cpt.haw-hamburg.de
08.11 11:22:13,602|11083: Got Nameservice: ns@lab30.cpt.haw-hamburg.de
08.11 11:22:13,603|11083: Got Nameservice, trying to contact it for: 11692
08.11 11:22:13,609|11083: 11692 found, Name: 11692 Node: starter@lab21.cpt.haw-hamburg.de
08.11 11:22:13,609|11083: Abstimmung yes, sending to Next One
08.11 11:22:14,379|11083: Got Abstimmung
08.11 11:22:14,381|11083: Got it from someone else
08.11 11:22:14,382|11083: TimeDiff of 17 big enough
08.11 11:22:14,383|11083: Trying to get Nameservice: ns@lab30.cpt.haw-hamburg.de
08.11 11:22:14,414|11083: Got Nameservice: ns@lab30.cpt.haw-hamburg.de
08.11 11:22:14,415|11083: Got Nameservice, trying to contact it for: 11692
08.11 11:22:14,420|11083: 11692 found, Name: 11692 Node: starter@lab21.cpt.haw-hamburg.de
08.11 11:22:14,421|11083: Abstimmung yes, sending to Next One
08.11 11:22:15,754|11083: Got Abstimmung
08.11 11:22:15,754|11083: Got it from someone else
08.11 11:22:15,755|11083: TimeDiff of 18 big enough
08.11 11:22:15,756|11083: Trying to get Nameservice: ns@lab30.cpt.haw-hamburg.de
08.11 11:22:15,768|11083: Got Nameservice: ns@lab30.cpt.haw-hamburg.de
08.11 11:22:15,769|11083: Got Nameservice, trying to contact it for: 11692
08.11 11:22:15,774|11083: 11692 found, Name: 11692 Node: starter@lab21.cpt.haw-hamburg.de
08.11 11:22:15,775|11083: Abstimmung yes, sending to Next One
08.11 11:22:16,183|11083: Got Abstimmung
08.11 11:22:16,189|11083: Got it from someone else
08.11 11:22:16,195|11083: TimeDiff of 19 big enough
08.11 11:22:16,200|11083: Trying to get Nameservice: ns@lab30.cpt.haw-hamburg.de
08.11 11:22:16,475|11083: Got Nameservice: ns@lab30.cpt.haw-hamburg.de
08.11 11:22:16,481|11083: Got Nameservice, trying to contact it for: 11692
08.11 11:22:16,551|11083: 11692 found, Name: 11692 Node: starter@lab21.cpt.haw-hamburg.de
08.11 11:22:16,582|11083: Abstimmung yes, sending to Next One
08.11 11:22:16,423|11083: Got Abstimmung
08.11 11:22:16,423|11083: Got it from someone else
08.11 11:22:16,424|11083: TimeDiff of 19 big enough
08.11 11:22:16,424|11083: Trying to get Nameservice: ns@lab30.cpt.haw-hamburg.de
08.11 11:22:16,452|11083: Got Nameservice: ns@lab30.cpt.haw-hamburg.de
08.11 11:22:16,453|11083: Got Nameservice, trying to contact it for: 11692
08.11 11:22:16,458|11083: 11692 found, Name: 11692 Node: starter@lab21.cpt.haw-hamburg.de
08.11 11:22:16,459|11083: Abstimmung yes, sending to Next One
08.11 11:22:17,487|11083: Got Abstimmung
08.11 11:22:17,488|11083: Got it from someone else
08.11 11:22:17,488|11083: TimeDiff of 20 big enough
08.11 11:22:17,489|11083: Trying to get Nameservice: ns@lab30.cpt.haw-hamburg.de
08.11 11:22:17,519|11083: Got Nameservice: ns@lab30.cpt.haw-hamburg.de
08.11 11:22:17,520|11083: Got Nameservice, trying to contact it for: 11692
08.11 11:22:17,524|11083: 11692 found, Name: 11692 Node: starter@lab21.cpt.haw-hamburg.de
08.11 11:22:17,526|11083: Abstimmung yes, sending to Next One
08.11 11:22:17,822|11083: Got Abstimmung
08.11 11:22:17,822|11083: Got it from someone else
08.11 11:22:17,823|11083: TimeDiff of 20 big enough
08.11 11:22:17,823|11083: Trying to get Nameservice: ns@lab30.cpt.haw-hamburg.de
08.11 11:22:17,857|11083: Got Nameservice: ns@lab30.cpt.haw-hamburg.de
08.11 11:22:17,858|11083: Got Nameservice, trying to contact it for: 11692
08.11 11:22:17,863|11083: 11692 found, Name: 11692 Node: starter@lab21.cpt.haw-hamburg.de
08.11 11:22:17,863|11083: Abstimmung yes, sending to Next One
08.11 11:22:18,311|11083: Got Abstimmung
08.11 11:22:18,312|11083: Got it from someone else
08.11 11:22:18,314|11083: TimeDiff of 21 big enough
08.11 11:22:18,315|11083: Trying to get Nameservice: ns@lab30.cpt.haw-hamburg.de
08.11 11:22:18,337|11083: Got Nameservice: ns@lab30.cpt.haw-hamburg.de
08.11 11:22:18,338|11083: Got Nameservice, trying to contact it for: 11692
08.11 11:22:18,346|11083: 11692 found, Name: 11692 Node: starter@lab21.cpt.haw-hamburg.de
08.11 11:22:18,350|11083: Abstimmung yes, sending to Next One
08.11 11:22:21,094|11083: Got Abstimmung
08.11 11:22:21,095|11083: Got it from someone else
08.11 11:22:21,096|11083: TimeDiff of 24 big enough
08.11 11:22:21,097|11083: Trying to get Nameservice: ns@lab30.cpt.haw-hamburg.de
08.11 11:22:21,124|11083: Got Nameservice: ns@lab30.cpt.haw-hamburg.de
08.11 11:22:21,124|11083: Got Nameservice, trying to contact it for: 11692
08.11 11:22:21,148|11083: 11692 found, Name: 11692 Node: starter@lab21.cpt.haw-hamburg.de
08.11 11:22:21,149|11083: Abstimmung yes, sending to Next One
08.11 11:22:22,833|11083: Got Abstimmung
08.11 11:22:22,833|11083: Got it from someone else
08.11 11:22:22,834|11083: TimeDiff of 25 big enough
08.11 11:22:22,835|11083: Trying to get Nameservice: ns@lab30.cpt.haw-hamburg.de
08.11 11:22:22,860|11083: Got Nameservice: ns@lab30.cpt.haw-hamburg.de
08.11 11:22:22,860|11083: Got Nameservice, trying to contact it for: 11692
08.11 11:22:22,865|11083: 11692 found, Name: 11692 Node: starter@lab21.cpt.haw-hamburg.de
08.11 11:22:22,865|11083: Abstimmung yes, sending to Next One
08.11 11:22:24,657|11083: Got Abstimmung
08.11 11:22:24,663|11083: Got it from someone else
08.11 11:22:24,669|11083: TimeDiff of 27 big enough
08.11 11:22:24,675|11083: Trying to get Nameservice: ns@lab30.cpt.haw-hamburg.de
08.11 11:22:24,255|11083: Got Nameservice: ns@lab30.cpt.haw-hamburg.de
08.11 11:22:24,264|11083: Got Nameservice, trying to contact it for: 11692
08.11 11:22:24,335|11083: 11692 found, Name: 11692 Node: starter@lab21.cpt.haw-hamburg.de
08.11 11:22:24,603|11083: Abstimmung yes, sending to Next One
08.11 11:24:02,703|11083: Starting with MI: 213024735
08.11 11:24:02,710|11083: Starting new timer
08.11 11:24:05,756|11083: Got Abstimmung
08.11 11:24:05,762|11083: Got it from someone else
08.11 11:24:05,768|11083: TimeDiff of 3 big enough
08.11 11:24:05,773|11083: Trying to get Nameservice: ns@lab30.cpt.haw-hamburg.de
08.11 11:24:05,727|11083: Got Nameservice: ns@lab30.cpt.haw-hamburg.de
08.11 11:24:05,735|11083: Got Nameservice, trying to contact it for: 11692
08.11 11:24:05,954|11083: 11692 found, Name: 11692 Node: starter@lab21.cpt.haw-hamburg.de
08.11 11:24:05,961|11083: Abstimmung yes, sending to Next One
08.11 11:24:05,967|11083: Trying to get Nameservice: ns@lab30.cpt.haw-hamburg.de
08.11 11:24:05,334|11083: Got Nameservice: ns@lab30.cpt.haw-hamburg.de
08.11 11:24:05,341|11083: Got Nameservice, trying to contact it for: 11692
08.11 11:24:05,021|11083: 11692 found, Name: 11692 Node: starter@lab21.cpt.haw-hamburg.de
08.11 11:24:05,026|11083: ABSTIMMUNG start
08.11 11:24:05,036|11083: Got Abstimmung
08.11 11:24:05,043|11083: Got it from someone else
08.11 11:24:05,053|11083: TimeDiff of 3 big enough
08.11 11:24:05,059|11083: Trying to get Nameservice: ns@lab30.cpt.haw-hamburg.de
08.11 11:24:05,717|11083: Got Nameservice: ns@lab30.cpt.haw-hamburg.de
08.11 11:24:05,723|11083: Got Nameservice, trying to contact it for: 11692
08.11 11:24:05,591|11083: 11692 found, Name: 11692 Node: starter@lab21.cpt.haw-hamburg.de
08.11 11:24:05,596|11083: Abstimmung yes, sending to Next One
08.11 11:24:05,635|11083: Got Abstimmung
08.11 11:24:05,640|11083: Got it from someone else
08.11 11:24:05,672|11083: TimeDiff of 3 big enough
08.11 11:24:05,679|11083: Trying to get Nameservice: ns@lab30.cpt.haw-hamburg.de
08.11 11:24:05,012|11083: Got Nameservice: ns@lab30.cpt.haw-hamburg.de
08.11 11:24:05,013|11083: Got Nameservice, trying to contact it for: 11692
08.11 11:24:05,105|11083: 11692 found, Name: 11692 Node: starter@lab21.cpt.haw-hamburg.de
08.11 11:24:05,106|11083: Abstimmung yes, sending to Next One
08.11 11:24:05,108|11083: Got Abstimmung
08.11 11:24:05,110|11083: Got it from someone else
08.11 11:24:05,110|11083: TimeDiff of 3 big enough
08.11 11:24:05,111|11083: Trying to get Nameservice: ns@lab30.cpt.haw-hamburg.de
08.11 11:24:05,213|11083: Got Nameservice: ns@lab30.cpt.haw-hamburg.de
08.11 11:24:05,217|11083: Got Nameservice, trying to contact it for: 11692
08.11 11:24:05,235|11083: 11692 found, Name: 11692 Node: starter@lab21.cpt.haw-hamburg.de
08.11 11:24:05,237|11083: Abstimmung yes, sending to Next One
08.11 11:24:05,239|11083: Got Abstimmung
08.11 11:24:05,240|11083: Got it from someone else
08.11 11:24:05,241|11083: TimeDiff of 3 big enough
08.11 11:24:05,241|11083: Trying to get Nameservice: ns@lab30.cpt.haw-hamburg.de
08.11 11:24:05,273|11083: Got Nameservice: ns@lab30.cpt.haw-hamburg.de
08.11 11:24:05,273|11083: Got Nameservice, trying to contact it for: 11692
08.11 11:24:05,347|11083: 11692 found, Name: 11692 Node: starter@lab21.cpt.haw-hamburg.de
08.11 11:24:05,348|11083: Abstimmung yes, sending to Next One
08.11 11:24:05,349|11083: Got Abstimmung
08.11 11:24:05,351|11083: Got it from someone else
08.11 11:24:05,352|11083: TimeDiff of 3 big enough
08.11 11:24:05,354|11083: Trying to get Nameservice: ns@lab30.cpt.haw-hamburg.de
08.11 11:24:05,420|11083: Got Nameservice: ns@lab30.cpt.haw-hamburg.de
08.11 11:24:05,422|11083: Got Nameservice, trying to contact it for: 11692
08.11 11:24:05,456|11083: 11692 found, Name: 11692 Node: starter@lab21.cpt.haw-hamburg.de
08.11 11:24:05,456|11083: Abstimmung yes, sending to Next One
08.11 11:24:05,457|11083: Got Abstimmung
08.11 11:24:05,457|11083: Got it from someone else
08.11 11:24:05,458|11083: TimeDiff of 3 big enough
08.11 11:24:05,459|11083: Trying to get Nameservice: ns@lab30.cpt.haw-hamburg.de
08.11 11:24:05,496|11083: Got Nameservice: ns@lab30.cpt.haw-hamburg.de
08.11 11:24:05,497|11083: Got Nameservice, trying to contact it for: 11692
08.11 11:24:05,572|11083: 11692 found, Name: 11692 Node: starter@lab21.cpt.haw-hamburg.de
08.11 11:24:05,573|11083: Abstimmung yes, sending to Next One
08.11 11:24:05,581|11083: Got Abstimmung
08.11 11:24:05,582|11083: Got it from someone else
08.11 11:24:05,582|11083: TimeDiff of 3 big enough
08.11 11:24:05,583|11083: Trying to get Nameservice: ns@lab30.cpt.haw-hamburg.de
08.11 11:24:05,683|11083: Got Nameservice: ns@lab30.cpt.haw-hamburg.de
08.11 11:24:05,684|11083: Got Nameservice, trying to contact it for: 11692
08.11 11:24:05,764|11083: 11692 found, Name: 11692 Node: starter@lab21.cpt.haw-hamburg.de
08.11 11:24:05,764|11083: Abstimmung yes, sending to Next One
08.11 11:24:05,765|11083: Got Abstimmung
08.11 11:24:05,766|11083: Got it from someone else
08.11 11:24:05,766|11083: TimeDiff of 3 big enough
08.11 11:24:05,767|11083: Trying to get Nameservice: ns@lab30.cpt.haw-hamburg.de
08.11 11:24:05,787|11083: Got Nameservice: ns@lab30.cpt.haw-hamburg.de
08.11 11:24:05,790|11083: Got Nameservice, trying to contact it for: 11692
08.11 11:24:05,798|11083: 11692 found, Name: 11692 Node: starter@lab21.cpt.haw-hamburg.de
08.11 11:24:05,800|11083: Abstimmung yes, sending to Next One
08.11 11:24:05,815|11083: Got Abstimmung
08.11 11:24:05,816|11083: Got it from someone else
08.11 11:24:05,817|11083: TimeDiff of 3 big enough
08.11 11:24:05,818|11083: Trying to get Nameservice: ns@lab30.cpt.haw-hamburg.de
08.11 11:24:05,826|11083: Got Nameservice: ns@lab30.cpt.haw-hamburg.de
08.11 11:24:05,826|11083: Got Nameservice, trying to contact it for: 11692
08.11 11:24:05,833|11083: 11692 found, Name: 11692 Node: starter@lab21.cpt.haw-hamburg.de
08.11 11:24:05,834|11083: Abstimmung yes, sending to Next One
08.11 11:24:05,719|11083: Got Abstimmung
08.11 11:24:05,720|11083: Got it from someone else
08.11 11:24:05,721|11083: TimeDiff of 3 big enough
08.11 11:24:05,722|11083: Trying to get Nameservice: ns@lab30.cpt.haw-hamburg.de
08.11 11:24:05,751|11083: Got Nameservice: ns@lab30.cpt.haw-hamburg.de
08.11 11:24:05,754|11083: Got Nameservice, trying to contact it for: 11692
08.11 11:24:05,796|11083: 11692 found, Name: 11692 Node: starter@lab21.cpt.haw-hamburg.de
08.11 11:24:05,797|11083: Abstimmung yes, sending to Next One
08.11 11:24:05,865|11083: Got Abstimmung
08.11 11:24:05,865|11083: Got it from someone else
08.11 11:24:05,866|11083: TimeDiff of 3 big enough
08.11 11:24:05,866|11083: Trying to get Nameservice: ns@lab30.cpt.haw-hamburg.de
08.11 11:24:05,875|11083: Got Nameservice: ns@lab30.cpt.haw-hamburg.de
08.11 11:24:05,876|11083: Got Nameservice, trying to contact it for: 11692
08.11 11:24:05,916|11083: 11692 found, Name: 11692 Node: starter@lab21.cpt.haw-hamburg.de
08.11 11:24:05,916|11083: Abstimmung yes, sending to Next One
08.11 11:24:05,777|11083: Got Abstimmung
08.11 11:24:05,778|11083: Got it from someone else
08.11 11:24:05,779|11083: TimeDiff of 3 big enough
08.11 11:24:05,780|11083: Trying to get Nameservice: ns@lab30.cpt.haw-hamburg.de
08.11 11:24:05,846|11083: Got Nameservice: ns@lab30.cpt.haw-hamburg.de
08.11 11:24:05,847|11083: Got Nameservice, trying to contact it for: 11692
08.11 11:24:05,884|11083: 11692 found, Name: 11692 Node: starter@lab21.cpt.haw-hamburg.de
08.11 11:24:05,887|11083: Abstimmung yes, sending to Next One
08.11 11:24:05,494|11083: Got Abstimmung
08.11 11:24:05,495|11083: Got it from someone else
08.11 11:24:05,496|11083: TimeDiff of 3 big enough
08.11 11:24:05,497|11083: Trying to get Nameservice: ns@lab30.cpt.haw-hamburg.de
08.11 11:24:05,505|11083: Got Nameservice: ns@lab30.cpt.haw-hamburg.de
08.11 11:24:05,506|11083: Got Nameservice, trying to contact it for: 11692
08.11 11:24:05,515|11083: 11692 found, Name: 11692 Node: starter@lab21.cpt.haw-hamburg.de
08.11 11:24:05,516|11083: Abstimmung yes, sending to Next One
08.11 11:24:05,529|11083: Got Abstimmung
08.11 11:24:05,530|11083: Got it from someone else
08.11 11:24:05,531|11083: TimeDiff of 3 big enough
08.11 11:24:05,531|11083: Trying to get Nameservice: ns@lab30.cpt.haw-hamburg.de
08.11 11:24:05,536|11083: Got Nameservice: ns@lab30.cpt.haw-hamburg.de
08.11 11:24:05,537|11083: Got Nameservice, trying to contact it for: 11692
08.11 11:24:05,543|11083: 11692 found, Name: 11692 Node: starter@lab21.cpt.haw-hamburg.de
08.11 11:24:05,544|11083: Abstimmung yes, sending to Next One
08.11 11:24:05,844|11083: Got Abstimmung
08.11 11:24:05,903|11083: Got it from someone else
08.11 11:24:05,991|11083: TimeDiff of 4 big enough
08.11 11:24:05,050|11083: Trying to get Nameservice: ns@lab30.cpt.haw-hamburg.de
08.11 11:24:06,314|11083: Got Nameservice: ns@lab30.cpt.haw-hamburg.de
08.11 11:24:06,387|11083: Got Nameservice, trying to contact it for: 11692
08.11 11:24:06,089|11083: 11692 found, Name: 11692 Node: starter@lab21.cpt.haw-hamburg.de
08.11 11:24:06,097|11083: Abstimmung yes, sending to Next One
08.11 11:24:06,568|11083: Got Abstimmung
08.11 11:24:06,574|11083: Got it from someone else
08.11 11:24:06,580|11083: TimeDiff of 4 big enough
08.11 11:24:06,586|11083: Trying to get Nameservice: ns@lab30.cpt.haw-hamburg.de
08.11 11:24:06,907|11083: Got Nameservice: ns@lab30.cpt.haw-hamburg.de
08.11 11:24:06,918|11083: Got Nameservice, trying to contact it for: 11692
08.11 11:24:06,351|11083: 11692 found, Name: 11692 Node: starter@lab21.cpt.haw-hamburg.de
08.11 11:24:06,360|11083: Abstimmung yes, sending to Next One
08.11 11:24:09,404|11083: Got Abstimmung
08.11 11:24:09,405|11083: Got it from someone else
08.11 11:24:09,406|11083: TimeDiff of 7 big enough
08.11 11:24:09,406|11083: Trying to get Nameservice: ns@lab30.cpt.haw-hamburg.de
08.11 11:24:09,411|11083: Got Nameservice: ns@lab30.cpt.haw-hamburg.de
08.11 11:24:09,412|11083: Got Nameservice, trying to contact it for: 11692
08.11 11:24:09,417|11083: 11692 found, Name: 11692 Node: starter@lab21.cpt.haw-hamburg.de
08.11 11:24:09,418|11083: Abstimmung yes, sending to Next One
08.11 11:24:10,078|11083: Got Abstimmung
08.11 11:24:10,079|11083: Got it from someone else
08.11 11:24:10,079|11083: TimeDiff of 8 big enough
08.11 11:24:10,080|11083: Trying to get Nameservice: ns@lab30.cpt.haw-hamburg.de
08.11 11:24:10,127|11083: Got Nameservice: ns@lab30.cpt.haw-hamburg.de
08.11 11:24:10,128|11083: Got Nameservice, trying to contact it for: 11692
08.11 11:24:10,166|11083: 11692 found, Name: 11692 Node: starter@lab21.cpt.haw-hamburg.de
08.11 11:24:10,167|11083: Abstimmung yes, sending to Next One
08.11 11:24:12,361|11083: Got Abstimmung
08.11 11:24:12,362|11083: Got it from someone else
08.11 11:24:12,363|11083: TimeDiff of 10 big enough
08.11 11:24:12,363|11083: Trying to get Nameservice: ns@lab30.cpt.haw-hamburg.de
08.11 11:24:12,369|11083: Got Nameservice: ns@lab30.cpt.haw-hamburg.de
08.11 11:24:12,371|11083: Got Nameservice, trying to contact it for: 11692
08.11 11:24:12,376|11083: 11692 found, Name: 11692 Node: starter@lab21.cpt.haw-hamburg.de
08.11 11:24:12,377|11083: Abstimmung yes, sending to Next One
08.11 11:24:12,606|11083: Got Abstimmung
08.11 11:24:12,607|11083: Got it from someone else
08.11 11:24:12,608|11083: TimeDiff of 10 big enough
08.11 11:24:12,608|11083: Trying to get Nameservice: ns@lab30.cpt.haw-hamburg.de
08.11 11:24:12,648|11083: Got Nameservice: ns@lab30.cpt.haw-hamburg.de
08.11 11:24:12,649|11083: Got Nameservice, trying to contact it for: 11692
08.11 11:24:12,655|11083: 11692 found, Name: 11692 Node: starter@lab21.cpt.haw-hamburg.de
08.11 11:24:12,656|11083: Abstimmung yes, sending to Next One
08.11 11:24:15,484|11083: Got Abstimmung
08.11 11:24:15,484|11083: Got it from someone else
08.11 11:24:15,484|11083: TimeDiff of 13 big enough
08.11 11:24:15,485|11083: Trying to get Nameservice: ns@lab30.cpt.haw-hamburg.de
08.11 11:24:15,516|11083: Got Nameservice: ns@lab30.cpt.haw-hamburg.de
08.11 11:24:15,517|11083: Got Nameservice, trying to contact it for: 11692
08.11 11:24:15,546|11083: 11692 found, Name: 11692 Node: starter@lab21.cpt.haw-hamburg.de
08.11 11:24:15,546|11083: Abstimmung yes, sending to Next One
08.11 11:24:15,220|11083: Got Abstimmung
08.11 11:24:15,221|11083: Got it from someone else
08.11 11:24:15,222|11083: TimeDiff of 13 big enough
08.11 11:24:15,222|11083: Trying to get Nameservice: ns@lab30.cpt.haw-hamburg.de
08.11 11:24:15,250|11083: Got Nameservice: ns@lab30.cpt.haw-hamburg.de
08.11 11:24:15,251|11083: Got Nameservice, trying to contact it for: 11692
08.11 11:24:15,256|11083: 11692 found, Name: 11692 Node: starter@lab21.cpt.haw-hamburg.de
08.11 11:24:15,256|11083: Abstimmung yes, sending to Next One
08.11 11:24:18,367|11083: Got Abstimmung
08.11 11:24:18,368|11083: Got it from someone else
08.11 11:24:18,368|11083: TimeDiff of 16 big enough
08.11 11:24:18,369|11083: Trying to get Nameservice: ns@lab30.cpt.haw-hamburg.de
08.11 11:24:18,432|11083: Got Nameservice: ns@lab30.cpt.haw-hamburg.de
08.11 11:24:18,436|11083: Got Nameservice, trying to contact it for: 11692
08.11 11:24:18,470|11083: 11692 found, Name: 11692 Node: starter@lab21.cpt.haw-hamburg.de
08.11 11:24:18,493|11083: Abstimmung yes, sending to Next One
08.11 11:24:18,247|11083: Got Abstimmung
08.11 11:24:18,248|11083: Got it from someone else
08.11 11:24:18,249|11083: TimeDiff of 16 big enough
08.11 11:24:18,249|11083: Trying to get Nameservice: ns@lab30.cpt.haw-hamburg.de
08.11 11:24:18,289|11083: Got Nameservice: ns@lab30.cpt.haw-hamburg.de
08.11 11:24:18,290|11083: Got Nameservice, trying to contact it for: 11692
08.11 11:24:18,295|11083: 11692 found, Name: 11692 Node: starter@lab21.cpt.haw-hamburg.de
08.11 11:24:18,296|11083: Abstimmung yes, sending to Next One
08.11 11:24:20,393|11083: Got Abstimmung
08.11 11:24:20,393|11083: Got it from someone else
08.11 11:24:20,394|11083: TimeDiff of 18 big enough
08.11 11:24:20,394|11083: Trying to get Nameservice: ns@lab30.cpt.haw-hamburg.de
08.11 11:24:20,464|11083: Got Nameservice: ns@lab30.cpt.haw-hamburg.de
08.11 11:24:20,465|11083: Got Nameservice, trying to contact it for: 11692
08.11 11:24:20,473|11083: 11692 found, Name: 11692 Node: starter@lab21.cpt.haw-hamburg.de
08.11 11:24:20,474|11083: Abstimmung yes, sending to Next One
08.11 11:24:20,221|11083: Got Abstimmung
08.11 11:24:20,222|11083: Got it from someone else
08.11 11:24:20,222|11083: TimeDiff of 18 big enough
08.11 11:24:20,223|11083: Trying to get Nameservice: ns@lab30.cpt.haw-hamburg.de
08.11 11:24:20,253|11083: Got Nameservice: ns@lab30.cpt.haw-hamburg.de
08.11 11:24:20,254|11083: Got Nameservice, trying to contact it for: 11692
08.11 11:24:20,259|11083: 11692 found, Name: 11692 Node: starter@lab21.cpt.haw-hamburg.de
08.11 11:24:20,259|11083: Abstimmung yes, sending to Next One
08.11 11:24:24,237|11083: Got Abstimmung
08.11 11:24:24,237|11083: Got it from someone else
08.11 11:24:24,238|11083: TimeDiff of 22 big enough
08.11 11:24:24,238|11083: Trying to get Nameservice: ns@lab30.cpt.haw-hamburg.de
08.11 11:24:24,299|11083: Got Nameservice: ns@lab30.cpt.haw-hamburg.de
08.11 11:24:24,300|11083: Got Nameservice, trying to contact it for: 11692
08.11 11:24:24,307|11083: 11692 found, Name: 11692 Node: starter@lab21.cpt.haw-hamburg.de
08.11 11:24:24,308|11083: Abstimmung yes, sending to Next One
08.11 11:24:25,697|11083: Got Abstimmung
08.11 11:24:25,698|11083: Got it from someone else
08.11 11:24:25,698|11083: TimeDiff of 23 big enough
08.11 11:24:25,699|11083: Trying to get Nameservice: ns@lab30.cpt.haw-hamburg.de
08.11 11:24:25,748|11083: Got Nameservice: ns@lab30.cpt.haw-hamburg.de
08.11 11:24:25,751|11083: Got Nameservice, trying to contact it for: 11692
08.11 11:24:25,786|11083: 11692 found, Name: 11692 Node: starter@lab21.cpt.haw-hamburg.de
08.11 11:24:25,809|11083: Abstimmung yes, sending to Next One
08.11 11:24:26,258|11083: Got Abstimmung
08.11 11:24:26,259|11083: Got it from someone else
08.11 11:24:26,260|11083: TimeDiff of 24 big enough
08.11 11:24:26,260|11083: Trying to get Nameservice: ns@lab30.cpt.haw-hamburg.de
08.11 11:24:26,303|11083: Got Nameservice: ns@lab30.cpt.haw-hamburg.de
08.11 11:24:26,305|11083: Got Nameservice, trying to contact it for: 11692
08.11 11:24:26,308|11083: 11692 found, Name: 11692 Node: starter@lab21.cpt.haw-hamburg.de
08.11 11:24:26,309|11083: Abstimmung yes, sending to Next One
08.11 11:24:26,627|11083: Got Abstimmung
08.11 11:24:26,627|11083: Got it from someone else
08.11 11:24:26,628|11083: TimeDiff of 24 big enough
08.11 11:24:26,628|11083: Trying to get Nameservice: ns@lab30.cpt.haw-hamburg.de
08.11 11:24:26,662|11083: Got Nameservice: ns@lab30.cpt.haw-hamburg.de
08.11 11:24:26,663|11083: Got Nameservice, trying to contact it for: 11692
08.11 11:24:26,667|11083: 11692 found, Name: 11692 Node: starter@lab21.cpt.haw-hamburg.de
08.11 11:24:26,668|11083: Abstimmung yes, sending to Next One
08.11 11:24:26,856|11083: Got Abstimmung
08.11 11:24:26,857|11083: Got it from someone else
08.11 11:24:26,858|11083: TimeDiff of 24 big enough
08.11 11:24:26,858|11083: Trying to get Nameservice: ns@lab30.cpt.haw-hamburg.de
08.11 11:24:26,890|11083: Got Nameservice: ns@lab30.cpt.haw-hamburg.de
08.11 11:24:26,892|11083: Got Nameservice, trying to contact it for: 11692
08.11 11:24:26,941|11083: 11692 found, Name: 11692 Node: starter@lab21.cpt.haw-hamburg.de
08.11 11:24:26,942|11083: Abstimmung yes, sending to Next One
08.11 11:24:26,313|11083: Got Abstimmung
08.11 11:24:26,313|11083: Got it from someone else
08.11 11:24:26,314|11083: TimeDiff of 24 big enough
08.11 11:24:26,314|11083: Trying to get Nameservice: ns@lab30.cpt.haw-hamburg.de
08.11 11:24:26,345|11083: Got Nameservice: ns@lab30.cpt.haw-hamburg.de
08.11 11:24:26,345|11083: Got Nameservice, trying to contact it for: 11692
08.11 11:24:26,350|11083: 11692 found, Name: 11692 Node: starter@lab21.cpt.haw-hamburg.de
08.11 11:24:26,351|11083: Abstimmung yes, sending to Next One
08.11 11:24:28,327|11083: Got Abstimmung
08.11 11:24:28,327|11083: Got it from someone else
08.11 11:24:28,328|11083: TimeDiff of 26 big enough
08.11 11:24:28,329|11083: Trying to get Nameservice: ns@lab30.cpt.haw-hamburg.de
08.11 11:24:28,370|11083: Got Nameservice: ns@lab30.cpt.haw-hamburg.de
08.11 11:24:28,371|11083: Got Nameservice, trying to contact it for: 11692
08.11 11:24:28,376|11083: 11692 found, Name: 11692 Node: starter@lab21.cpt.haw-hamburg.de
08.11 11:24:28,378|11083: Abstimmung yes, sending to Next One
08.11 11:24:28,712|11083: Got Abstimmung
08.11 11:24:28,713|11083: Got it from someone else
08.11 11:24:28,714|11083: TimeDiff of 26 big enough
08.11 11:24:28,714|11083: Trying to get Nameservice: ns@lab30.cpt.haw-hamburg.de
08.11 11:24:28,721|11083: Got Nameservice: ns@lab30.cpt.haw-hamburg.de
08.11 11:24:28,722|11083: Got Nameservice, trying to contact it for: 11692
08.11 11:24:28,727|11083: 11692 found, Name: 11692 Node: starter@lab21.cpt.haw-hamburg.de
08.11 11:24:28,727|11083: Abstimmung yes, sending to Next One
08.11 11:24:29,345|11083: Got Abstimmung
08.11 11:24:29,345|11083: Got it from someone else
08.11 11:24:29,346|11083: TimeDiff of 27 big enough
08.11 11:24:29,347|11083: Trying to get Nameservice: ns@lab30.cpt.haw-hamburg.de
08.11 11:24:29,393|11083: Got Nameservice: ns@lab30.cpt.haw-hamburg.de
08.11 11:24:29,394|11083: Got Nameservice, trying to contact it for: 11692
08.11 11:24:29,409|11083: 11692 found, Name: 11692 Node: starter@lab21.cpt.haw-hamburg.de
08.11 11:24:29,409|11083: Abstimmung yes, sending to Next One
08.11 11:24:29,973|11083: Got Abstimmung
08.11 11:24:29,974|11083: Got it from someone else
08.11 11:24:29,974|11083: TimeDiff of 27 big enough
08.11 11:24:29,975|11083: Trying to get Nameservice: ns@lab30.cpt.haw-hamburg.de
08.11 11:24:29,003|11083: Got Nameservice: ns@lab30.cpt.haw-hamburg.de
08.11 11:24:29,004|11083: Got Nameservice, trying to contact it for: 11692
08.11 11:24:29,042|11083: 11692 found, Name: 11692 Node: starter@lab21.cpt.haw-hamburg.de
08.11 11:24:29,043|11083: Abstimmung yes, sending to Next One
08.11 11:24:29,235|11083: Got Abstimmung
08.11 11:24:29,235|11083: Got it from someone else
08.11 11:24:29,236|11083: TimeDiff of 27 big enough
08.11 11:24:29,236|11083: Trying to get Nameservice: ns@lab30.cpt.haw-hamburg.de
08.11 11:24:29,265|11083: Got Nameservice: ns@lab30.cpt.haw-hamburg.de
08.11 11:24:29,266|11083: Got Nameservice, trying to contact it for: 11692
08.11 11:24:29,301|11083: 11692 found, Name: 11692 Node: starter@lab21.cpt.haw-hamburg.de
08.11 11:24:29,302|11083: Abstimmung yes, sending to Next One
08.11 11:24:29,351|11083: Got Abstimmung
08.11 11:24:29,352|11083: Got it from someone else
08.11 11:24:29,353|11083: TimeDiff of 27 big enough
08.11 11:24:29,354|11083: Trying to get Nameservice: ns@lab30.cpt.haw-hamburg.de
08.11 11:24:29,377|11083: Got Nameservice: ns@lab30.cpt.haw-hamburg.de
08.11 11:24:29,378|11083: Got Nameservice, trying to contact it for: 11692
08.11 11:24:29,417|11083: 11692 found, Name: 11692 Node: starter@lab21.cpt.haw-hamburg.de
08.11 11:24:29,418|11083: Abstimmung yes, sending to Next One
08.11 11:24:30,413|11083: Got Abstimmung
08.11 11:24:30,420|11083: Got it from someone else
08.11 11:24:30,426|11083: TimeDiff of 28 big enough
08.11 11:24:30,432|11083: Trying to get Nameservice: ns@lab30.cpt.haw-hamburg.de
08.11 11:24:30,352|11083: Got Nameservice: ns@lab30.cpt.haw-hamburg.de
08.11 11:24:30,359|11083: Got Nameservice, trying to contact it for: 11692
08.11 11:24:30,403|11083: 11692 found, Name: 11692 Node: starter@lab21.cpt.haw-hamburg.de
08.11 11:24:30,416|11083: Abstimmung yes, sending to Next One
08.11 11:24:30,285|11083: Got Abstimmung
08.11 11:24:30,286|11083: Got it from someone else
08.11 11:24:30,287|11083: TimeDiff of 28 big enough
08.11 11:24:30,288|11083: Trying to get Nameservice: ns@lab30.cpt.haw-hamburg.de
08.11 11:24:30,319|11083: Got Nameservice: ns@lab30.cpt.haw-hamburg.de
08.11 11:24:30,320|11083: Got Nameservice, trying to contact it for: 11692
08.11 11:24:30,326|11083: 11692 found, Name: 11692 Node: starter@lab21.cpt.haw-hamburg.de
08.11 11:24:30,327|11083: Abstimmung yes, sending to Next One
08.11 11:24:30,406|11083: Got Abstimmung
08.11 11:24:30,407|11083: Got it from someone else
08.11 11:24:30,408|11083: TimeDiff of 28 big enough
08.11 11:24:30,408|11083: Trying to get Nameservice: ns@lab30.cpt.haw-hamburg.de
08.11 11:24:30,422|11083: Got Nameservice: ns@lab30.cpt.haw-hamburg.de
08.11 11:24:30,423|11083: Got Nameservice, trying to contact it for: 11692
08.11 11:24:30,477|11083: 11692 found, Name: 11692 Node: starter@lab21.cpt.haw-hamburg.de
08.11 11:24:30,479|11083: Abstimmung yes, sending to Next One
08.11 11:24:30,600|11083: Got Abstimmung
08.11 11:24:30,600|11083: Got it from someone else
08.11 11:24:30,601|11083: TimeDiff of 28 big enough
08.11 11:24:30,602|11083: Trying to get Nameservice: ns@lab30.cpt.haw-hamburg.de
08.11 11:24:30,653|11083: Got Nameservice: ns@lab30.cpt.haw-hamburg.de
08.11 11:24:30,654|11083: Got Nameservice, trying to contact it for: 11692
08.11 11:24:30,682|11083: 11692 found, Name: 11692 Node: starter@lab21.cpt.haw-hamburg.de
08.11 11:24:30,683|11083: Abstimmung yes, sending to Next One
08.11 11:24:30,076|11083: Got Abstimmung
08.11 11:24:30,077|11083: Got it from someone else
08.11 11:24:30,077|11083: TimeDiff of 28 big enough
08.11 11:24:30,078|11083: Trying to get Nameservice: ns@lab30.cpt.haw-hamburg.de
08.11 11:24:30,084|11083: Got Nameservice: ns@lab30.cpt.haw-hamburg.de
08.11 11:24:30,084|11083: Got Nameservice, trying to contact it for: 11692
08.11 11:24:30,090|11083: 11692 found, Name: 11692 Node: starter@lab21.cpt.haw-hamburg.de
08.11 11:24:30,091|11083: Abstimmung yes, sending to Next One
08.11 11:24:31,230|11083: Got Abstimmung
08.11 11:24:31,231|11083: Got it from someone else
08.11 11:24:31,232|11083: TimeDiff of 29 big enough
08.11 11:24:31,232|11083: Trying to get Nameservice: ns@lab30.cpt.haw-hamburg.de
08.11 11:24:31,244|11083: Got Nameservice: ns@lab30.cpt.haw-hamburg.de
08.11 11:24:31,245|11083: Got Nameservice, trying to contact it for: 11692
08.11 11:24:31,248|11083: 11692 found, Name: 11692 Node: starter@lab21.cpt.haw-hamburg.de
08.11 11:24:31,249|11083: Abstimmung yes, sending to Next One
08.11 11:24:37,125|11083: Got Abstimmung
08.11 11:24:37,126|11083: Got it from someone else
08.11 11:24:37,127|11083: TimeDiff of 35 big enough
08.11 11:24:37,127|11083: Trying to get Nameservice: ns@lab30.cpt.haw-hamburg.de
08.11 11:24:37,157|11083: Got Nameservice: ns@lab30.cpt.haw-hamburg.de
08.11 11:24:37,158|11083: Got Nameservice, trying to contact it for: 11692
08.11 11:24:37,162|11083: 11692 found, Name: 11692 Node: starter@lab21.cpt.haw-hamburg.de
08.11 11:24:37,163|11083: Abstimmung yes, sending to Next One
08.11 11:24:37,142|11083: Got Abstimmung
08.11 11:24:37,143|11083: Got it from someone else
08.11 11:24:37,144|11083: TimeDiff of 35 big enough
08.11 11:24:37,144|11083: Trying to get Nameservice: ns@lab30.cpt.haw-hamburg.de
08.11 11:24:37,174|11083: Got Nameservice: ns@lab30.cpt.haw-hamburg.de
08.11 11:24:37,174|11083: Got Nameservice, trying to contact it for: 11692
08.11 11:24:37,183|11083: 11692 found, Name: 11692 Node: starter@lab21.cpt.haw-hamburg.de
08.11 11:24:37,184|11083: Abstimmung yes, sending to Next One
08.11 11:24:39,593|11083: Got Abstimmung
08.11 11:24:39,594|11083: Got it from someone else
08.11 11:24:39,594|11083: TimeDiff of 37 big enough
08.11 11:24:39,595|11083: Trying to get Nameservice: ns@lab30.cpt.haw-hamburg.de
08.11 11:24:39,632|11083: Got Nameservice: ns@lab30.cpt.haw-hamburg.de
08.11 11:24:39,633|11083: Got Nameservice, trying to contact it for: 11692
08.11 11:24:39,638|11083: 11692 found, Name: 11692 Node: starter@lab21.cpt.haw-hamburg.de
08.11 11:24:39,639|11083: Abstimmung yes, sending to Next One
08.11 11:24:45,908|11083: Got Abstimmung
08.11 11:24:45,916|11083: Got it from someone else
08.11 11:24:45,922|11083: TimeDiff of 43 big enough
08.11 11:24:45,928|11083: Trying to get Nameservice: ns@lab30.cpt.haw-hamburg.de
08.11 11:24:45,197|11083: Got Nameservice: ns@lab30.cpt.haw-hamburg.de
08.11 11:24:45,205|11083: Got Nameservice, trying to contact it for: 11692
08.11 11:24:45,268|11083: 11692 found, Name: 11692 Node: starter@lab21.cpt.haw-hamburg.de
08.11 11:24:45,275|11083: Abstimmung yes, sending to Next One
08.11 11:24:46,261|11083: Got Abstimmung
08.11 11:24:46,261|11083: Got it from someone else
08.11 11:24:46,262|11083: TimeDiff of 44 big enough
08.11 11:24:46,263|11083: Trying to get Nameservice: ns@lab30.cpt.haw-hamburg.de
08.11 11:24:46,291|11083: Got Nameservice: ns@lab30.cpt.haw-hamburg.de
08.11 11:24:46,292|11083: Got Nameservice, trying to contact it for: 11692
08.11 11:24:46,296|11083: 11692 found, Name: 11692 Node: starter@lab21.cpt.haw-hamburg.de
08.11 11:24:46,297|11083: Abstimmung yes, sending to Next One
08.11 11:24:46,772|11083: Got Abstimmung
08.11 11:24:46,773|11083: Got it from someone else
08.11 11:24:46,773|11083: TimeDiff of 44 big enough
08.11 11:24:46,774|11083: Trying to get Nameservice: ns@lab30.cpt.haw-hamburg.de
08.11 11:24:46,812|11083: Got Nameservice: ns@lab30.cpt.haw-hamburg.de
08.11 11:24:46,812|11083: Got Nameservice, trying to contact it for: 11692
08.11 11:24:46,842|11083: 11692 found, Name: 11692 Node: starter@lab21.cpt.haw-hamburg.de
08.11 11:24:46,842|11083: Abstimmung yes, sending to Next One
08.11 11:24:47,188|11083: Got Abstimmung
08.11 11:24:47,188|11083: Got it from someone else
08.11 11:24:47,189|11083: TimeDiff of 45 big enough
08.11 11:24:47,190|11083: Trying to get Nameservice: ns@lab30.cpt.haw-hamburg.de
08.11 11:24:47,221|11083: Got Nameservice: ns@lab30.cpt.haw-hamburg.de
08.11 11:24:47,222|11083: Got Nameservice, trying to contact it for: 11692
08.11 11:24:47,228|11083: 11692 found, Name: 11692 Node: starter@lab21.cpt.haw-hamburg.de
08.11 11:24:47,228|11083: Abstimmung yes, sending to Next One
08.11 11:24:48,628|11083: Got Abstimmung
08.11 11:24:48,630|11083: Got it from someone else
08.11 11:24:48,632|11083: TimeDiff of 46 big enough
08.11 11:24:48,634|11083: Trying to get Nameservice: ns@lab30.cpt.haw-hamburg.de
08.11 11:24:48,660|11083: Got Nameservice: ns@lab30.cpt.haw-hamburg.de
08.11 11:24:48,660|11083: Got Nameservice, trying to contact it for: 11692
08.11 11:24:48,665|11083: 11692 found, Name: 11692 Node: starter@lab21.cpt.haw-hamburg.de
08.11 11:24:48,666|11083: Abstimmung yes, sending to Next One
08.11 11:24:52,527|11083: Got Abstimmung
08.11 11:24:52,528|11083: Got it from someone else
08.11 11:24:52,529|11083: TimeDiff of 50 big enough
08.11 11:24:52,529|11083: Trying to get Nameservice: ns@lab30.cpt.haw-hamburg.de
08.11 11:24:52,714|11083: Got Nameservice: ns@lab30.cpt.haw-hamburg.de
08.11 11:24:52,715|11083: Got Nameservice, trying to contact it for: 11692
08.11 11:24:52,721|11083: 11692 found, Name: 11692 Node: starter@lab21.cpt.haw-hamburg.de
08.11 11:24:52,722|11083: Abstimmung yes, sending to Next One
08.11 11:24:52,400|11083: Got Abstimmung
08.11 11:24:52,401|11083: Got it from someone else
08.11 11:24:52,401|11083: TimeDiff of 50 big enough
08.11 11:24:52,402|11083: Trying to get Nameservice: ns@lab30.cpt.haw-hamburg.de
08.11 11:24:52,413|11083: Got Nameservice: ns@lab30.cpt.haw-hamburg.de
08.11 11:24:52,413|11083: Got Nameservice, trying to contact it for: 11692
08.11 11:24:52,419|11083: 11692 found, Name: 11692 Node: starter@lab21.cpt.haw-hamburg.de
08.11 11:24:52,419|11083: Abstimmung yes, sending to Next One
08.11 11:24:53,280|11083: Got Abstimmung
08.11 11:24:53,281|11083: Got it from someone else
08.11 11:24:53,282|11083: TimeDiff of 51 big enough
08.11 11:24:53,282|11083: Trying to get Nameservice: ns@lab30.cpt.haw-hamburg.de
08.11 11:24:53,328|11083: Got Nameservice: ns@lab30.cpt.haw-hamburg.de
08.11 11:24:53,328|11083: Got Nameservice, trying to contact it for: 11692
08.11 11:24:53,354|11083: 11692 found, Name: 11692 Node: starter@lab21.cpt.haw-hamburg.de
08.11 11:24:53,355|11083: Abstimmung yes, sending to Next One
08.11 11:24:54,377|11083: Got Abstimmung
08.11 11:24:54,383|11083: Got it from someone else
08.11 11:24:54,389|11083: TimeDiff of 52 big enough
08.11 11:24:54,395|11083: Trying to get Nameservice: ns@lab30.cpt.haw-hamburg.de
08.11 11:24:54,218|11083: Got Nameservice: ns@lab30.cpt.haw-hamburg.de
08.11 11:24:54,229|11083: Got Nameservice, trying to contact it for: 11692
08.11 11:24:54,286|11083: 11692 found, Name: 11692 Node: starter@lab21.cpt.haw-hamburg.de
08.11 11:24:54,292|11083: Abstimmung yes, sending to Next One
08.11 11:25:04,601|11083: Got Abstimmung
08.11 11:25:04,607|11083: Got it from someone else
08.11 11:25:04,613|11083: TimeDiff of 62 big enough
08.11 11:25:04,618|11083: Trying to get Nameservice: ns@lab30.cpt.haw-hamburg.de
08.11 11:25:04,206|11083: Got Nameservice: ns@lab30.cpt.haw-hamburg.de
08.11 11:25:04,241|11083: Got Nameservice, trying to contact it for: 11692
08.11 11:25:04,800|11083: 11692 found, Name: 11692 Node: starter@lab21.cpt.haw-hamburg.de
08.11 11:25:04,054|11083: Abstimmung yes, sending to Next One
08.11 11:25:04,925|11083: Got Abstimmung
08.11 11:25:04,925|11083: Got it from someone else
08.11 11:25:04,926|11083: TimeDiff of 62 big enough
08.11 11:25:04,926|11083: Trying to get Nameservice: ns@lab30.cpt.haw-hamburg.de
08.11 11:25:04,980|11083: Got Nameservice: ns@lab30.cpt.haw-hamburg.de
08.11 11:25:04,983|11083: Got Nameservice, trying to contact it for: 11692
08.11 11:25:04,020|11083: 11692 found, Name: 11692 Node: starter@lab21.cpt.haw-hamburg.de
08.11 11:25:04,047|11083: Abstimmung yes, sending to Next One
08.11 11:25:05,591|11083: Got Abstimmung
08.11 11:25:05,592|11083: Got it from someone else
08.11 11:25:05,593|11083: TimeDiff of 63 big enough
08.11 11:25:05,593|11083: Trying to get Nameservice: ns@lab30.cpt.haw-hamburg.de
08.11 11:25:05,621|11083: Got Nameservice: ns@lab30.cpt.haw-hamburg.de
08.11 11:25:05,622|11083: Got Nameservice, trying to contact it for: 11692
08.11 11:25:05,627|11083: 11692 found, Name: 11692 Node: starter@lab21.cpt.haw-hamburg.de
08.11 11:25:05,628|11083: Abstimmung yes, sending to Next One
08.11 11:25:06,003|11083: Got Abstimmung
08.11 11:25:06,003|11083: Got it from someone else
08.11 11:25:06,004|11083: TimeDiff of 64 big enough
08.11 11:25:06,004|11083: Trying to get Nameservice: ns@lab30.cpt.haw-hamburg.de
08.11 11:25:06,010|11083: Got Nameservice: ns@lab30.cpt.haw-hamburg.de
08.11 11:25:06,010|11083: Got Nameservice, trying to contact it for: 11692
08.11 11:25:06,043|11083: 11692 found, Name: 11692 Node: starter@lab21.cpt.haw-hamburg.de
08.11 11:25:06,043|11083: Abstimmung yes, sending to Next One
08.11 11:25:07,230|11083: Got Abstimmung
08.11 11:25:07,236|11083: Got it from someone else
08.11 11:25:07,242|11083: TimeDiff of 65 big enough
08.11 11:25:07,248|11083: Trying to get Nameservice: ns@lab30.cpt.haw-hamburg.de
08.11 11:25:07,586|11083: Got Nameservice: ns@lab30.cpt.haw-hamburg.de
08.11 11:25:07,594|11083: Got Nameservice, trying to contact it for: 11692
08.11 11:25:07,646|11083: 11692 found, Name: 11692 Node: starter@lab21.cpt.haw-hamburg.de
08.11 11:25:07,653|11083: Abstimmung yes, sending to Next One
08.11 11:25:07,510|11083: Got Abstimmung
08.11 11:25:07,512|11083: Got it from someone else
08.11 11:25:07,515|11083: TimeDiff of 65 big enough
08.11 11:25:07,539|11083: Trying to get Nameservice: ns@lab30.cpt.haw-hamburg.de
08.11 11:25:07,603|11083: Got Nameservice: ns@lab30.cpt.haw-hamburg.de
08.11 11:25:07,604|11083: Got Nameservice, trying to contact it for: 11692
08.11 11:25:07,636|11083: 11692 found, Name: 11692 Node: starter@lab21.cpt.haw-hamburg.de
08.11 11:25:07,639|11083: Abstimmung yes, sending to Next One
08.11 11:25:14,605|11083: Got Nameservice: ns@lab30.cpt.haw-hamburg.de
08.11 11:25:14,661|11083: Unbinding from Nameservice
08.11 11:25:14,668|11083: Killed
