08.11 11:20:05,514|11032: Got Nameservice: ns@lab30.cpt.haw-hamburg.de
08.11 11:20:05,515|11032: Sende Nachricht an Nameservicenode: ns@lab30.cpt.haw-hamburg.de
08.11 11:20:05,516|11032: Nachricht an Nameservicenode gesendet
08.11 11:20:05,555|11032: Bind done
08.11 11:20:05,555|11032: Get Koordinator -> Get Dienst
08.11 11:20:05,556|11032: Trying to get Nameservice: ns@lab30.cpt.haw-hamburg.de
08.11 11:20:05,584|11032: Got Nameservice: ns@lab30.cpt.haw-hamburg.de
08.11 11:20:05,585|11032: Got Nameservice, trying to contact it for: chef
08.11 11:20:05,618|11032: chef found, Name: chef Node: ko@lab22.cpt.haw-hamburg.de
08.11 11:20:05,619|11032: Sende Nachricht an Koordinator: chef
08.11 11:20:05,623|11032: warte auf Nachbarmessage vom Koordinator
08.11 11:21:06,504|11032: Neighbors set. Left: 11673 Right: 11045|starting loop
08.11 11:21:12,710|11032: Starting with MI: 14663999025
08.11 11:21:12,711|11032: Starting new timer
08.11 11:21:15,753|11032: Trying to get Nameservice: ns@lab30.cpt.haw-hamburg.de
08.11 11:21:15,766|11032: Got Nameservice: ns@lab30.cpt.haw-hamburg.de
08.11 11:21:15,766|11032: Got Nameservice, trying to contact it for: 11045
08.11 11:21:15,904|11032: 11045 found, Name: 11045 Node: team10@lab24.cpt.haw-hamburg.de
08.11 11:21:15,907|11032: ABSTIMMUNG start
08.11 11:21:15,909|11032: Got Abstimmung
08.11 11:21:15,918|11032: Got it from someone else
08.11 11:21:15,919|11032: TimeDiff of 3 big enough
08.11 11:21:15,920|11032: Trying to get Nameservice: ns@lab30.cpt.haw-hamburg.de
08.11 11:21:15,134|11032: Got Nameservice: ns@lab30.cpt.haw-hamburg.de
08.11 11:21:15,135|11032: Got Nameservice, trying to contact it for: 11045
08.11 11:21:15,285|11032: 11045 found, Name: 11045 Node: team10@lab24.cpt.haw-hamburg.de
08.11 11:21:15,286|11032: Abstimmung yes, sending to Next One
08.11 11:21:15,286|11032: Got Abstimmung
08.11 11:21:15,287|11032: Got it from someone else
08.11 11:21:15,287|11032: TimeDiff of 3 big enough
08.11 11:21:15,288|11032: Trying to get Nameservice: ns@lab30.cpt.haw-hamburg.de
08.11 11:21:15,402|11032: Got Nameservice: ns@lab30.cpt.haw-hamburg.de
08.11 11:21:15,405|11032: Got Nameservice, trying to contact it for: 11045
08.11 11:21:15,573|11032: 11045 found, Name: 11045 Node: team10@lab24.cpt.haw-hamburg.de
08.11 11:21:15,577|11032: Abstimmung yes, sending to Next One
08.11 11:21:15,586|11032: Got Abstimmung
08.11 11:21:15,586|11032: Got it from someone else
08.11 11:21:15,587|11032: TimeDiff of 3 big enough
08.11 11:21:15,587|11032: Trying to get Nameservice: ns@lab30.cpt.haw-hamburg.de
08.11 11:21:15,686|11032: Got Nameservice: ns@lab30.cpt.haw-hamburg.de
08.11 11:21:15,687|11032: Got Nameservice, trying to contact it for: 11045
08.11 11:21:15,820|11032: 11045 found, Name: 11045 Node: team10@lab24.cpt.haw-hamburg.de
08.11 11:21:15,821|11032: Abstimmung yes, sending to Next One
08.11 11:21:15,823|11032: Got Abstimmung
08.11 11:21:15,824|11032: Got it from someone else
08.11 11:21:15,824|11032: TimeDiff of 3 big enough
08.11 11:21:15,825|11032: Trying to get Nameservice: ns@lab30.cpt.haw-hamburg.de
08.11 11:21:15,981|11032: Got Nameservice: ns@lab30.cpt.haw-hamburg.de
08.11 11:21:15,982|11032: Got Nameservice, trying to contact it for: 11045
08.11 11:21:15,996|11032: 11045 found, Name: 11045 Node: team10@lab24.cpt.haw-hamburg.de
08.11 11:21:15,000|11032: Abstimmung yes, sending to Next One
08.11 11:21:15,003|11032: Got Abstimmung
08.11 11:21:15,004|11032: Got it from someone else
08.11 11:21:15,006|11032: TimeDiff of 3 big enough
08.11 11:21:15,008|11032: Trying to get Nameservice: ns@lab30.cpt.haw-hamburg.de
08.11 11:21:15,033|11032: Got Nameservice: ns@lab30.cpt.haw-hamburg.de
08.11 11:21:15,036|11032: Got Nameservice, trying to contact it for: 11045
08.11 11:21:15,086|11032: 11045 found, Name: 11045 Node: team10@lab24.cpt.haw-hamburg.de
08.11 11:21:15,090|11032: Abstimmung yes, sending to Next One
08.11 11:21:15,095|11032: Got Abstimmung
08.11 11:21:15,100|11032: Got it from someone else
08.11 11:21:15,101|11032: TimeDiff of 3 big enough
08.11 11:21:15,102|11032: Trying to get Nameservice: ns@lab30.cpt.haw-hamburg.de
08.11 11:21:15,132|11032: Got Nameservice: ns@lab30.cpt.haw-hamburg.de
08.11 11:21:15,133|11032: Got Nameservice, trying to contact it for: 11045
08.11 11:21:15,142|11032: 11045 found, Name: 11045 Node: team10@lab24.cpt.haw-hamburg.de
08.11 11:21:15,144|11032: Abstimmung yes, sending to Next One
08.11 11:21:15,145|11032: Got Abstimmung
08.11 11:21:15,147|11032: Got it from someone else
08.11 11:21:15,148|11032: TimeDiff of 3 big enough
08.11 11:21:15,148|11032: Trying to get Nameservice: ns@lab30.cpt.haw-hamburg.de
08.11 11:21:15,162|11032: Got Nameservice: ns@lab30.cpt.haw-hamburg.de
08.11 11:21:15,163|11032: Got Nameservice, trying to contact it for: 11045
08.11 11:21:15,175|11032: 11045 found, Name: 11045 Node: team10@lab24.cpt.haw-hamburg.de
08.11 11:21:15,176|11032: Abstimmung yes, sending to Next One
08.11 11:21:15,411|11032: Got Abstimmung
08.11 11:21:15,412|11032: Got it from someone else
08.11 11:21:15,413|11032: TimeDiff of 3 big enough
08.11 11:21:15,413|11032: Trying to get Nameservice: ns@lab30.cpt.haw-hamburg.de
08.11 11:21:15,436|11032: Got Nameservice: ns@lab30.cpt.haw-hamburg.de
08.11 11:21:15,438|11032: Got Nameservice, trying to contact it for: 11045
08.11 11:21:15,514|11032: 11045 found, Name: 11045 Node: team10@lab24.cpt.haw-hamburg.de
08.11 11:21:15,516|11032: Abstimmung yes, sending to Next One
08.11 11:21:15,652|11032: Got Abstimmung
08.11 11:21:15,652|11032: Got it from someone else
08.11 11:21:15,653|11032: TimeDiff of 3 big enough
08.11 11:21:15,653|11032: Trying to get Nameservice: ns@lab30.cpt.haw-hamburg.de
08.11 11:21:15,661|11032: Got Nameservice: ns@lab30.cpt.haw-hamburg.de
08.11 11:21:15,661|11032: Got Nameservice, trying to contact it for: 11045
08.11 11:21:15,665|11032: 11045 found, Name: 11045 Node: team10@lab24.cpt.haw-hamburg.de
08.11 11:21:15,666|11032: Abstimmung yes, sending to Next One
08.11 11:21:15,087|11032: Got Abstimmung
08.11 11:21:15,088|11032: Got it from someone else
08.11 11:21:15,088|11032: TimeDiff of 3 big enough
08.11 11:21:15,089|11032: Trying to get Nameservice: ns@lab30.cpt.haw-hamburg.de
08.11 11:21:15,107|11032: Got Nameservice: ns@lab30.cpt.haw-hamburg.de
08.11 11:21:15,107|11032: Got Nameservice, trying to contact it for: 11045
08.11 11:21:15,112|11032: 11045 found, Name: 11045 Node: team10@lab24.cpt.haw-hamburg.de
08.11 11:21:15,113|11032: Abstimmung yes, sending to Next One
08.11 11:21:15,561|11032: Got Abstimmung
08.11 11:21:15,564|11032: Got it from someone else
08.11 11:21:15,565|11032: TimeDiff of 3 big enough
08.11 11:21:15,566|11032: Trying to get Nameservice: ns@lab30.cpt.haw-hamburg.de
08.11 11:21:15,607|11032: Got Nameservice: ns@lab30.cpt.haw-hamburg.de
08.11 11:21:15,607|11032: Got Nameservice, trying to contact it for: 11045
08.11 11:21:15,684|11032: 11045 found, Name: 11045 Node: team10@lab24.cpt.haw-hamburg.de
08.11 11:21:15,686|11032: Abstimmung yes, sending to Next One
08.11 11:21:16,703|11032: Got Abstimmung
08.11 11:21:16,765|11032: Got it from someone else
08.11 11:21:16,820|11032: TimeDiff of 4 big enough
08.11 11:21:16,883|11032: Trying to get Nameservice: ns@lab30.cpt.haw-hamburg.de
08.11 11:21:16,098|11032: Got Nameservice: ns@lab30.cpt.haw-hamburg.de
08.11 11:21:16,106|11032: Got Nameservice, trying to contact it for: 11045
08.11 11:21:16,425|11032: 11045 found, Name: 11045 Node: team10@lab24.cpt.haw-hamburg.de
08.11 11:21:16,433|11032: Abstimmung yes, sending to Next One
08.11 11:21:16,539|11032: Got Abstimmung
08.11 11:21:16,546|11032: Got it from someone else
08.11 11:21:16,552|11032: TimeDiff of 4 big enough
08.11 11:21:16,558|11032: Trying to get Nameservice: ns@lab30.cpt.haw-hamburg.de
08.11 11:21:16,096|11032: Got Nameservice: ns@lab30.cpt.haw-hamburg.de
08.11 11:21:16,102|11032: Got Nameservice, trying to contact it for: 11045
08.11 11:21:16,648|11032: 11045 found, Name: 11045 Node: team10@lab24.cpt.haw-hamburg.de
08.11 11:21:16,680|11032: Abstimmung yes, sending to Next One
08.11 11:21:16,095|11032: Got Abstimmung
08.11 11:21:16,096|11032: Got it from someone else
08.11 11:21:16,096|11032: TimeDiff of 4 big enough
08.11 11:21:16,097|11032: Trying to get Nameservice: ns@lab30.cpt.haw-hamburg.de
08.11 11:21:16,149|11032: Got Nameservice: ns@lab30.cpt.haw-hamburg.de
08.11 11:21:16,151|11032: Got Nameservice, trying to contact it for: 11045
08.11 11:21:16,166|11032: 11045 found, Name: 11045 Node: team10@lab24.cpt.haw-hamburg.de
08.11 11:21:16,167|11032: Abstimmung yes, sending to Next One
08.11 11:21:16,265|11032: Got Abstimmung
08.11 11:21:16,266|11032: Got it from someone else
08.11 11:21:16,267|11032: TimeDiff of 4 big enough
08.11 11:21:16,267|11032: Trying to get Nameservice: ns@lab30.cpt.haw-hamburg.de
08.11 11:21:16,293|11032: Got Nameservice: ns@lab30.cpt.haw-hamburg.de
08.11 11:21:16,296|11032: Got Nameservice, trying to contact it for: 11045
08.11 11:21:16,343|11032: 11045 found, Name: 11045 Node: team10@lab24.cpt.haw-hamburg.de
08.11 11:21:16,346|11032: Abstimmung yes, sending to Next One
08.11 11:21:16,035|11032: Got Abstimmung
08.11 11:21:16,036|11032: Got it from someone else
08.11 11:21:16,037|11032: TimeDiff of 4 big enough
08.11 11:21:16,038|11032: Trying to get Nameservice: ns@lab30.cpt.haw-hamburg.de
08.11 11:21:16,075|11032: Got Nameservice: ns@lab30.cpt.haw-hamburg.de
08.11 11:21:16,076|11032: Got Nameservice, trying to contact it for: 11045
08.11 11:21:16,126|11032: 11045 found, Name: 11045 Node: team10@lab24.cpt.haw-hamburg.de
08.11 11:21:16,130|11032: Abstimmung yes, sending to Next One
08.11 11:21:16,734|11032: Got Abstimmung
08.11 11:21:16,735|11032: Got it from someone else
08.11 11:21:16,737|11032: TimeDiff of 4 big enough
08.11 11:21:16,737|11032: Trying to get Nameservice: ns@lab30.cpt.haw-hamburg.de
08.11 11:21:16,772|11032: Got Nameservice: ns@lab30.cpt.haw-hamburg.de
08.11 11:21:16,773|11032: Got Nameservice, trying to contact it for: 11045
08.11 11:21:16,845|11032: 11045 found, Name: 11045 Node: team10@lab24.cpt.haw-hamburg.de
08.11 11:21:16,845|11032: Abstimmung yes, sending to Next One
08.11 11:21:16,149|11032: Got Abstimmung
08.11 11:21:16,150|11032: Got it from someone else
08.11 11:21:16,150|11032: TimeDiff of 4 big enough
08.11 11:21:16,151|11032: Trying to get Nameservice: ns@lab30.cpt.haw-hamburg.de
08.11 11:21:16,200|11032: Got Nameservice: ns@lab30.cpt.haw-hamburg.de
08.11 11:21:16,203|11032: Got Nameservice, trying to contact it for: 11045
08.11 11:21:16,251|11032: 11045 found, Name: 11045 Node: team10@lab24.cpt.haw-hamburg.de
08.11 11:21:16,254|11032: Abstimmung yes, sending to Next One
08.11 11:21:16,787|11032: Got Abstimmung
08.11 11:21:16,788|11032: Got it from someone else
08.11 11:21:16,789|11032: TimeDiff of 4 big enough
08.11 11:21:16,789|11032: Trying to get Nameservice: ns@lab30.cpt.haw-hamburg.de
08.11 11:21:16,826|11032: Got Nameservice: ns@lab30.cpt.haw-hamburg.de
08.11 11:21:16,828|11032: Got Nameservice, trying to contact it for: 11045
08.11 11:21:16,867|11032: 11045 found, Name: 11045 Node: team10@lab24.cpt.haw-hamburg.de
08.11 11:21:16,868|11032: Abstimmung yes, sending to Next One
08.11 11:21:16,095|11032: Got Abstimmung
08.11 11:21:16,095|11032: Got it from someone else
08.11 11:21:16,096|11032: TimeDiff of 4 big enough
08.11 11:21:16,096|11032: Trying to get Nameservice: ns@lab30.cpt.haw-hamburg.de
08.11 11:21:16,117|11032: Got Nameservice: ns@lab30.cpt.haw-hamburg.de
08.11 11:21:16,118|11032: Got Nameservice, trying to contact it for: 11045
08.11 11:21:16,159|11032: 11045 found, Name: 11045 Node: team10@lab24.cpt.haw-hamburg.de
08.11 11:21:16,159|11032: Abstimmung yes, sending to Next One
08.11 11:21:16,163|11032: Got Abstimmung
08.11 11:21:16,164|11032: Got it from someone else
08.11 11:21:16,165|11032: TimeDiff of 4 big enough
08.11 11:21:16,165|11032: Trying to get Nameservice: ns@lab30.cpt.haw-hamburg.de
08.11 11:21:16,192|11032: Got Nameservice: ns@lab30.cpt.haw-hamburg.de
08.11 11:21:16,193|11032: Got Nameservice, trying to contact it for: 11045
08.11 11:21:16,241|11032: 11045 found, Name: 11045 Node: team10@lab24.cpt.haw-hamburg.de
08.11 11:21:16,242|11032: Abstimmung yes, sending to Next One
08.11 11:21:16,166|11032: Got Abstimmung
08.11 11:21:16,167|11032: Got it from someone else
08.11 11:21:16,167|11032: TimeDiff of 4 big enough
08.11 11:21:16,168|11032: Trying to get Nameservice: ns@lab30.cpt.haw-hamburg.de
08.11 11:21:16,225|11032: Got Nameservice: ns@lab30.cpt.haw-hamburg.de
08.11 11:21:16,226|11032: Got Nameservice, trying to contact it for: 11045
08.11 11:21:16,267|11032: 11045 found, Name: 11045 Node: team10@lab24.cpt.haw-hamburg.de
08.11 11:21:16,268|11032: Abstimmung yes, sending to Next One
08.11 11:21:17,142|11032: Got Abstimmung
08.11 11:21:17,142|11032: Got it from someone else
08.11 11:21:17,143|11032: TimeDiff of 5 big enough
08.11 11:21:17,144|11032: Trying to get Nameservice: ns@lab30.cpt.haw-hamburg.de
08.11 11:21:17,239|11032: Got Nameservice: ns@lab30.cpt.haw-hamburg.de
08.11 11:21:17,240|11032: Got Nameservice, trying to contact it for: 11045
08.11 11:21:17,339|11032: 11045 found, Name: 11045 Node: team10@lab24.cpt.haw-hamburg.de
08.11 11:21:17,339|11032: Abstimmung yes, sending to Next One
08.11 11:21:17,997|11032: Got Abstimmung
08.11 11:21:17,998|11032: Got it from someone else
08.11 11:21:17,999|11032: TimeDiff of 5 big enough
08.11 11:21:17,000|11032: Trying to get Nameservice: ns@lab30.cpt.haw-hamburg.de
08.11 11:21:17,006|11032: Got Nameservice: ns@lab30.cpt.haw-hamburg.de
08.11 11:21:17,007|11032: Got Nameservice, trying to contact it for: 11045
08.11 11:21:17,085|11032: 11045 found, Name: 11045 Node: team10@lab24.cpt.haw-hamburg.de
08.11 11:21:17,087|11032: Abstimmung yes, sending to Next One
08.11 11:21:18,047|11032: Got Abstimmung
08.11 11:21:18,056|11032: Got it from someone else
08.11 11:21:18,062|11032: TimeDiff of 6 big enough
08.11 11:21:18,068|11032: Trying to get Nameservice: ns@lab30.cpt.haw-hamburg.de
08.11 11:21:18,275|11032: Got Nameservice: ns@lab30.cpt.haw-hamburg.de
08.11 11:21:18,283|11032: Got Nameservice, trying to contact it for: 11045
08.11 11:21:18,868|11032: 11045 found, Name: 11045 Node: team10@lab24.cpt.haw-hamburg.de
08.11 11:21:18,885|11032: Abstimmung yes, sending to Next One
08.11 11:21:18,986|11032: Got Abstimmung
08.11 11:21:18,987|11032: Got it from someone else
08.11 11:21:18,988|11032: TimeDiff of 6 big enough
08.11 11:21:18,989|11032: Trying to get Nameservice: ns@lab30.cpt.haw-hamburg.de
08.11 11:21:18,996|11032: Got Nameservice: ns@lab30.cpt.haw-hamburg.de
08.11 11:21:18,996|11032: Got Nameservice, trying to contact it for: 11045
08.11 11:21:18,000|11032: 11045 found, Name: 11045 Node: team10@lab24.cpt.haw-hamburg.de
08.11 11:21:18,000|11032: Abstimmung yes, sending to Next One
08.11 11:21:19,372|11032: Got Abstimmung
08.11 11:21:19,379|11032: Got it from someone else
08.11 11:21:19,385|11032: TimeDiff of 7 big enough
08.11 11:21:19,391|11032: Trying to get Nameservice: ns@lab30.cpt.haw-hamburg.de
08.11 11:21:19,715|11032: Got Nameservice: ns@lab30.cpt.haw-hamburg.de
08.11 11:21:19,726|11032: Got Nameservice, trying to contact it for: 11045
08.11 11:21:19,517|11032: 11045 found, Name: 11045 Node: team10@lab24.cpt.haw-hamburg.de
08.11 11:21:19,524|11032: Abstimmung yes, sending to Next One
08.11 11:21:19,022|11032: Got Abstimmung
08.11 11:21:19,023|11032: Got it from someone else
08.11 11:21:19,023|11032: TimeDiff of 7 big enough
08.11 11:21:19,024|11032: Trying to get Nameservice: ns@lab30.cpt.haw-hamburg.de
08.11 11:21:19,029|11032: Got Nameservice: ns@lab30.cpt.haw-hamburg.de
08.11 11:21:19,030|11032: Got Nameservice, trying to contact it for: 11045
08.11 11:21:19,036|11032: 11045 found, Name: 11045 Node: team10@lab24.cpt.haw-hamburg.de
08.11 11:21:19,038|11032: Abstimmung yes, sending to Next One
08.11 11:21:19,131|11032: Got Abstimmung
08.11 11:21:19,132|11032: Got it from someone else
08.11 11:21:19,132|11032: TimeDiff of 7 big enough
08.11 11:21:19,133|11032: Trying to get Nameservice: ns@lab30.cpt.haw-hamburg.de
08.11 11:21:19,158|11032: Got Nameservice: ns@lab30.cpt.haw-hamburg.de
08.11 11:21:19,159|11032: Got Nameservice, trying to contact it for: 11045
08.11 11:21:19,242|11032: 11045 found, Name: 11045 Node: team10@lab24.cpt.haw-hamburg.de
08.11 11:21:19,244|11032: Abstimmung yes, sending to Next One
08.11 11:21:19,156|11032: Got Abstimmung
08.11 11:21:19,157|11032: Got it from someone else
08.11 11:21:19,158|11032: TimeDiff of 7 big enough
08.11 11:21:19,158|11032: Trying to get Nameservice: ns@lab30.cpt.haw-hamburg.de
08.11 11:21:19,165|11032: Got Nameservice: ns@lab30.cpt.haw-hamburg.de
08.11 11:21:19,165|11032: Got Nameservice, trying to contact it for: 11045
08.11 11:21:19,170|11032: 11045 found, Name: 11045 Node: team10@lab24.cpt.haw-hamburg.de
08.11 11:21:19,171|11032: Abstimmung yes, sending to Next One
08.11 11:21:20,804|11032: Got Abstimmung
08.11 11:21:20,805|11032: Got it from someone else
08.11 11:21:20,805|11032: TimeDiff of 8 big enough
08.11 11:21:20,806|11032: Trying to get Nameservice: ns@lab30.cpt.haw-hamburg.de
08.11 11:21:20,815|11032: Got Nameservice: ns@lab30.cpt.haw-hamburg.de
08.11 11:21:20,816|11032: Got Nameservice, trying to contact it for: 11045
08.11 11:21:20,821|11032: 11045 found, Name: 11045 Node: team10@lab24.cpt.haw-hamburg.de
08.11 11:21:20,822|11032: Abstimmung yes, sending to Next One
08.11 11:21:20,809|11032: Got Abstimmung
08.11 11:21:20,810|11032: Got it from someone else
08.11 11:21:20,811|11032: TimeDiff of 8 big enough
08.11 11:21:20,811|11032: Trying to get Nameservice: ns@lab30.cpt.haw-hamburg.de
08.11 11:21:20,817|11032: Got Nameservice: ns@lab30.cpt.haw-hamburg.de
08.11 11:21:20,817|11032: Got Nameservice, trying to contact it for: 11045
08.11 11:21:20,823|11032: 11045 found, Name: 11045 Node: team10@lab24.cpt.haw-hamburg.de
08.11 11:21:20,824|11032: Abstimmung yes, sending to Next One
08.11 11:21:25,861|11032: Got Abstimmung
08.11 11:21:25,862|11032: Got it from someone else
08.11 11:21:25,863|11032: TimeDiff of 13 big enough
08.11 11:21:25,864|11032: Trying to get Nameservice: ns@lab30.cpt.haw-hamburg.de
08.11 11:21:25,870|11032: Got Nameservice: ns@lab30.cpt.haw-hamburg.de
08.11 11:21:25,870|11032: Got Nameservice, trying to contact it for: 11045
08.11 11:21:25,876|11032: 11045 found, Name: 11045 Node: team10@lab24.cpt.haw-hamburg.de
08.11 11:21:25,877|11032: Abstimmung yes, sending to Next One
08.11 11:21:25,725|11032: Got Abstimmung
08.11 11:21:25,726|11032: Got it from someone else
08.11 11:21:25,726|11032: TimeDiff of 13 big enough
08.11 11:21:25,727|11032: Trying to get Nameservice: ns@lab30.cpt.haw-hamburg.de
08.11 11:21:25,733|11032: Got Nameservice: ns@lab30.cpt.haw-hamburg.de
08.11 11:21:25,734|11032: Got Nameservice, trying to contact it for: 11045
08.11 11:21:25,740|11032: 11045 found, Name: 11045 Node: team10@lab24.cpt.haw-hamburg.de
08.11 11:21:25,740|11032: Abstimmung yes, sending to Next One
08.11 11:21:26,066|11032: Got Abstimmung
08.11 11:21:26,067|11032: Got it from someone else
08.11 11:21:26,068|11032: TimeDiff of 14 big enough
08.11 11:21:26,068|11032: Trying to get Nameservice: ns@lab30.cpt.haw-hamburg.de
08.11 11:21:26,074|11032: Got Nameservice: ns@lab30.cpt.haw-hamburg.de
08.11 11:21:26,074|11032: Got Nameservice, trying to contact it for: 11045
08.11 11:21:26,079|11032: 11045 found, Name: 11045 Node: team10@lab24.cpt.haw-hamburg.de
08.11 11:21:26,080|11032: Abstimmung yes, sending to Next One
08.11 11:21:26,116|11032: Got Abstimmung
08.11 11:21:26,117|11032: Got it from someone else
08.11 11:21:26,118|11032: TimeDiff of 14 big enough
08.11 11:21:26,118|11032: Trying to get Nameservice: ns@lab30.cpt.haw-hamburg.de
08.11 11:21:26,124|11032: Got Nameservice: ns@lab30.cpt.haw-hamburg.de
08.11 11:21:26,125|11032: Got Nameservice, trying to contact it for: 11045
08.11 11:21:26,132|11032: 11045 found, Name: 11045 Node: team10@lab24.cpt.haw-hamburg.de
08.11 11:21:26,133|11032: Abstimmung yes, sending to Next One
08.11 11:21:26,866|11032: Got Abstimmung
08.11 11:21:26,867|11032: Got it from someone else
08.11 11:21:26,868|11032: TimeDiff of 14 big enough
08.11 11:21:26,869|11032: Trying to get Nameservice: ns@lab30.cpt.haw-hamburg.de
08.11 11:21:26,876|11032: Got Nameservice: ns@lab30.cpt.haw-hamburg.de
08.11 11:21:26,876|11032: Got Nameservice, trying to contact it for: 11045
08.11 11:21:26,881|11032: 11045 found, Name: 11045 Node: team10@lab24.cpt.haw-hamburg.de
08.11 11:21:26,882|11032: Abstimmung yes, sending to Next One
08.11 11:21:27,358|11032: Got Abstimmung
08.11 11:21:27,359|11032: Got it from someone else
08.11 11:21:27,359|11032: TimeDiff of 15 big enough
08.11 11:21:27,360|11032: Trying to get Nameservice: ns@lab30.cpt.haw-hamburg.de
08.11 11:21:27,365|11032: Got Nameservice: ns@lab30.cpt.haw-hamburg.de
08.11 11:21:27,366|11032: Got Nameservice, trying to contact it for: 11045
08.11 11:21:27,375|11032: 11045 found, Name: 11045 Node: team10@lab24.cpt.haw-hamburg.de
08.11 11:21:27,376|11032: Abstimmung yes, sending to Next One
08.11 11:21:27,401|11032: Got Abstimmung
08.11 11:21:27,402|11032: Got it from someone else
08.11 11:21:27,402|11032: TimeDiff of 15 big enough
08.11 11:21:27,403|11032: Trying to get Nameservice: ns@lab30.cpt.haw-hamburg.de
08.11 11:21:27,408|11032: Got Nameservice: ns@lab30.cpt.haw-hamburg.de
08.11 11:21:27,408|11032: Got Nameservice, trying to contact it for: 11045
08.11 11:21:27,414|11032: 11045 found, Name: 11045 Node: team10@lab24.cpt.haw-hamburg.de
08.11 11:21:27,415|11032: Abstimmung yes, sending to Next One
08.11 11:21:28,560|11032: Got Abstimmung
08.11 11:21:28,561|11032: Got it from someone else
08.11 11:21:28,561|11032: TimeDiff of 16 big enough
08.11 11:21:28,562|11032: Trying to get Nameservice: ns@lab30.cpt.haw-hamburg.de
08.11 11:21:28,567|11032: Got Nameservice: ns@lab30.cpt.haw-hamburg.de
08.11 11:21:28,568|11032: Got Nameservice, trying to contact it for: 11045
08.11 11:21:28,572|11032: 11045 found, Name: 11045 Node: team10@lab24.cpt.haw-hamburg.de
08.11 11:21:28,573|11032: Abstimmung yes, sending to Next One
08.11 11:21:29,126|11032: Got Abstimmung
08.11 11:21:29,137|11032: Got it from someone else
08.11 11:21:29,143|11032: TimeDiff of 17 big enough
08.11 11:21:29,149|11032: Trying to get Nameservice: ns@lab30.cpt.haw-hamburg.de
08.11 11:21:29,209|11032: Got Nameservice: ns@lab30.cpt.haw-hamburg.de
08.11 11:21:29,216|11032: Got Nameservice, trying to contact it for: 11045
08.11 11:21:29,325|11032: 11045 found, Name: 11045 Node: team10@lab24.cpt.haw-hamburg.de
08.11 11:21:29,340|11032: Abstimmung yes, sending to Next One
08.11 11:21:30,378|11032: Got Abstimmung
08.11 11:21:30,381|11032: Got it from someone else
08.11 11:21:30,383|11032: TimeDiff of 18 big enough
08.11 11:21:30,385|11032: Trying to get Nameservice: ns@lab30.cpt.haw-hamburg.de
08.11 11:21:30,466|11032: Got Nameservice: ns@lab30.cpt.haw-hamburg.de
08.11 11:21:30,467|11032: Got Nameservice, trying to contact it for: 11045
08.11 11:21:30,495|11032: 11045 found, Name: 11045 Node: team10@lab24.cpt.haw-hamburg.de
08.11 11:21:30,496|11032: Abstimmung yes, sending to Next One
08.11 11:21:33,516|11032: Got Abstimmung
08.11 11:21:33,517|11032: Got it from someone else
08.11 11:21:33,517|11032: TimeDiff of 21 big enough
08.11 11:21:33,518|11032: Trying to get Nameservice: ns@lab30.cpt.haw-hamburg.de
08.11 11:21:33,523|11032: Got Nameservice: ns@lab30.cpt.haw-hamburg.de
08.11 11:21:33,524|11032: Got Nameservice, trying to contact it for: 11045
08.11 11:21:33,529|11032: 11045 found, Name: 11045 Node: team10@lab24.cpt.haw-hamburg.de
08.11 11:21:33,529|11032: Abstimmung yes, sending to Next One
08.11 11:21:36,009|11032: Got Abstimmung
08.11 11:21:36,010|11032: Got it from someone else
08.11 11:21:36,011|11032: TimeDiff of 24 big enough
08.11 11:21:36,012|11032: Trying to get Nameservice: ns@lab30.cpt.haw-hamburg.de
08.11 11:21:36,022|11032: Got Nameservice: ns@lab30.cpt.haw-hamburg.de
08.11 11:21:36,022|11032: Got Nameservice, trying to contact it for: 11045
08.11 11:21:36,059|11032: 11045 found, Name: 11045 Node: team10@lab24.cpt.haw-hamburg.de
08.11 11:21:36,059|11032: Abstimmung yes, sending to Next One
08.11 11:21:36,945|11032: Got Abstimmung
08.11 11:21:36,946|11032: Got it from someone else
08.11 11:21:36,947|11032: TimeDiff of 24 big enough
08.11 11:21:36,947|11032: Trying to get Nameservice: ns@lab30.cpt.haw-hamburg.de
08.11 11:21:36,965|11032: Got Nameservice: ns@lab30.cpt.haw-hamburg.de
08.11 11:21:36,966|11032: Got Nameservice, trying to contact it for: 11045
08.11 11:21:37,638|11032: 11045 found, Name: 11045 Node: team10@lab24.cpt.haw-hamburg.de
08.11 11:21:37,735|11032: Abstimmung yes, sending to Next One
08.11 11:21:37,470|11032: Got Abstimmung
08.11 11:21:37,471|11032: Got it from someone else
08.11 11:21:37,471|11032: TimeDiff of 25 big enough
08.11 11:21:37,472|11032: Trying to get Nameservice: ns@lab30.cpt.haw-hamburg.de
08.11 11:21:37,478|11032: Got Nameservice: ns@lab30.cpt.haw-hamburg.de
08.11 11:21:37,478|11032: Got Nameservice, trying to contact it for: 11045
08.11 11:21:37,485|11032: 11045 found, Name: 11045 Node: team10@lab24.cpt.haw-hamburg.de
08.11 11:21:37,485|11032: Abstimmung yes, sending to Next One
08.11 11:21:37,977|11032: Got Abstimmung
08.11 11:21:37,978|11032: Got it from someone else
08.11 11:21:37,980|11032: TimeDiff of 25 big enough
08.11 11:21:37,981|11032: Trying to get Nameservice: ns@lab30.cpt.haw-hamburg.de
08.11 11:21:37,988|11032: Got Nameservice: ns@lab30.cpt.haw-hamburg.de
08.11 11:21:37,989|11032: Got Nameservice, trying to contact it for: 11045
08.11 11:21:37,994|11032: 11045 found, Name: 11045 Node: team10@lab24.cpt.haw-hamburg.de
08.11 11:21:37,995|11032: Abstimmung yes, sending to Next One
08.11 11:21:37,507|11032: Got Abstimmung
08.11 11:21:37,508|11032: Got it from someone else
08.11 11:21:37,509|11032: TimeDiff of 25 big enough
08.11 11:21:37,509|11032: Trying to get Nameservice: ns@lab30.cpt.haw-hamburg.de
08.11 11:21:37,517|11032: Got Nameservice: ns@lab30.cpt.haw-hamburg.de
08.11 11:21:37,518|11032: Got Nameservice, trying to contact it for: 11045
08.11 11:21:37,543|11032: 11045 found, Name: 11045 Node: team10@lab24.cpt.haw-hamburg.de
08.11 11:21:37,544|11032: Abstimmung yes, sending to Next One
08.11 11:21:38,345|11032: Got Abstimmung
08.11 11:21:38,346|11032: Got it from someone else
08.11 11:21:38,346|11032: TimeDiff of 26 big enough
08.11 11:21:38,347|11032: Trying to get Nameservice: ns@lab30.cpt.haw-hamburg.de
08.11 11:21:38,353|11032: Got Nameservice: ns@lab30.cpt.haw-hamburg.de
08.11 11:21:38,354|11032: Got Nameservice, trying to contact it for: 11045
08.11 11:21:38,359|11032: 11045 found, Name: 11045 Node: team10@lab24.cpt.haw-hamburg.de
08.11 11:21:38,384|11032: Abstimmung yes, sending to Next One
08.11 11:21:38,990|11032: Got Abstimmung
08.11 11:21:38,991|11032: Got it from someone else
08.11 11:21:38,992|11032: TimeDiff of 26 big enough
08.11 11:21:38,992|11032: Trying to get Nameservice: ns@lab30.cpt.haw-hamburg.de
08.11 11:21:38,000|11032: Got Nameservice: ns@lab30.cpt.haw-hamburg.de
08.11 11:21:38,001|11032: Got Nameservice, trying to contact it for: 11045
08.11 11:21:38,003|11032: 11045 found, Name: 11045 Node: team10@lab24.cpt.haw-hamburg.de
08.11 11:21:38,004|11032: Abstimmung yes, sending to Next One
08.11 11:21:39,648|11032: Got Y: 117
08.11 11:21:39,649|11032: Starting new timer
08.11 11:21:39,650|11032: Caculating new MI: 117 Y: 117
08.11 11:21:39,690|11032: Trying to get Nameservice: ns@lab30.cpt.haw-hamburg.de
08.11 11:21:39,696|11032: Got Nameservice: ns@lab30.cpt.haw-hamburg.de
08.11 11:21:39,697|11032: Got Nameservice, trying to contact it for: 11673
08.11 11:21:39,702|11032: 11673 found, Name: 11673 Node: starter@lab21.cpt.haw-hamburg.de
08.11 11:21:39,703|11032: Sending Y: 117 to Left
08.11 11:21:39,704|11032: Trying to get Nameservice: ns@lab30.cpt.haw-hamburg.de
08.11 11:21:39,737|11032: Got Nameservice: ns@lab30.cpt.haw-hamburg.de
08.11 11:21:39,743|11032: Got Nameservice, trying to contact it for: 11045
08.11 11:21:39,756|11032: 11045 found, Name: 11045 Node: team10@lab24.cpt.haw-hamburg.de
08.11 11:21:39,757|11032: Sending Y: 117 to Right
08.11 11:21:39,757|11032: Get Koordinator -> Get Dienst
08.11 11:21:39,759|11032: Trying to get Nameservice: ns@lab30.cpt.haw-hamburg.de
08.11 11:21:39,811|11032: Got Nameservice: ns@lab30.cpt.haw-hamburg.de
08.11 11:21:39,814|11032: Got Nameservice, trying to contact it for: chef
08.11 11:21:39,822|11032: chef found, Name: chef Node: ko@lab22.cpt.haw-hamburg.de
08.11 11:21:39,822|11032: BriefMi to Koord: 117
08.11 11:21:39,861|11032: Got Y: 117
08.11 11:21:39,889|11032: Killing old timer in Y
08.11 11:21:39,898|11032: Starting new timer
08.11 11:21:39,900|11032: New Y: 117 >= Mi: 117
08.11 11:21:39,482|11032: Got Y: 13
08.11 11:21:39,485|11032: Killing old timer in Y
08.11 11:21:39,486|11032: Starting new timer
08.11 11:21:39,487|11032: Caculating new MI: 13 Y: 13
08.11 11:21:39,521|11032: Trying to get Nameservice: ns@lab30.cpt.haw-hamburg.de
08.11 11:21:39,613|11032: Got Nameservice: ns@lab30.cpt.haw-hamburg.de
08.11 11:21:39,616|11032: Got Nameservice, trying to contact it for: 11673
08.11 11:21:39,635|11032: 11673 found, Name: 11673 Node: starter@lab21.cpt.haw-hamburg.de
08.11 11:21:39,636|11032: Sending Y: 13 to Left
08.11 11:21:39,637|11032: Trying to get Nameservice: ns@lab30.cpt.haw-hamburg.de
08.11 11:21:39,674|11032: Got Nameservice: ns@lab30.cpt.haw-hamburg.de
08.11 11:21:39,675|11032: Got Nameservice, trying to contact it for: 11045
08.11 11:21:39,743|11032: 11045 found, Name: 11045 Node: team10@lab24.cpt.haw-hamburg.de
08.11 11:21:39,744|11032: Sending Y: 13 to Right
08.11 11:21:39,745|11032: Get Koordinator -> Get Dienst
08.11 11:21:39,745|11032: Trying to get Nameservice: ns@lab30.cpt.haw-hamburg.de
08.11 11:21:39,786|11032: Got Nameservice: ns@lab30.cpt.haw-hamburg.de
08.11 11:21:39,787|11032: Got Nameservice, trying to contact it for: chef
08.11 11:21:39,853|11032: chef found, Name: chef Node: ko@lab22.cpt.haw-hamburg.de
08.11 11:21:39,853|11032: BriefMi to Koord: 13
08.11 11:21:39,471|11032: Got Abstimmung
08.11 11:21:39,474|11032: Got it from someone else
08.11 11:21:39,476|11032: TimeDiff of 0 NOT big enough
08.11 11:21:39,572|11032: Got Abstimmung
08.11 11:21:39,573|11032: Got it from someone else
08.11 11:21:39,573|11032: TimeDiff of 0 NOT big enough
08.11 11:21:42,516|11032: Trying to get Nameservice: ns@lab30.cpt.haw-hamburg.de
08.11 11:21:42,522|11032: Got Nameservice: ns@lab30.cpt.haw-hamburg.de
08.11 11:21:42,523|11032: Got Nameservice, trying to contact it for: 11045
08.11 11:21:42,529|11032: 11045 found, Name: 11045 Node: team10@lab24.cpt.haw-hamburg.de
08.11 11:21:42,530|11032: ABSTIMMUNG start
08.11 11:21:42,487|11032: Got Abstimmung
08.11 11:21:42,487|11032: Got it from someone else
08.11 11:21:42,488|11032: TimeDiff of 3 big enough
08.11 11:21:42,489|11032: Trying to get Nameservice: ns@lab30.cpt.haw-hamburg.de
08.11 11:21:42,499|11032: Got Nameservice: ns@lab30.cpt.haw-hamburg.de
08.11 11:21:42,500|11032: Got Nameservice, trying to contact it for: 11045
08.11 11:21:42,531|11032: 11045 found, Name: 11045 Node: team10@lab24.cpt.haw-hamburg.de
08.11 11:21:42,531|11032: Abstimmung yes, sending to Next One
08.11 11:21:42,198|11032: Got Abstimmung
08.11 11:21:42,199|11032: Got it from someone else
08.11 11:21:42,200|11032: TimeDiff of 3 big enough
08.11 11:21:42,201|11032: Trying to get Nameservice: ns@lab30.cpt.haw-hamburg.de
08.11 11:21:42,206|11032: Got Nameservice: ns@lab30.cpt.haw-hamburg.de
08.11 11:21:42,207|11032: Got Nameservice, trying to contact it for: 11045
08.11 11:21:42,213|11032: 11045 found, Name: 11045 Node: team10@lab24.cpt.haw-hamburg.de
08.11 11:21:42,214|11032: Abstimmung yes, sending to Next One
08.11 11:21:43,481|11032: Got Abstimmung
08.11 11:21:43,481|11032: Got it from someone else
08.11 11:21:43,482|11032: TimeDiff of 4 big enough
08.11 11:21:43,483|11032: Trying to get Nameservice: ns@lab30.cpt.haw-hamburg.de
08.11 11:21:43,489|11032: Got Nameservice: ns@lab30.cpt.haw-hamburg.de
08.11 11:21:43,490|11032: Got Nameservice, trying to contact it for: 11045
08.11 11:21:43,495|11032: 11045 found, Name: 11045 Node: team10@lab24.cpt.haw-hamburg.de
08.11 11:21:43,496|11032: Abstimmung yes, sending to Next One
08.11 11:21:43,177|11032: Got Abstimmung
08.11 11:21:43,179|11032: Got it from someone else
08.11 11:21:43,182|11032: TimeDiff of 4 big enough
08.11 11:21:43,205|11032: Trying to get Nameservice: ns@lab30.cpt.haw-hamburg.de
08.11 11:21:43,267|11032: Got Nameservice: ns@lab30.cpt.haw-hamburg.de
08.11 11:21:43,270|11032: Got Nameservice, trying to contact it for: 11045
08.11 11:21:43,278|11032: 11045 found, Name: 11045 Node: team10@lab24.cpt.haw-hamburg.de
08.11 11:21:43,278|11032: Abstimmung yes, sending to Next One
08.11 11:21:43,686|11032: Got Abstimmung
08.11 11:21:43,687|11032: Got it from someone else
08.11 11:21:43,687|11032: TimeDiff of 4 big enough
08.11 11:21:43,688|11032: Trying to get Nameservice: ns@lab30.cpt.haw-hamburg.de
08.11 11:21:43,696|11032: Got Nameservice: ns@lab30.cpt.haw-hamburg.de
08.11 11:21:43,697|11032: Got Nameservice, trying to contact it for: 11045
08.11 11:21:43,723|11032: 11045 found, Name: 11045 Node: team10@lab24.cpt.haw-hamburg.de
08.11 11:21:43,723|11032: Abstimmung yes, sending to Next One
08.11 11:21:44,082|11032: Got Abstimmung
08.11 11:21:44,083|11032: Got it from someone else
08.11 11:21:44,084|11032: TimeDiff of 5 big enough
08.11 11:21:44,085|11032: Trying to get Nameservice: ns@lab30.cpt.haw-hamburg.de
08.11 11:21:44,090|11032: Got Nameservice: ns@lab30.cpt.haw-hamburg.de
08.11 11:21:44,091|11032: Got Nameservice, trying to contact it for: 11045
08.11 11:21:44,098|11032: 11045 found, Name: 11045 Node: team10@lab24.cpt.haw-hamburg.de
08.11 11:21:44,099|11032: Abstimmung yes, sending to Next One
08.11 11:21:44,520|11032: Got Y: 39
08.11 11:21:44,521|11032: Starting new timer
08.11 11:21:44,522|11032: New Y: 39 >= Mi: 13
08.11 11:21:46,925|11032: Got Abstimmung
08.11 11:21:46,927|11032: Got it from someone else
08.11 11:21:46,930|11032: TimeDiff of 2 big enough
08.11 11:21:46,951|11032: Trying to get Nameservice: ns@lab30.cpt.haw-hamburg.de
08.11 11:21:46,957|11032: Got Nameservice: ns@lab30.cpt.haw-hamburg.de
08.11 11:21:46,957|11032: Got Nameservice, trying to contact it for: 11045
08.11 11:21:46,011|11032: 11045 found, Name: 11045 Node: team10@lab24.cpt.haw-hamburg.de
08.11 11:21:46,011|11032: Abstimmung yes, sending to Next One
08.11 11:21:47,536|11032: Got Abstimmung
08.11 11:21:47,537|11032: Got it from someone else
08.11 11:21:47,538|11032: TimeDiff of 3 big enough
08.11 11:21:47,539|11032: Trying to get Nameservice: ns@lab30.cpt.haw-hamburg.de
08.11 11:21:47,561|11032: Got Nameservice: ns@lab30.cpt.haw-hamburg.de
08.11 11:21:47,562|11032: Got Nameservice, trying to contact it for: 11045
08.11 11:21:47,568|11032: 11045 found, Name: 11045 Node: team10@lab24.cpt.haw-hamburg.de
08.11 11:21:47,570|11032: Abstimmung yes, sending to Next One
08.11 11:21:47,563|11032: Trying to get Nameservice: ns@lab30.cpt.haw-hamburg.de
08.11 11:21:47,572|11032: Got Nameservice: ns@lab30.cpt.haw-hamburg.de
08.11 11:21:47,573|11032: Got Nameservice, trying to contact it for: 11045
08.11 11:21:47,576|11032: 11045 found, Name: 11045 Node: team10@lab24.cpt.haw-hamburg.de
08.11 11:21:47,576|11032: ABSTIMMUNG start
08.11 11:21:47,268|11032: Got Abstimmung
08.11 11:21:47,268|11032: Got it from someone else
08.11 11:21:47,269|11032: TimeDiff of 3 big enough
08.11 11:21:47,269|11032: Trying to get Nameservice: ns@lab30.cpt.haw-hamburg.de
08.11 11:21:47,278|11032: Got Nameservice: ns@lab30.cpt.haw-hamburg.de
08.11 11:21:47,279|11032: Got Nameservice, trying to contact it for: 11045
08.11 11:21:47,305|11032: 11045 found, Name: 11045 Node: team10@lab24.cpt.haw-hamburg.de
08.11 11:21:47,307|11032: Abstimmung yes, sending to Next One
08.11 11:21:50,164|11032: Got Abstimmung
08.11 11:21:50,165|11032: Got it from someone else
08.11 11:21:50,166|11032: TimeDiff of 6 big enough
08.11 11:21:50,166|11032: Trying to get Nameservice: ns@lab30.cpt.haw-hamburg.de
08.11 11:21:50,172|11032: Got Nameservice: ns@lab30.cpt.haw-hamburg.de
08.11 11:21:50,172|11032: Got Nameservice, trying to contact it for: 11045
08.11 11:21:50,178|11032: 11045 found, Name: 11045 Node: team10@lab24.cpt.haw-hamburg.de
08.11 11:21:50,179|11032: Abstimmung yes, sending to Next One
08.11 11:21:50,232|11032: Got Abstimmung
08.11 11:21:50,233|11032: Got it from someone else
08.11 11:21:50,233|11032: TimeDiff of 6 big enough
08.11 11:21:50,234|11032: Trying to get Nameservice: ns@lab30.cpt.haw-hamburg.de
08.11 11:21:50,240|11032: Got Nameservice: ns@lab30.cpt.haw-hamburg.de
08.11 11:21:50,241|11032: Got Nameservice, trying to contact it for: 11045
08.11 11:21:50,247|11032: 11045 found, Name: 11045 Node: team10@lab24.cpt.haw-hamburg.de
08.11 11:21:50,247|11032: Abstimmung yes, sending to Next One
08.11 11:21:51,848|11032: Got Abstimmung
08.11 11:21:51,849|11032: Got it from someone else
08.11 11:21:51,850|11032: TimeDiff of 7 big enough
08.11 11:21:51,850|11032: Trying to get Nameservice: ns@lab30.cpt.haw-hamburg.de
08.11 11:21:51,856|11032: Got Nameservice: ns@lab30.cpt.haw-hamburg.de
08.11 11:21:51,857|11032: Got Nameservice, trying to contact it for: 11045
08.11 11:21:51,882|11032: 11045 found, Name: 11045 Node: team10@lab24.cpt.haw-hamburg.de
08.11 11:21:51,882|11032: Abstimmung yes, sending to Next One
08.11 11:21:51,116|11032: Got Abstimmung
08.11 11:21:51,116|11032: Got it from someone else
08.11 11:21:51,117|11032: TimeDiff of 7 big enough
08.11 11:21:51,117|11032: Trying to get Nameservice: ns@lab30.cpt.haw-hamburg.de
08.11 11:21:51,137|11032: Got Nameservice: ns@lab30.cpt.haw-hamburg.de
08.11 11:21:51,137|11032: Got Nameservice, trying to contact it for: 11045
08.11 11:21:51,142|11032: 11045 found, Name: 11045 Node: team10@lab24.cpt.haw-hamburg.de
08.11 11:21:51,143|11032: Abstimmung yes, sending to Next One
08.11 11:21:52,771|11032: Got Y: 13
08.11 11:21:52,772|11032: Starting new timer
08.11 11:21:52,773|11032: New Y: 13 >= Mi: 13
08.11 11:21:55,256|11032: Got Abstimmung
08.11 11:21:55,257|11032: Got it from someone else
08.11 11:21:55,258|11032: TimeDiff of 3 big enough
08.11 11:21:55,258|11032: Trying to get Nameservice: ns@lab30.cpt.haw-hamburg.de
08.11 11:21:55,265|11032: Got Nameservice: ns@lab30.cpt.haw-hamburg.de
08.11 11:21:55,265|11032: Got Nameservice, trying to contact it for: 11045
08.11 11:21:55,271|11032: 11045 found, Name: 11045 Node: team10@lab24.cpt.haw-hamburg.de
08.11 11:21:55,272|11032: Abstimmung yes, sending to Next One
08.11 11:21:55,781|11032: Trying to get Nameservice: ns@lab30.cpt.haw-hamburg.de
08.11 11:21:55,787|11032: Got Nameservice: ns@lab30.cpt.haw-hamburg.de
08.11 11:21:55,787|11032: Got Nameservice, trying to contact it for: 11045
08.11 11:21:55,808|11032: 11045 found, Name: 11045 Node: team10@lab24.cpt.haw-hamburg.de
08.11 11:21:55,809|11032: ABSTIMMUNG start
08.11 11:21:55,712|11032: Got Abstimmung
08.11 11:21:55,713|11032: Got it from someone else
08.11 11:21:55,714|11032: TimeDiff of 3 big enough
08.11 11:21:55,714|11032: Trying to get Nameservice: ns@lab30.cpt.haw-hamburg.de
08.11 11:21:55,721|11032: Got Nameservice: ns@lab30.cpt.haw-hamburg.de
08.11 11:21:55,721|11032: Got Nameservice, trying to contact it for: 11045
08.11 11:21:55,726|11032: 11045 found, Name: 11045 Node: team10@lab24.cpt.haw-hamburg.de
08.11 11:21:55,727|11032: Abstimmung yes, sending to Next One
08.11 11:21:56,417|11032: Got Abstimmung
08.11 11:21:56,418|11032: Got it from someone else
08.11 11:21:56,418|11032: TimeDiff of 4 big enough
08.11 11:21:56,419|11032: Trying to get Nameservice: ns@lab30.cpt.haw-hamburg.de
08.11 11:21:56,424|11032: Got Nameservice: ns@lab30.cpt.haw-hamburg.de
08.11 11:21:56,425|11032: Got Nameservice, trying to contact it for: 11045
08.11 11:21:56,430|11032: 11045 found, Name: 11045 Node: team10@lab24.cpt.haw-hamburg.de
08.11 11:21:56,431|11032: Abstimmung yes, sending to Next One
08.11 11:21:56,031|11032: Got Abstimmung
08.11 11:21:56,032|11032: Got it from someone else
08.11 11:21:56,033|11032: TimeDiff of 4 big enough
08.11 11:21:56,034|11032: Trying to get Nameservice: ns@lab30.cpt.haw-hamburg.de
08.11 11:21:56,041|11032: Got Nameservice: ns@lab30.cpt.haw-hamburg.de
08.11 11:21:56,042|11032: Got Nameservice, trying to contact it for: 11045
08.11 11:21:56,070|11032: 11045 found, Name: 11045 Node: team10@lab24.cpt.haw-hamburg.de
08.11 11:21:56,071|11032: Abstimmung yes, sending to Next One
08.11 11:21:57,836|11032: Got Abstimmung
08.11 11:21:57,837|11032: Got it from someone else
08.11 11:21:57,837|11032: TimeDiff of 5 big enough
08.11 11:21:57,839|11032: Trying to get Nameservice: ns@lab30.cpt.haw-hamburg.de
08.11 11:21:57,845|11032: Got Nameservice: ns@lab30.cpt.haw-hamburg.de
08.11 11:21:57,847|11032: Got Nameservice, trying to contact it for: 11045
08.11 11:21:57,854|11032: 11045 found, Name: 11045 Node: team10@lab24.cpt.haw-hamburg.de
08.11 11:21:57,855|11032: Abstimmung yes, sending to Next One
08.11 11:21:57,147|11032: Got Abstimmung
08.11 11:21:57,148|11032: Got it from someone else
08.11 11:21:57,150|11032: TimeDiff of 5 big enough
08.11 11:21:57,151|11032: Trying to get Nameservice: ns@lab30.cpt.haw-hamburg.de
08.11 11:21:57,176|11032: Got Nameservice: ns@lab30.cpt.haw-hamburg.de
08.11 11:21:57,177|11032: Got Nameservice, trying to contact it for: 11045
08.11 11:21:57,182|11032: 11045 found, Name: 11045 Node: team10@lab24.cpt.haw-hamburg.de
08.11 11:21:57,183|11032: Abstimmung yes, sending to Next One
08.11 11:21:57,862|11032: Got Abstimmung
08.11 11:21:57,863|11032: Got it from someone else
08.11 11:21:57,864|11032: TimeDiff of 5 big enough
08.11 11:21:57,865|11032: Trying to get Nameservice: ns@lab30.cpt.haw-hamburg.de
08.11 11:21:57,872|11032: Got Nameservice: ns@lab30.cpt.haw-hamburg.de
08.11 11:21:57,873|11032: Got Nameservice, trying to contact it for: 11045
08.11 11:21:57,879|11032: 11045 found, Name: 11045 Node: team10@lab24.cpt.haw-hamburg.de
08.11 11:21:57,880|11032: Abstimmung yes, sending to Next One
08.11 11:21:58,119|11032: Got Abstimmung
08.11 11:21:58,120|11032: Got it from someone else
08.11 11:21:58,121|11032: TimeDiff of 6 big enough
08.11 11:21:58,121|11032: Trying to get Nameservice: ns@lab30.cpt.haw-hamburg.de
08.11 11:21:58,185|11032: Got Nameservice: ns@lab30.cpt.haw-hamburg.de
08.11 11:21:58,186|11032: Got Nameservice, trying to contact it for: 11045
08.11 11:21:58,202|11032: 11045 found, Name: 11045 Node: team10@lab24.cpt.haw-hamburg.de
08.11 11:21:58,203|11032: Abstimmung yes, sending to Next One
08.11 11:21:58,791|11032: Got Abstimmung
08.11 11:21:58,798|11032: Got it from someone else
08.11 11:21:58,799|11032: TimeDiff of 6 big enough
08.11 11:21:58,799|11032: Trying to get Nameservice: ns@lab30.cpt.haw-hamburg.de
08.11 11:21:58,804|11032: Got Nameservice: ns@lab30.cpt.haw-hamburg.de
08.11 11:21:58,805|11032: Got Nameservice, trying to contact it for: 11045
08.11 11:21:58,810|11032: 11045 found, Name: 11045 Node: team10@lab24.cpt.haw-hamburg.de
08.11 11:21:58,810|11032: Abstimmung yes, sending to Next One
08.11 11:21:59,261|11032: Got Abstimmung
08.11 11:21:59,261|11032: Got it from someone else
08.11 11:21:59,262|11032: TimeDiff of 7 big enough
08.11 11:21:59,263|11032: Trying to get Nameservice: ns@lab30.cpt.haw-hamburg.de
08.11 11:21:59,270|11032: Got Nameservice: ns@lab30.cpt.haw-hamburg.de
08.11 11:21:59,270|11032: Got Nameservice, trying to contact it for: 11045
08.11 11:21:59,297|11032: 11045 found, Name: 11045 Node: team10@lab24.cpt.haw-hamburg.de
08.11 11:21:59,298|11032: Abstimmung yes, sending to Next One
08.11 11:21:59,880|11032: Got Abstimmung
08.11 11:21:59,881|11032: Got it from someone else
08.11 11:21:59,882|11032: TimeDiff of 7 big enough
08.11 11:21:59,883|11032: Trying to get Nameservice: ns@lab30.cpt.haw-hamburg.de
08.11 11:21:59,888|11032: Got Nameservice: ns@lab30.cpt.haw-hamburg.de
08.11 11:21:59,889|11032: Got Nameservice, trying to contact it for: 11045
08.11 11:21:59,894|11032: 11045 found, Name: 11045 Node: team10@lab24.cpt.haw-hamburg.de
08.11 11:21:59,895|11032: Abstimmung yes, sending to Next One
08.11 11:22:00,025|11032: Got Abstimmung
08.11 11:22:00,026|11032: Got it from someone else
08.11 11:22:00,026|11032: TimeDiff of 8 big enough
08.11 11:22:00,027|11032: Trying to get Nameservice: ns@lab30.cpt.haw-hamburg.de
08.11 11:22:00,033|11032: Got Nameservice: ns@lab30.cpt.haw-hamburg.de
08.11 11:22:00,033|11032: Got Nameservice, trying to contact it for: 11045
08.11 11:22:00,070|11032: 11045 found, Name: 11045 Node: team10@lab24.cpt.haw-hamburg.de
08.11 11:22:00,071|11032: Abstimmung yes, sending to Next One
08.11 11:22:01,576|11032: Got Abstimmung
08.11 11:22:01,577|11032: Got it from someone else
08.11 11:22:01,577|11032: TimeDiff of 9 big enough
08.11 11:22:01,578|11032: Trying to get Nameservice: ns@lab30.cpt.haw-hamburg.de
08.11 11:22:01,589|11032: Got Nameservice: ns@lab30.cpt.haw-hamburg.de
08.11 11:22:01,590|11032: Got Nameservice, trying to contact it for: 11045
08.11 11:22:01,622|11032: 11045 found, Name: 11045 Node: team10@lab24.cpt.haw-hamburg.de
08.11 11:22:01,623|11032: Abstimmung yes, sending to Next One
08.11 11:22:02,932|11032: Got Abstimmung
08.11 11:22:02,932|11032: Got it from someone else
08.11 11:22:02,933|11032: TimeDiff of 10 big enough
08.11 11:22:02,934|11032: Trying to get Nameservice: ns@lab30.cpt.haw-hamburg.de
08.11 11:22:02,940|11032: Got Nameservice: ns@lab30.cpt.haw-hamburg.de
08.11 11:22:02,941|11032: Got Nameservice, trying to contact it for: 11045
08.11 11:22:02,984|11032: 11045 found, Name: 11045 Node: team10@lab24.cpt.haw-hamburg.de
08.11 11:22:02,985|11032: Abstimmung yes, sending to Next One
08.11 11:22:03,541|11032: Got Abstimmung
08.11 11:22:03,548|11032: Got it from someone else
08.11 11:22:03,554|11032: TimeDiff of 11 big enough
08.11 11:22:03,560|11032: Trying to get Nameservice: ns@lab30.cpt.haw-hamburg.de
08.11 11:22:03,616|11032: Got Nameservice: ns@lab30.cpt.haw-hamburg.de
08.11 11:22:03,623|11032: Got Nameservice, trying to contact it for: 11045
08.11 11:22:03,677|11032: 11045 found, Name: 11045 Node: team10@lab24.cpt.haw-hamburg.de
08.11 11:22:03,685|11032: Abstimmung yes, sending to Next One
08.11 11:22:03,545|11032: Got Abstimmung
08.11 11:22:03,545|11032: Got it from someone else
08.11 11:22:03,546|11032: TimeDiff of 11 big enough
08.11 11:22:03,547|11032: Trying to get Nameservice: ns@lab30.cpt.haw-hamburg.de
08.11 11:22:03,552|11032: Got Nameservice: ns@lab30.cpt.haw-hamburg.de
08.11 11:22:03,553|11032: Got Nameservice, trying to contact it for: 11045
08.11 11:22:03,561|11032: 11045 found, Name: 11045 Node: team10@lab24.cpt.haw-hamburg.de
08.11 11:22:03,562|11032: Abstimmung yes, sending to Next One
08.11 11:22:04,079|11032: Got Abstimmung
08.11 11:22:04,087|11032: Got it from someone else
08.11 11:22:04,094|11032: TimeDiff of 12 big enough
08.11 11:22:04,100|11032: Trying to get Nameservice: ns@lab30.cpt.haw-hamburg.de
08.11 11:22:04,455|11032: Got Nameservice: ns@lab30.cpt.haw-hamburg.de
08.11 11:22:04,462|11032: Got Nameservice, trying to contact it for: 11045
08.11 11:22:04,567|11032: 11045 found, Name: 11045 Node: team10@lab24.cpt.haw-hamburg.de
08.11 11:22:04,574|11032: Abstimmung yes, sending to Next One
08.11 11:22:04,992|11032: Got Abstimmung
08.11 11:22:04,993|11032: Got it from someone else
08.11 11:22:04,994|11032: TimeDiff of 12 big enough
08.11 11:22:04,994|11032: Trying to get Nameservice: ns@lab30.cpt.haw-hamburg.de
08.11 11:22:04,000|11032: Got Nameservice: ns@lab30.cpt.haw-hamburg.de
08.11 11:22:04,001|11032: Got Nameservice, trying to contact it for: 11045
08.11 11:22:04,005|11032: 11045 found, Name: 11045 Node: team10@lab24.cpt.haw-hamburg.de
08.11 11:22:04,006|11032: Abstimmung yes, sending to Next One
08.11 11:22:05,952|11032: Got Abstimmung
08.11 11:22:05,953|11032: Got it from someone else
08.11 11:22:05,954|11032: TimeDiff of 13 big enough
08.11 11:22:05,955|11032: Trying to get Nameservice: ns@lab30.cpt.haw-hamburg.de
08.11 11:22:05,963|11032: Got Nameservice: ns@lab30.cpt.haw-hamburg.de
08.11 11:22:05,963|11032: Got Nameservice, trying to contact it for: 11045
08.11 11:22:05,970|11032: 11045 found, Name: 11045 Node: team10@lab24.cpt.haw-hamburg.de
08.11 11:22:05,971|11032: Abstimmung yes, sending to Next One
08.11 11:22:05,628|11032: Got Abstimmung
08.11 11:22:05,629|11032: Got it from someone else
08.11 11:22:05,629|11032: TimeDiff of 13 big enough
08.11 11:22:05,630|11032: Trying to get Nameservice: ns@lab30.cpt.haw-hamburg.de
08.11 11:22:05,659|11032: Got Nameservice: ns@lab30.cpt.haw-hamburg.de
08.11 11:22:05,660|11032: Got Nameservice, trying to contact it for: 11045
08.11 11:22:05,670|11032: 11045 found, Name: 11045 Node: team10@lab24.cpt.haw-hamburg.de
08.11 11:22:05,671|11032: Abstimmung yes, sending to Next One
08.11 11:22:06,252|11032: Got Abstimmung
08.11 11:22:06,253|11032: Got it from someone else
08.11 11:22:06,253|11032: TimeDiff of 14 big enough
08.11 11:22:06,254|11032: Trying to get Nameservice: ns@lab30.cpt.haw-hamburg.de
08.11 11:22:06,259|11032: Got Nameservice: ns@lab30.cpt.haw-hamburg.de
08.11 11:22:06,260|11032: Got Nameservice, trying to contact it for: 11045
08.11 11:22:06,267|11032: 11045 found, Name: 11045 Node: team10@lab24.cpt.haw-hamburg.de
08.11 11:22:06,271|11032: Abstimmung yes, sending to Next One
08.11 11:22:06,760|11032: Got Abstimmung
08.11 11:22:06,761|11032: Got it from someone else
08.11 11:22:06,761|11032: TimeDiff of 14 big enough
08.11 11:22:06,762|11032: Trying to get Nameservice: ns@lab30.cpt.haw-hamburg.de
08.11 11:22:06,771|11032: Got Nameservice: ns@lab30.cpt.haw-hamburg.de
08.11 11:22:06,771|11032: Got Nameservice, trying to contact it for: 11045
08.11 11:22:06,774|11032: 11045 found, Name: 11045 Node: team10@lab24.cpt.haw-hamburg.de
08.11 11:22:06,775|11032: Abstimmung yes, sending to Next One
08.11 11:22:06,787|11032: Got Abstimmung
08.11 11:22:06,787|11032: Got it from someone else
08.11 11:22:06,788|11032: TimeDiff of 14 big enough
08.11 11:22:06,789|11032: Trying to get Nameservice: ns@lab30.cpt.haw-hamburg.de
08.11 11:22:06,794|11032: Got Nameservice: ns@lab30.cpt.haw-hamburg.de
08.11 11:22:06,795|11032: Got Nameservice, trying to contact it for: 11045
08.11 11:22:06,800|11032: 11045 found, Name: 11045 Node: team10@lab24.cpt.haw-hamburg.de
08.11 11:22:06,800|11032: Abstimmung yes, sending to Next One
08.11 11:22:06,011|11032: Got Abstimmung
08.11 11:22:06,012|11032: Got it from someone else
08.11 11:22:06,013|11032: TimeDiff of 14 big enough
08.11 11:22:06,013|11032: Trying to get Nameservice: ns@lab30.cpt.haw-hamburg.de
08.11 11:22:06,056|11032: Got Nameservice: ns@lab30.cpt.haw-hamburg.de
08.11 11:22:06,057|11032: Got Nameservice, trying to contact it for: 11045
08.11 11:22:06,062|11032: 11045 found, Name: 11045 Node: team10@lab24.cpt.haw-hamburg.de
08.11 11:22:06,063|11032: Abstimmung yes, sending to Next One
08.11 11:22:07,265|11032: Got Abstimmung
08.11 11:22:07,265|11032: Got it from someone else
08.11 11:22:07,266|11032: TimeDiff of 15 big enough
08.11 11:22:07,267|11032: Trying to get Nameservice: ns@lab30.cpt.haw-hamburg.de
08.11 11:22:07,274|11032: Got Nameservice: ns@lab30.cpt.haw-hamburg.de
08.11 11:22:07,275|11032: Got Nameservice, trying to contact it for: 11045
08.11 11:22:07,316|11032: 11045 found, Name: 11045 Node: team10@lab24.cpt.haw-hamburg.de
08.11 11:22:07,317|11032: Abstimmung yes, sending to Next One
08.11 11:22:07,331|11032: Got Abstimmung
08.11 11:22:07,331|11032: Got it from someone else
08.11 11:22:07,332|11032: TimeDiff of 15 big enough
08.11 11:22:07,333|11032: Trying to get Nameservice: ns@lab30.cpt.haw-hamburg.de
08.11 11:22:07,361|11032: Got Nameservice: ns@lab30.cpt.haw-hamburg.de
08.11 11:22:07,362|11032: Got Nameservice, trying to contact it for: 11045
08.11 11:22:07,367|11032: 11045 found, Name: 11045 Node: team10@lab24.cpt.haw-hamburg.de
08.11 11:22:07,368|11032: Abstimmung yes, sending to Next One
08.11 11:22:08,259|11032: Got Abstimmung
08.11 11:22:08,259|11032: Got it from someone else
08.11 11:22:08,260|11032: TimeDiff of 16 big enough
08.11 11:22:08,261|11032: Trying to get Nameservice: ns@lab30.cpt.haw-hamburg.de
08.11 11:22:08,267|11032: Got Nameservice: ns@lab30.cpt.haw-hamburg.de
08.11 11:22:08,268|11032: Got Nameservice, trying to contact it for: 11045
08.11 11:22:08,278|11032: 11045 found, Name: 11045 Node: team10@lab24.cpt.haw-hamburg.de
08.11 11:22:08,279|11032: Abstimmung yes, sending to Next One
08.11 11:22:09,425|11032: Got Abstimmung
08.11 11:22:09,426|11032: Got it from someone else
08.11 11:22:09,427|11032: TimeDiff of 17 big enough
08.11 11:22:09,427|11032: Trying to get Nameservice: ns@lab30.cpt.haw-hamburg.de
08.11 11:22:09,436|11032: Got Nameservice: ns@lab30.cpt.haw-hamburg.de
08.11 11:22:09,436|11032: Got Nameservice, trying to contact it for: 11045
08.11 11:22:09,475|11032: 11045 found, Name: 11045 Node: team10@lab24.cpt.haw-hamburg.de
08.11 11:22:09,476|11032: Abstimmung yes, sending to Next One
08.11 11:22:10,459|11032: Got Abstimmung
08.11 11:22:10,461|11032: Got it from myself
08.11 11:22:10,465|11032: Get Koordinator -> Get Dienst
08.11 11:22:10,487|11032: Trying to get Nameservice: ns@lab30.cpt.haw-hamburg.de
08.11 11:22:10,555|11032: Got Nameservice: ns@lab30.cpt.haw-hamburg.de
08.11 11:22:10,556|11032: Got Nameservice, trying to contact it for: chef
08.11 11:22:10,559|11032: chef found, Name: chef Node: ko@lab22.cpt.haw-hamburg.de
08.11 11:22:10,560|11032: ABSTIMMUNG: Erfolgreich. Sending Mi: 13 to Koordinator
08.11 11:22:10,524|11032: Got Abstimmung
08.11 11:22:10,525|11032: Got it from someone else
08.11 11:22:10,525|11032: TimeDiff of 18 big enough
08.11 11:22:10,526|11032: Trying to get Nameservice: ns@lab30.cpt.haw-hamburg.de
08.11 11:22:10,529|11032: Got Nameservice: ns@lab30.cpt.haw-hamburg.de
08.11 11:22:10,530|11032: Got Nameservice, trying to contact it for: 11045
08.11 11:22:10,536|11032: 11045 found, Name: 11045 Node: team10@lab24.cpt.haw-hamburg.de
08.11 11:22:10,537|11032: Abstimmung yes, sending to Next One
08.11 11:22:12,553|11032: Got Abstimmung
08.11 11:22:12,554|11032: Got it from someone else
08.11 11:22:12,554|11032: TimeDiff of 20 big enough
08.11 11:22:12,555|11032: Trying to get Nameservice: ns@lab30.cpt.haw-hamburg.de
08.11 11:22:12,562|11032: Got Nameservice: ns@lab30.cpt.haw-hamburg.de
08.11 11:22:12,562|11032: Got Nameservice, trying to contact it for: 11045
08.11 11:22:12,566|11032: 11045 found, Name: 11045 Node: team10@lab24.cpt.haw-hamburg.de
08.11 11:22:12,567|11032: Abstimmung yes, sending to Next One
08.11 11:22:13,367|11032: Got Abstimmung
08.11 11:22:13,376|11032: Got it from someone else
08.11 11:22:13,382|11032: TimeDiff of 21 big enough
08.11 11:22:13,387|11032: Trying to get Nameservice: ns@lab30.cpt.haw-hamburg.de
08.11 11:22:13,474|11032: Got Nameservice: ns@lab30.cpt.haw-hamburg.de
08.11 11:22:13,481|11032: Got Nameservice, trying to contact it for: 11045
08.11 11:22:13,836|11032: 11045 found, Name: 11045 Node: team10@lab24.cpt.haw-hamburg.de
08.11 11:22:13,866|11032: Abstimmung yes, sending to Next One
08.11 11:22:14,855|11032: Got Abstimmung
08.11 11:22:14,856|11032: Got it from someone else
08.11 11:22:14,856|11032: TimeDiff of 22 big enough
08.11 11:22:14,857|11032: Trying to get Nameservice: ns@lab30.cpt.haw-hamburg.de
08.11 11:22:14,862|11032: Got Nameservice: ns@lab30.cpt.haw-hamburg.de
08.11 11:22:14,862|11032: Got Nameservice, trying to contact it for: 11045
08.11 11:22:14,868|11032: 11045 found, Name: 11045 Node: team10@lab24.cpt.haw-hamburg.de
08.11 11:22:14,868|11032: Abstimmung yes, sending to Next One
08.11 11:22:16,552|11032: Got Abstimmung
08.11 11:22:16,553|11032: Got it from someone else
08.11 11:22:16,553|11032: TimeDiff of 24 big enough
08.11 11:22:16,560|11032: Trying to get Nameservice: ns@lab30.cpt.haw-hamburg.de
08.11 11:22:16,565|11032: Got Nameservice: ns@lab30.cpt.haw-hamburg.de
08.11 11:22:16,566|11032: Got Nameservice, trying to contact it for: 11045
08.11 11:22:16,572|11032: 11045 found, Name: 11045 Node: team10@lab24.cpt.haw-hamburg.de
08.11 11:22:16,573|11032: Abstimmung yes, sending to Next One
08.11 11:22:18,086|11032: Got Abstimmung
08.11 11:22:18,087|11032: Got it from someone else
08.11 11:22:18,087|11032: TimeDiff of 26 big enough
08.11 11:22:18,088|11032: Trying to get Nameservice: ns@lab30.cpt.haw-hamburg.de
08.11 11:22:18,094|11032: Got Nameservice: ns@lab30.cpt.haw-hamburg.de
08.11 11:22:18,095|11032: Got Nameservice, trying to contact it for: 11045
08.11 11:22:18,100|11032: 11045 found, Name: 11045 Node: team10@lab24.cpt.haw-hamburg.de
08.11 11:22:18,102|11032: Abstimmung yes, sending to Next One
08.11 11:22:18,603|11032: Got Abstimmung
08.11 11:22:18,604|11032: Got it from someone else
08.11 11:22:18,604|11032: TimeDiff of 26 big enough
08.11 11:22:18,605|11032: Trying to get Nameservice: ns@lab30.cpt.haw-hamburg.de
08.11 11:22:18,620|11032: Got Nameservice: ns@lab30.cpt.haw-hamburg.de
08.11 11:22:18,621|11032: Got Nameservice, trying to contact it for: 11045
08.11 11:22:18,626|11032: 11045 found, Name: 11045 Node: team10@lab24.cpt.haw-hamburg.de
08.11 11:22:18,627|11032: Abstimmung yes, sending to Next One
08.11 11:22:19,794|11032: Got Abstimmung
08.11 11:22:19,794|11032: Got it from someone else
08.11 11:22:19,795|11032: TimeDiff of 27 big enough
08.11 11:22:19,795|11032: Trying to get Nameservice: ns@lab30.cpt.haw-hamburg.de
08.11 11:22:19,802|11032: Got Nameservice: ns@lab30.cpt.haw-hamburg.de
08.11 11:22:19,803|11032: Got Nameservice, trying to contact it for: 11045
08.11 11:22:19,809|11032: 11045 found, Name: 11045 Node: team10@lab24.cpt.haw-hamburg.de
08.11 11:22:19,810|11032: Abstimmung yes, sending to Next One
08.11 11:22:20,066|11032: Got Abstimmung
08.11 11:22:20,069|11032: Got it from someone else
08.11 11:22:20,073|11032: TimeDiff of 28 big enough
08.11 11:22:20,096|11032: Trying to get Nameservice: ns@lab30.cpt.haw-hamburg.de
08.11 11:22:20,103|11032: Got Nameservice: ns@lab30.cpt.haw-hamburg.de
08.11 11:22:20,104|11032: Got Nameservice, trying to contact it for: 11045
08.11 11:22:20,111|11032: 11045 found, Name: 11045 Node: team10@lab24.cpt.haw-hamburg.de
08.11 11:22:20,111|11032: Abstimmung yes, sending to Next One
08.11 11:22:20,101|11032: Got Abstimmung
08.11 11:22:20,102|11032: Got it from someone else
08.11 11:22:20,103|11032: TimeDiff of 28 big enough
08.11 11:22:20,103|11032: Trying to get Nameservice: ns@lab30.cpt.haw-hamburg.de
08.11 11:22:20,129|11032: Got Nameservice: ns@lab30.cpt.haw-hamburg.de
08.11 11:22:20,130|11032: Got Nameservice, trying to contact it for: 11045
08.11 11:22:20,140|11032: 11045 found, Name: 11045 Node: team10@lab24.cpt.haw-hamburg.de
08.11 11:22:20,144|11032: Abstimmung yes, sending to Next One
08.11 11:22:23,449|11032: Got Abstimmung
08.11 11:22:23,452|11032: Got it from someone else
08.11 11:22:23,453|11032: TimeDiff of 31 big enough
08.11 11:22:23,455|11032: Trying to get Nameservice: ns@lab30.cpt.haw-hamburg.de
08.11 11:22:23,461|11032: Got Nameservice: ns@lab30.cpt.haw-hamburg.de
08.11 11:22:23,462|11032: Got Nameservice, trying to contact it for: 11045
08.11 11:22:23,469|11032: 11045 found, Name: 11045 Node: team10@lab24.cpt.haw-hamburg.de
08.11 11:22:23,470|11032: Abstimmung yes, sending to Next One
08.11 11:22:24,976|11032: Got Abstimmung
08.11 11:22:24,979|11032: Got it from someone else
08.11 11:22:24,980|11032: TimeDiff of 32 big enough
08.11 11:22:24,981|11032: Trying to get Nameservice: ns@lab30.cpt.haw-hamburg.de
08.11 11:22:24,013|11032: Got Nameservice: ns@lab30.cpt.haw-hamburg.de
08.11 11:22:24,014|11032: Got Nameservice, trying to contact it for: 11045
08.11 11:22:24,020|11032: 11045 found, Name: 11045 Node: team10@lab24.cpt.haw-hamburg.de
08.11 11:22:24,023|11032: Abstimmung yes, sending to Next One
08.11 11:22:26,367|11032: Got Abstimmung
08.11 11:22:26,368|11032: Got it from someone else
08.11 11:22:26,368|11032: TimeDiff of 34 big enough
08.11 11:22:26,369|11032: Trying to get Nameservice: ns@lab30.cpt.haw-hamburg.de
08.11 11:22:26,377|11032: Got Nameservice: ns@lab30.cpt.haw-hamburg.de
08.11 11:22:26,378|11032: Got Nameservice, trying to contact it for: 11045
08.11 11:22:26,405|11032: 11045 found, Name: 11045 Node: team10@lab24.cpt.haw-hamburg.de
08.11 11:22:26,406|11032: Abstimmung yes, sending to Next One
08.11 11:24:02,765|11032: Starting with MI: 253451835
08.11 11:24:02,772|11032: Starting new timer
08.11 11:24:05,804|11032: Got Abstimmung
08.11 11:24:05,822|11032: Got it from someone else
08.11 11:24:05,834|11032: TimeDiff of 3 big enough
08.11 11:24:05,851|11032: Trying to get Nameservice: ns@lab30.cpt.haw-hamburg.de
08.11 11:24:05,008|11032: Got Nameservice: ns@lab30.cpt.haw-hamburg.de
08.11 11:24:05,009|11032: Got Nameservice, trying to contact it for: 11045
08.11 11:24:05,100|11032: 11045 found, Name: 11045 Node: team10@lab24.cpt.haw-hamburg.de
08.11 11:24:05,101|11032: Abstimmung yes, sending to Next One
08.11 11:24:05,102|11032: Trying to get Nameservice: ns@lab30.cpt.haw-hamburg.de
08.11 11:24:05,118|11032: Got Nameservice: ns@lab30.cpt.haw-hamburg.de
08.11 11:24:05,118|11032: Got Nameservice, trying to contact it for: 11045
08.11 11:24:05,206|11032: 11045 found, Name: 11045 Node: team10@lab24.cpt.haw-hamburg.de
08.11 11:24:05,207|11032: ABSTIMMUNG start
08.11 11:24:05,210|11032: Got Abstimmung
08.11 11:24:05,213|11032: Got it from someone else
08.11 11:24:05,214|11032: TimeDiff of 3 big enough
08.11 11:24:05,215|11032: Trying to get Nameservice: ns@lab30.cpt.haw-hamburg.de
08.11 11:24:05,230|11032: Got Nameservice: ns@lab30.cpt.haw-hamburg.de
08.11 11:24:05,231|11032: Got Nameservice, trying to contact it for: 11045
08.11 11:24:05,279|11032: 11045 found, Name: 11045 Node: team10@lab24.cpt.haw-hamburg.de
08.11 11:24:05,280|11032: Abstimmung yes, sending to Next One
08.11 11:24:05,282|11032: Got Abstimmung
08.11 11:24:05,282|11032: Got it from someone else
08.11 11:24:05,283|11032: TimeDiff of 3 big enough
08.11 11:24:05,284|11032: Trying to get Nameservice: ns@lab30.cpt.haw-hamburg.de
08.11 11:24:05,314|11032: Got Nameservice: ns@lab30.cpt.haw-hamburg.de
08.11 11:24:05,314|11032: Got Nameservice, trying to contact it for: 11045
08.11 11:24:05,413|11032: 11045 found, Name: 11045 Node: team10@lab24.cpt.haw-hamburg.de
08.11 11:24:05,415|11032: Abstimmung yes, sending to Next One
08.11 11:24:05,415|11032: Got Abstimmung
08.11 11:24:05,416|11032: Got it from someone else
08.11 11:24:05,417|11032: TimeDiff of 3 big enough
08.11 11:24:05,418|11032: Trying to get Nameservice: ns@lab30.cpt.haw-hamburg.de
08.11 11:24:05,450|11032: Got Nameservice: ns@lab30.cpt.haw-hamburg.de
08.11 11:24:05,451|11032: Got Nameservice, trying to contact it for: 11045
08.11 11:24:05,499|11032: 11045 found, Name: 11045 Node: team10@lab24.cpt.haw-hamburg.de
08.11 11:24:05,500|11032: Abstimmung yes, sending to Next One
08.11 11:24:05,501|11032: Got Abstimmung
08.11 11:24:05,501|11032: Got it from someone else
08.11 11:24:05,502|11032: TimeDiff of 3 big enough
08.11 11:24:05,503|11032: Trying to get Nameservice: ns@lab30.cpt.haw-hamburg.de
08.11 11:24:05,573|11032: Got Nameservice: ns@lab30.cpt.haw-hamburg.de
08.11 11:24:05,575|11032: Got Nameservice, trying to contact it for: 11045
08.11 11:24:05,683|11032: 11045 found, Name: 11045 Node: team10@lab24.cpt.haw-hamburg.de
08.11 11:24:05,685|11032: Abstimmung yes, sending to Next One
08.11 11:24:05,685|11032: Got Abstimmung
08.11 11:24:05,686|11032: Got it from someone else
08.11 11:24:05,687|11032: TimeDiff of 3 big enough
08.11 11:24:05,687|11032: Trying to get Nameservice: ns@lab30.cpt.haw-hamburg.de
08.11 11:24:05,768|11032: Got Nameservice: ns@lab30.cpt.haw-hamburg.de
08.11 11:24:05,769|11032: Got Nameservice, trying to contact it for: 11045
08.11 11:24:05,784|11032: 11045 found, Name: 11045 Node: team10@lab24.cpt.haw-hamburg.de
08.11 11:24:05,784|11032: Abstimmung yes, sending to Next One
08.11 11:24:05,889|11032: Got Abstimmung
08.11 11:24:05,890|11032: Got it from someone else
08.11 11:24:05,890|11032: TimeDiff of 3 big enough
08.11 11:24:05,891|11032: Trying to get Nameservice: ns@lab30.cpt.haw-hamburg.de
08.11 11:24:05,895|11032: Got Nameservice: ns@lab30.cpt.haw-hamburg.de
08.11 11:24:05,896|11032: Got Nameservice, trying to contact it for: 11045
08.11 11:24:05,902|11032: 11045 found, Name: 11045 Node: team10@lab24.cpt.haw-hamburg.de
08.11 11:24:05,903|11032: Abstimmung yes, sending to Next One
08.11 11:24:05,953|11032: Got Abstimmung
08.11 11:24:05,954|11032: Got it from someone else
08.11 11:24:05,955|11032: TimeDiff of 3 big enough
08.11 11:24:05,955|11032: Trying to get Nameservice: ns@lab30.cpt.haw-hamburg.de
08.11 11:24:05,960|11032: Got Nameservice: ns@lab30.cpt.haw-hamburg.de
08.11 11:24:05,961|11032: Got Nameservice, trying to contact it for: 11045
08.11 11:24:05,965|11032: 11045 found, Name: 11045 Node: team10@lab24.cpt.haw-hamburg.de
08.11 11:24:05,966|11032: Abstimmung yes, sending to Next One
08.11 11:24:05,223|11032: Got Abstimmung
08.11 11:24:05,224|11032: Got it from someone else
08.11 11:24:05,225|11032: TimeDiff of 3 big enough
08.11 11:24:05,225|11032: Trying to get Nameservice: ns@lab30.cpt.haw-hamburg.de
08.11 11:24:05,247|11032: Got Nameservice: ns@lab30.cpt.haw-hamburg.de
08.11 11:24:05,248|11032: Got Nameservice, trying to contact it for: 11045
08.11 11:24:05,254|11032: 11045 found, Name: 11045 Node: team10@lab24.cpt.haw-hamburg.de
08.11 11:24:05,255|11032: Abstimmung yes, sending to Next One
08.11 11:24:05,390|11032: Got Abstimmung
08.11 11:24:05,391|11032: Got it from someone else
08.11 11:24:05,392|11032: TimeDiff of 3 big enough
08.11 11:24:05,393|11032: Trying to get Nameservice: ns@lab30.cpt.haw-hamburg.de
08.11 11:24:05,398|11032: Got Nameservice: ns@lab30.cpt.haw-hamburg.de
08.11 11:24:05,398|11032: Got Nameservice, trying to contact it for: 11045
08.11 11:24:05,404|11032: 11045 found, Name: 11045 Node: team10@lab24.cpt.haw-hamburg.de
08.11 11:24:05,404|11032: Abstimmung yes, sending to Next One
08.11 11:24:05,538|11032: Got Abstimmung
08.11 11:24:05,539|11032: Got it from someone else
08.11 11:24:05,539|11032: TimeDiff of 3 big enough
08.11 11:24:05,540|11032: Trying to get Nameservice: ns@lab30.cpt.haw-hamburg.de
08.11 11:24:05,575|11032: Got Nameservice: ns@lab30.cpt.haw-hamburg.de
08.11 11:24:05,577|11032: Got Nameservice, trying to contact it for: 11045
08.11 11:24:05,642|11032: 11045 found, Name: 11045 Node: team10@lab24.cpt.haw-hamburg.de
08.11 11:24:05,643|11032: Abstimmung yes, sending to Next One
08.11 11:24:05,650|11032: Got Abstimmung
08.11 11:24:05,654|11032: Got it from someone else
08.11 11:24:05,654|11032: TimeDiff of 3 big enough
08.11 11:24:05,655|11032: Trying to get Nameservice: ns@lab30.cpt.haw-hamburg.de
08.11 11:24:05,827|11032: Got Nameservice: ns@lab30.cpt.haw-hamburg.de
08.11 11:24:05,828|11032: Got Nameservice, trying to contact it for: 11045
08.11 11:24:05,004|11032: 11045 found, Name: 11045 Node: team10@lab24.cpt.haw-hamburg.de
08.11 11:24:05,005|11032: Abstimmung yes, sending to Next One
08.11 11:24:05,006|11032: Got Abstimmung
08.11 11:24:05,006|11032: Got it from someone else
08.11 11:24:05,007|11032: TimeDiff of 3 big enough
08.11 11:24:05,008|11032: Trying to get Nameservice: ns@lab30.cpt.haw-hamburg.de
08.11 11:24:05,221|11032: Got Nameservice: ns@lab30.cpt.haw-hamburg.de
08.11 11:24:05,223|11032: Got Nameservice, trying to contact it for: 11045
08.11 11:24:05,598|11032: 11045 found, Name: 11045 Node: team10@lab24.cpt.haw-hamburg.de
08.11 11:24:05,598|11032: Abstimmung yes, sending to Next One
08.11 11:24:05,822|11032: Got Abstimmung
08.11 11:24:05,823|11032: Got it from someone else
08.11 11:24:05,823|11032: TimeDiff of 3 big enough
08.11 11:24:05,824|11032: Trying to get Nameservice: ns@lab30.cpt.haw-hamburg.de
08.11 11:24:05,854|11032: Got Nameservice: ns@lab30.cpt.haw-hamburg.de
08.11 11:24:05,854|11032: Got Nameservice, trying to contact it for: 11045
08.11 11:24:05,897|11032: 11045 found, Name: 11045 Node: team10@lab24.cpt.haw-hamburg.de
08.11 11:24:05,902|11032: Abstimmung yes, sending to Next One
08.11 11:24:06,297|11032: Got Abstimmung
08.11 11:24:06,304|11032: Got it from someone else
08.11 11:24:06,311|11032: TimeDiff of 4 big enough
08.11 11:24:06,316|11032: Trying to get Nameservice: ns@lab30.cpt.haw-hamburg.de
08.11 11:24:06,809|11032: Got Nameservice: ns@lab30.cpt.haw-hamburg.de
08.11 11:24:06,816|11032: Got Nameservice, trying to contact it for: 11045
08.11 11:24:06,468|11032: 11045 found, Name: 11045 Node: team10@lab24.cpt.haw-hamburg.de
08.11 11:24:06,542|11032: Abstimmung yes, sending to Next One
08.11 11:24:06,007|11032: Got Abstimmung
08.11 11:24:06,008|11032: Got it from someone else
08.11 11:24:06,010|11032: TimeDiff of 4 big enough
08.11 11:24:06,010|11032: Trying to get Nameservice: ns@lab30.cpt.haw-hamburg.de
08.11 11:24:06,045|11032: Got Nameservice: ns@lab30.cpt.haw-hamburg.de
08.11 11:24:06,046|11032: Got Nameservice, trying to contact it for: 11045
08.11 11:24:06,079|11032: 11045 found, Name: 11045 Node: team10@lab24.cpt.haw-hamburg.de
08.11 11:24:06,079|11032: Abstimmung yes, sending to Next One
08.11 11:24:06,072|11032: Got Abstimmung
08.11 11:24:06,073|11032: Got it from someone else
08.11 11:24:06,074|11032: TimeDiff of 4 big enough
08.11 11:24:06,074|11032: Trying to get Nameservice: ns@lab30.cpt.haw-hamburg.de
08.11 11:24:06,183|11032: Got Nameservice: ns@lab30.cpt.haw-hamburg.de
08.11 11:24:06,185|11032: Got Nameservice, trying to contact it for: 11045
08.11 11:24:06,246|11032: 11045 found, Name: 11045 Node: team10@lab24.cpt.haw-hamburg.de
08.11 11:24:06,250|11032: Abstimmung yes, sending to Next One
08.11 11:24:06,326|11032: Got Abstimmung
08.11 11:24:06,327|11032: Got it from someone else
08.11 11:24:06,327|11032: TimeDiff of 4 big enough
08.11 11:24:06,328|11032: Trying to get Nameservice: ns@lab30.cpt.haw-hamburg.de
08.11 11:24:06,358|11032: Got Nameservice: ns@lab30.cpt.haw-hamburg.de
08.11 11:24:06,360|11032: Got Nameservice, trying to contact it for: 11045
08.11 11:24:06,384|11032: 11045 found, Name: 11045 Node: team10@lab24.cpt.haw-hamburg.de
08.11 11:24:06,385|11032: Abstimmung yes, sending to Next One
08.11 11:24:06,552|11032: Got Abstimmung
08.11 11:24:06,553|11032: Got it from someone else
08.11 11:24:06,553|11032: TimeDiff of 4 big enough
08.11 11:24:06,554|11032: Trying to get Nameservice: ns@lab30.cpt.haw-hamburg.de
08.11 11:24:06,652|11032: Got Nameservice: ns@lab30.cpt.haw-hamburg.de
08.11 11:24:06,655|11032: Got Nameservice, trying to contact it for: 11045
08.11 11:24:06,660|11032: 11045 found, Name: 11045 Node: team10@lab24.cpt.haw-hamburg.de
08.11 11:24:06,660|11032: Abstimmung yes, sending to Next One
08.11 11:24:07,451|11032: Got Abstimmung
08.11 11:24:07,452|11032: Got it from someone else
08.11 11:24:07,452|11032: TimeDiff of 5 big enough
08.11 11:24:07,453|11032: Trying to get Nameservice: ns@lab30.cpt.haw-hamburg.de
08.11 11:24:07,472|11032: Got Nameservice: ns@lab30.cpt.haw-hamburg.de
08.11 11:24:07,473|11032: Got Nameservice, trying to contact it for: 11045
08.11 11:24:07,517|11032: 11045 found, Name: 11045 Node: team10@lab24.cpt.haw-hamburg.de
08.11 11:24:07,518|11032: Abstimmung yes, sending to Next One
08.11 11:24:12,096|11032: Got Abstimmung
08.11 11:24:12,097|11032: Got it from someone else
08.11 11:24:12,098|11032: TimeDiff of 10 big enough
08.11 11:24:12,099|11032: Trying to get Nameservice: ns@lab30.cpt.haw-hamburg.de
08.11 11:24:12,104|11032: Got Nameservice: ns@lab30.cpt.haw-hamburg.de
08.11 11:24:12,105|11032: Got Nameservice, trying to contact it for: 11045
08.11 11:24:12,110|11032: 11045 found, Name: 11045 Node: team10@lab24.cpt.haw-hamburg.de
08.11 11:24:12,110|11032: Abstimmung yes, sending to Next One
08.11 11:24:12,041|11032: Got Abstimmung
08.11 11:24:12,042|11032: Got it from someone else
08.11 11:24:12,043|11032: TimeDiff of 10 big enough
08.11 11:24:12,043|11032: Trying to get Nameservice: ns@lab30.cpt.haw-hamburg.de
08.11 11:24:12,050|11032: Got Nameservice: ns@lab30.cpt.haw-hamburg.de
08.11 11:24:12,051|11032: Got Nameservice, trying to contact it for: 11045
08.11 11:24:12,072|11032: 11045 found, Name: 11045 Node: team10@lab24.cpt.haw-hamburg.de
08.11 11:24:12,073|11032: Abstimmung yes, sending to Next One
08.11 11:24:13,090|11032: Got Abstimmung
08.11 11:24:13,092|11032: Got it from someone else
08.11 11:24:13,093|11032: TimeDiff of 11 big enough
08.11 11:24:13,098|11032: Trying to get Nameservice: ns@lab30.cpt.haw-hamburg.de
08.11 11:24:13,104|11032: Got Nameservice: ns@lab30.cpt.haw-hamburg.de
08.11 11:24:13,105|11032: Got Nameservice, trying to contact it for: 11045
08.11 11:24:13,110|11032: 11045 found, Name: 11045 Node: team10@lab24.cpt.haw-hamburg.de
08.11 11:24:13,111|11032: Abstimmung yes, sending to Next One
08.11 11:24:14,327|11032: Got Abstimmung
08.11 11:24:14,334|11032: Got it from someone else
08.11 11:24:14,340|11032: TimeDiff of 12 big enough
08.11 11:24:14,346|11032: Trying to get Nameservice: ns@lab30.cpt.haw-hamburg.de
08.11 11:24:14,401|11032: Got Nameservice: ns@lab30.cpt.haw-hamburg.de
08.11 11:24:14,408|11032: Got Nameservice, trying to contact it for: 11045
08.11 11:24:14,468|11032: 11045 found, Name: 11045 Node: team10@lab24.cpt.haw-hamburg.de
08.11 11:24:14,475|11032: Abstimmung yes, sending to Next One
08.11 11:24:17,898|11032: Got Abstimmung
08.11 11:24:17,898|11032: Got it from someone else
08.11 11:24:17,899|11032: TimeDiff of 15 big enough
08.11 11:24:17,900|11032: Trying to get Nameservice: ns@lab30.cpt.haw-hamburg.de
08.11 11:24:17,907|11032: Got Nameservice: ns@lab30.cpt.haw-hamburg.de
08.11 11:24:17,908|11032: Got Nameservice, trying to contact it for: 11045
08.11 11:24:17,916|11032: 11045 found, Name: 11045 Node: team10@lab24.cpt.haw-hamburg.de
08.11 11:24:17,917|11032: Abstimmung yes, sending to Next One
08.11 11:24:17,136|11032: Got Abstimmung
08.11 11:24:17,137|11032: Got it from someone else
08.11 11:24:17,137|11032: TimeDiff of 15 big enough
08.11 11:24:17,138|11032: Trying to get Nameservice: ns@lab30.cpt.haw-hamburg.de
08.11 11:24:17,270|11032: Got Nameservice: ns@lab30.cpt.haw-hamburg.de
08.11 11:24:17,271|11032: Got Nameservice, trying to contact it for: 11045
08.11 11:24:17,308|11032: 11045 found, Name: 11045 Node: team10@lab24.cpt.haw-hamburg.de
08.11 11:24:17,309|11032: Abstimmung yes, sending to Next One
08.11 11:24:20,780|11032: Got Abstimmung
08.11 11:24:20,781|11032: Got it from someone else
08.11 11:24:20,781|11032: TimeDiff of 18 big enough
08.11 11:24:20,782|11032: Trying to get Nameservice: ns@lab30.cpt.haw-hamburg.de
08.11 11:24:20,787|11032: Got Nameservice: ns@lab30.cpt.haw-hamburg.de
08.11 11:24:20,787|11032: Got Nameservice, trying to contact it for: 11045
08.11 11:24:20,821|11032: 11045 found, Name: 11045 Node: team10@lab24.cpt.haw-hamburg.de
08.11 11:24:20,822|11032: Abstimmung yes, sending to Next One
08.11 11:24:21,857|11032: Got Abstimmung
08.11 11:24:21,858|11032: Got it from someone else
08.11 11:24:21,859|11032: TimeDiff of 19 big enough
08.11 11:24:21,859|11032: Trying to get Nameservice: ns@lab30.cpt.haw-hamburg.de
08.11 11:24:21,867|11032: Got Nameservice: ns@lab30.cpt.haw-hamburg.de
08.11 11:24:21,868|11032: Got Nameservice, trying to contact it for: 11045
08.11 11:24:21,871|11032: 11045 found, Name: 11045 Node: team10@lab24.cpt.haw-hamburg.de
08.11 11:24:21,872|11032: Abstimmung yes, sending to Next One
08.11 11:24:22,993|11032: Got Abstimmung
08.11 11:24:22,994|11032: Got it from someone else
08.11 11:24:22,995|11032: TimeDiff of 20 big enough
08.11 11:24:22,995|11032: Trying to get Nameservice: ns@lab30.cpt.haw-hamburg.de
08.11 11:24:22,002|11032: Got Nameservice: ns@lab30.cpt.haw-hamburg.de
08.11 11:24:22,003|11032: Got Nameservice, trying to contact it for: 11045
08.11 11:24:22,008|11032: 11045 found, Name: 11045 Node: team10@lab24.cpt.haw-hamburg.de
08.11 11:24:22,009|11032: Abstimmung yes, sending to Next One
08.11 11:24:23,669|11032: Got Abstimmung
08.11 11:24:23,670|11032: Got it from someone else
08.11 11:24:23,671|11032: TimeDiff of 21 big enough
08.11 11:24:23,671|11032: Trying to get Nameservice: ns@lab30.cpt.haw-hamburg.de
08.11 11:24:23,680|11032: Got Nameservice: ns@lab30.cpt.haw-hamburg.de
08.11 11:24:23,681|11032: Got Nameservice, trying to contact it for: 11045
08.11 11:24:23,686|11032: 11045 found, Name: 11045 Node: team10@lab24.cpt.haw-hamburg.de
08.11 11:24:23,687|11032: Abstimmung yes, sending to Next One
08.11 11:24:26,895|11032: Got Abstimmung
08.11 11:24:26,896|11032: Got it from someone else
08.11 11:24:26,897|11032: TimeDiff of 24 big enough
08.11 11:24:26,898|11032: Trying to get Nameservice: ns@lab30.cpt.haw-hamburg.de
08.11 11:24:26,903|11032: Got Nameservice: ns@lab30.cpt.haw-hamburg.de
08.11 11:24:26,904|11032: Got Nameservice, trying to contact it for: 11045
08.11 11:24:26,943|11032: 11045 found, Name: 11045 Node: team10@lab24.cpt.haw-hamburg.de
08.11 11:24:26,943|11032: Abstimmung yes, sending to Next One
08.11 11:24:27,743|11032: Got Abstimmung
08.11 11:24:27,744|11032: Got it from someone else
08.11 11:24:27,745|11032: TimeDiff of 25 big enough
08.11 11:24:27,745|11032: Trying to get Nameservice: ns@lab30.cpt.haw-hamburg.de
08.11 11:24:27,751|11032: Got Nameservice: ns@lab30.cpt.haw-hamburg.de
08.11 11:24:27,752|11032: Got Nameservice, trying to contact it for: 11045
08.11 11:24:27,757|11032: 11045 found, Name: 11045 Node: team10@lab24.cpt.haw-hamburg.de
08.11 11:24:27,758|11032: Abstimmung yes, sending to Next One
08.11 11:24:27,645|11032: Got Abstimmung
08.11 11:24:27,646|11032: Got it from someone else
08.11 11:24:27,647|11032: TimeDiff of 25 big enough
08.11 11:24:27,647|11032: Trying to get Nameservice: ns@lab30.cpt.haw-hamburg.de
08.11 11:24:27,700|11032: Got Nameservice: ns@lab30.cpt.haw-hamburg.de
08.11 11:24:27,702|11032: Got Nameservice, trying to contact it for: 11045
08.11 11:24:27,740|11032: 11045 found, Name: 11045 Node: team10@lab24.cpt.haw-hamburg.de
08.11 11:24:27,764|11032: Abstimmung yes, sending to Next One
08.11 11:24:28,163|11032: Got Abstimmung
08.11 11:24:28,164|11032: Got it from someone else
08.11 11:24:28,165|11032: TimeDiff of 26 big enough
08.11 11:24:28,165|11032: Trying to get Nameservice: ns@lab30.cpt.haw-hamburg.de
08.11 11:24:28,177|11032: Got Nameservice: ns@lab30.cpt.haw-hamburg.de
08.11 11:24:28,178|11032: Got Nameservice, trying to contact it for: 11045
08.11 11:24:28,202|11032: 11045 found, Name: 11045 Node: team10@lab24.cpt.haw-hamburg.de
08.11 11:24:28,203|11032: Abstimmung yes, sending to Next One
08.11 11:24:28,877|11032: Got Abstimmung
08.11 11:24:28,878|11032: Got it from someone else
08.11 11:24:28,879|11032: TimeDiff of 26 big enough
08.11 11:24:28,880|11032: Trying to get Nameservice: ns@lab30.cpt.haw-hamburg.de
08.11 11:24:28,908|11032: Got Nameservice: ns@lab30.cpt.haw-hamburg.de
08.11 11:24:28,909|11032: Got Nameservice, trying to contact it for: 11045
08.11 11:24:28,947|11032: 11045 found, Name: 11045 Node: team10@lab24.cpt.haw-hamburg.de
08.11 11:24:28,948|11032: Abstimmung yes, sending to Next One
08.11 11:24:28,324|11032: Got Abstimmung
08.11 11:24:28,325|11032: Got it from someone else
08.11 11:24:28,325|11032: TimeDiff of 26 big enough
08.11 11:24:28,326|11032: Trying to get Nameservice: ns@lab30.cpt.haw-hamburg.de
08.11 11:24:28,341|11032: Got Nameservice: ns@lab30.cpt.haw-hamburg.de
08.11 11:24:28,342|11032: Got Nameservice, trying to contact it for: 11045
08.11 11:24:28,348|11032: 11045 found, Name: 11045 Node: team10@lab24.cpt.haw-hamburg.de
08.11 11:24:28,349|11032: Abstimmung yes, sending to Next One
08.11 11:24:29,906|11032: Got Abstimmung
08.11 11:24:29,907|11032: Got it from someone else
08.11 11:24:29,908|11032: TimeDiff of 27 big enough
08.11 11:24:29,908|11032: Trying to get Nameservice: ns@lab30.cpt.haw-hamburg.de
08.11 11:24:29,943|11032: Got Nameservice: ns@lab30.cpt.haw-hamburg.de
08.11 11:24:29,944|11032: Got Nameservice, trying to contact it for: 11045
08.11 11:24:29,950|11032: 11045 found, Name: 11045 Node: team10@lab24.cpt.haw-hamburg.de
08.11 11:24:29,951|11032: Abstimmung yes, sending to Next One
08.11 11:24:29,388|11032: Got Abstimmung
08.11 11:24:29,389|11032: Got it from someone else
08.11 11:24:29,389|11032: TimeDiff of 27 big enough
08.11 11:24:29,390|11032: Trying to get Nameservice: ns@lab30.cpt.haw-hamburg.de
08.11 11:24:29,423|11032: Got Nameservice: ns@lab30.cpt.haw-hamburg.de
08.11 11:24:29,424|11032: Got Nameservice, trying to contact it for: 11045
08.11 11:24:29,491|11032: 11045 found, Name: 11045 Node: team10@lab24.cpt.haw-hamburg.de
08.11 11:24:29,492|11032: Abstimmung yes, sending to Next One
08.11 11:24:30,880|11032: Got Abstimmung
08.11 11:24:30,880|11032: Got it from someone else
08.11 11:24:30,881|11032: TimeDiff of 28 big enough
08.11 11:24:30,881|11032: Trying to get Nameservice: ns@lab30.cpt.haw-hamburg.de
08.11 11:24:30,888|11032: Got Nameservice: ns@lab30.cpt.haw-hamburg.de
08.11 11:24:30,888|11032: Got Nameservice, trying to contact it for: 11045
08.11 11:24:30,893|11032: 11045 found, Name: 11045 Node: team10@lab24.cpt.haw-hamburg.de
08.11 11:24:30,894|11032: Abstimmung yes, sending to Next One
08.11 11:24:30,978|11032: Got Abstimmung
08.11 11:24:30,979|11032: Got it from someone else
08.11 11:24:30,979|11032: TimeDiff of 28 big enough
08.11 11:24:30,980|11032: Trying to get Nameservice: ns@lab30.cpt.haw-hamburg.de
08.11 11:24:30,988|11032: Got Nameservice: ns@lab30.cpt.haw-hamburg.de
08.11 11:24:30,989|11032: Got Nameservice, trying to contact it for: 11045
08.11 11:24:30,995|11032: 11045 found, Name: 11045 Node: team10@lab24.cpt.haw-hamburg.de
08.11 11:24:30,997|11032: Abstimmung yes, sending to Next One
08.11 11:24:30,167|11032: Got Abstimmung
08.11 11:24:30,168|11032: Got it from someone else
08.11 11:24:30,168|11032: TimeDiff of 28 big enough
08.11 11:24:30,169|11032: Trying to get Nameservice: ns@lab30.cpt.haw-hamburg.de
08.11 11:24:30,179|11032: Got Nameservice: ns@lab30.cpt.haw-hamburg.de
08.11 11:24:30,180|11032: Got Nameservice, trying to contact it for: 11045
08.11 11:24:30,233|11032: 11045 found, Name: 11045 Node: team10@lab24.cpt.haw-hamburg.de
08.11 11:24:30,236|11032: Abstimmung yes, sending to Next One
08.11 11:24:30,464|11032: Got Abstimmung
08.11 11:24:30,466|11032: Got it from someone else
08.11 11:24:30,467|11032: TimeDiff of 28 big enough
08.11 11:24:30,468|11032: Trying to get Nameservice: ns@lab30.cpt.haw-hamburg.de
08.11 11:24:30,484|11032: Got Nameservice: ns@lab30.cpt.haw-hamburg.de
08.11 11:24:30,487|11032: Got Nameservice, trying to contact it for: 11045
08.11 11:24:30,538|11032: 11045 found, Name: 11045 Node: team10@lab24.cpt.haw-hamburg.de
08.11 11:24:30,539|11032: Abstimmung yes, sending to Next One
08.11 11:24:31,947|11032: Got Abstimmung
08.11 11:24:31,948|11032: Got it from someone else
08.11 11:24:31,949|11032: TimeDiff of 29 big enough
08.11 11:24:31,949|11032: Trying to get Nameservice: ns@lab30.cpt.haw-hamburg.de
08.11 11:24:31,956|11032: Got Nameservice: ns@lab30.cpt.haw-hamburg.de
08.11 11:24:31,956|11032: Got Nameservice, trying to contact it for: 11045
08.11 11:24:31,961|11032: 11045 found, Name: 11045 Node: team10@lab24.cpt.haw-hamburg.de
08.11 11:24:31,962|11032: Abstimmung yes, sending to Next One
08.11 11:24:31,634|11032: Got Abstimmung
08.11 11:24:31,635|11032: Got it from someone else
08.11 11:24:31,636|11032: TimeDiff of 29 big enough
08.11 11:24:31,636|11032: Trying to get Nameservice: ns@lab30.cpt.haw-hamburg.de
08.11 11:24:31,647|11032: Got Nameservice: ns@lab30.cpt.haw-hamburg.de
08.11 11:24:31,648|11032: Got Nameservice, trying to contact it for: 11045
08.11 11:24:31,652|11032: 11045 found, Name: 11045 Node: team10@lab24.cpt.haw-hamburg.de
08.11 11:24:31,653|11032: Abstimmung yes, sending to Next One
08.11 11:24:32,785|11032: Got Abstimmung
08.11 11:24:32,786|11032: Got it from someone else
08.11 11:24:32,786|11032: TimeDiff of 30 big enough
08.11 11:24:32,787|11032: Trying to get Nameservice: ns@lab30.cpt.haw-hamburg.de
08.11 11:24:32,800|11032: Got Nameservice: ns@lab30.cpt.haw-hamburg.de
08.11 11:24:32,801|11032: Got Nameservice, trying to contact it for: 11045
08.11 11:24:32,806|11032: 11045 found, Name: 11045 Node: team10@lab24.cpt.haw-hamburg.de
08.11 11:24:32,807|11032: Abstimmung yes, sending to Next One
08.11 11:24:32,968|11032: Got Abstimmung
08.11 11:24:32,968|11032: Got it from someone else
08.11 11:24:32,969|11032: TimeDiff of 30 big enough
08.11 11:24:32,970|11032: Trying to get Nameservice: ns@lab30.cpt.haw-hamburg.de
08.11 11:24:32,044|11032: Got Nameservice: ns@lab30.cpt.haw-hamburg.de
08.11 11:24:32,045|11032: Got Nameservice, trying to contact it for: 11045
08.11 11:24:32,084|11032: 11045 found, Name: 11045 Node: team10@lab24.cpt.haw-hamburg.de
08.11 11:24:32,087|11032: Abstimmung yes, sending to Next One
08.11 11:24:32,289|11032: Got Abstimmung
08.11 11:24:32,290|11032: Got it from someone else
08.11 11:24:32,291|11032: TimeDiff of 30 big enough
08.11 11:24:32,291|11032: Trying to get Nameservice: ns@lab30.cpt.haw-hamburg.de
08.11 11:24:32,298|11032: Got Nameservice: ns@lab30.cpt.haw-hamburg.de
08.11 11:24:32,299|11032: Got Nameservice, trying to contact it for: 11045
08.11 11:24:32,303|11032: 11045 found, Name: 11045 Node: team10@lab24.cpt.haw-hamburg.de
08.11 11:24:32,303|11032: Abstimmung yes, sending to Next One
08.11 11:24:33,374|11032: Got Abstimmung
08.11 11:24:33,375|11032: Got it from someone else
08.11 11:24:33,376|11032: TimeDiff of 31 big enough
08.11 11:24:33,376|11032: Trying to get Nameservice: ns@lab30.cpt.haw-hamburg.de
08.11 11:24:33,425|11032: Got Nameservice: ns@lab30.cpt.haw-hamburg.de
08.11 11:24:33,427|11032: Got Nameservice, trying to contact it for: 11045
08.11 11:24:33,434|11032: 11045 found, Name: 11045 Node: team10@lab24.cpt.haw-hamburg.de
08.11 11:24:33,435|11032: Abstimmung yes, sending to Next One
08.11 11:24:39,279|11032: Got Abstimmung
08.11 11:24:39,280|11032: Got it from someone else
08.11 11:24:39,280|11032: TimeDiff of 37 big enough
08.11 11:24:39,281|11032: Trying to get Nameservice: ns@lab30.cpt.haw-hamburg.de
08.11 11:24:39,286|11032: Got Nameservice: ns@lab30.cpt.haw-hamburg.de
08.11 11:24:39,287|11032: Got Nameservice, trying to contact it for: 11045
08.11 11:24:39,313|11032: 11045 found, Name: 11045 Node: team10@lab24.cpt.haw-hamburg.de
08.11 11:24:39,313|11032: Abstimmung yes, sending to Next One
08.11 11:24:40,128|11032: Got Abstimmung
08.11 11:24:40,131|11032: Got it from someone else
08.11 11:24:40,134|11032: TimeDiff of 38 big enough
08.11 11:24:40,157|11032: Trying to get Nameservice: ns@lab30.cpt.haw-hamburg.de
08.11 11:24:40,189|11032: Got Nameservice: ns@lab30.cpt.haw-hamburg.de
08.11 11:24:40,190|11032: Got Nameservice, trying to contact it for: 11045
08.11 11:24:40,196|11032: 11045 found, Name: 11045 Node: team10@lab24.cpt.haw-hamburg.de
08.11 11:24:40,197|11032: Abstimmung yes, sending to Next One
08.11 11:24:42,399|11032: Got Abstimmung
08.11 11:24:42,401|11032: Got it from someone else
08.11 11:24:42,403|11032: TimeDiff of 40 big enough
08.11 11:24:42,404|11032: Trying to get Nameservice: ns@lab30.cpt.haw-hamburg.de
08.11 11:24:42,434|11032: Got Nameservice: ns@lab30.cpt.haw-hamburg.de
08.11 11:24:42,435|11032: Got Nameservice, trying to contact it for: 11045
08.11 11:24:42,441|11032: 11045 found, Name: 11045 Node: team10@lab24.cpt.haw-hamburg.de
08.11 11:24:42,444|11032: Abstimmung yes, sending to Next One
08.11 11:24:46,286|11032: Got Abstimmung
08.11 11:24:46,287|11032: Got it from someone else
08.11 11:24:46,287|11032: TimeDiff of 44 big enough
08.11 11:24:46,288|11032: Trying to get Nameservice: ns@lab30.cpt.haw-hamburg.de
08.11 11:24:46,294|11032: Got Nameservice: ns@lab30.cpt.haw-hamburg.de
08.11 11:24:46,295|11032: Got Nameservice, trying to contact it for: 11045
08.11 11:24:46,300|11032: 11045 found, Name: 11045 Node: team10@lab24.cpt.haw-hamburg.de
08.11 11:24:46,301|11032: Abstimmung yes, sending to Next One
08.11 11:24:48,117|11032: Got Abstimmung
08.11 11:24:48,118|11032: Got it from someone else
08.11 11:24:48,119|11032: TimeDiff of 46 big enough
08.11 11:24:48,119|11032: Trying to get Nameservice: ns@lab30.cpt.haw-hamburg.de
08.11 11:24:48,125|11032: Got Nameservice: ns@lab30.cpt.haw-hamburg.de
08.11 11:24:48,126|11032: Got Nameservice, trying to contact it for: 11045
08.11 11:24:48,131|11032: 11045 found, Name: 11045 Node: team10@lab24.cpt.haw-hamburg.de
08.11 11:24:48,132|11032: Abstimmung yes, sending to Next One
08.11 11:24:48,460|11032: Got Abstimmung
08.11 11:24:48,461|11032: Got it from someone else
08.11 11:24:48,462|11032: TimeDiff of 46 big enough
08.11 11:24:48,462|11032: Trying to get Nameservice: ns@lab30.cpt.haw-hamburg.de
08.11 11:24:48,468|11032: Got Nameservice: ns@lab30.cpt.haw-hamburg.de
08.11 11:24:48,469|11032: Got Nameservice, trying to contact it for: 11045
08.11 11:24:48,491|11032: 11045 found, Name: 11045 Node: team10@lab24.cpt.haw-hamburg.de
08.11 11:24:48,492|11032: Abstimmung yes, sending to Next One
08.11 11:24:49,290|11032: Got Abstimmung
08.11 11:24:49,291|11032: Got it from someone else
08.11 11:24:49,294|11032: TimeDiff of 47 big enough
08.11 11:24:49,295|11032: Trying to get Nameservice: ns@lab30.cpt.haw-hamburg.de
08.11 11:24:49,323|11032: Got Nameservice: ns@lab30.cpt.haw-hamburg.de
08.11 11:24:49,324|11032: Got Nameservice, trying to contact it for: 11045
08.11 11:24:49,329|11032: 11045 found, Name: 11045 Node: team10@lab24.cpt.haw-hamburg.de
08.11 11:24:49,330|11032: Abstimmung yes, sending to Next One
08.11 11:24:50,134|11032: Got Abstimmung
08.11 11:24:50,135|11032: Got it from someone else
08.11 11:24:50,136|11032: TimeDiff of 48 big enough
08.11 11:24:50,136|11032: Trying to get Nameservice: ns@lab30.cpt.haw-hamburg.de
08.11 11:24:50,157|11032: Got Nameservice: ns@lab30.cpt.haw-hamburg.de
08.11 11:24:50,158|11032: Got Nameservice, trying to contact it for: 11045
08.11 11:24:50,164|11032: 11045 found, Name: 11045 Node: team10@lab24.cpt.haw-hamburg.de
08.11 11:24:50,165|11032: Abstimmung yes, sending to Next One
08.11 11:24:53,681|11032: Got Abstimmung
08.11 11:24:53,682|11032: Got it from someone else
08.11 11:24:53,683|11032: TimeDiff of 51 big enough
08.11 11:24:53,683|11032: Trying to get Nameservice: ns@lab30.cpt.haw-hamburg.de
08.11 11:24:53,691|11032: Got Nameservice: ns@lab30.cpt.haw-hamburg.de
08.11 11:24:53,692|11032: Got Nameservice, trying to contact it for: 11045
08.11 11:24:53,699|11032: 11045 found, Name: 11045 Node: team10@lab24.cpt.haw-hamburg.de
08.11 11:24:53,699|11032: Abstimmung yes, sending to Next One
08.11 11:24:54,633|11032: Got Abstimmung
08.11 11:24:54,634|11032: Got it from someone else
08.11 11:24:54,635|11032: TimeDiff of 52 big enough
08.11 11:24:54,637|11032: Trying to get Nameservice: ns@lab30.cpt.haw-hamburg.de
08.11 11:24:54,675|11032: Got Nameservice: ns@lab30.cpt.haw-hamburg.de
08.11 11:24:54,676|11032: Got Nameservice, trying to contact it for: 11045
08.11 11:24:54,682|11032: 11045 found, Name: 11045 Node: team10@lab24.cpt.haw-hamburg.de
08.11 11:24:54,682|11032: Abstimmung yes, sending to Next One
08.11 11:24:55,060|11032: Got Abstimmung
08.11 11:24:55,061|11032: Got it from someone else
08.11 11:24:55,061|11032: TimeDiff of 53 big enough
08.11 11:24:55,062|11032: Trying to get Nameservice: ns@lab30.cpt.haw-hamburg.de
08.11 11:24:55,068|11032: Got Nameservice: ns@lab30.cpt.haw-hamburg.de
08.11 11:24:55,069|11032: Got Nameservice, trying to contact it for: 11045
08.11 11:24:55,073|11032: 11045 found, Name: 11045 Node: team10@lab24.cpt.haw-hamburg.de
08.11 11:24:55,073|11032: Abstimmung yes, sending to Next One
08.11 11:24:56,087|11032: Got Abstimmung
08.11 11:24:56,088|11032: Got it from someone else
08.11 11:24:56,088|11032: TimeDiff of 54 big enough
08.11 11:24:56,089|11032: Trying to get Nameservice: ns@lab30.cpt.haw-hamburg.de
08.11 11:24:56,096|11032: Got Nameservice: ns@lab30.cpt.haw-hamburg.de
08.11 11:24:56,097|11032: Got Nameservice, trying to contact it for: 11045
08.11 11:24:56,102|11032: 11045 found, Name: 11045 Node: team10@lab24.cpt.haw-hamburg.de
08.11 11:24:56,102|11032: Abstimmung yes, sending to Next One
08.11 11:25:05,208|11032: Got Abstimmung
08.11 11:25:05,218|11032: Got it from someone else
08.11 11:25:05,224|11032: TimeDiff of 63 big enough
08.11 11:25:05,229|11032: Trying to get Nameservice: ns@lab30.cpt.haw-hamburg.de
08.11 11:25:05,334|11032: Got Nameservice: ns@lab30.cpt.haw-hamburg.de
08.11 11:25:05,342|11032: Got Nameservice, trying to contact it for: 11045
08.11 11:25:05,544|11032: 11045 found, Name: 11045 Node: team10@lab24.cpt.haw-hamburg.de
08.11 11:25:05,551|11032: Abstimmung yes, sending to Next One
08.11 11:25:05,540|11032: Got Abstimmung
08.11 11:25:05,541|11032: Got it from someone else
08.11 11:25:05,541|11032: TimeDiff of 63 big enough
08.11 11:25:05,542|11032: Trying to get Nameservice: ns@lab30.cpt.haw-hamburg.de
08.11 11:25:05,547|11032: Got Nameservice: ns@lab30.cpt.haw-hamburg.de
08.11 11:25:05,548|11032: Got Nameservice, trying to contact it for: 11045
08.11 11:25:05,553|11032: 11045 found, Name: 11045 Node: team10@lab24.cpt.haw-hamburg.de
08.11 11:25:05,554|11032: Abstimmung yes, sending to Next One
08.11 11:25:07,562|11032: Got Abstimmung
08.11 11:25:07,573|11032: Got it from someone else
08.11 11:25:07,579|11032: TimeDiff of 65 big enough
08.11 11:25:07,586|11032: Trying to get Nameservice: ns@lab30.cpt.haw-hamburg.de
08.11 11:25:07,635|11032: Got Nameservice: ns@lab30.cpt.haw-hamburg.de
08.11 11:25:07,642|11032: Got Nameservice, trying to contact it for: 11045
08.11 11:25:07,721|11032: 11045 found, Name: 11045 Node: team10@lab24.cpt.haw-hamburg.de
08.11 11:25:07,749|11032: Abstimmung yes, sending to Next One
08.11 11:25:07,897|11032: Got Abstimmung
08.11 11:25:07,898|11032: Got it from someone else
08.11 11:25:07,898|11032: TimeDiff of 65 big enough
08.11 11:25:07,899|11032: Trying to get Nameservice: ns@lab30.cpt.haw-hamburg.de
08.11 11:25:07,906|11032: Got Nameservice: ns@lab30.cpt.haw-hamburg.de
08.11 11:25:07,906|11032: Got Nameservice, trying to contact it for: 11045
08.11 11:25:07,912|11032: 11045 found, Name: 11045 Node: team10@lab24.cpt.haw-hamburg.de
08.11 11:25:07,913|11032: Abstimmung yes, sending to Next One
08.11 11:25:08,602|11032: Got Abstimmung
08.11 11:25:08,603|11032: Got it from someone else
08.11 11:25:08,603|11032: TimeDiff of 66 big enough
08.11 11:25:08,604|11032: Trying to get Nameservice: ns@lab30.cpt.haw-hamburg.de
08.11 11:25:08,610|11032: Got Nameservice: ns@lab30.cpt.haw-hamburg.de
08.11 11:25:08,610|11032: Got Nameservice, trying to contact it for: 11045
08.11 11:25:08,633|11032: 11045 found, Name: 11045 Node: team10@lab24.cpt.haw-hamburg.de
08.11 11:25:08,634|11032: Abstimmung yes, sending to Next One
08.11 11:25:08,821|11032: Got Abstimmung
08.11 11:25:08,822|11032: Got it from someone else
08.11 11:25:08,823|11032: TimeDiff of 66 big enough
08.11 11:25:08,823|11032: Trying to get Nameservice: ns@lab30.cpt.haw-hamburg.de
08.11 11:25:08,829|11032: Got Nameservice: ns@lab30.cpt.haw-hamburg.de
08.11 11:25:08,830|11032: Got Nameservice, trying to contact it for: 11045
08.11 11:25:08,837|11032: 11045 found, Name: 11045 Node: team10@lab24.cpt.haw-hamburg.de
08.11 11:25:08,838|11032: Abstimmung yes, sending to Next One
08.11 11:25:14,227|11032: Got Nameservice: ns@lab30.cpt.haw-hamburg.de
08.11 11:25:14,228|11032: Unbinding from Nameservice
08.11 11:25:14,229|11032: Killed
