08.11 11:20:05,900|11064: Got Nameservice: ns@lab30.cpt.haw-hamburg.de
08.11 11:20:05,900|11064: Sende Nachricht an Nameservicenode: ns@lab30.cpt.haw-hamburg.de
08.11 11:20:05,901|11064: Nachricht an Nameservicenode gesendet
08.11 11:20:05,925|11064: Bind done
08.11 11:20:05,925|11064: Get Koordinator -> Get Dienst
08.11 11:20:05,927|11064: Trying to get Nameservice: ns@lab30.cpt.haw-hamburg.de
08.11 11:20:05,968|11064: Got Nameservice: ns@lab30.cpt.haw-hamburg.de
08.11 11:20:05,972|11064: Got Nameservice, trying to contact it for: chef
08.11 11:20:05,996|11064: chef found, Name: chef Node: ko@lab22.cpt.haw-hamburg.de
08.11 11:20:05,997|11064: Sende Nachricht an Koordinator: chef
08.11 11:20:05,998|11064: warte auf Nachbarmessage vom Koordinator
08.11 11:21:07,094|11064: Neighbors set. Left: 12192 Right: 11075|starting loop
08.11 11:21:12,446|11064: Starting with MI: 88803
08.11 11:21:12,447|11064: Starting new timer
08.11 11:21:15,414|11064: Got Abstimmung
08.11 11:21:15,415|11064: Got it from someone else
08.11 11:21:15,417|11064: TimeDiff of 3 big enough
08.11 11:21:15,423|11064: Trying to get Nameservice: ns@lab30.cpt.haw-hamburg.de
08.11 11:21:15,490|11064: Got Nameservice: ns@lab30.cpt.haw-hamburg.de
08.11 11:21:15,491|11064: Got Nameservice, trying to contact it for: 11075
08.11 11:21:15,538|11064: 11075 found, Name: 11075 Node: team10@lab24.cpt.haw-hamburg.de
08.11 11:21:15,538|11064: Abstimmung yes, sending to Next One
08.11 11:21:15,539|11064: Got Abstimmung
08.11 11:21:15,540|11064: Got it from someone else
08.11 11:21:15,540|11064: TimeDiff of 3 big enough
08.11 11:21:15,541|11064: Trying to get Nameservice: ns@lab30.cpt.haw-hamburg.de
08.11 11:21:15,596|11064: Got Nameservice: ns@lab30.cpt.haw-hamburg.de
08.11 11:21:15,599|11064: Got Nameservice, trying to contact it for: 11075
08.11 11:21:15,641|11064: 11075 found, Name: 11075 Node: team10@lab24.cpt.haw-hamburg.de
08.11 11:21:15,641|11064: Abstimmung yes, sending to Next One
08.11 11:21:15,642|11064: Trying to get Nameservice: ns@lab30.cpt.haw-hamburg.de
08.11 11:21:15,679|11064: Got Nameservice: ns@lab30.cpt.haw-hamburg.de
08.11 11:21:15,683|11064: Got Nameservice, trying to contact it for: 11075
08.11 11:21:15,747|11064: 11075 found, Name: 11075 Node: team10@lab24.cpt.haw-hamburg.de
08.11 11:21:15,749|11064: ABSTIMMUNG start
08.11 11:21:15,750|11064: Got Abstimmung
08.11 11:21:15,750|11064: Got it from someone else
08.11 11:21:15,751|11064: TimeDiff of 3 big enough
08.11 11:21:15,752|11064: Trying to get Nameservice: ns@lab30.cpt.haw-hamburg.de
08.11 11:21:15,782|11064: Got Nameservice: ns@lab30.cpt.haw-hamburg.de
08.11 11:21:15,783|11064: Got Nameservice, trying to contact it for: 11075
08.11 11:21:15,830|11064: 11075 found, Name: 11075 Node: team10@lab24.cpt.haw-hamburg.de
08.11 11:21:15,831|11064: Abstimmung yes, sending to Next One
08.11 11:21:15,616|11064: Got Abstimmung
08.11 11:21:15,617|11064: Got it from someone else
08.11 11:21:15,617|11064: TimeDiff of 3 big enough
08.11 11:21:15,618|11064: Trying to get Nameservice: ns@lab30.cpt.haw-hamburg.de
08.11 11:21:15,690|11064: Got Nameservice: ns@lab30.cpt.haw-hamburg.de
08.11 11:21:15,691|11064: Got Nameservice, trying to contact it for: 11075
08.11 11:21:15,736|11064: 11075 found, Name: 11075 Node: team10@lab24.cpt.haw-hamburg.de
08.11 11:21:15,737|11064: Abstimmung yes, sending to Next One
08.11 11:21:18,625|11064: Got Abstimmung
08.11 11:21:18,626|11064: Got it from someone else
08.11 11:21:18,626|11064: TimeDiff of 6 big enough
08.11 11:21:18,627|11064: Trying to get Nameservice: ns@lab30.cpt.haw-hamburg.de
08.11 11:21:18,660|11064: Got Nameservice: ns@lab30.cpt.haw-hamburg.de
08.11 11:21:18,662|11064: Got Nameservice, trying to contact it for: 11075
08.11 11:21:18,741|11064: 11075 found, Name: 11075 Node: team10@lab24.cpt.haw-hamburg.de
08.11 11:21:18,743|11064: Abstimmung yes, sending to Next One
08.11 11:21:19,001|11064: Got Abstimmung
08.11 11:21:19,009|11064: Got it from someone else
08.11 11:21:19,016|11064: TimeDiff of 7 big enough
08.11 11:21:19,026|11064: Trying to get Nameservice: ns@lab30.cpt.haw-hamburg.de
08.11 11:21:19,663|11064: Got Nameservice: ns@lab30.cpt.haw-hamburg.de
08.11 11:21:19,671|11064: Got Nameservice, trying to contact it for: 11075
08.11 11:21:19,116|11064: 11075 found, Name: 11075 Node: team10@lab24.cpt.haw-hamburg.de
08.11 11:21:19,124|11064: Abstimmung yes, sending to Next One
08.11 11:21:19,131|11064: Got Abstimmung
08.11 11:21:19,137|11064: Got it from someone else
08.11 11:21:19,144|11064: TimeDiff of 7 big enough
08.11 11:21:19,149|11064: Trying to get Nameservice: ns@lab30.cpt.haw-hamburg.de
08.11 11:21:19,745|11064: Got Nameservice: ns@lab30.cpt.haw-hamburg.de
08.11 11:21:19,758|11064: Got Nameservice, trying to contact it for: 11075
08.11 11:21:19,207|11064: 11075 found, Name: 11075 Node: team10@lab24.cpt.haw-hamburg.de
08.11 11:21:19,214|11064: Abstimmung yes, sending to Next One
08.11 11:21:22,664|11064: Got Abstimmung
08.11 11:21:22,673|11064: Got it from someone else
08.11 11:21:22,688|11064: TimeDiff of 10 big enough
08.11 11:21:22,694|11064: Trying to get Nameservice: ns@lab30.cpt.haw-hamburg.de
08.11 11:21:22,739|11064: Got Nameservice: ns@lab30.cpt.haw-hamburg.de
08.11 11:21:22,747|11064: Got Nameservice, trying to contact it for: 11075
08.11 11:21:22,191|11064: 11075 found, Name: 11075 Node: team10@lab24.cpt.haw-hamburg.de
08.11 11:21:22,204|11064: Abstimmung yes, sending to Next One
08.11 11:21:23,225|11064: Got Abstimmung
08.11 11:21:23,226|11064: Got it from someone else
08.11 11:21:23,226|11064: TimeDiff of 11 big enough
08.11 11:21:23,227|11064: Trying to get Nameservice: ns@lab30.cpt.haw-hamburg.de
08.11 11:21:23,252|11064: Got Nameservice: ns@lab30.cpt.haw-hamburg.de
08.11 11:21:23,253|11064: Got Nameservice, trying to contact it for: 11075
08.11 11:21:23,257|11064: 11075 found, Name: 11075 Node: team10@lab24.cpt.haw-hamburg.de
08.11 11:21:23,258|11064: Abstimmung yes, sending to Next One
08.11 11:21:23,893|11064: Got Abstimmung
08.11 11:21:23,894|11064: Got it from someone else
08.11 11:21:23,895|11064: TimeDiff of 11 big enough
08.11 11:21:23,896|11064: Trying to get Nameservice: ns@lab30.cpt.haw-hamburg.de
08.11 11:21:23,900|11064: Got Nameservice: ns@lab30.cpt.haw-hamburg.de
08.11 11:21:23,901|11064: Got Nameservice, trying to contact it for: 11075
08.11 11:21:23,938|11064: 11075 found, Name: 11075 Node: team10@lab24.cpt.haw-hamburg.de
08.11 11:21:23,938|11064: Abstimmung yes, sending to Next One
08.11 11:21:24,346|11064: Got Abstimmung
08.11 11:21:24,346|11064: Got it from someone else
08.11 11:21:24,347|11064: TimeDiff of 12 big enough
08.11 11:21:24,348|11064: Trying to get Nameservice: ns@lab30.cpt.haw-hamburg.de
08.11 11:21:24,379|11064: Got Nameservice: ns@lab30.cpt.haw-hamburg.de
08.11 11:21:24,380|11064: Got Nameservice, trying to contact it for: 11075
08.11 11:21:24,386|11064: 11075 found, Name: 11075 Node: team10@lab24.cpt.haw-hamburg.de
08.11 11:21:24,386|11064: Abstimmung yes, sending to Next One
08.11 11:21:27,882|11064: Got Abstimmung
08.11 11:21:27,883|11064: Got it from someone else
08.11 11:21:27,884|11064: TimeDiff of 15 big enough
08.11 11:21:27,885|11064: Trying to get Nameservice: ns@lab30.cpt.haw-hamburg.de
08.11 11:21:27,915|11064: Got Nameservice: ns@lab30.cpt.haw-hamburg.de
08.11 11:21:27,916|11064: Got Nameservice, trying to contact it for: 11075
08.11 11:21:27,919|11064: 11075 found, Name: 11075 Node: team10@lab24.cpt.haw-hamburg.de
08.11 11:21:27,920|11064: Abstimmung yes, sending to Next One
08.11 11:21:32,238|11064: Got Y: 13
08.11 11:21:32,238|11064: Starting new timer
08.11 11:21:32,239|11064: Caculating new MI: 13 Y: 13
08.11 11:21:32,283|11064: Trying to get Nameservice: ns@lab30.cpt.haw-hamburg.de
08.11 11:21:32,289|11064: Got Nameservice: ns@lab30.cpt.haw-hamburg.de
08.11 11:21:32,290|11064: Got Nameservice, trying to contact it for: 12192
08.11 11:21:32,323|11064: 12192 found, Name: 12192 Node: starter2@lab23.cpt.haw-hamburg.de
08.11 11:21:32,324|11064: Sending Y: 13 to Left
08.11 11:21:32,324|11064: Trying to get Nameservice: ns@lab30.cpt.haw-hamburg.de
08.11 11:21:32,361|11064: Got Nameservice: ns@lab30.cpt.haw-hamburg.de
08.11 11:21:32,361|11064: Got Nameservice, trying to contact it for: 11075
08.11 11:21:32,392|11064: 11075 found, Name: 11075 Node: team10@lab24.cpt.haw-hamburg.de
08.11 11:21:32,393|11064: Sending Y: 13 to Right
08.11 11:21:32,394|11064: Get Koordinator -> Get Dienst
08.11 11:21:32,396|11064: Trying to get Nameservice: ns@lab30.cpt.haw-hamburg.de
08.11 11:21:32,432|11064: Got Nameservice: ns@lab30.cpt.haw-hamburg.de
08.11 11:21:32,433|11064: Got Nameservice, trying to contact it for: chef
08.11 11:21:32,437|11064: chef found, Name: chef Node: ko@lab22.cpt.haw-hamburg.de
08.11 11:21:32,437|11064: BriefMi to Koord: 13
08.11 11:21:32,438|11064: Got Y: 13
08.11 11:21:32,438|11064: Killing old timer in Y
08.11 11:21:32,439|11064: Starting new timer
08.11 11:21:32,440|11064: New Y: 13 >= Mi: 13
08.11 11:21:35,451|11064: Trying to get Nameservice: ns@lab30.cpt.haw-hamburg.de
08.11 11:21:35,484|11064: Got Nameservice: ns@lab30.cpt.haw-hamburg.de
08.11 11:21:35,484|11064: Got Nameservice, trying to contact it for: 11075
08.11 11:21:35,489|11064: 11075 found, Name: 11075 Node: team10@lab24.cpt.haw-hamburg.de
08.11 11:21:35,489|11064: ABSTIMMUNG start
08.11 11:21:36,604|11064: Got Abstimmung
08.11 11:21:36,605|11064: Got it from someone else
08.11 11:21:36,606|11064: TimeDiff of 4 big enough
08.11 11:21:36,606|11064: Trying to get Nameservice: ns@lab30.cpt.haw-hamburg.de
08.11 11:21:36,612|11064: Got Nameservice: ns@lab30.cpt.haw-hamburg.de
08.11 11:21:36,613|11064: Got Nameservice, trying to contact it for: 11075
08.11 11:21:36,618|11064: 11075 found, Name: 11075 Node: team10@lab24.cpt.haw-hamburg.de
08.11 11:21:36,618|11064: Abstimmung yes, sending to Next One
08.11 11:21:39,615|11064: Got Abstimmung
08.11 11:21:39,616|11064: Got it from someone else
08.11 11:21:39,617|11064: TimeDiff of 7 big enough
08.11 11:21:39,617|11064: Trying to get Nameservice: ns@lab30.cpt.haw-hamburg.de
08.11 11:21:39,622|11064: Got Nameservice: ns@lab30.cpt.haw-hamburg.de
08.11 11:21:39,623|11064: Got Nameservice, trying to contact it for: 11075
08.11 11:21:39,629|11064: 11075 found, Name: 11075 Node: team10@lab24.cpt.haw-hamburg.de
08.11 11:21:39,630|11064: Abstimmung yes, sending to Next One
08.11 11:21:39,630|11064: Got Abstimmung
08.11 11:21:39,631|11064: Got it from someone else
08.11 11:21:39,632|11064: TimeDiff of 7 big enough
08.11 11:21:39,632|11064: Trying to get Nameservice: ns@lab30.cpt.haw-hamburg.de
08.11 11:21:39,676|11064: Got Nameservice: ns@lab30.cpt.haw-hamburg.de
08.11 11:21:39,676|11064: Got Nameservice, trying to contact it for: 11075
08.11 11:21:39,715|11064: 11075 found, Name: 11075 Node: team10@lab24.cpt.haw-hamburg.de
08.11 11:21:39,716|11064: Abstimmung yes, sending to Next One
08.11 11:21:42,272|11064: Got Abstimmung
08.11 11:21:42,273|11064: Got it from someone else
08.11 11:21:42,274|11064: TimeDiff of 10 big enough
08.11 11:21:42,274|11064: Trying to get Nameservice: ns@lab30.cpt.haw-hamburg.de
08.11 11:21:42,281|11064: Got Nameservice: ns@lab30.cpt.haw-hamburg.de
08.11 11:21:42,282|11064: Got Nameservice, trying to contact it for: 11075
08.11 11:21:42,288|11064: 11075 found, Name: 11075 Node: team10@lab24.cpt.haw-hamburg.de
08.11 11:21:42,288|11064: Abstimmung yes, sending to Next One
08.11 11:21:43,043|11064: Got Abstimmung
08.11 11:21:43,043|11064: Got it from someone else
08.11 11:21:43,044|11064: TimeDiff of 11 big enough
08.11 11:21:43,045|11064: Trying to get Nameservice: ns@lab30.cpt.haw-hamburg.de
08.11 11:21:43,093|11064: Got Nameservice: ns@lab30.cpt.haw-hamburg.de
08.11 11:21:43,094|11064: Got Nameservice, trying to contact it for: 11075
08.11 11:21:43,099|11064: 11075 found, Name: 11075 Node: team10@lab24.cpt.haw-hamburg.de
08.11 11:21:43,100|11064: Abstimmung yes, sending to Next One
08.11 11:21:44,912|11064: Got Abstimmung
08.11 11:21:44,913|11064: Got it from someone else
08.11 11:21:44,914|11064: TimeDiff of 12 big enough
08.11 11:21:44,915|11064: Trying to get Nameservice: ns@lab30.cpt.haw-hamburg.de
08.11 11:21:44,959|11064: Got Nameservice: ns@lab30.cpt.haw-hamburg.de
08.11 11:21:44,960|11064: Got Nameservice, trying to contact it for: 11075
08.11 11:21:44,968|11064: 11075 found, Name: 11075 Node: team10@lab24.cpt.haw-hamburg.de
08.11 11:21:44,969|11064: Abstimmung yes, sending to Next One
08.11 11:21:44,410|11064: Got Abstimmung
08.11 11:21:44,411|11064: Got it from someone else
08.11 11:21:44,412|11064: TimeDiff of 12 big enough
08.11 11:21:44,412|11064: Trying to get Nameservice: ns@lab30.cpt.haw-hamburg.de
08.11 11:21:44,418|11064: Got Nameservice: ns@lab30.cpt.haw-hamburg.de
08.11 11:21:44,419|11064: Got Nameservice, trying to contact it for: 11075
08.11 11:21:44,441|11064: 11075 found, Name: 11075 Node: team10@lab24.cpt.haw-hamburg.de
08.11 11:21:44,442|11064: Abstimmung yes, sending to Next One
08.11 11:21:49,175|11064: Got Abstimmung
08.11 11:21:49,176|11064: Got it from someone else
08.11 11:21:49,178|11064: TimeDiff of 17 big enough
08.11 11:21:49,179|11064: Trying to get Nameservice: ns@lab30.cpt.haw-hamburg.de
08.11 11:21:49,216|11064: Got Nameservice: ns@lab30.cpt.haw-hamburg.de
08.11 11:21:49,217|11064: Got Nameservice, trying to contact it for: 11075
08.11 11:21:49,224|11064: 11075 found, Name: 11075 Node: team10@lab24.cpt.haw-hamburg.de
08.11 11:21:49,225|11064: Abstimmung yes, sending to Next One
08.11 11:21:49,306|11064: Got Abstimmung
08.11 11:21:49,307|11064: Got it from someone else
08.11 11:21:49,307|11064: TimeDiff of 17 big enough
08.11 11:21:49,308|11064: Trying to get Nameservice: ns@lab30.cpt.haw-hamburg.de
08.11 11:21:49,338|11064: Got Nameservice: ns@lab30.cpt.haw-hamburg.de
08.11 11:21:49,338|11064: Got Nameservice, trying to contact it for: 11075
08.11 11:21:49,344|11064: 11075 found, Name: 11075 Node: team10@lab24.cpt.haw-hamburg.de
08.11 11:21:49,345|11064: Abstimmung yes, sending to Next One
08.11 11:21:50,097|11064: Got Abstimmung
08.11 11:21:50,103|11064: Got it from someone else
08.11 11:21:50,109|11064: TimeDiff of 18 big enough
08.11 11:21:50,114|11064: Trying to get Nameservice: ns@lab30.cpt.haw-hamburg.de
08.11 11:21:50,358|11064: Got Nameservice: ns@lab30.cpt.haw-hamburg.de
08.11 11:21:50,366|11064: Got Nameservice, trying to contact it for: 11075
08.11 11:21:50,418|11064: 11075 found, Name: 11075 Node: team10@lab24.cpt.haw-hamburg.de
08.11 11:21:50,425|11064: Abstimmung yes, sending to Next One
08.11 11:21:50,093|11064: Got Abstimmung
08.11 11:21:50,094|11064: Got it from someone else
08.11 11:21:50,094|11064: TimeDiff of 18 big enough
08.11 11:21:50,095|11064: Trying to get Nameservice: ns@lab30.cpt.haw-hamburg.de
08.11 11:21:50,127|11064: Got Nameservice: ns@lab30.cpt.haw-hamburg.de
08.11 11:21:50,129|11064: Got Nameservice, trying to contact it for: 11075
08.11 11:21:50,157|11064: 11075 found, Name: 11075 Node: team10@lab24.cpt.haw-hamburg.de
08.11 11:21:50,158|11064: Abstimmung yes, sending to Next One
08.11 11:21:50,745|11064: Got Abstimmung
08.11 11:21:50,745|11064: Got it from someone else
08.11 11:21:50,746|11064: TimeDiff of 18 big enough
08.11 11:21:50,746|11064: Trying to get Nameservice: ns@lab30.cpt.haw-hamburg.de
08.11 11:21:50,775|11064: Got Nameservice: ns@lab30.cpt.haw-hamburg.de
08.11 11:21:50,776|11064: Got Nameservice, trying to contact it for: 11075
08.11 11:21:50,802|11064: 11075 found, Name: 11075 Node: team10@lab24.cpt.haw-hamburg.de
08.11 11:21:50,803|11064: Abstimmung yes, sending to Next One
08.11 11:21:52,933|11064: Got Abstimmung
08.11 11:21:52,934|11064: Got it from someone else
08.11 11:21:52,934|11064: TimeDiff of 20 big enough
08.11 11:21:52,935|11064: Trying to get Nameservice: ns@lab30.cpt.haw-hamburg.de
08.11 11:21:52,957|11064: Got Nameservice: ns@lab30.cpt.haw-hamburg.de
08.11 11:21:52,958|11064: Got Nameservice, trying to contact it for: 11075
08.11 11:21:52,963|11064: 11075 found, Name: 11075 Node: team10@lab24.cpt.haw-hamburg.de
08.11 11:21:52,964|11064: Abstimmung yes, sending to Next One
08.11 11:21:55,955|11064: Got Abstimmung
08.11 11:21:55,955|11064: Got it from someone else
08.11 11:21:55,956|11064: TimeDiff of 23 big enough
08.11 11:21:55,956|11064: Trying to get Nameservice: ns@lab30.cpt.haw-hamburg.de
08.11 11:21:55,963|11064: Got Nameservice: ns@lab30.cpt.haw-hamburg.de
08.11 11:21:55,964|11064: Got Nameservice, trying to contact it for: 11075
08.11 11:21:55,002|11064: 11075 found, Name: 11075 Node: team10@lab24.cpt.haw-hamburg.de
08.11 11:21:55,002|11064: Abstimmung yes, sending to Next One
08.11 11:21:57,966|11064: Got Abstimmung
08.11 11:21:57,973|11064: Got it from someone else
08.11 11:21:57,979|11064: TimeDiff of 25 big enough
08.11 11:21:57,984|11064: Trying to get Nameservice: ns@lab30.cpt.haw-hamburg.de
08.11 11:21:57,364|11064: Got Nameservice: ns@lab30.cpt.haw-hamburg.de
08.11 11:21:57,371|11064: Got Nameservice, trying to contact it for: 11075
08.11 11:21:57,741|11064: 11075 found, Name: 11075 Node: team10@lab24.cpt.haw-hamburg.de
08.11 11:21:57,747|11064: Abstimmung yes, sending to Next One
08.11 11:21:57,188|11064: Got Abstimmung
08.11 11:21:57,189|11064: Got it from someone else
08.11 11:21:57,190|11064: TimeDiff of 25 big enough
08.11 11:21:57,190|11064: Trying to get Nameservice: ns@lab30.cpt.haw-hamburg.de
08.11 11:21:57,258|11064: Got Nameservice: ns@lab30.cpt.haw-hamburg.de
08.11 11:21:57,258|11064: Got Nameservice, trying to contact it for: 11075
08.11 11:21:57,266|11064: 11075 found, Name: 11075 Node: team10@lab24.cpt.haw-hamburg.de
08.11 11:21:57,267|11064: Abstimmung yes, sending to Next One
08.11 11:21:58,204|11064: Got Abstimmung
08.11 11:21:58,205|11064: Got it from someone else
08.11 11:21:58,206|11064: TimeDiff of 26 big enough
08.11 11:21:58,206|11064: Trying to get Nameservice: ns@lab30.cpt.haw-hamburg.de
08.11 11:21:58,222|11064: Got Nameservice: ns@lab30.cpt.haw-hamburg.de
08.11 11:21:58,223|11064: Got Nameservice, trying to contact it for: 11075
08.11 11:21:58,228|11064: 11075 found, Name: 11075 Node: team10@lab24.cpt.haw-hamburg.de
08.11 11:21:58,229|11064: Abstimmung yes, sending to Next One
08.11 11:21:58,483|11064: Got Abstimmung
08.11 11:21:58,483|11064: Got it from someone else
08.11 11:21:58,484|11064: TimeDiff of 26 big enough
08.11 11:21:58,484|11064: Trying to get Nameservice: ns@lab30.cpt.haw-hamburg.de
08.11 11:21:58,512|11064: Got Nameservice: ns@lab30.cpt.haw-hamburg.de
08.11 11:21:58,513|11064: Got Nameservice, trying to contact it for: 11075
08.11 11:21:58,520|11064: 11075 found, Name: 11075 Node: team10@lab24.cpt.haw-hamburg.de
08.11 11:21:58,522|11064: Abstimmung yes, sending to Next One
08.11 11:21:58,807|11064: Got Abstimmung
08.11 11:21:58,807|11064: Got it from someone else
08.11 11:21:58,808|11064: TimeDiff of 26 big enough
08.11 11:21:58,809|11064: Trying to get Nameservice: ns@lab30.cpt.haw-hamburg.de
08.11 11:21:58,830|11064: Got Nameservice: ns@lab30.cpt.haw-hamburg.de
08.11 11:21:58,830|11064: Got Nameservice, trying to contact it for: 11075
08.11 11:21:58,833|11064: 11075 found, Name: 11075 Node: team10@lab24.cpt.haw-hamburg.de
08.11 11:21:58,834|11064: Abstimmung yes, sending to Next One
08.11 11:21:59,866|11064: Got Abstimmung
08.11 11:21:59,867|11064: Got it from someone else
08.11 11:21:59,868|11064: TimeDiff of 27 big enough
08.11 11:21:59,869|11064: Trying to get Nameservice: ns@lab30.cpt.haw-hamburg.de
08.11 11:21:59,897|11064: Got Nameservice: ns@lab30.cpt.haw-hamburg.de
08.11 11:21:59,898|11064: Got Nameservice, trying to contact it for: 11075
08.11 11:21:59,903|11064: 11075 found, Name: 11075 Node: team10@lab24.cpt.haw-hamburg.de
08.11 11:21:59,904|11064: Abstimmung yes, sending to Next One
08.11 11:21:59,581|11064: Got Abstimmung
08.11 11:21:59,583|11064: Got it from someone else
08.11 11:21:59,583|11064: TimeDiff of 27 big enough
08.11 11:21:59,583|11064: Trying to get Nameservice: ns@lab30.cpt.haw-hamburg.de
08.11 11:21:59,601|11064: Got Nameservice: ns@lab30.cpt.haw-hamburg.de
08.11 11:21:59,602|11064: Got Nameservice, trying to contact it for: 11075
08.11 11:21:59,607|11064: 11075 found, Name: 11075 Node: team10@lab24.cpt.haw-hamburg.de
08.11 11:21:59,608|11064: Abstimmung yes, sending to Next One
08.11 11:22:00,706|11064: Got Abstimmung
08.11 11:22:00,707|11064: Got it from someone else
08.11 11:22:00,708|11064: TimeDiff of 28 big enough
08.11 11:22:00,708|11064: Trying to get Nameservice: ns@lab30.cpt.haw-hamburg.de
08.11 11:22:00,845|11064: Got Nameservice: ns@lab30.cpt.haw-hamburg.de
08.11 11:22:00,846|11064: Got Nameservice, trying to contact it for: 11075
08.11 11:22:00,851|11064: 11075 found, Name: 11075 Node: team10@lab24.cpt.haw-hamburg.de
08.11 11:22:00,852|11064: Abstimmung yes, sending to Next One
08.11 11:22:01,525|11064: Got Abstimmung
08.11 11:22:01,526|11064: Got it from someone else
08.11 11:22:01,526|11064: TimeDiff of 29 big enough
08.11 11:22:01,527|11064: Trying to get Nameservice: ns@lab30.cpt.haw-hamburg.de
08.11 11:22:01,553|11064: Got Nameservice: ns@lab30.cpt.haw-hamburg.de
08.11 11:22:01,554|11064: Got Nameservice, trying to contact it for: 11075
08.11 11:22:01,563|11064: 11075 found, Name: 11075 Node: team10@lab24.cpt.haw-hamburg.de
08.11 11:22:01,564|11064: Abstimmung yes, sending to Next One
08.11 11:22:01,256|11064: Got Abstimmung
08.11 11:22:01,257|11064: Got it from someone else
08.11 11:22:01,257|11064: TimeDiff of 29 big enough
08.11 11:22:01,258|11064: Trying to get Nameservice: ns@lab30.cpt.haw-hamburg.de
08.11 11:22:01,269|11064: Got Nameservice: ns@lab30.cpt.haw-hamburg.de
08.11 11:22:01,270|11064: Got Nameservice, trying to contact it for: 11075
08.11 11:22:01,276|11064: 11075 found, Name: 11075 Node: team10@lab24.cpt.haw-hamburg.de
08.11 11:22:01,277|11064: Abstimmung yes, sending to Next One
08.11 11:22:04,329|11064: Got Abstimmung
08.11 11:22:04,405|11064: Got it from someone else
08.11 11:22:04,468|11064: TimeDiff of 32 big enough
08.11 11:22:04,521|11064: Trying to get Nameservice: ns@lab30.cpt.haw-hamburg.de
08.11 11:22:04,458|11064: Got Nameservice: ns@lab30.cpt.haw-hamburg.de
08.11 11:22:04,468|11064: Got Nameservice, trying to contact it for: 11075
08.11 11:22:04,495|11064: 11075 found, Name: 11075 Node: team10@lab24.cpt.haw-hamburg.de
08.11 11:22:04,504|11064: Abstimmung yes, sending to Next One
08.11 11:22:04,018|11064: Got Abstimmung
08.11 11:22:04,019|11064: Got it from someone else
08.11 11:22:04,020|11064: TimeDiff of 32 big enough
08.11 11:22:04,020|11064: Trying to get Nameservice: ns@lab30.cpt.haw-hamburg.de
08.11 11:22:04,054|11064: Got Nameservice: ns@lab30.cpt.haw-hamburg.de
08.11 11:22:04,054|11064: Got Nameservice, trying to contact it for: 11075
08.11 11:22:04,071|11064: 11075 found, Name: 11075 Node: team10@lab24.cpt.haw-hamburg.de
08.11 11:22:04,072|11064: Abstimmung yes, sending to Next One
08.11 11:22:04,584|11064: Got Abstimmung
08.11 11:22:04,585|11064: Got it from someone else
08.11 11:22:04,586|11064: TimeDiff of 32 big enough
08.11 11:22:04,586|11064: Trying to get Nameservice: ns@lab30.cpt.haw-hamburg.de
08.11 11:22:04,621|11064: Got Nameservice: ns@lab30.cpt.haw-hamburg.de
08.11 11:22:04,625|11064: Got Nameservice, trying to contact it for: 11075
08.11 11:22:04,672|11064: 11075 found, Name: 11075 Node: team10@lab24.cpt.haw-hamburg.de
08.11 11:22:04,675|11064: Abstimmung yes, sending to Next One
08.11 11:22:05,347|11064: Got Abstimmung
08.11 11:22:05,348|11064: Got it from someone else
08.11 11:22:05,348|11064: TimeDiff of 33 big enough
08.11 11:22:05,349|11064: Trying to get Nameservice: ns@lab30.cpt.haw-hamburg.de
08.11 11:22:05,355|11064: Got Nameservice: ns@lab30.cpt.haw-hamburg.de
08.11 11:22:05,355|11064: Got Nameservice, trying to contact it for: 11075
08.11 11:22:05,360|11064: 11075 found, Name: 11075 Node: team10@lab24.cpt.haw-hamburg.de
08.11 11:22:05,361|11064: Abstimmung yes, sending to Next One
08.11 11:22:05,239|11064: Got Abstimmung
08.11 11:22:05,242|11064: Got it from someone else
08.11 11:22:05,246|11064: TimeDiff of 33 big enough
08.11 11:22:05,269|11064: Trying to get Nameservice: ns@lab30.cpt.haw-hamburg.de
08.11 11:22:05,277|11064: Got Nameservice: ns@lab30.cpt.haw-hamburg.de
08.11 11:22:05,277|11064: Got Nameservice, trying to contact it for: 11075
08.11 11:22:05,284|11064: 11075 found, Name: 11075 Node: team10@lab24.cpt.haw-hamburg.de
08.11 11:22:05,285|11064: Abstimmung yes, sending to Next One
08.11 11:22:05,947|11064: Got Abstimmung
08.11 11:22:05,948|11064: Got it from someone else
08.11 11:22:05,948|11064: TimeDiff of 33 big enough
08.11 11:22:05,949|11064: Trying to get Nameservice: ns@lab30.cpt.haw-hamburg.de
08.11 11:22:05,959|11064: Got Nameservice: ns@lab30.cpt.haw-hamburg.de
08.11 11:22:05,959|11064: Got Nameservice, trying to contact it for: 11075
08.11 11:22:05,964|11064: 11075 found, Name: 11075 Node: team10@lab24.cpt.haw-hamburg.de
08.11 11:22:05,965|11064: Abstimmung yes, sending to Next One
08.11 11:22:06,621|11064: Got Abstimmung
08.11 11:22:06,622|11064: Got it from someone else
08.11 11:22:06,622|11064: TimeDiff of 34 big enough
08.11 11:22:06,623|11064: Trying to get Nameservice: ns@lab30.cpt.haw-hamburg.de
08.11 11:22:06,664|11064: Got Nameservice: ns@lab30.cpt.haw-hamburg.de
08.11 11:22:06,665|11064: Got Nameservice, trying to contact it for: 11075
08.11 11:22:06,708|11064: 11075 found, Name: 11075 Node: team10@lab24.cpt.haw-hamburg.de
08.11 11:22:06,711|11064: Abstimmung yes, sending to Next One
08.11 11:22:06,500|11064: Got Abstimmung
08.11 11:22:06,501|11064: Got it from someone else
08.11 11:22:06,502|11064: TimeDiff of 34 big enough
08.11 11:22:06,503|11064: Trying to get Nameservice: ns@lab30.cpt.haw-hamburg.de
08.11 11:22:06,508|11064: Got Nameservice: ns@lab30.cpt.haw-hamburg.de
08.11 11:22:06,509|11064: Got Nameservice, trying to contact it for: 11075
08.11 11:22:06,561|11064: 11075 found, Name: 11075 Node: team10@lab24.cpt.haw-hamburg.de
08.11 11:22:06,565|11064: Abstimmung yes, sending to Next One
08.11 11:22:07,772|11064: Got Abstimmung
08.11 11:22:07,773|11064: Got it from someone else
08.11 11:22:07,774|11064: TimeDiff of 35 big enough
08.11 11:22:07,775|11064: Trying to get Nameservice: ns@lab30.cpt.haw-hamburg.de
08.11 11:22:07,810|11064: Got Nameservice: ns@lab30.cpt.haw-hamburg.de
08.11 11:22:07,811|11064: Got Nameservice, trying to contact it for: 11075
08.11 11:22:07,816|11064: 11075 found, Name: 11075 Node: team10@lab24.cpt.haw-hamburg.de
08.11 11:22:07,817|11064: Abstimmung yes, sending to Next One
08.11 11:22:07,010|11064: Got Abstimmung
08.11 11:22:07,010|11064: Got it from someone else
08.11 11:22:07,011|11064: TimeDiff of 35 big enough
08.11 11:22:07,012|11064: Trying to get Nameservice: ns@lab30.cpt.haw-hamburg.de
08.11 11:22:07,041|11064: Got Nameservice: ns@lab30.cpt.haw-hamburg.de
08.11 11:22:07,042|11064: Got Nameservice, trying to contact it for: 11075
08.11 11:22:07,054|11064: 11075 found, Name: 11075 Node: team10@lab24.cpt.haw-hamburg.de
08.11 11:22:07,057|11064: Abstimmung yes, sending to Next One
08.11 11:22:07,271|11064: Got Abstimmung
08.11 11:22:07,272|11064: Got it from someone else
08.11 11:22:07,272|11064: TimeDiff of 35 big enough
08.11 11:22:07,273|11064: Trying to get Nameservice: ns@lab30.cpt.haw-hamburg.de
08.11 11:22:07,279|11064: Got Nameservice: ns@lab30.cpt.haw-hamburg.de
08.11 11:22:07,279|11064: Got Nameservice, trying to contact it for: 11075
08.11 11:22:07,285|11064: 11075 found, Name: 11075 Node: team10@lab24.cpt.haw-hamburg.de
08.11 11:22:07,286|11064: Abstimmung yes, sending to Next One
08.11 11:22:08,804|11064: Got Abstimmung
08.11 11:22:08,805|11064: Got it from someone else
08.11 11:22:08,806|11064: TimeDiff of 36 big enough
08.11 11:22:08,806|11064: Trying to get Nameservice: ns@lab30.cpt.haw-hamburg.de
08.11 11:22:08,829|11064: Got Nameservice: ns@lab30.cpt.haw-hamburg.de
08.11 11:22:08,831|11064: Got Nameservice, trying to contact it for: 11075
08.11 11:22:08,836|11064: 11075 found, Name: 11075 Node: team10@lab24.cpt.haw-hamburg.de
08.11 11:22:08,837|11064: Abstimmung yes, sending to Next One
08.11 11:22:08,161|11064: Got Abstimmung
08.11 11:22:08,162|11064: Got it from someone else
08.11 11:22:08,165|11064: TimeDiff of 36 big enough
08.11 11:22:08,169|11064: Trying to get Nameservice: ns@lab30.cpt.haw-hamburg.de
08.11 11:22:08,192|11064: Got Nameservice: ns@lab30.cpt.haw-hamburg.de
08.11 11:22:08,193|11064: Got Nameservice, trying to contact it for: 11075
08.11 11:22:08,200|11064: 11075 found, Name: 11075 Node: team10@lab24.cpt.haw-hamburg.de
08.11 11:22:08,202|11064: Abstimmung yes, sending to Next One
08.11 11:22:09,734|11064: Got Abstimmung
08.11 11:22:09,741|11064: Got it from someone else
08.11 11:22:09,747|11064: TimeDiff of 37 big enough
08.11 11:22:09,753|11064: Trying to get Nameservice: ns@lab30.cpt.haw-hamburg.de
08.11 11:22:09,866|11064: Got Nameservice: ns@lab30.cpt.haw-hamburg.de
08.11 11:22:09,873|11064: Got Nameservice, trying to contact it for: 11075
08.11 11:22:09,173|11064: 11075 found, Name: 11075 Node: team10@lab24.cpt.haw-hamburg.de
08.11 11:22:09,200|11064: Abstimmung yes, sending to Next One
08.11 11:22:09,702|11064: Got Abstimmung
08.11 11:22:09,703|11064: Got it from someone else
08.11 11:22:09,704|11064: TimeDiff of 37 big enough
08.11 11:22:09,704|11064: Trying to get Nameservice: ns@lab30.cpt.haw-hamburg.de
08.11 11:22:09,736|11064: Got Nameservice: ns@lab30.cpt.haw-hamburg.de
08.11 11:22:09,738|11064: Got Nameservice, trying to contact it for: 11075
08.11 11:22:09,744|11064: 11075 found, Name: 11075 Node: team10@lab24.cpt.haw-hamburg.de
08.11 11:22:09,745|11064: Abstimmung yes, sending to Next One
08.11 11:22:09,854|11064: Got Abstimmung
08.11 11:22:09,855|11064: Got it from someone else
08.11 11:22:09,855|11064: TimeDiff of 37 big enough
08.11 11:22:09,856|11064: Trying to get Nameservice: ns@lab30.cpt.haw-hamburg.de
08.11 11:22:09,884|11064: Got Nameservice: ns@lab30.cpt.haw-hamburg.de
08.11 11:22:09,885|11064: Got Nameservice, trying to contact it for: 11075
08.11 11:22:09,890|11064: 11075 found, Name: 11075 Node: team10@lab24.cpt.haw-hamburg.de
08.11 11:22:09,890|11064: Abstimmung yes, sending to Next One
08.11 11:22:10,207|11064: Got Abstimmung
08.11 11:22:10,208|11064: Got it from someone else
08.11 11:22:10,209|11064: TimeDiff of 38 big enough
08.11 11:22:10,209|11064: Trying to get Nameservice: ns@lab30.cpt.haw-hamburg.de
08.11 11:22:10,242|11064: Got Nameservice: ns@lab30.cpt.haw-hamburg.de
08.11 11:22:10,243|11064: Got Nameservice, trying to contact it for: 11075
08.11 11:22:10,248|11064: 11075 found, Name: 11075 Node: team10@lab24.cpt.haw-hamburg.de
08.11 11:22:10,249|11064: Abstimmung yes, sending to Next One
08.11 11:22:11,666|11064: Got Abstimmung
08.11 11:22:11,667|11064: Got it from someone else
08.11 11:22:11,668|11064: TimeDiff of 39 big enough
08.11 11:22:11,668|11064: Trying to get Nameservice: ns@lab30.cpt.haw-hamburg.de
08.11 11:22:11,707|11064: Got Nameservice: ns@lab30.cpt.haw-hamburg.de
08.11 11:22:11,708|11064: Got Nameservice, trying to contact it for: 11075
08.11 11:22:11,712|11064: 11075 found, Name: 11075 Node: team10@lab24.cpt.haw-hamburg.de
08.11 11:22:11,712|11064: Abstimmung yes, sending to Next One
08.11 11:22:11,590|11064: Got Abstimmung
08.11 11:22:11,591|11064: Got it from someone else
08.11 11:22:11,592|11064: TimeDiff of 39 big enough
08.11 11:22:11,592|11064: Trying to get Nameservice: ns@lab30.cpt.haw-hamburg.de
08.11 11:22:11,629|11064: Got Nameservice: ns@lab30.cpt.haw-hamburg.de
08.11 11:22:11,633|11064: Got Nameservice, trying to contact it for: 11075
08.11 11:22:11,698|11064: 11075 found, Name: 11075 Node: team10@lab24.cpt.haw-hamburg.de
08.11 11:22:11,699|11064: Abstimmung yes, sending to Next One
08.11 11:22:12,359|11064: Got Abstimmung
08.11 11:22:12,359|11064: Got it from someone else
08.11 11:22:12,360|11064: TimeDiff of 40 big enough
08.11 11:22:12,361|11064: Trying to get Nameservice: ns@lab30.cpt.haw-hamburg.de
08.11 11:22:12,398|11064: Got Nameservice: ns@lab30.cpt.haw-hamburg.de
08.11 11:22:12,399|11064: Got Nameservice, trying to contact it for: 11075
08.11 11:22:12,405|11064: 11075 found, Name: 11075 Node: team10@lab24.cpt.haw-hamburg.de
08.11 11:22:12,408|11064: Abstimmung yes, sending to Next One
08.11 11:22:18,438|11064: Got Abstimmung
08.11 11:22:18,438|11064: Got it from someone else
08.11 11:22:18,439|11064: TimeDiff of 46 big enough
08.11 11:22:18,440|11064: Trying to get Nameservice: ns@lab30.cpt.haw-hamburg.de
08.11 11:22:18,463|11064: Got Nameservice: ns@lab30.cpt.haw-hamburg.de
08.11 11:22:18,463|11064: Got Nameservice, trying to contact it for: 11075
08.11 11:22:18,467|11064: 11075 found, Name: 11075 Node: team10@lab24.cpt.haw-hamburg.de
08.11 11:22:18,468|11064: Abstimmung yes, sending to Next One
08.11 11:22:19,730|11064: Got Abstimmung
08.11 11:22:19,731|11064: Got it from someone else
08.11 11:22:19,732|11064: TimeDiff of 47 big enough
08.11 11:22:19,732|11064: Trying to get Nameservice: ns@lab30.cpt.haw-hamburg.de
08.11 11:22:19,788|11064: Got Nameservice: ns@lab30.cpt.haw-hamburg.de
08.11 11:22:19,789|11064: Got Nameservice, trying to contact it for: 11075
08.11 11:22:19,841|11064: 11075 found, Name: 11075 Node: team10@lab24.cpt.haw-hamburg.de
08.11 11:22:19,842|11064: Abstimmung yes, sending to Next One
08.11 11:22:20,614|11064: Got Abstimmung
08.11 11:22:20,614|11064: Got it from someone else
08.11 11:22:20,615|11064: TimeDiff of 48 big enough
08.11 11:22:20,615|11064: Trying to get Nameservice: ns@lab30.cpt.haw-hamburg.de
08.11 11:22:20,621|11064: Got Nameservice: ns@lab30.cpt.haw-hamburg.de
08.11 11:22:20,622|11064: Got Nameservice, trying to contact it for: 11075
08.11 11:22:20,630|11064: 11075 found, Name: 11075 Node: team10@lab24.cpt.haw-hamburg.de
08.11 11:22:20,631|11064: Abstimmung yes, sending to Next One
08.11 11:24:02,531|11064: Starting with MI: 740765025
08.11 11:24:02,532|11064: Starting new timer
08.11 11:24:05,540|11064: Trying to get Nameservice: ns@lab30.cpt.haw-hamburg.de
08.11 11:24:05,751|11064: Got Nameservice: ns@lab30.cpt.haw-hamburg.de
08.11 11:24:05,752|11064: Got Nameservice, trying to contact it for: 11075
08.11 11:24:05,910|11064: 11075 found, Name: 11075 Node: team10@lab24.cpt.haw-hamburg.de
08.11 11:24:05,912|11064: ABSTIMMUNG start
08.11 11:24:05,913|11064: Got Abstimmung
08.11 11:24:05,914|11064: Got it from someone else
08.11 11:24:05,915|11064: TimeDiff of 3 big enough
08.11 11:24:05,915|11064: Trying to get Nameservice: ns@lab30.cpt.haw-hamburg.de
08.11 11:24:05,975|11064: Got Nameservice: ns@lab30.cpt.haw-hamburg.de
08.11 11:24:05,976|11064: Got Nameservice, trying to contact it for: 11075
08.11 11:24:05,984|11064: 11075 found, Name: 11075 Node: team10@lab24.cpt.haw-hamburg.de
08.11 11:24:05,987|11064: Abstimmung yes, sending to Next One
08.11 11:24:05,988|11064: Got Abstimmung
08.11 11:24:05,989|11064: Got it from someone else
08.11 11:24:05,990|11064: TimeDiff of 3 big enough
08.11 11:24:05,991|11064: Trying to get Nameservice: ns@lab30.cpt.haw-hamburg.de
08.11 11:24:05,000|11064: Got Nameservice: ns@lab30.cpt.haw-hamburg.de
08.11 11:24:05,002|11064: Got Nameservice, trying to contact it for: 11075
08.11 11:24:05,011|11064: 11075 found, Name: 11075 Node: team10@lab24.cpt.haw-hamburg.de
08.11 11:24:05,012|11064: Abstimmung yes, sending to Next One
08.11 11:24:05,013|11064: Got Abstimmung
08.11 11:24:05,014|11064: Got it from someone else
08.11 11:24:05,015|11064: TimeDiff of 3 big enough
08.11 11:24:05,015|11064: Trying to get Nameservice: ns@lab30.cpt.haw-hamburg.de
08.11 11:24:05,078|11064: Got Nameservice: ns@lab30.cpt.haw-hamburg.de
08.11 11:24:05,080|11064: Got Nameservice, trying to contact it for: 11075
08.11 11:24:05,088|11064: 11075 found, Name: 11075 Node: team10@lab24.cpt.haw-hamburg.de
08.11 11:24:05,089|11064: Abstimmung yes, sending to Next One
08.11 11:24:05,221|11064: Got Abstimmung
08.11 11:24:05,222|11064: Got it from someone else
08.11 11:24:05,223|11064: TimeDiff of 3 big enough
08.11 11:24:05,223|11064: Trying to get Nameservice: ns@lab30.cpt.haw-hamburg.de
08.11 11:24:05,257|11064: Got Nameservice: ns@lab30.cpt.haw-hamburg.de
08.11 11:24:05,258|11064: Got Nameservice, trying to contact it for: 11075
08.11 11:24:05,301|11064: 11075 found, Name: 11075 Node: team10@lab24.cpt.haw-hamburg.de
08.11 11:24:05,302|11064: Abstimmung yes, sending to Next One
08.11 11:24:05,320|11064: Got Abstimmung
08.11 11:24:05,321|11064: Got it from someone else
08.11 11:24:05,322|11064: TimeDiff of 3 big enough
08.11 11:24:05,322|11064: Trying to get Nameservice: ns@lab30.cpt.haw-hamburg.de
08.11 11:24:05,337|11064: Got Nameservice: ns@lab30.cpt.haw-hamburg.de
08.11 11:24:05,338|11064: Got Nameservice, trying to contact it for: 11075
08.11 11:24:05,393|11064: 11075 found, Name: 11075 Node: team10@lab24.cpt.haw-hamburg.de
08.11 11:24:05,393|11064: Abstimmung yes, sending to Next One
08.11 11:24:05,063|11064: Got Abstimmung
08.11 11:24:05,064|11064: Got it from someone else
08.11 11:24:05,065|11064: TimeDiff of 3 big enough
08.11 11:24:05,065|11064: Trying to get Nameservice: ns@lab30.cpt.haw-hamburg.de
08.11 11:24:05,161|11064: Got Nameservice: ns@lab30.cpt.haw-hamburg.de
08.11 11:24:05,162|11064: Got Nameservice, trying to contact it for: 11075
08.11 11:24:05,206|11064: 11075 found, Name: 11075 Node: team10@lab24.cpt.haw-hamburg.de
08.11 11:24:05,207|11064: Abstimmung yes, sending to Next One
08.11 11:24:05,431|11064: Got Abstimmung
08.11 11:24:05,431|11064: Got it from someone else
08.11 11:24:05,432|11064: TimeDiff of 3 big enough
08.11 11:24:05,433|11064: Trying to get Nameservice: ns@lab30.cpt.haw-hamburg.de
08.11 11:24:05,437|11064: Got Nameservice: ns@lab30.cpt.haw-hamburg.de
08.11 11:24:05,438|11064: Got Nameservice, trying to contact it for: 11075
08.11 11:24:05,472|11064: 11075 found, Name: 11075 Node: team10@lab24.cpt.haw-hamburg.de
08.11 11:24:05,474|11064: Abstimmung yes, sending to Next One
08.11 11:24:05,528|11064: Got Abstimmung
08.11 11:24:05,529|11064: Got it from someone else
08.11 11:24:05,530|11064: TimeDiff of 3 big enough
08.11 11:24:05,530|11064: Trying to get Nameservice: ns@lab30.cpt.haw-hamburg.de
08.11 11:24:05,538|11064: Got Nameservice: ns@lab30.cpt.haw-hamburg.de
08.11 11:24:05,539|11064: Got Nameservice, trying to contact it for: 11075
08.11 11:24:05,544|11064: 11075 found, Name: 11075 Node: team10@lab24.cpt.haw-hamburg.de
08.11 11:24:05,545|11064: Abstimmung yes, sending to Next One
08.11 11:24:05,862|11064: Got Abstimmung
08.11 11:24:05,863|11064: Got it from someone else
08.11 11:24:05,863|11064: TimeDiff of 3 big enough
08.11 11:24:05,864|11064: Trying to get Nameservice: ns@lab30.cpt.haw-hamburg.de
08.11 11:24:05,892|11064: Got Nameservice: ns@lab30.cpt.haw-hamburg.de
08.11 11:24:05,893|11064: Got Nameservice, trying to contact it for: 11075
08.11 11:24:05,950|11064: 11075 found, Name: 11075 Node: team10@lab24.cpt.haw-hamburg.de
08.11 11:24:05,951|11064: Abstimmung yes, sending to Next One
08.11 11:24:06,650|11064: Got Abstimmung
08.11 11:24:06,657|11064: Got it from someone else
08.11 11:24:06,663|11064: TimeDiff of 4 big enough
08.11 11:24:06,669|11064: Trying to get Nameservice: ns@lab30.cpt.haw-hamburg.de
08.11 11:24:06,968|11064: Got Nameservice: ns@lab30.cpt.haw-hamburg.de
08.11 11:24:06,977|11064: Got Nameservice, trying to contact it for: 11075
08.11 11:24:06,324|11064: 11075 found, Name: 11075 Node: team10@lab24.cpt.haw-hamburg.de
08.11 11:24:06,331|11064: Abstimmung yes, sending to Next One
08.11 11:24:06,747|11064: Got Abstimmung
08.11 11:24:06,754|11064: Got it from someone else
08.11 11:24:06,760|11064: TimeDiff of 4 big enough
08.11 11:24:06,766|11064: Trying to get Nameservice: ns@lab30.cpt.haw-hamburg.de
08.11 11:24:06,224|11064: Got Nameservice: ns@lab30.cpt.haw-hamburg.de
08.11 11:24:06,233|11064: Got Nameservice, trying to contact it for: 11075
08.11 11:24:06,547|11064: 11075 found, Name: 11075 Node: team10@lab24.cpt.haw-hamburg.de
08.11 11:24:06,553|11064: Abstimmung yes, sending to Next One
08.11 11:24:06,084|11064: Got Y: 571725
08.11 11:24:06,085|11064: Starting new timer
08.11 11:24:06,086|11064: Caculating new MI: 381150 Y: 571725
08.11 11:24:06,120|11064: Trying to get Nameservice: ns@lab30.cpt.haw-hamburg.de
08.11 11:24:06,186|11064: Got Nameservice: ns@lab30.cpt.haw-hamburg.de
08.11 11:24:06,187|11064: Got Nameservice, trying to contact it for: 12192
08.11 11:24:06,234|11064: 12192 found, Name: 12192 Node: starter2@lab23.cpt.haw-hamburg.de
08.11 11:24:06,235|11064: Sending Y: 381150 to Left
08.11 11:24:06,237|11064: Trying to get Nameservice: ns@lab30.cpt.haw-hamburg.de
08.11 11:24:06,269|11064: Got Nameservice: ns@lab30.cpt.haw-hamburg.de
08.11 11:24:06,270|11064: Got Nameservice, trying to contact it for: 11075
08.11 11:24:06,339|11064: 11075 found, Name: 11075 Node: team10@lab24.cpt.haw-hamburg.de
08.11 11:24:06,340|11064: Sending Y: 381150 to Right
08.11 11:24:06,340|11064: Get Koordinator -> Get Dienst
08.11 11:24:06,341|11064: Trying to get Nameservice: ns@lab30.cpt.haw-hamburg.de
08.11 11:24:06,372|11064: Got Nameservice: ns@lab30.cpt.haw-hamburg.de
08.11 11:24:06,373|11064: Got Nameservice, trying to contact it for: chef
08.11 11:24:06,417|11064: chef found, Name: chef Node: ko@lab22.cpt.haw-hamburg.de
08.11 11:24:06,418|11064: BriefMi to Koord: 381150
08.11 11:24:06,486|11064: Got Y: 190575
08.11 11:24:06,486|11064: Killing old timer in Y
08.11 11:24:06,487|11064: Starting new timer
08.11 11:24:06,488|11064: Caculating new MI: 190575 Y: 190575
08.11 11:24:06,521|11064: Trying to get Nameservice: ns@lab30.cpt.haw-hamburg.de
08.11 11:24:06,554|11064: Got Nameservice: ns@lab30.cpt.haw-hamburg.de
08.11 11:24:06,556|11064: Got Nameservice, trying to contact it for: 12192
08.11 11:24:06,593|11064: 12192 found, Name: 12192 Node: starter2@lab23.cpt.haw-hamburg.de
08.11 11:24:06,593|11064: Sending Y: 190575 to Left
08.11 11:24:06,594|11064: Trying to get Nameservice: ns@lab30.cpt.haw-hamburg.de
08.11 11:24:06,634|11064: Got Nameservice: ns@lab30.cpt.haw-hamburg.de
08.11 11:24:06,635|11064: Got Nameservice, trying to contact it for: 11075
08.11 11:24:06,676|11064: 11075 found, Name: 11075 Node: team10@lab24.cpt.haw-hamburg.de
08.11 11:24:06,677|11064: Sending Y: 190575 to Right
08.11 11:24:06,678|11064: Get Koordinator -> Get Dienst
08.11 11:24:06,679|11064: Trying to get Nameservice: ns@lab30.cpt.haw-hamburg.de
08.11 11:24:06,754|11064: Got Nameservice: ns@lab30.cpt.haw-hamburg.de
08.11 11:24:06,754|11064: Got Nameservice, trying to contact it for: chef
08.11 11:24:06,797|11064: chef found, Name: chef Node: ko@lab22.cpt.haw-hamburg.de
08.11 11:24:06,797|11064: BriefMi to Koord: 190575
08.11 11:24:07,003|11064: Got Abstimmung
08.11 11:24:07,003|11064: Got it from someone else
08.11 11:24:07,004|11064: TimeDiff of 1 NOT big enough
08.11 11:24:07,598|11064: Got Abstimmung
08.11 11:24:07,599|11064: Got it from someone else
08.11 11:24:07,599|11064: TimeDiff of 1 NOT big enough
08.11 11:24:08,052|11064: Got Abstimmung
08.11 11:24:08,054|11064: Got it from someone else
08.11 11:24:08,081|11064: TimeDiff of 2 big enough
08.11 11:24:08,083|11064: Trying to get Nameservice: ns@lab30.cpt.haw-hamburg.de
08.11 11:24:08,141|11064: Got Nameservice: ns@lab30.cpt.haw-hamburg.de
08.11 11:24:08,143|11064: Got Nameservice, trying to contact it for: 11075
08.11 11:24:08,181|11064: 11075 found, Name: 11075 Node: team10@lab24.cpt.haw-hamburg.de
08.11 11:24:08,182|11064: Abstimmung yes, sending to Next One
08.11 11:24:08,100|11064: Got Abstimmung
08.11 11:24:08,101|11064: Got it from someone else
08.11 11:24:08,101|11064: TimeDiff of 2 big enough
08.11 11:24:08,102|11064: Trying to get Nameservice: ns@lab30.cpt.haw-hamburg.de
08.11 11:24:08,135|11064: Got Nameservice: ns@lab30.cpt.haw-hamburg.de
08.11 11:24:08,136|11064: Got Nameservice, trying to contact it for: 11075
08.11 11:24:08,141|11064: 11075 found, Name: 11075 Node: team10@lab24.cpt.haw-hamburg.de
08.11 11:24:08,141|11064: Abstimmung yes, sending to Next One
08.11 11:24:09,490|11064: Trying to get Nameservice: ns@lab30.cpt.haw-hamburg.de
08.11 11:24:09,499|11064: Got Nameservice: ns@lab30.cpt.haw-hamburg.de
08.11 11:24:09,500|11064: Got Nameservice, trying to contact it for: 11075
08.11 11:24:09,505|11064: 11075 found, Name: 11075 Node: team10@lab24.cpt.haw-hamburg.de
08.11 11:24:09,506|11064: ABSTIMMUNG start
08.11 11:24:09,611|11064: Got Abstimmung
08.11 11:24:09,612|11064: Got it from someone else
08.11 11:24:09,613|11064: TimeDiff of 3 big enough
08.11 11:24:09,613|11064: Trying to get Nameservice: ns@lab30.cpt.haw-hamburg.de
08.11 11:24:09,619|11064: Got Nameservice: ns@lab30.cpt.haw-hamburg.de
08.11 11:24:09,619|11064: Got Nameservice, trying to contact it for: 11075
08.11 11:24:09,625|11064: 11075 found, Name: 11075 Node: team10@lab24.cpt.haw-hamburg.de
08.11 11:24:09,625|11064: Abstimmung yes, sending to Next One
08.11 11:24:09,725|11064: Got Abstimmung
08.11 11:24:09,727|11064: Got it from someone else
08.11 11:24:09,728|11064: TimeDiff of 3 big enough
08.11 11:24:09,729|11064: Trying to get Nameservice: ns@lab30.cpt.haw-hamburg.de
08.11 11:24:09,758|11064: Got Nameservice: ns@lab30.cpt.haw-hamburg.de
08.11 11:24:09,759|11064: Got Nameservice, trying to contact it for: 11075
08.11 11:24:09,763|11064: 11075 found, Name: 11075 Node: team10@lab24.cpt.haw-hamburg.de
08.11 11:24:09,764|11064: Abstimmung yes, sending to Next One
08.11 11:24:10,494|11064: Got Abstimmung
08.11 11:24:10,504|11064: Got it from someone else
08.11 11:24:10,510|11064: TimeDiff of 4 big enough
08.11 11:24:10,516|11064: Trying to get Nameservice: ns@lab30.cpt.haw-hamburg.de
08.11 11:24:10,825|11064: Got Nameservice: ns@lab30.cpt.haw-hamburg.de
08.11 11:24:10,831|11064: Got Nameservice, trying to contact it for: 11075
08.11 11:24:10,902|11064: 11075 found, Name: 11075 Node: team10@lab24.cpt.haw-hamburg.de
08.11 11:24:10,909|11064: Abstimmung yes, sending to Next One
08.11 11:24:10,393|11064: Got Abstimmung
08.11 11:24:10,394|11064: Got it from someone else
08.11 11:24:10,395|11064: TimeDiff of 4 big enough
08.11 11:24:10,395|11064: Trying to get Nameservice: ns@lab30.cpt.haw-hamburg.de
08.11 11:24:10,421|11064: Got Nameservice: ns@lab30.cpt.haw-hamburg.de
08.11 11:24:10,422|11064: Got Nameservice, trying to contact it for: 11075
08.11 11:24:10,428|11064: 11075 found, Name: 11075 Node: team10@lab24.cpt.haw-hamburg.de
08.11 11:24:10,430|11064: Abstimmung yes, sending to Next One
08.11 11:24:11,352|11064: Got Abstimmung
08.11 11:24:11,353|11064: Got it from someone else
08.11 11:24:11,354|11064: TimeDiff of 5 big enough
08.11 11:24:11,354|11064: Trying to get Nameservice: ns@lab30.cpt.haw-hamburg.de
08.11 11:24:11,395|11064: Got Nameservice: ns@lab30.cpt.haw-hamburg.de
08.11 11:24:11,396|11064: Got Nameservice, trying to contact it for: 11075
08.11 11:24:11,400|11064: 11075 found, Name: 11075 Node: team10@lab24.cpt.haw-hamburg.de
08.11 11:24:11,401|11064: Abstimmung yes, sending to Next One
08.11 11:24:12,978|11064: Got Abstimmung
08.11 11:24:12,978|11064: Got it from someone else
08.11 11:24:12,979|11064: TimeDiff of 6 big enough
08.11 11:24:12,980|11064: Trying to get Nameservice: ns@lab30.cpt.haw-hamburg.de
08.11 11:24:12,004|11064: Got Nameservice: ns@lab30.cpt.haw-hamburg.de
08.11 11:24:12,005|11064: Got Nameservice, trying to contact it for: 11075
08.11 11:24:12,014|11064: 11075 found, Name: 11075 Node: team10@lab24.cpt.haw-hamburg.de
08.11 11:24:12,015|11064: Abstimmung yes, sending to Next One
08.11 11:24:12,762|11064: Got Abstimmung
08.11 11:24:12,763|11064: Got it from someone else
08.11 11:24:12,763|11064: TimeDiff of 6 big enough
08.11 11:24:12,764|11064: Trying to get Nameservice: ns@lab30.cpt.haw-hamburg.de
08.11 11:24:12,789|11064: Got Nameservice: ns@lab30.cpt.haw-hamburg.de
08.11 11:24:12,797|11064: Got Nameservice, trying to contact it for: 11075
08.11 11:24:12,823|11064: 11075 found, Name: 11075 Node: team10@lab24.cpt.haw-hamburg.de
08.11 11:24:12,824|11064: Abstimmung yes, sending to Next One
08.11 11:24:12,828|11064: Got Abstimmung
08.11 11:24:12,829|11064: Got it from someone else
08.11 11:24:12,830|11064: TimeDiff of 6 big enough
08.11 11:24:12,831|11064: Trying to get Nameservice: ns@lab30.cpt.haw-hamburg.de
08.11 11:24:12,867|11064: Got Nameservice: ns@lab30.cpt.haw-hamburg.de
08.11 11:24:12,868|11064: Got Nameservice, trying to contact it for: 11075
08.11 11:24:12,874|11064: 11075 found, Name: 11075 Node: team10@lab24.cpt.haw-hamburg.de
08.11 11:24:12,874|11064: Abstimmung yes, sending to Next One
08.11 11:24:13,600|11064: Got Abstimmung
08.11 11:24:13,601|11064: Got it from someone else
08.11 11:24:13,602|11064: TimeDiff of 7 big enough
08.11 11:24:13,603|11064: Trying to get Nameservice: ns@lab30.cpt.haw-hamburg.de
08.11 11:24:13,624|11064: Got Nameservice: ns@lab30.cpt.haw-hamburg.de
08.11 11:24:13,625|11064: Got Nameservice, trying to contact it for: 11075
08.11 11:24:13,662|11064: 11075 found, Name: 11075 Node: team10@lab24.cpt.haw-hamburg.de
08.11 11:24:13,662|11064: Abstimmung yes, sending to Next One
08.11 11:24:13,857|11064: Got Abstimmung
08.11 11:24:13,857|11064: Got it from someone else
08.11 11:24:13,858|11064: TimeDiff of 7 big enough
08.11 11:24:13,859|11064: Trying to get Nameservice: ns@lab30.cpt.haw-hamburg.de
08.11 11:24:13,916|11064: Got Nameservice: ns@lab30.cpt.haw-hamburg.de
08.11 11:24:13,917|11064: Got Nameservice, trying to contact it for: 11075
08.11 11:24:13,921|11064: 11075 found, Name: 11075 Node: team10@lab24.cpt.haw-hamburg.de
08.11 11:24:13,921|11064: Abstimmung yes, sending to Next One
08.11 11:24:13,839|11064: Got Abstimmung
08.11 11:24:13,840|11064: Got it from someone else
08.11 11:24:13,841|11064: TimeDiff of 7 big enough
08.11 11:24:13,842|11064: Trying to get Nameservice: ns@lab30.cpt.haw-hamburg.de
08.11 11:24:13,853|11064: Got Nameservice: ns@lab30.cpt.haw-hamburg.de
08.11 11:24:13,854|11064: Got Nameservice, trying to contact it for: 11075
08.11 11:24:13,857|11064: 11075 found, Name: 11075 Node: team10@lab24.cpt.haw-hamburg.de
08.11 11:24:13,858|11064: Abstimmung yes, sending to Next One
08.11 11:24:14,149|11064: Got Abstimmung
08.11 11:24:14,149|11064: Got it from someone else
08.11 11:24:14,150|11064: TimeDiff of 8 big enough
08.11 11:24:14,150|11064: Trying to get Nameservice: ns@lab30.cpt.haw-hamburg.de
08.11 11:24:14,187|11064: Got Nameservice: ns@lab30.cpt.haw-hamburg.de
08.11 11:24:14,188|11064: Got Nameservice, trying to contact it for: 11075
08.11 11:24:14,283|11064: 11075 found, Name: 11075 Node: team10@lab24.cpt.haw-hamburg.de
08.11 11:24:14,285|11064: Abstimmung yes, sending to Next One
08.11 11:24:14,276|11064: Got Abstimmung
08.11 11:24:14,277|11064: Got it from someone else
08.11 11:24:14,278|11064: TimeDiff of 8 big enough
08.11 11:24:14,278|11064: Trying to get Nameservice: ns@lab30.cpt.haw-hamburg.de
08.11 11:24:14,311|11064: Got Nameservice: ns@lab30.cpt.haw-hamburg.de
08.11 11:24:14,311|11064: Got Nameservice, trying to contact it for: 11075
08.11 11:24:14,344|11064: 11075 found, Name: 11075 Node: team10@lab24.cpt.haw-hamburg.de
08.11 11:24:14,345|11064: Abstimmung yes, sending to Next One
08.11 11:24:14,179|11064: Got Y: 41580
08.11 11:24:14,180|11064: Starting new timer
08.11 11:24:14,181|11064: Caculating new MI: 24255 Y: 41580
08.11 11:24:14,222|11064: Trying to get Nameservice: ns@lab30.cpt.haw-hamburg.de
08.11 11:24:14,251|11064: Got Nameservice: ns@lab30.cpt.haw-hamburg.de
08.11 11:24:14,251|11064: Got Nameservice, trying to contact it for: 12192
08.11 11:24:14,289|11064: 12192 found, Name: 12192 Node: starter2@lab23.cpt.haw-hamburg.de
08.11 11:24:14,290|11064: Sending Y: 24255 to Left
08.11 11:24:14,290|11064: Trying to get Nameservice: ns@lab30.cpt.haw-hamburg.de
08.11 11:24:14,324|11064: Got Nameservice: ns@lab30.cpt.haw-hamburg.de
08.11 11:24:14,324|11064: Got Nameservice, trying to contact it for: 11075
08.11 11:24:14,361|11064: 11075 found, Name: 11075 Node: team10@lab24.cpt.haw-hamburg.de
08.11 11:24:14,362|11064: Sending Y: 24255 to Right
08.11 11:24:14,363|11064: Get Koordinator -> Get Dienst
08.11 11:24:14,363|11064: Trying to get Nameservice: ns@lab30.cpt.haw-hamburg.de
08.11 11:24:14,399|11064: Got Nameservice: ns@lab30.cpt.haw-hamburg.de
08.11 11:24:14,400|11064: Got Nameservice, trying to contact it for: chef
08.11 11:24:14,458|11064: chef found, Name: chef Node: ko@lab22.cpt.haw-hamburg.de
08.11 11:24:14,460|11064: BriefMi to Koord: 24255
08.11 11:24:14,502|11064: Got Y: 17325
08.11 11:24:14,503|11064: Killing old timer in Y
08.11 11:24:14,504|11064: Starting new timer
08.11 11:24:14,505|11064: Caculating new MI: 6930 Y: 17325
08.11 11:24:14,542|11064: Trying to get Nameservice: ns@lab30.cpt.haw-hamburg.de
08.11 11:24:14,575|11064: Got Nameservice: ns@lab30.cpt.haw-hamburg.de
08.11 11:24:14,577|11064: Got Nameservice, trying to contact it for: 12192
08.11 11:24:14,611|11064: 12192 found, Name: 12192 Node: starter2@lab23.cpt.haw-hamburg.de
08.11 11:24:14,612|11064: Sending Y: 6930 to Left
08.11 11:24:14,613|11064: Trying to get Nameservice: ns@lab30.cpt.haw-hamburg.de
08.11 11:24:14,651|11064: Got Nameservice: ns@lab30.cpt.haw-hamburg.de
08.11 11:24:14,652|11064: Got Nameservice, trying to contact it for: 11075
08.11 11:24:14,657|11064: 11075 found, Name: 11075 Node: team10@lab24.cpt.haw-hamburg.de
08.11 11:24:14,658|11064: Sending Y: 6930 to Right
08.11 11:24:14,659|11064: Get Koordinator -> Get Dienst
08.11 11:24:14,659|11064: Trying to get Nameservice: ns@lab30.cpt.haw-hamburg.de
08.11 11:24:14,697|11064: Got Nameservice: ns@lab30.cpt.haw-hamburg.de
08.11 11:24:14,698|11064: Got Nameservice, trying to contact it for: chef
08.11 11:24:14,762|11064: chef found, Name: chef Node: ko@lab22.cpt.haw-hamburg.de
08.11 11:24:14,762|11064: BriefMi to Koord: 6930
08.11 11:24:14,808|11064: Got Y: 3465
08.11 11:24:14,812|11064: Killing old timer in Y
08.11 11:24:14,812|11064: Starting new timer
08.11 11:24:14,813|11064: Caculating new MI: 3465 Y: 3465
08.11 11:24:14,861|11064: Trying to get Nameservice: ns@lab30.cpt.haw-hamburg.de
08.11 11:24:14,908|11064: Got Nameservice: ns@lab30.cpt.haw-hamburg.de
08.11 11:24:14,923|11064: Got Nameservice, trying to contact it for: 12192
08.11 11:24:14,941|11064: 12192 found, Name: 12192 Node: starter2@lab23.cpt.haw-hamburg.de
08.11 11:24:14,943|11064: Sending Y: 3465 to Left
08.11 11:24:14,944|11064: Trying to get Nameservice: ns@lab30.cpt.haw-hamburg.de
08.11 11:24:14,980|11064: Got Nameservice: ns@lab30.cpt.haw-hamburg.de
08.11 11:24:14,980|11064: Got Nameservice, trying to contact it for: 11075
08.11 11:24:14,055|11064: 11075 found, Name: 11075 Node: team10@lab24.cpt.haw-hamburg.de
08.11 11:24:14,056|11064: Sending Y: 3465 to Right
08.11 11:24:14,057|11064: Get Koordinator -> Get Dienst
08.11 11:24:14,061|11064: Trying to get Nameservice: ns@lab30.cpt.haw-hamburg.de
08.11 11:24:14,092|11064: Got Nameservice: ns@lab30.cpt.haw-hamburg.de
08.11 11:24:14,093|11064: Got Nameservice, trying to contact it for: chef
08.11 11:24:14,190|11064: chef found, Name: chef Node: ko@lab22.cpt.haw-hamburg.de
08.11 11:24:14,191|11064: BriefMi to Koord: 3465
08.11 11:24:16,020|11064: Got Abstimmung
08.11 11:24:16,021|11064: Got it from someone else
08.11 11:24:16,022|11064: TimeDiff of 2 big enough
08.11 11:24:16,022|11064: Trying to get Nameservice: ns@lab30.cpt.haw-hamburg.de
08.11 11:24:16,058|11064: Got Nameservice: ns@lab30.cpt.haw-hamburg.de
08.11 11:24:16,058|11064: Got Nameservice, trying to contact it for: 11075
08.11 11:24:16,063|11064: 11075 found, Name: 11075 Node: team10@lab24.cpt.haw-hamburg.de
08.11 11:24:16,064|11064: Abstimmung yes, sending to Next One
08.11 11:24:16,472|11064: Got Abstimmung
08.11 11:24:16,473|11064: Got it from someone else
08.11 11:24:16,473|11064: TimeDiff of 2 big enough
08.11 11:24:16,474|11064: Trying to get Nameservice: ns@lab30.cpt.haw-hamburg.de
08.11 11:24:16,501|11064: Got Nameservice: ns@lab30.cpt.haw-hamburg.de
08.11 11:24:16,502|11064: Got Nameservice, trying to contact it for: 11075
08.11 11:24:16,522|11064: 11075 found, Name: 11075 Node: team10@lab24.cpt.haw-hamburg.de
08.11 11:24:16,523|11064: Abstimmung yes, sending to Next One
08.11 11:24:17,064|11064: Got Abstimmung
08.11 11:24:17,070|11064: Got it from someone else
08.11 11:24:17,077|11064: TimeDiff of 3 big enough
08.11 11:24:17,082|11064: Trying to get Nameservice: ns@lab30.cpt.haw-hamburg.de
08.11 11:24:17,469|11064: Got Nameservice: ns@lab30.cpt.haw-hamburg.de
08.11 11:24:17,478|11064: Got Nameservice, trying to contact it for: 11075
08.11 11:24:17,012|11064: 11075 found, Name: 11075 Node: team10@lab24.cpt.haw-hamburg.de
08.11 11:24:17,012|11064: Abstimmung yes, sending to Next One
08.11 11:24:17,572|11064: Got Abstimmung
08.11 11:24:17,573|11064: Got it from someone else
08.11 11:24:17,573|11064: TimeDiff of 3 big enough
08.11 11:24:17,574|11064: Trying to get Nameservice: ns@lab30.cpt.haw-hamburg.de
08.11 11:24:17,584|11064: Got Nameservice: ns@lab30.cpt.haw-hamburg.de
08.11 11:24:17,585|11064: Got Nameservice, trying to contact it for: 11075
08.11 11:24:17,591|11064: 11075 found, Name: 11075 Node: team10@lab24.cpt.haw-hamburg.de
08.11 11:24:17,591|11064: Abstimmung yes, sending to Next One
08.11 11:24:17,820|11064: Trying to get Nameservice: ns@lab30.cpt.haw-hamburg.de
08.11 11:24:17,828|11064: Got Nameservice: ns@lab30.cpt.haw-hamburg.de
08.11 11:24:17,829|11064: Got Nameservice, trying to contact it for: 11075
08.11 11:24:17,855|11064: 11075 found, Name: 11075 Node: team10@lab24.cpt.haw-hamburg.de
08.11 11:24:17,856|11064: ABSTIMMUNG start
08.11 11:24:17,982|11064: Got Abstimmung
08.11 11:24:17,983|11064: Got it from someone else
08.11 11:24:17,983|11064: TimeDiff of 3 big enough
08.11 11:24:17,984|11064: Trying to get Nameservice: ns@lab30.cpt.haw-hamburg.de
08.11 11:24:17,013|11064: Got Nameservice: ns@lab30.cpt.haw-hamburg.de
08.11 11:24:17,013|11064: Got Nameservice, trying to contact it for: 11075
08.11 11:24:17,017|11064: 11075 found, Name: 11075 Node: team10@lab24.cpt.haw-hamburg.de
08.11 11:24:17,018|11064: Abstimmung yes, sending to Next One
08.11 11:24:17,124|11064: Got Abstimmung
08.11 11:24:17,124|11064: Got it from someone else
08.11 11:24:17,125|11064: TimeDiff of 3 big enough
08.11 11:24:17,125|11064: Trying to get Nameservice: ns@lab30.cpt.haw-hamburg.de
08.11 11:24:17,131|11064: Got Nameservice: ns@lab30.cpt.haw-hamburg.de
08.11 11:24:17,132|11064: Got Nameservice, trying to contact it for: 11075
08.11 11:24:17,137|11064: 11075 found, Name: 11075 Node: team10@lab24.cpt.haw-hamburg.de
08.11 11:24:17,137|11064: Abstimmung yes, sending to Next One
08.11 11:24:17,708|11064: Got Abstimmung
08.11 11:24:17,709|11064: Got it from someone else
08.11 11:24:17,709|11064: TimeDiff of 3 big enough
08.11 11:24:17,710|11064: Trying to get Nameservice: ns@lab30.cpt.haw-hamburg.de
08.11 11:24:17,749|11064: Got Nameservice: ns@lab30.cpt.haw-hamburg.de
08.11 11:24:17,753|11064: Got Nameservice, trying to contact it for: 11075
08.11 11:24:17,787|11064: 11075 found, Name: 11075 Node: team10@lab24.cpt.haw-hamburg.de
08.11 11:24:17,809|11064: Abstimmung yes, sending to Next One
08.11 11:24:18,954|11064: Got Abstimmung
08.11 11:24:18,955|11064: Got it from someone else
08.11 11:24:18,956|11064: TimeDiff of 4 big enough
08.11 11:24:18,956|11064: Trying to get Nameservice: ns@lab30.cpt.haw-hamburg.de
08.11 11:24:18,003|11064: Got Nameservice: ns@lab30.cpt.haw-hamburg.de
08.11 11:24:18,004|11064: Got Nameservice, trying to contact it for: 11075
08.11 11:24:18,066|11064: 11075 found, Name: 11075 Node: team10@lab24.cpt.haw-hamburg.de
08.11 11:24:18,069|11064: Abstimmung yes, sending to Next One
08.11 11:24:18,713|11064: Got Abstimmung
08.11 11:24:18,714|11064: Got it from someone else
08.11 11:24:18,715|11064: TimeDiff of 4 big enough
08.11 11:24:18,715|11064: Trying to get Nameservice: ns@lab30.cpt.haw-hamburg.de
08.11 11:24:18,722|11064: Got Nameservice: ns@lab30.cpt.haw-hamburg.de
08.11 11:24:18,723|11064: Got Nameservice, trying to contact it for: 11075
08.11 11:24:18,728|11064: 11075 found, Name: 11075 Node: team10@lab24.cpt.haw-hamburg.de
08.11 11:24:18,728|11064: Abstimmung yes, sending to Next One
08.11 11:24:19,939|11064: Got Abstimmung
08.11 11:24:19,940|11064: Got it from someone else
08.11 11:24:19,941|11064: TimeDiff of 5 big enough
08.11 11:24:19,941|11064: Trying to get Nameservice: ns@lab30.cpt.haw-hamburg.de
08.11 11:24:19,969|11064: Got Nameservice: ns@lab30.cpt.haw-hamburg.de
08.11 11:24:19,970|11064: Got Nameservice, trying to contact it for: 11075
08.11 11:24:19,974|11064: 11075 found, Name: 11075 Node: team10@lab24.cpt.haw-hamburg.de
08.11 11:24:19,975|11064: Abstimmung yes, sending to Next One
08.11 11:24:20,892|11064: Got Abstimmung
08.11 11:24:20,893|11064: Got it from someone else
08.11 11:24:20,894|11064: TimeDiff of 6 big enough
08.11 11:24:20,894|11064: Trying to get Nameservice: ns@lab30.cpt.haw-hamburg.de
08.11 11:24:20,900|11064: Got Nameservice: ns@lab30.cpt.haw-hamburg.de
08.11 11:24:20,900|11064: Got Nameservice, trying to contact it for: 11075
08.11 11:24:20,906|11064: 11075 found, Name: 11075 Node: team10@lab24.cpt.haw-hamburg.de
08.11 11:24:20,907|11064: Abstimmung yes, sending to Next One
08.11 11:24:21,427|11064: Got Abstimmung
08.11 11:24:21,434|11064: Got it from someone else
08.11 11:24:21,441|11064: TimeDiff of 7 big enough
08.11 11:24:21,447|11064: Trying to get Nameservice: ns@lab30.cpt.haw-hamburg.de
08.11 11:24:21,673|11064: Got Nameservice: ns@lab30.cpt.haw-hamburg.de
08.11 11:24:21,680|11064: Got Nameservice, trying to contact it for: 11075
08.11 11:24:21,755|11064: 11075 found, Name: 11075 Node: team10@lab24.cpt.haw-hamburg.de
08.11 11:24:21,772|11064: Abstimmung yes, sending to Next One
08.11 11:24:21,811|11064: Got Abstimmung
08.11 11:24:21,814|11064: Got it from someone else
08.11 11:24:21,815|11064: TimeDiff of 7 big enough
08.11 11:24:21,816|11064: Trying to get Nameservice: ns@lab30.cpt.haw-hamburg.de
08.11 11:24:21,838|11064: Got Nameservice: ns@lab30.cpt.haw-hamburg.de
08.11 11:24:21,838|11064: Got Nameservice, trying to contact it for: 11075
08.11 11:24:21,846|11064: 11075 found, Name: 11075 Node: team10@lab24.cpt.haw-hamburg.de
08.11 11:24:21,847|11064: Abstimmung yes, sending to Next One
08.11 11:24:22,352|11064: Got Abstimmung
08.11 11:24:22,353|11064: Got it from someone else
08.11 11:24:22,353|11064: TimeDiff of 8 big enough
08.11 11:24:22,354|11064: Trying to get Nameservice: ns@lab30.cpt.haw-hamburg.de
08.11 11:24:22,378|11064: Got Nameservice: ns@lab30.cpt.haw-hamburg.de
08.11 11:24:22,378|11064: Got Nameservice, trying to contact it for: 11075
08.11 11:24:22,383|11064: 11075 found, Name: 11075 Node: team10@lab24.cpt.haw-hamburg.de
08.11 11:24:22,384|11064: Abstimmung yes, sending to Next One
08.11 11:24:22,006|11064: Got Abstimmung
08.11 11:24:22,007|11064: Got it from someone else
08.11 11:24:22,007|11064: TimeDiff of 8 big enough
08.11 11:24:22,008|11064: Trying to get Nameservice: ns@lab30.cpt.haw-hamburg.de
08.11 11:24:22,038|11064: Got Nameservice: ns@lab30.cpt.haw-hamburg.de
08.11 11:24:22,039|11064: Got Nameservice, trying to contact it for: 11075
08.11 11:24:22,044|11064: 11075 found, Name: 11075 Node: team10@lab24.cpt.haw-hamburg.de
08.11 11:24:22,045|11064: Abstimmung yes, sending to Next One
08.11 11:24:23,479|11064: Got Abstimmung
08.11 11:24:23,479|11064: Got it from someone else
08.11 11:24:23,480|11064: TimeDiff of 9 big enough
08.11 11:24:23,481|11064: Trying to get Nameservice: ns@lab30.cpt.haw-hamburg.de
08.11 11:24:23,486|11064: Got Nameservice: ns@lab30.cpt.haw-hamburg.de
08.11 11:24:23,487|11064: Got Nameservice, trying to contact it for: 11075
08.11 11:24:23,492|11064: 11075 found, Name: 11075 Node: team10@lab24.cpt.haw-hamburg.de
08.11 11:24:23,493|11064: Abstimmung yes, sending to Next One
08.11 11:24:24,850|11064: Got Abstimmung
08.11 11:24:24,857|11064: Got it from someone else
08.11 11:24:24,863|11064: TimeDiff of 10 big enough
08.11 11:24:24,868|11064: Trying to get Nameservice: ns@lab30.cpt.haw-hamburg.de
08.11 11:24:24,146|11064: Got Nameservice: ns@lab30.cpt.haw-hamburg.de
08.11 11:24:24,153|11064: Got Nameservice, trying to contact it for: 11075
08.11 11:24:24,260|11064: 11075 found, Name: 11075 Node: team10@lab24.cpt.haw-hamburg.de
08.11 11:24:24,277|11064: Abstimmung yes, sending to Next One
08.11 11:24:24,102|11064: Got Abstimmung
08.11 11:24:24,103|11064: Got it from someone else
08.11 11:24:24,104|11064: TimeDiff of 10 big enough
08.11 11:24:24,105|11064: Trying to get Nameservice: ns@lab30.cpt.haw-hamburg.de
08.11 11:24:24,144|11064: Got Nameservice: ns@lab30.cpt.haw-hamburg.de
08.11 11:24:24,145|11064: Got Nameservice, trying to contact it for: 11075
08.11 11:24:24,151|11064: 11075 found, Name: 11075 Node: team10@lab24.cpt.haw-hamburg.de
08.11 11:24:24,152|11064: Abstimmung yes, sending to Next One
08.11 11:24:25,890|11064: Got Abstimmung
08.11 11:24:25,897|11064: Got it from someone else
08.11 11:24:25,908|11064: TimeDiff of 11 big enough
08.11 11:24:25,914|11064: Trying to get Nameservice: ns@lab30.cpt.haw-hamburg.de
08.11 11:24:25,280|11064: Got Nameservice: ns@lab30.cpt.haw-hamburg.de
08.11 11:24:25,288|11064: Got Nameservice, trying to contact it for: 11075
08.11 11:24:25,754|11064: 11075 found, Name: 11075 Node: team10@lab24.cpt.haw-hamburg.de
08.11 11:24:25,761|11064: Abstimmung yes, sending to Next One
08.11 11:24:25,791|11064: Got Abstimmung
08.11 11:24:25,792|11064: Got it from someone else
08.11 11:24:25,793|11064: TimeDiff of 11 big enough
08.11 11:24:25,794|11064: Trying to get Nameservice: ns@lab30.cpt.haw-hamburg.de
08.11 11:24:25,832|11064: Got Nameservice: ns@lab30.cpt.haw-hamburg.de
08.11 11:24:25,833|11064: Got Nameservice, trying to contact it for: 11075
08.11 11:24:25,839|11064: 11075 found, Name: 11075 Node: team10@lab24.cpt.haw-hamburg.de
08.11 11:24:25,839|11064: Abstimmung yes, sending to Next One
08.11 11:24:26,772|11064: Got Abstimmung
08.11 11:24:26,780|11064: Got it from someone else
08.11 11:24:26,791|11064: TimeDiff of 12 big enough
08.11 11:24:26,804|11064: Trying to get Nameservice: ns@lab30.cpt.haw-hamburg.de
08.11 11:24:26,130|11064: Got Nameservice: ns@lab30.cpt.haw-hamburg.de
08.11 11:24:26,139|11064: Got Nameservice, trying to contact it for: 11075
08.11 11:24:26,438|11064: 11075 found, Name: 11075 Node: team10@lab24.cpt.haw-hamburg.de
08.11 11:24:26,458|11064: Abstimmung yes, sending to Next One
08.11 11:24:26,069|11064: Got Abstimmung
08.11 11:24:26,070|11064: Got it from someone else
08.11 11:24:26,071|11064: TimeDiff of 12 big enough
08.11 11:24:26,071|11064: Trying to get Nameservice: ns@lab30.cpt.haw-hamburg.de
08.11 11:24:26,100|11064: Got Nameservice: ns@lab30.cpt.haw-hamburg.de
08.11 11:24:26,100|11064: Got Nameservice, trying to contact it for: 11075
08.11 11:24:26,104|11064: 11075 found, Name: 11075 Node: team10@lab24.cpt.haw-hamburg.de
08.11 11:24:26,105|11064: Abstimmung yes, sending to Next One
08.11 11:24:26,938|11064: Got Abstimmung
08.11 11:24:26,939|11064: Got it from someone else
08.11 11:24:26,940|11064: TimeDiff of 12 big enough
08.11 11:24:26,940|11064: Trying to get Nameservice: ns@lab30.cpt.haw-hamburg.de
08.11 11:24:26,972|11064: Got Nameservice: ns@lab30.cpt.haw-hamburg.de
08.11 11:24:26,973|11064: Got Nameservice, trying to contact it for: 11075
08.11 11:24:26,985|11064: 11075 found, Name: 11075 Node: team10@lab24.cpt.haw-hamburg.de
08.11 11:24:26,987|11064: Abstimmung yes, sending to Next One
08.11 11:24:26,138|11064: Got Abstimmung
08.11 11:24:26,138|11064: Got it from someone else
08.11 11:24:26,139|11064: TimeDiff of 12 big enough
08.11 11:24:26,150|11064: Trying to get Nameservice: ns@lab30.cpt.haw-hamburg.de
08.11 11:24:26,171|11064: Got Nameservice: ns@lab30.cpt.haw-hamburg.de
08.11 11:24:26,172|11064: Got Nameservice, trying to contact it for: 11075
08.11 11:24:26,177|11064: 11075 found, Name: 11075 Node: team10@lab24.cpt.haw-hamburg.de
08.11 11:24:26,178|11064: Abstimmung yes, sending to Next One
08.11 11:24:27,339|11064: Got Abstimmung
08.11 11:24:27,342|11064: Got it from someone else
08.11 11:24:27,344|11064: TimeDiff of 13 big enough
08.11 11:24:27,345|11064: Trying to get Nameservice: ns@lab30.cpt.haw-hamburg.de
08.11 11:24:27,404|11064: Got Nameservice: ns@lab30.cpt.haw-hamburg.de
08.11 11:24:27,406|11064: Got Nameservice, trying to contact it for: 11075
08.11 11:24:27,411|11064: 11075 found, Name: 11075 Node: team10@lab24.cpt.haw-hamburg.de
08.11 11:24:27,413|11064: Abstimmung yes, sending to Next One
08.11 11:24:27,711|11064: Got Abstimmung
08.11 11:24:27,711|11064: Got it from someone else
08.11 11:24:27,712|11064: TimeDiff of 13 big enough
08.11 11:24:27,712|11064: Trying to get Nameservice: ns@lab30.cpt.haw-hamburg.de
08.11 11:24:27,718|11064: Got Nameservice: ns@lab30.cpt.haw-hamburg.de
08.11 11:24:27,719|11064: Got Nameservice, trying to contact it for: 11075
08.11 11:24:27,749|11064: 11075 found, Name: 11075 Node: team10@lab24.cpt.haw-hamburg.de
08.11 11:24:27,752|11064: Abstimmung yes, sending to Next One
08.11 11:24:28,400|11064: Got Abstimmung
08.11 11:24:28,401|11064: Got it from someone else
08.11 11:24:28,401|11064: TimeDiff of 14 big enough
08.11 11:24:28,402|11064: Trying to get Nameservice: ns@lab30.cpt.haw-hamburg.de
08.11 11:24:28,443|11064: Got Nameservice: ns@lab30.cpt.haw-hamburg.de
08.11 11:24:28,444|11064: Got Nameservice, trying to contact it for: 11075
08.11 11:24:28,448|11064: 11075 found, Name: 11075 Node: team10@lab24.cpt.haw-hamburg.de
08.11 11:24:28,449|11064: Abstimmung yes, sending to Next One
08.11 11:24:28,943|11064: Got Abstimmung
08.11 11:24:28,944|11064: Got it from someone else
08.11 11:24:28,945|11064: TimeDiff of 14 big enough
08.11 11:24:28,945|11064: Trying to get Nameservice: ns@lab30.cpt.haw-hamburg.de
08.11 11:24:28,952|11064: Got Nameservice: ns@lab30.cpt.haw-hamburg.de
08.11 11:24:28,953|11064: Got Nameservice, trying to contact it for: 11075
08.11 11:24:28,982|11064: 11075 found, Name: 11075 Node: team10@lab24.cpt.haw-hamburg.de
08.11 11:24:28,983|11064: Abstimmung yes, sending to Next One
08.11 11:24:28,781|11064: Got Abstimmung
08.11 11:24:28,782|11064: Got it from someone else
08.11 11:24:28,783|11064: TimeDiff of 14 big enough
08.11 11:24:28,783|11064: Trying to get Nameservice: ns@lab30.cpt.haw-hamburg.de
08.11 11:24:28,802|11064: Got Nameservice: ns@lab30.cpt.haw-hamburg.de
08.11 11:24:28,803|11064: Got Nameservice, trying to contact it for: 11075
08.11 11:24:28,813|11064: 11075 found, Name: 11075 Node: team10@lab24.cpt.haw-hamburg.de
08.11 11:24:28,814|11064: Abstimmung yes, sending to Next One
08.11 11:24:29,218|11064: Got Abstimmung
08.11 11:24:29,224|11064: Got it from someone else
08.11 11:24:29,230|11064: TimeDiff of 15 big enough
08.11 11:24:29,235|11064: Trying to get Nameservice: ns@lab30.cpt.haw-hamburg.de
08.11 11:24:29,326|11064: Got Nameservice: ns@lab30.cpt.haw-hamburg.de
08.11 11:24:29,342|11064: Got Nameservice, trying to contact it for: 11075
08.11 11:24:29,875|11064: 11075 found, Name: 11075 Node: team10@lab24.cpt.haw-hamburg.de
08.11 11:24:29,891|11064: Abstimmung yes, sending to Next One
08.11 11:24:29,406|11064: Got Abstimmung
08.11 11:24:29,407|11064: Got it from someone else
08.11 11:24:29,407|11064: TimeDiff of 15 big enough
08.11 11:24:29,408|11064: Trying to get Nameservice: ns@lab30.cpt.haw-hamburg.de
08.11 11:24:29,448|11064: Got Nameservice: ns@lab30.cpt.haw-hamburg.de
08.11 11:24:29,449|11064: Got Nameservice, trying to contact it for: 11075
08.11 11:24:29,476|11064: 11075 found, Name: 11075 Node: team10@lab24.cpt.haw-hamburg.de
08.11 11:24:29,477|11064: Abstimmung yes, sending to Next One
08.11 11:24:29,371|11064: Got Abstimmung
08.11 11:24:29,371|11064: Got it from someone else
08.11 11:24:29,372|11064: TimeDiff of 15 big enough
08.11 11:24:29,373|11064: Trying to get Nameservice: ns@lab30.cpt.haw-hamburg.de
08.11 11:24:29,443|11064: Got Nameservice: ns@lab30.cpt.haw-hamburg.de
08.11 11:24:29,443|11064: Got Nameservice, trying to contact it for: 11075
08.11 11:24:29,489|11064: 11075 found, Name: 11075 Node: team10@lab24.cpt.haw-hamburg.de
08.11 11:24:29,490|11064: Abstimmung yes, sending to Next One
08.11 11:24:29,035|11064: Got Abstimmung
08.11 11:24:29,036|11064: Got it from someone else
08.11 11:24:29,037|11064: TimeDiff of 15 big enough
08.11 11:24:29,037|11064: Trying to get Nameservice: ns@lab30.cpt.haw-hamburg.de
08.11 11:24:29,071|11064: Got Nameservice: ns@lab30.cpt.haw-hamburg.de
08.11 11:24:29,072|11064: Got Nameservice, trying to contact it for: 11075
08.11 11:24:29,152|11064: 11075 found, Name: 11075 Node: team10@lab24.cpt.haw-hamburg.de
08.11 11:24:29,153|11064: Abstimmung yes, sending to Next One
08.11 11:24:30,636|11064: Got Abstimmung
08.11 11:24:30,645|11064: Got it from someone else
08.11 11:24:30,651|11064: TimeDiff of 16 big enough
08.11 11:24:30,657|11064: Trying to get Nameservice: ns@lab30.cpt.haw-hamburg.de
08.11 11:24:30,186|11064: Got Nameservice: ns@lab30.cpt.haw-hamburg.de
08.11 11:24:30,194|11064: Got Nameservice, trying to contact it for: 11075
08.11 11:24:30,248|11064: 11075 found, Name: 11075 Node: team10@lab24.cpt.haw-hamburg.de
08.11 11:24:30,255|11064: Abstimmung yes, sending to Next One
08.11 11:24:30,764|11064: Got Abstimmung
08.11 11:24:30,765|11064: Got it from someone else
08.11 11:24:30,766|11064: TimeDiff of 16 big enough
08.11 11:24:30,766|11064: Trying to get Nameservice: ns@lab30.cpt.haw-hamburg.de
08.11 11:24:30,811|11064: Got Nameservice: ns@lab30.cpt.haw-hamburg.de
08.11 11:24:30,815|11064: Got Nameservice, trying to contact it for: 11075
08.11 11:24:30,854|11064: 11075 found, Name: 11075 Node: team10@lab24.cpt.haw-hamburg.de
08.11 11:24:30,878|11064: Abstimmung yes, sending to Next One
08.11 11:24:30,002|11064: Got Abstimmung
08.11 11:24:30,003|11064: Got it from someone else
08.11 11:24:30,003|11064: TimeDiff of 16 big enough
08.11 11:24:30,004|11064: Trying to get Nameservice: ns@lab30.cpt.haw-hamburg.de
08.11 11:24:30,037|11064: Got Nameservice: ns@lab30.cpt.haw-hamburg.de
08.11 11:24:30,038|11064: Got Nameservice, trying to contact it for: 11075
08.11 11:24:30,063|11064: 11075 found, Name: 11075 Node: team10@lab24.cpt.haw-hamburg.de
08.11 11:24:30,063|11064: Abstimmung yes, sending to Next One
08.11 11:24:30,764|11064: Got Abstimmung
08.11 11:24:30,766|11064: Got it from someone else
08.11 11:24:30,768|11064: TimeDiff of 16 big enough
08.11 11:24:30,803|11064: Trying to get Nameservice: ns@lab30.cpt.haw-hamburg.de
08.11 11:24:30,812|11064: Got Nameservice: ns@lab30.cpt.haw-hamburg.de
08.11 11:24:30,812|11064: Got Nameservice, trying to contact it for: 11075
08.11 11:24:30,851|11064: 11075 found, Name: 11075 Node: team10@lab24.cpt.haw-hamburg.de
08.11 11:24:30,851|11064: Abstimmung yes, sending to Next One
08.11 11:24:31,431|11064: Got Abstimmung
08.11 11:24:31,440|11064: Got it from someone else
08.11 11:24:31,448|11064: TimeDiff of 17 big enough
08.11 11:24:31,455|11064: Trying to get Nameservice: ns@lab30.cpt.haw-hamburg.de
08.11 11:24:31,525|11064: Got Nameservice: ns@lab30.cpt.haw-hamburg.de
08.11 11:24:31,533|11064: Got Nameservice, trying to contact it for: 11075
08.11 11:24:31,562|11064: 11075 found, Name: 11075 Node: team10@lab24.cpt.haw-hamburg.de
08.11 11:24:31,569|11064: Abstimmung yes, sending to Next One
08.11 11:24:31,688|11064: Got Abstimmung
08.11 11:24:31,688|11064: Got it from someone else
08.11 11:24:31,689|11064: TimeDiff of 17 big enough
08.11 11:24:31,689|11064: Trying to get Nameservice: ns@lab30.cpt.haw-hamburg.de
08.11 11:24:31,734|11064: Got Nameservice: ns@lab30.cpt.haw-hamburg.de
08.11 11:24:31,735|11064: Got Nameservice, trying to contact it for: 11075
08.11 11:24:31,738|11064: 11075 found, Name: 11075 Node: team10@lab24.cpt.haw-hamburg.de
08.11 11:24:31,741|11064: Abstimmung yes, sending to Next One
08.11 11:24:31,163|11064: Got Abstimmung
08.11 11:24:31,164|11064: Got it from someone else
08.11 11:24:31,164|11064: TimeDiff of 17 big enough
08.11 11:24:31,165|11064: Trying to get Nameservice: ns@lab30.cpt.haw-hamburg.de
08.11 11:24:31,171|11064: Got Nameservice: ns@lab30.cpt.haw-hamburg.de
08.11 11:24:31,172|11064: Got Nameservice, trying to contact it for: 11075
08.11 11:24:31,177|11064: 11075 found, Name: 11075 Node: team10@lab24.cpt.haw-hamburg.de
08.11 11:24:31,178|11064: Abstimmung yes, sending to Next One
08.11 11:24:32,961|11064: Got Abstimmung
08.11 11:24:32,962|11064: Got it from someone else
08.11 11:24:32,962|11064: TimeDiff of 18 big enough
08.11 11:24:32,963|11064: Trying to get Nameservice: ns@lab30.cpt.haw-hamburg.de
08.11 11:24:32,000|11064: Got Nameservice: ns@lab30.cpt.haw-hamburg.de
08.11 11:24:32,001|11064: Got Nameservice, trying to contact it for: 11075
08.11 11:24:32,035|11064: 11075 found, Name: 11075 Node: team10@lab24.cpt.haw-hamburg.de
08.11 11:24:32,036|11064: Abstimmung yes, sending to Next One
08.11 11:24:32,311|11064: Got Abstimmung
08.11 11:24:32,313|11064: Got it from someone else
08.11 11:24:32,316|11064: TimeDiff of 18 big enough
08.11 11:24:32,351|11064: Trying to get Nameservice: ns@lab30.cpt.haw-hamburg.de
08.11 11:24:32,392|11064: Got Nameservice: ns@lab30.cpt.haw-hamburg.de
08.11 11:24:32,395|11064: Got Nameservice, trying to contact it for: 11075
08.11 11:24:32,437|11064: 11075 found, Name: 11075 Node: team10@lab24.cpt.haw-hamburg.de
08.11 11:24:32,440|11064: Abstimmung yes, sending to Next One
08.11 11:24:32,708|11064: Got Abstimmung
08.11 11:24:32,709|11064: Got it from someone else
08.11 11:24:32,709|11064: TimeDiff of 18 big enough
08.11 11:24:32,710|11064: Trying to get Nameservice: ns@lab30.cpt.haw-hamburg.de
08.11 11:24:32,750|11064: Got Nameservice: ns@lab30.cpt.haw-hamburg.de
08.11 11:24:32,751|11064: Got Nameservice, trying to contact it for: 11075
08.11 11:24:32,755|11064: 11075 found, Name: 11075 Node: team10@lab24.cpt.haw-hamburg.de
08.11 11:24:32,756|11064: Abstimmung yes, sending to Next One
08.11 11:24:32,709|11064: Got Abstimmung
08.11 11:24:32,710|11064: Got it from someone else
08.11 11:24:32,711|11064: TimeDiff of 18 big enough
08.11 11:24:32,711|11064: Trying to get Nameservice: ns@lab30.cpt.haw-hamburg.de
08.11 11:24:32,742|11064: Got Nameservice: ns@lab30.cpt.haw-hamburg.de
08.11 11:24:32,743|11064: Got Nameservice, trying to contact it for: 11075
08.11 11:24:32,773|11064: 11075 found, Name: 11075 Node: team10@lab24.cpt.haw-hamburg.de
08.11 11:24:32,774|11064: Abstimmung yes, sending to Next One
08.11 11:24:33,386|11064: Got Abstimmung
08.11 11:24:33,386|11064: Got it from someone else
08.11 11:24:33,387|11064: TimeDiff of 19 big enough
08.11 11:24:33,388|11064: Trying to get Nameservice: ns@lab30.cpt.haw-hamburg.de
08.11 11:24:33,431|11064: Got Nameservice: ns@lab30.cpt.haw-hamburg.de
08.11 11:24:33,431|11064: Got Nameservice, trying to contact it for: 11075
08.11 11:24:33,479|11064: 11075 found, Name: 11075 Node: team10@lab24.cpt.haw-hamburg.de
08.11 11:24:33,480|11064: Abstimmung yes, sending to Next One
08.11 11:24:33,418|11064: Got Abstimmung
08.11 11:24:33,419|11064: Got it from someone else
08.11 11:24:33,420|11064: TimeDiff of 19 big enough
08.11 11:24:33,420|11064: Trying to get Nameservice: ns@lab30.cpt.haw-hamburg.de
08.11 11:24:33,455|11064: Got Nameservice: ns@lab30.cpt.haw-hamburg.de
08.11 11:24:33,456|11064: Got Nameservice, trying to contact it for: 11075
08.11 11:24:33,461|11064: 11075 found, Name: 11075 Node: team10@lab24.cpt.haw-hamburg.de
08.11 11:24:33,462|11064: Abstimmung yes, sending to Next One
08.11 11:24:33,519|11064: Got Abstimmung
08.11 11:24:33,519|11064: Got it from someone else
08.11 11:24:33,520|11064: TimeDiff of 19 big enough
08.11 11:24:33,520|11064: Trying to get Nameservice: ns@lab30.cpt.haw-hamburg.de
08.11 11:24:33,526|11064: Got Nameservice: ns@lab30.cpt.haw-hamburg.de
08.11 11:24:33,527|11064: Got Nameservice, trying to contact it for: 11075
08.11 11:24:33,547|11064: 11075 found, Name: 11075 Node: team10@lab24.cpt.haw-hamburg.de
08.11 11:24:33,548|11064: Abstimmung yes, sending to Next One
08.11 11:24:34,924|11064: Got Abstimmung
08.11 11:24:34,925|11064: Got it from someone else
08.11 11:24:34,926|11064: TimeDiff of 20 big enough
08.11 11:24:34,926|11064: Trying to get Nameservice: ns@lab30.cpt.haw-hamburg.de
08.11 11:24:34,956|11064: Got Nameservice: ns@lab30.cpt.haw-hamburg.de
08.11 11:24:34,957|11064: Got Nameservice, trying to contact it for: 11075
08.11 11:24:34,961|11064: 11075 found, Name: 11075 Node: team10@lab24.cpt.haw-hamburg.de
08.11 11:24:34,962|11064: Abstimmung yes, sending to Next One
08.11 11:24:34,976|11064: Got Abstimmung
08.11 11:24:34,976|11064: Got it from someone else
08.11 11:24:34,977|11064: TimeDiff of 20 big enough
08.11 11:24:34,978|11064: Trying to get Nameservice: ns@lab30.cpt.haw-hamburg.de
08.11 11:24:34,006|11064: Got Nameservice: ns@lab30.cpt.haw-hamburg.de
08.11 11:24:34,006|11064: Got Nameservice, trying to contact it for: 11075
08.11 11:24:34,013|11064: 11075 found, Name: 11075 Node: team10@lab24.cpt.haw-hamburg.de
08.11 11:24:34,013|11064: Abstimmung yes, sending to Next One
08.11 11:24:35,395|11064: Got Abstimmung
08.11 11:24:35,395|11064: Got it from someone else
08.11 11:24:35,396|11064: TimeDiff of 21 big enough
08.11 11:24:35,397|11064: Trying to get Nameservice: ns@lab30.cpt.haw-hamburg.de
08.11 11:24:35,632|11064: Got Nameservice: ns@lab30.cpt.haw-hamburg.de
08.11 11:24:35,633|11064: Got Nameservice, trying to contact it for: 11075
08.11 11:24:35,727|11064: 11075 found, Name: 11075 Node: team10@lab24.cpt.haw-hamburg.de
08.11 11:24:35,728|11064: Abstimmung yes, sending to Next One
08.11 11:24:36,307|11064: Got Abstimmung
08.11 11:24:36,308|11064: Got it from someone else
08.11 11:24:36,309|11064: TimeDiff of 22 big enough
08.11 11:24:36,309|11064: Trying to get Nameservice: ns@lab30.cpt.haw-hamburg.de
08.11 11:24:36,345|11064: Got Nameservice: ns@lab30.cpt.haw-hamburg.de
08.11 11:24:36,346|11064: Got Nameservice, trying to contact it for: 11075
08.11 11:24:36,350|11064: 11075 found, Name: 11075 Node: team10@lab24.cpt.haw-hamburg.de
08.11 11:24:36,351|11064: Abstimmung yes, sending to Next One
08.11 11:24:37,872|11064: Got Abstimmung
08.11 11:24:37,872|11064: Got it from someone else
08.11 11:24:37,873|11064: TimeDiff of 23 big enough
08.11 11:24:37,873|11064: Trying to get Nameservice: ns@lab30.cpt.haw-hamburg.de
08.11 11:24:37,909|11064: Got Nameservice: ns@lab30.cpt.haw-hamburg.de
08.11 11:24:37,910|11064: Got Nameservice, trying to contact it for: 11075
08.11 11:24:37,916|11064: 11075 found, Name: 11075 Node: team10@lab24.cpt.haw-hamburg.de
08.11 11:24:37,917|11064: Abstimmung yes, sending to Next One
08.11 11:24:37,381|11064: Got Abstimmung
08.11 11:24:37,382|11064: Got it from someone else
08.11 11:24:37,383|11064: TimeDiff of 23 big enough
08.11 11:24:37,383|11064: Trying to get Nameservice: ns@lab30.cpt.haw-hamburg.de
08.11 11:24:37,424|11064: Got Nameservice: ns@lab30.cpt.haw-hamburg.de
08.11 11:24:37,425|11064: Got Nameservice, trying to contact it for: 11075
08.11 11:24:37,430|11064: 11075 found, Name: 11075 Node: team10@lab24.cpt.haw-hamburg.de
08.11 11:24:37,430|11064: Abstimmung yes, sending to Next One
08.11 11:24:39,422|11064: Got Abstimmung
08.11 11:24:39,423|11064: Got it from myself
08.11 11:24:39,423|11064: Get Koordinator -> Get Dienst
08.11 11:24:39,424|11064: Trying to get Nameservice: ns@lab30.cpt.haw-hamburg.de
08.11 11:24:39,449|11064: Got Nameservice: ns@lab30.cpt.haw-hamburg.de
08.11 11:24:39,449|11064: Got Nameservice, trying to contact it for: chef
08.11 11:24:39,453|11064: chef found, Name: chef Node: ko@lab22.cpt.haw-hamburg.de
08.11 11:24:39,453|11064: ABSTIMMUNG: Erfolgreich. Sending Mi: 3465 to Koordinator
08.11 11:24:40,317|11064: Got Abstimmung
08.11 11:24:40,317|11064: Got it from someone else
08.11 11:24:40,318|11064: TimeDiff of 26 big enough
08.11 11:24:40,318|11064: Trying to get Nameservice: ns@lab30.cpt.haw-hamburg.de
08.11 11:24:40,345|11064: Got Nameservice: ns@lab30.cpt.haw-hamburg.de
08.11 11:24:40,346|11064: Got Nameservice, trying to contact it for: 11075
08.11 11:24:40,355|11064: 11075 found, Name: 11075 Node: team10@lab24.cpt.haw-hamburg.de
08.11 11:24:40,356|11064: Abstimmung yes, sending to Next One
08.11 11:24:41,580|11064: Got Abstimmung
08.11 11:24:41,581|11064: Got it from someone else
08.11 11:24:41,582|11064: TimeDiff of 27 big enough
08.11 11:24:41,582|11064: Trying to get Nameservice: ns@lab30.cpt.haw-hamburg.de
08.11 11:24:41,617|11064: Got Nameservice: ns@lab30.cpt.haw-hamburg.de
08.11 11:24:41,618|11064: Got Nameservice, trying to contact it for: 11075
08.11 11:24:41,623|11064: 11075 found, Name: 11075 Node: team10@lab24.cpt.haw-hamburg.de
08.11 11:24:41,624|11064: Abstimmung yes, sending to Next One
08.11 11:24:42,964|11064: Got Abstimmung
08.11 11:24:42,966|11064: Got it from someone else
08.11 11:24:42,967|11064: TimeDiff of 28 big enough
08.11 11:24:42,968|11064: Trying to get Nameservice: ns@lab30.cpt.haw-hamburg.de
08.11 11:24:42,992|11064: Got Nameservice: ns@lab30.cpt.haw-hamburg.de
08.11 11:24:42,993|11064: Got Nameservice, trying to contact it for: 11075
08.11 11:24:42,014|11064: 11075 found, Name: 11075 Node: team10@lab24.cpt.haw-hamburg.de
08.11 11:24:42,015|11064: Abstimmung yes, sending to Next One
08.11 11:24:43,424|11064: Got Abstimmung
08.11 11:24:43,425|11064: Got it from someone else
08.11 11:24:43,426|11064: TimeDiff of 29 big enough
08.11 11:24:43,426|11064: Trying to get Nameservice: ns@lab30.cpt.haw-hamburg.de
08.11 11:24:43,455|11064: Got Nameservice: ns@lab30.cpt.haw-hamburg.de
08.11 11:24:43,456|11064: Got Nameservice, trying to contact it for: 11075
08.11 11:24:43,460|11064: 11075 found, Name: 11075 Node: team10@lab24.cpt.haw-hamburg.de
08.11 11:24:43,461|11064: Abstimmung yes, sending to Next One
08.11 11:24:48,725|11064: Got Abstimmung
08.11 11:24:48,725|11064: Got it from someone else
08.11 11:24:48,726|11064: TimeDiff of 34 big enough
08.11 11:24:48,726|11064: Trying to get Nameservice: ns@lab30.cpt.haw-hamburg.de
08.11 11:24:48,758|11064: Got Nameservice: ns@lab30.cpt.haw-hamburg.de
08.11 11:24:48,759|11064: Got Nameservice, trying to contact it for: 11075
08.11 11:24:48,764|11064: 11075 found, Name: 11075 Node: team10@lab24.cpt.haw-hamburg.de
08.11 11:24:48,765|11064: Abstimmung yes, sending to Next One
08.11 11:24:49,006|11064: Got Abstimmung
08.11 11:24:49,006|11064: Got it from someone else
08.11 11:24:49,007|11064: TimeDiff of 35 big enough
08.11 11:24:49,008|11064: Trying to get Nameservice: ns@lab30.cpt.haw-hamburg.de
08.11 11:24:49,035|11064: Got Nameservice: ns@lab30.cpt.haw-hamburg.de
08.11 11:24:49,036|11064: Got Nameservice, trying to contact it for: 11075
08.11 11:24:49,041|11064: 11075 found, Name: 11075 Node: team10@lab24.cpt.haw-hamburg.de
08.11 11:24:49,042|11064: Abstimmung yes, sending to Next One
08.11 11:24:50,364|11064: Got Abstimmung
08.11 11:24:50,365|11064: Got it from someone else
08.11 11:24:50,365|11064: TimeDiff of 36 big enough
08.11 11:24:50,366|11064: Trying to get Nameservice: ns@lab30.cpt.haw-hamburg.de
08.11 11:24:50,409|11064: Got Nameservice: ns@lab30.cpt.haw-hamburg.de
08.11 11:24:50,412|11064: Got Nameservice, trying to contact it for: 11075
08.11 11:24:50,447|11064: 11075 found, Name: 11075 Node: team10@lab24.cpt.haw-hamburg.de
08.11 11:24:50,470|11064: Abstimmung yes, sending to Next One
08.11 11:24:54,493|11064: Got Abstimmung
08.11 11:24:54,494|11064: Got it from someone else
08.11 11:24:54,495|11064: TimeDiff of 40 big enough
08.11 11:24:54,496|11064: Trying to get Nameservice: ns@lab30.cpt.haw-hamburg.de
08.11 11:24:54,526|11064: Got Nameservice: ns@lab30.cpt.haw-hamburg.de
08.11 11:24:54,526|11064: Got Nameservice, trying to contact it for: 11075
08.11 11:24:54,531|11064: 11075 found, Name: 11075 Node: team10@lab24.cpt.haw-hamburg.de
08.11 11:24:54,532|11064: Abstimmung yes, sending to Next One
08.11 11:24:55,954|11064: Got Abstimmung
08.11 11:24:55,954|11064: Got it from someone else
08.11 11:24:55,955|11064: TimeDiff of 41 big enough
08.11 11:24:55,955|11064: Trying to get Nameservice: ns@lab30.cpt.haw-hamburg.de
08.11 11:24:55,984|11064: Got Nameservice: ns@lab30.cpt.haw-hamburg.de
08.11 11:24:55,985|11064: Got Nameservice, trying to contact it for: 11075
08.11 11:24:55,990|11064: 11075 found, Name: 11075 Node: team10@lab24.cpt.haw-hamburg.de
08.11 11:24:55,991|11064: Abstimmung yes, sending to Next One
08.11 11:24:56,562|11064: Got Abstimmung
08.11 11:24:56,563|11064: Got it from someone else
08.11 11:24:56,563|11064: TimeDiff of 42 big enough
08.11 11:24:56,564|11064: Trying to get Nameservice: ns@lab30.cpt.haw-hamburg.de
08.11 11:24:56,622|11064: Got Nameservice: ns@lab30.cpt.haw-hamburg.de
08.11 11:24:56,625|11064: Got Nameservice, trying to contact it for: 11075
08.11 11:24:56,670|11064: 11075 found, Name: 11075 Node: team10@lab24.cpt.haw-hamburg.de
08.11 11:24:56,693|11064: Abstimmung yes, sending to Next One
08.11 11:24:57,028|11064: Got Abstimmung
08.11 11:24:57,028|11064: Got it from someone else
08.11 11:24:57,029|11064: TimeDiff of 43 big enough
08.11 11:24:57,029|11064: Trying to get Nameservice: ns@lab30.cpt.haw-hamburg.de
08.11 11:24:57,060|11064: Got Nameservice: ns@lab30.cpt.haw-hamburg.de
08.11 11:24:57,061|11064: Got Nameservice, trying to contact it for: 11075
08.11 11:24:57,066|11064: 11075 found, Name: 11075 Node: team10@lab24.cpt.haw-hamburg.de
08.11 11:24:57,067|11064: Abstimmung yes, sending to Next One
08.11 11:24:58,071|11064: Got Abstimmung
08.11 11:24:58,072|11064: Got it from someone else
08.11 11:24:58,073|11064: TimeDiff of 44 big enough
08.11 11:24:58,073|11064: Trying to get Nameservice: ns@lab30.cpt.haw-hamburg.de
08.11 11:24:58,079|11064: Got Nameservice: ns@lab30.cpt.haw-hamburg.de
08.11 11:24:58,080|11064: Got Nameservice, trying to contact it for: 11075
08.11 11:24:58,101|11064: 11075 found, Name: 11075 Node: team10@lab24.cpt.haw-hamburg.de
08.11 11:24:58,102|11064: Abstimmung yes, sending to Next One
08.11 11:25:02,915|11064: Got Abstimmung
08.11 11:25:02,925|11064: Got it from someone else
08.11 11:25:02,935|11064: TimeDiff of 48 big enough
08.11 11:25:02,945|11064: Trying to get Nameservice: ns@lab30.cpt.haw-hamburg.de
08.11 11:25:02,314|11064: Got Nameservice: ns@lab30.cpt.haw-hamburg.de
08.11 11:25:02,325|11064: Got Nameservice, trying to contact it for: 11075
08.11 11:25:02,376|11064: 11075 found, Name: 11075 Node: team10@lab24.cpt.haw-hamburg.de
08.11 11:25:02,383|11064: Abstimmung yes, sending to Next One
08.11 11:25:02,533|11064: Got Abstimmung
08.11 11:25:02,534|11064: Got it from someone else
08.11 11:25:02,535|11064: TimeDiff of 48 big enough
08.11 11:25:02,535|11064: Trying to get Nameservice: ns@lab30.cpt.haw-hamburg.de
08.11 11:25:02,583|11064: Got Nameservice: ns@lab30.cpt.haw-hamburg.de
08.11 11:25:02,583|11064: Got Nameservice, trying to contact it for: 11075
08.11 11:25:02,590|11064: 11075 found, Name: 11075 Node: team10@lab24.cpt.haw-hamburg.de
08.11 11:25:02,594|11064: Abstimmung yes, sending to Next One
08.11 11:25:03,262|11064: Got Abstimmung
08.11 11:25:03,262|11064: Got it from someone else
08.11 11:25:03,263|11064: TimeDiff of 49 big enough
08.11 11:25:03,264|11064: Trying to get Nameservice: ns@lab30.cpt.haw-hamburg.de
08.11 11:25:03,319|11064: Got Nameservice: ns@lab30.cpt.haw-hamburg.de
08.11 11:25:03,323|11064: Got Nameservice, trying to contact it for: 11075
08.11 11:25:03,360|11064: 11075 found, Name: 11075 Node: team10@lab24.cpt.haw-hamburg.de
08.11 11:25:03,361|11064: Abstimmung yes, sending to Next One
08.11 11:25:03,161|11064: Got Abstimmung
08.11 11:25:03,162|11064: Got it from someone else
08.11 11:25:03,162|11064: TimeDiff of 49 big enough
08.11 11:25:03,163|11064: Trying to get Nameservice: ns@lab30.cpt.haw-hamburg.de
08.11 11:25:03,194|11064: Got Nameservice: ns@lab30.cpt.haw-hamburg.de
08.11 11:25:03,195|11064: Got Nameservice, trying to contact it for: 11075
08.11 11:25:03,200|11064: 11075 found, Name: 11075 Node: team10@lab24.cpt.haw-hamburg.de
08.11 11:25:03,201|11064: Abstimmung yes, sending to Next One
08.11 11:25:10,074|11064: Got Abstimmung
08.11 11:25:10,075|11064: Got it from someone else
08.11 11:25:10,075|11064: TimeDiff of 56 big enough
08.11 11:25:10,076|11064: Trying to get Nameservice: ns@lab30.cpt.haw-hamburg.de
08.11 11:25:10,144|11064: Got Nameservice: ns@lab30.cpt.haw-hamburg.de
08.11 11:25:10,148|11064: Got Nameservice, trying to contact it for: 11075
08.11 11:25:10,155|11064: 11075 found, Name: 11075 Node: team10@lab24.cpt.haw-hamburg.de
08.11 11:25:10,180|11064: Abstimmung yes, sending to Next One
08.11 11:25:11,780|11064: Got Abstimmung
08.11 11:25:11,781|11064: Got it from someone else
08.11 11:25:11,781|11064: TimeDiff of 57 big enough
08.11 11:25:11,782|11064: Trying to get Nameservice: ns@lab30.cpt.haw-hamburg.de
08.11 11:25:11,812|11064: Got Nameservice: ns@lab30.cpt.haw-hamburg.de
08.11 11:25:11,813|11064: Got Nameservice, trying to contact it for: 11075
08.11 11:25:11,818|11064: 11075 found, Name: 11075 Node: team10@lab24.cpt.haw-hamburg.de
08.11 11:25:11,819|11064: Abstimmung yes, sending to Next One
08.11 11:25:12,074|11064: Got Abstimmung
08.11 11:25:12,075|11064: Got it from someone else
08.11 11:25:12,076|11064: TimeDiff of 58 big enough
08.11 11:25:12,076|11064: Trying to get Nameservice: ns@lab30.cpt.haw-hamburg.de
08.11 11:25:12,097|11064: Got Nameservice: ns@lab30.cpt.haw-hamburg.de
08.11 11:25:12,098|11064: Got Nameservice, trying to contact it for: 11075
08.11 11:25:12,106|11064: 11075 found, Name: 11075 Node: team10@lab24.cpt.haw-hamburg.de
08.11 11:25:12,107|11064: Abstimmung yes, sending to Next One
08.11 11:25:13,084|11064: Got Abstimmung
08.11 11:25:13,085|11064: Got it from someone else
08.11 11:25:13,086|11064: TimeDiff of 59 big enough
08.11 11:25:13,086|11064: Trying to get Nameservice: ns@lab30.cpt.haw-hamburg.de
08.11 11:25:13,123|11064: Got Nameservice: ns@lab30.cpt.haw-hamburg.de
08.11 11:25:13,124|11064: Got Nameservice, trying to contact it for: 11075
08.11 11:25:13,129|11064: 11075 found, Name: 11075 Node: team10@lab24.cpt.haw-hamburg.de
08.11 11:25:13,130|11064: Abstimmung yes, sending to Next One
08.11 11:25:13,047|11064: Got Abstimmung
08.11 11:25:13,048|11064: Got it from someone else
08.11 11:25:13,048|11064: TimeDiff of 59 big enough
08.11 11:25:13,049|11064: Trying to get Nameservice: ns@lab30.cpt.haw-hamburg.de
08.11 11:25:13,087|11064: Got Nameservice: ns@lab30.cpt.haw-hamburg.de
08.11 11:25:13,087|11064: Got Nameservice, trying to contact it for: 11075
08.11 11:25:13,094|11064: 11075 found, Name: 11075 Node: team10@lab24.cpt.haw-hamburg.de
08.11 11:25:13,095|11064: Abstimmung yes, sending to Next One
08.11 11:25:14,023|11064: Got Nameservice: ns@lab30.cpt.haw-hamburg.de
08.11 11:25:14,023|11064: Unbinding from Nameservice
08.11 11:25:14,024|11064: Killed
