08.11 11:20:05,307|11023: Got Nameservice: ns@lab30.cpt.haw-hamburg.de
08.11 11:20:05,308|11023: Sende Nachricht an Nameservicenode: ns@lab30.cpt.haw-hamburg.de
08.11 11:20:05,308|11023: Nachricht an Nameservicenode gesendet
08.11 11:20:05,364|11023: Bind done
08.11 11:20:05,364|11023: Get Koordinator -> Get Dienst
08.11 11:20:05,365|11023: Trying to get Nameservice: ns@lab30.cpt.haw-hamburg.de
08.11 11:20:05,442|11023: Got Nameservice: ns@lab30.cpt.haw-hamburg.de
08.11 11:20:05,442|11023: Got Nameservice, trying to contact it for: chef
08.11 11:20:05,520|11023: chef found, Name: chef Node: ko@lab22.cpt.haw-hamburg.de
08.11 11:20:05,521|11023: Sende Nachricht an Koordinator: chef
08.11 11:20:05,522|11023: warte auf Nachbarmessage vom Koordinator
08.11 11:21:07,748|11023: Neighbors set. Left: 11671 Right: 113530|starting loop
08.11 11:21:12,959|11023: Starting with MI: 171925
08.11 11:21:12,960|11023: Starting new timer
08.11 11:21:15,972|11023: Trying to get Nameservice: ns@lab30.cpt.haw-hamburg.de
08.11 11:21:15,021|11023: Got Nameservice: ns@lab30.cpt.haw-hamburg.de
08.11 11:21:15,023|11023: Got Nameservice, trying to contact it for: 113530
08.11 11:21:15,068|11023: 113530 found, Name: 113530 Node: node6@lab29.cpt.haw-hamburg.de
08.11 11:21:15,069|11023: ABSTIMMUNG start
08.11 11:21:15,004|11023: Got Abstimmung
08.11 11:21:15,004|11023: Got it from someone else
08.11 11:21:15,005|11023: TimeDiff of 3 big enough
08.11 11:21:15,007|11023: Trying to get Nameservice: ns@lab30.cpt.haw-hamburg.de
08.11 11:21:15,012|11023: Got Nameservice: ns@lab30.cpt.haw-hamburg.de
08.11 11:21:15,013|11023: Got Nameservice, trying to contact it for: 113530
08.11 11:21:15,019|11023: 113530 found, Name: 113530 Node: node6@lab29.cpt.haw-hamburg.de
08.11 11:21:15,020|11023: Abstimmung yes, sending to Next One
08.11 11:21:15,010|11023: Got Abstimmung
08.11 11:21:15,750|11023: Got it from someone else
08.11 11:21:15,350|11023: TimeDiff of 4 big enough
08.11 11:21:15,899|11023: Trying to get Nameservice: ns@lab30.cpt.haw-hamburg.de
08.11 11:21:15,075|11023: Got Nameservice: ns@lab30.cpt.haw-hamburg.de
08.11 11:21:15,242|11023: Got Nameservice, trying to contact it for: 113530
08.11 11:21:16,973|11023: 113530 found, Name: 113530 Node: node6@lab29.cpt.haw-hamburg.de
08.11 11:21:16,050|11023: Abstimmung yes, sending to Next One
08.11 11:21:16,573|11023: Got Abstimmung
08.11 11:21:16,580|11023: Got it from someone else
08.11 11:21:16,585|11023: TimeDiff of 4 big enough
08.11 11:21:16,591|11023: Trying to get Nameservice: ns@lab30.cpt.haw-hamburg.de
08.11 11:21:16,536|11023: Got Nameservice: ns@lab30.cpt.haw-hamburg.de
08.11 11:21:16,543|11023: Got Nameservice, trying to contact it for: 113530
08.11 11:21:16,161|11023: 113530 found, Name: 113530 Node: node6@lab29.cpt.haw-hamburg.de
08.11 11:21:16,167|11023: Abstimmung yes, sending to Next One
08.11 11:21:16,533|11023: Got Abstimmung
08.11 11:21:16,545|11023: Got it from someone else
08.11 11:21:16,552|11023: TimeDiff of 4 big enough
08.11 11:21:16,565|11023: Trying to get Nameservice: ns@lab30.cpt.haw-hamburg.de
08.11 11:21:16,658|11023: Got Nameservice: ns@lab30.cpt.haw-hamburg.de
08.11 11:21:16,666|11023: Got Nameservice, trying to contact it for: 113530
08.11 11:21:16,739|11023: 113530 found, Name: 113530 Node: node6@lab29.cpt.haw-hamburg.de
08.11 11:21:16,746|11023: Abstimmung yes, sending to Next One
08.11 11:21:16,311|11023: Got Abstimmung
08.11 11:21:16,311|11023: Got it from someone else
08.11 11:21:16,312|11023: TimeDiff of 4 big enough
08.11 11:21:16,312|11023: Trying to get Nameservice: ns@lab30.cpt.haw-hamburg.de
08.11 11:21:16,334|11023: Got Nameservice: ns@lab30.cpt.haw-hamburg.de
08.11 11:21:16,337|11023: Got Nameservice, trying to contact it for: 113530
08.11 11:21:16,383|11023: 113530 found, Name: 113530 Node: node6@lab29.cpt.haw-hamburg.de
08.11 11:21:16,385|11023: Abstimmung yes, sending to Next One
08.11 11:21:16,583|11023: Got Abstimmung
08.11 11:21:16,584|11023: Got it from someone else
08.11 11:21:16,585|11023: TimeDiff of 4 big enough
08.11 11:21:16,585|11023: Trying to get Nameservice: ns@lab30.cpt.haw-hamburg.de
08.11 11:21:16,646|11023: Got Nameservice: ns@lab30.cpt.haw-hamburg.de
08.11 11:21:16,647|11023: Got Nameservice, trying to contact it for: 113530
08.11 11:21:16,692|11023: 113530 found, Name: 113530 Node: node6@lab29.cpt.haw-hamburg.de
08.11 11:21:16,693|11023: Abstimmung yes, sending to Next One
08.11 11:21:16,297|11023: Got Abstimmung
08.11 11:21:16,298|11023: Got it from someone else
08.11 11:21:16,298|11023: TimeDiff of 4 big enough
08.11 11:21:16,299|11023: Trying to get Nameservice: ns@lab30.cpt.haw-hamburg.de
08.11 11:21:16,323|11023: Got Nameservice: ns@lab30.cpt.haw-hamburg.de
08.11 11:21:16,324|11023: Got Nameservice, trying to contact it for: 113530
08.11 11:21:16,398|11023: 113530 found, Name: 113530 Node: node6@lab29.cpt.haw-hamburg.de
08.11 11:21:16,401|11023: Abstimmung yes, sending to Next One
08.11 11:21:16,954|11023: Got Abstimmung
08.11 11:21:16,955|11023: Got it from someone else
08.11 11:21:16,956|11023: TimeDiff of 4 big enough
08.11 11:21:16,956|11023: Trying to get Nameservice: ns@lab30.cpt.haw-hamburg.de
08.11 11:21:16,053|11023: Got Nameservice: ns@lab30.cpt.haw-hamburg.de
08.11 11:21:16,053|11023: Got Nameservice, trying to contact it for: 113530
08.11 11:21:16,093|11023: 113530 found, Name: 113530 Node: node6@lab29.cpt.haw-hamburg.de
08.11 11:21:16,094|11023: Abstimmung yes, sending to Next One
08.11 11:21:16,260|11023: Got Abstimmung
08.11 11:21:16,262|11023: Got it from someone else
08.11 11:21:16,262|11023: TimeDiff of 4 big enough
08.11 11:21:16,263|11023: Trying to get Nameservice: ns@lab30.cpt.haw-hamburg.de
08.11 11:21:16,283|11023: Got Nameservice: ns@lab30.cpt.haw-hamburg.de
08.11 11:21:16,284|11023: Got Nameservice, trying to contact it for: 113530
08.11 11:21:16,329|11023: 113530 found, Name: 113530 Node: node6@lab29.cpt.haw-hamburg.de
08.11 11:21:16,330|11023: Abstimmung yes, sending to Next One
08.11 11:21:16,495|11023: Got Abstimmung
08.11 11:21:16,495|11023: Got it from someone else
08.11 11:21:16,496|11023: TimeDiff of 4 big enough
08.11 11:21:16,497|11023: Trying to get Nameservice: ns@lab30.cpt.haw-hamburg.de
08.11 11:21:16,575|11023: Got Nameservice: ns@lab30.cpt.haw-hamburg.de
08.11 11:21:16,577|11023: Got Nameservice, trying to contact it for: 113530
08.11 11:21:16,611|11023: 113530 found, Name: 113530 Node: node6@lab29.cpt.haw-hamburg.de
08.11 11:21:16,611|11023: Abstimmung yes, sending to Next One
08.11 11:21:16,921|11023: Got Abstimmung
08.11 11:21:16,922|11023: Got it from someone else
08.11 11:21:16,923|11023: TimeDiff of 4 big enough
08.11 11:21:16,923|11023: Trying to get Nameservice: ns@lab30.cpt.haw-hamburg.de
08.11 11:21:16,946|11023: Got Nameservice: ns@lab30.cpt.haw-hamburg.de
08.11 11:21:16,947|11023: Got Nameservice, trying to contact it for: 113530
08.11 11:21:16,003|11023: 113530 found, Name: 113530 Node: node6@lab29.cpt.haw-hamburg.de
08.11 11:21:16,007|11023: Abstimmung yes, sending to Next One
08.11 11:21:16,304|11023: Got Abstimmung
08.11 11:21:16,305|11023: Got it from someone else
08.11 11:21:16,305|11023: TimeDiff of 4 big enough
08.11 11:21:16,307|11023: Trying to get Nameservice: ns@lab30.cpt.haw-hamburg.de
08.11 11:21:16,324|11023: Got Nameservice: ns@lab30.cpt.haw-hamburg.de
08.11 11:21:16,325|11023: Got Nameservice, trying to contact it for: 113530
08.11 11:21:16,358|11023: 113530 found, Name: 113530 Node: node6@lab29.cpt.haw-hamburg.de
08.11 11:21:16,358|11023: Abstimmung yes, sending to Next One
08.11 11:21:16,614|11023: Got Abstimmung
08.11 11:21:16,615|11023: Got it from someone else
08.11 11:21:16,616|11023: TimeDiff of 4 big enough
08.11 11:21:16,617|11023: Trying to get Nameservice: ns@lab30.cpt.haw-hamburg.de
08.11 11:21:16,623|11023: Got Nameservice: ns@lab30.cpt.haw-hamburg.de
08.11 11:21:16,624|11023: Got Nameservice, trying to contact it for: 113530
08.11 11:21:16,696|11023: 113530 found, Name: 113530 Node: node6@lab29.cpt.haw-hamburg.de
08.11 11:21:16,697|11023: Abstimmung yes, sending to Next One
08.11 11:21:16,765|11023: Got Abstimmung
08.11 11:21:16,766|11023: Got it from someone else
08.11 11:21:16,767|11023: TimeDiff of 4 big enough
08.11 11:21:16,767|11023: Trying to get Nameservice: ns@lab30.cpt.haw-hamburg.de
08.11 11:21:16,835|11023: Got Nameservice: ns@lab30.cpt.haw-hamburg.de
08.11 11:21:16,836|11023: Got Nameservice, trying to contact it for: 113530
08.11 11:21:16,912|11023: 113530 found, Name: 113530 Node: node6@lab29.cpt.haw-hamburg.de
08.11 11:21:16,913|11023: Abstimmung yes, sending to Next One
08.11 11:21:17,347|11023: Got Abstimmung
08.11 11:21:17,348|11023: Got it from someone else
08.11 11:21:17,349|11023: TimeDiff of 5 big enough
08.11 11:21:17,350|11023: Trying to get Nameservice: ns@lab30.cpt.haw-hamburg.de
08.11 11:21:17,392|11023: Got Nameservice: ns@lab30.cpt.haw-hamburg.de
08.11 11:21:17,393|11023: Got Nameservice, trying to contact it for: 113530
08.11 11:21:17,459|11023: 113530 found, Name: 113530 Node: node6@lab29.cpt.haw-hamburg.de
08.11 11:21:17,460|11023: Abstimmung yes, sending to Next One
08.11 11:21:17,320|11023: Got Abstimmung
08.11 11:21:17,321|11023: Got it from someone else
08.11 11:21:17,321|11023: TimeDiff of 5 big enough
08.11 11:21:17,322|11023: Trying to get Nameservice: ns@lab30.cpt.haw-hamburg.de
08.11 11:21:17,350|11023: Got Nameservice: ns@lab30.cpt.haw-hamburg.de
08.11 11:21:17,350|11023: Got Nameservice, trying to contact it for: 113530
08.11 11:21:17,381|11023: 113530 found, Name: 113530 Node: node6@lab29.cpt.haw-hamburg.de
08.11 11:21:17,382|11023: Abstimmung yes, sending to Next One
08.11 11:21:18,243|11023: Got Abstimmung
08.11 11:21:18,244|11023: Got it from someone else
08.11 11:21:18,244|11023: TimeDiff of 6 big enough
08.11 11:21:18,245|11023: Trying to get Nameservice: ns@lab30.cpt.haw-hamburg.de
08.11 11:21:18,312|11023: Got Nameservice: ns@lab30.cpt.haw-hamburg.de
08.11 11:21:18,313|11023: Got Nameservice, trying to contact it for: 113530
08.11 11:21:18,351|11023: 113530 found, Name: 113530 Node: node6@lab29.cpt.haw-hamburg.de
08.11 11:21:18,352|11023: Abstimmung yes, sending to Next One
08.11 11:21:18,200|11023: Got Abstimmung
08.11 11:21:18,202|11023: Got it from someone else
08.11 11:21:18,202|11023: TimeDiff of 6 big enough
08.11 11:21:18,203|11023: Trying to get Nameservice: ns@lab30.cpt.haw-hamburg.de
08.11 11:21:18,208|11023: Got Nameservice: ns@lab30.cpt.haw-hamburg.de
08.11 11:21:18,209|11023: Got Nameservice, trying to contact it for: 113530
08.11 11:21:18,215|11023: 113530 found, Name: 113530 Node: node6@lab29.cpt.haw-hamburg.de
08.11 11:21:18,216|11023: Abstimmung yes, sending to Next One
08.11 11:21:20,195|11023: Got Abstimmung
08.11 11:21:20,197|11023: Got it from someone else
08.11 11:21:20,198|11023: TimeDiff of 8 big enough
08.11 11:21:20,199|11023: Trying to get Nameservice: ns@lab30.cpt.haw-hamburg.de
08.11 11:21:20,205|11023: Got Nameservice: ns@lab30.cpt.haw-hamburg.de
08.11 11:21:20,206|11023: Got Nameservice, trying to contact it for: 113530
08.11 11:21:20,212|11023: 113530 found, Name: 113530 Node: node6@lab29.cpt.haw-hamburg.de
08.11 11:21:20,213|11023: Abstimmung yes, sending to Next One
08.11 11:21:23,623|11023: Got Abstimmung
08.11 11:21:23,624|11023: Got it from someone else
08.11 11:21:23,624|11023: TimeDiff of 11 big enough
08.11 11:21:23,625|11023: Trying to get Nameservice: ns@lab30.cpt.haw-hamburg.de
08.11 11:21:23,646|11023: Got Nameservice: ns@lab30.cpt.haw-hamburg.de
08.11 11:21:23,647|11023: Got Nameservice, trying to contact it for: 113530
08.11 11:21:23,651|11023: 113530 found, Name: 113530 Node: node6@lab29.cpt.haw-hamburg.de
08.11 11:21:23,652|11023: Abstimmung yes, sending to Next One
08.11 11:21:23,336|11023: Got Abstimmung
08.11 11:21:23,336|11023: Got it from someone else
08.11 11:21:23,337|11023: TimeDiff of 11 big enough
08.11 11:21:23,338|11023: Trying to get Nameservice: ns@lab30.cpt.haw-hamburg.de
08.11 11:21:23,343|11023: Got Nameservice: ns@lab30.cpt.haw-hamburg.de
08.11 11:21:23,344|11023: Got Nameservice, trying to contact it for: 113530
08.11 11:21:23,349|11023: 113530 found, Name: 113530 Node: node6@lab29.cpt.haw-hamburg.de
08.11 11:21:23,350|11023: Abstimmung yes, sending to Next One
08.11 11:21:23,584|11023: Got Abstimmung
08.11 11:21:23,585|11023: Got it from someone else
08.11 11:21:23,586|11023: TimeDiff of 11 big enough
08.11 11:21:23,586|11023: Trying to get Nameservice: ns@lab30.cpt.haw-hamburg.de
08.11 11:21:23,592|11023: Got Nameservice: ns@lab30.cpt.haw-hamburg.de
08.11 11:21:23,593|11023: Got Nameservice, trying to contact it for: 113530
08.11 11:21:23,598|11023: 113530 found, Name: 113530 Node: node6@lab29.cpt.haw-hamburg.de
08.11 11:21:23,599|11023: Abstimmung yes, sending to Next One
08.11 11:21:29,726|11023: Got Abstimmung
08.11 11:21:29,727|11023: Got it from someone else
08.11 11:21:29,727|11023: TimeDiff of 17 big enough
08.11 11:21:29,728|11023: Trying to get Nameservice: ns@lab30.cpt.haw-hamburg.de
08.11 11:21:29,734|11023: Got Nameservice: ns@lab30.cpt.haw-hamburg.de
08.11 11:21:29,734|11023: Got Nameservice, trying to contact it for: 113530
08.11 11:21:29,740|11023: 113530 found, Name: 113530 Node: node6@lab29.cpt.haw-hamburg.de
08.11 11:21:29,740|11023: Abstimmung yes, sending to Next One
08.11 11:21:33,422|11023: Got Y: 429
08.11 11:21:33,423|11023: Starting new timer
08.11 11:21:33,423|11023: Caculating new MI: 325 Y: 429
08.11 11:21:33,460|11023: Trying to get Nameservice: ns@lab30.cpt.haw-hamburg.de
08.11 11:21:33,477|11023: Got Nameservice: ns@lab30.cpt.haw-hamburg.de
08.11 11:21:33,478|11023: Got Nameservice, trying to contact it for: 11671
08.11 11:21:33,483|11023: 11671 found, Name: 11671 Node: starter@lab21.cpt.haw-hamburg.de
08.11 11:21:33,484|11023: Sending Y: 325 to Left
08.11 11:21:33,485|11023: Trying to get Nameservice: ns@lab30.cpt.haw-hamburg.de
08.11 11:21:33,531|11023: Got Nameservice: ns@lab30.cpt.haw-hamburg.de
08.11 11:21:33,532|11023: Got Nameservice, trying to contact it for: 113530
08.11 11:21:33,559|11023: 113530 found, Name: 113530 Node: node6@lab29.cpt.haw-hamburg.de
08.11 11:21:33,561|11023: Sending Y: 325 to Right
08.11 11:21:33,562|11023: Get Koordinator -> Get Dienst
08.11 11:21:33,563|11023: Trying to get Nameservice: ns@lab30.cpt.haw-hamburg.de
08.11 11:21:33,592|11023: Got Nameservice: ns@lab30.cpt.haw-hamburg.de
08.11 11:21:33,592|11023: Got Nameservice, trying to contact it for: chef
08.11 11:21:33,600|11023: chef found, Name: chef Node: ko@lab22.cpt.haw-hamburg.de
08.11 11:21:33,601|11023: BriefMi to Koord: 325
08.11 11:21:34,371|11023: Got Abstimmung
08.11 11:21:34,372|11023: Got it from someone else
08.11 11:21:34,373|11023: TimeDiff of 1 NOT big enough
08.11 11:21:35,088|11023: Got Abstimmung
08.11 11:21:35,089|11023: Got it from someone else
08.11 11:21:35,090|11023: TimeDiff of 2 big enough
08.11 11:21:35,091|11023: Trying to get Nameservice: ns@lab30.cpt.haw-hamburg.de
08.11 11:21:35,097|11023: Got Nameservice: ns@lab30.cpt.haw-hamburg.de
08.11 11:21:35,098|11023: Got Nameservice, trying to contact it for: 113530
08.11 11:21:35,102|11023: 113530 found, Name: 113530 Node: node6@lab29.cpt.haw-hamburg.de
08.11 11:21:35,103|11023: Abstimmung yes, sending to Next One
08.11 11:21:36,430|11023: Trying to get Nameservice: ns@lab30.cpt.haw-hamburg.de
08.11 11:21:36,437|11023: Got Nameservice: ns@lab30.cpt.haw-hamburg.de
08.11 11:21:36,438|11023: Got Nameservice, trying to contact it for: 113530
08.11 11:21:36,443|11023: 113530 found, Name: 113530 Node: node6@lab29.cpt.haw-hamburg.de
08.11 11:21:36,444|11023: ABSTIMMUNG start
08.11 11:21:36,823|11023: Got Y: 104
08.11 11:21:36,824|11023: Starting new timer
08.11 11:21:36,825|11023: Caculating new MI: 13 Y: 104
08.11 11:21:36,871|11023: Trying to get Nameservice: ns@lab30.cpt.haw-hamburg.de
08.11 11:21:36,877|11023: Got Nameservice: ns@lab30.cpt.haw-hamburg.de
08.11 11:21:36,878|11023: Got Nameservice, trying to contact it for: 11671
08.11 11:21:36,884|11023: 11671 found, Name: 11671 Node: starter@lab21.cpt.haw-hamburg.de
08.11 11:21:36,885|11023: Sending Y: 13 to Left
08.11 11:21:36,885|11023: Trying to get Nameservice: ns@lab30.cpt.haw-hamburg.de
08.11 11:21:36,922|11023: Got Nameservice: ns@lab30.cpt.haw-hamburg.de
08.11 11:21:36,923|11023: Got Nameservice, trying to contact it for: 113530
08.11 11:21:36,927|11023: 113530 found, Name: 113530 Node: node6@lab29.cpt.haw-hamburg.de
08.11 11:21:36,928|11023: Sending Y: 13 to Right
08.11 11:21:36,928|11023: Get Koordinator -> Get Dienst
08.11 11:21:36,929|11023: Trying to get Nameservice: ns@lab30.cpt.haw-hamburg.de
08.11 11:21:36,962|11023: Got Nameservice: ns@lab30.cpt.haw-hamburg.de
08.11 11:21:36,963|11023: Got Nameservice, trying to contact it for: chef
08.11 11:21:36,002|11023: chef found, Name: chef Node: ko@lab22.cpt.haw-hamburg.de
08.11 11:21:36,003|11023: BriefMi to Koord: 13
08.11 11:21:37,820|11023: Got Y: 260
08.11 11:21:37,821|11023: Killing old timer in Y
08.11 11:21:37,822|11023: Starting new timer
08.11 11:21:37,822|11023: New Y: 260 >= Mi: 13
08.11 11:21:39,012|11023: Got Y: 26
08.11 11:21:39,013|11023: Killing old timer in Y
08.11 11:21:39,013|11023: Starting new timer
08.11 11:21:39,014|11023: New Y: 26 >= Mi: 13
08.11 11:21:42,211|11023: Got Abstimmung
08.11 11:21:42,212|11023: Got it from someone else
08.11 11:21:42,213|11023: TimeDiff of 3 big enough
08.11 11:21:42,213|11023: Trying to get Nameservice: ns@lab30.cpt.haw-hamburg.de
08.11 11:21:42,219|11023: Got Nameservice: ns@lab30.cpt.haw-hamburg.de
08.11 11:21:42,220|11023: Got Nameservice, trying to contact it for: 113530
08.11 11:21:42,225|11023: 113530 found, Name: 113530 Node: node6@lab29.cpt.haw-hamburg.de
08.11 11:21:42,226|11023: Abstimmung yes, sending to Next One
08.11 11:21:42,169|11023: Got Abstimmung
08.11 11:21:42,170|11023: Got it from someone else
08.11 11:21:42,170|11023: TimeDiff of 3 big enough
08.11 11:21:42,171|11023: Trying to get Nameservice: ns@lab30.cpt.haw-hamburg.de
08.11 11:21:42,177|11023: Got Nameservice: ns@lab30.cpt.haw-hamburg.de
08.11 11:21:42,178|11023: Got Nameservice, trying to contact it for: 113530
08.11 11:21:42,224|11023: 113530 found, Name: 113530 Node: node6@lab29.cpt.haw-hamburg.de
08.11 11:21:42,225|11023: Abstimmung yes, sending to Next One
08.11 11:21:42,944|11023: Got Y: 13
08.11 11:21:42,945|11023: Killing old timer in Y
08.11 11:21:42,946|11023: Starting new timer
08.11 11:21:42,947|11023: New Y: 13 >= Mi: 13
08.11 11:21:42,699|11023: Got Abstimmung
08.11 11:21:42,700|11023: Got it from someone else
08.11 11:21:42,701|11023: TimeDiff of 0 NOT big enough
08.11 11:21:43,705|11023: Got Abstimmung
08.11 11:21:43,706|11023: Got it from someone else
08.11 11:21:43,708|11023: TimeDiff of 1 NOT big enough
08.11 11:21:43,203|11023: Got Y: 13
08.11 11:21:43,204|11023: Killing old timer in Y
08.11 11:21:43,205|11023: Starting new timer
08.11 11:21:43,206|11023: New Y: 13 >= Mi: 13
08.11 11:21:43,146|11023: Got Abstimmung
08.11 11:21:43,146|11023: Got it from someone else
08.11 11:21:43,147|11023: TimeDiff of 0 NOT big enough
08.11 11:21:46,216|11023: Trying to get Nameservice: ns@lab30.cpt.haw-hamburg.de
08.11 11:21:46,250|11023: Got Nameservice: ns@lab30.cpt.haw-hamburg.de
08.11 11:21:46,251|11023: Got Nameservice, trying to contact it for: 113530
08.11 11:21:46,254|11023: 113530 found, Name: 113530 Node: node6@lab29.cpt.haw-hamburg.de
08.11 11:21:46,255|11023: ABSTIMMUNG start
08.11 11:21:47,323|11023: Got Abstimmung
08.11 11:21:47,332|11023: Got it from someone else
08.11 11:21:47,339|11023: TimeDiff of 4 big enough
08.11 11:21:47,345|11023: Trying to get Nameservice: ns@lab30.cpt.haw-hamburg.de
08.11 11:21:47,396|11023: Got Nameservice: ns@lab30.cpt.haw-hamburg.de
08.11 11:21:47,404|11023: Got Nameservice, trying to contact it for: 113530
08.11 11:21:47,449|11023: 113530 found, Name: 113530 Node: node6@lab29.cpt.haw-hamburg.de
08.11 11:21:47,455|11023: Abstimmung yes, sending to Next One
08.11 11:21:48,328|11023: Got Abstimmung
08.11 11:21:48,329|11023: Got it from someone else
08.11 11:21:48,329|11023: TimeDiff of 5 big enough
08.11 11:21:48,330|11023: Trying to get Nameservice: ns@lab30.cpt.haw-hamburg.de
08.11 11:21:48,336|11023: Got Nameservice: ns@lab30.cpt.haw-hamburg.de
08.11 11:21:48,336|11023: Got Nameservice, trying to contact it for: 113530
08.11 11:21:48,343|11023: 113530 found, Name: 113530 Node: node6@lab29.cpt.haw-hamburg.de
08.11 11:21:48,344|11023: Abstimmung yes, sending to Next One
08.11 11:21:50,805|11023: Got Abstimmung
08.11 11:21:50,814|11023: Got it from someone else
08.11 11:21:50,820|11023: TimeDiff of 7 big enough
08.11 11:21:50,826|11023: Trying to get Nameservice: ns@lab30.cpt.haw-hamburg.de
08.11 11:21:50,891|11023: Got Nameservice: ns@lab30.cpt.haw-hamburg.de
08.11 11:21:50,898|11023: Got Nameservice, trying to contact it for: 113530
08.11 11:21:50,953|11023: 113530 found, Name: 113530 Node: node6@lab29.cpt.haw-hamburg.de
08.11 11:21:50,961|11023: Abstimmung yes, sending to Next One
08.11 11:21:50,610|11023: Got Abstimmung
08.11 11:21:50,611|11023: Got it from someone else
08.11 11:21:50,611|11023: TimeDiff of 7 big enough
08.11 11:21:50,612|11023: Trying to get Nameservice: ns@lab30.cpt.haw-hamburg.de
08.11 11:21:50,618|11023: Got Nameservice: ns@lab30.cpt.haw-hamburg.de
08.11 11:21:50,619|11023: Got Nameservice, trying to contact it for: 113530
08.11 11:21:50,627|11023: 113530 found, Name: 113530 Node: node6@lab29.cpt.haw-hamburg.de
08.11 11:21:50,628|11023: Abstimmung yes, sending to Next One
08.11 11:21:51,651|11023: Got Abstimmung
08.11 11:21:51,652|11023: Got it from someone else
08.11 11:21:51,653|11023: TimeDiff of 8 big enough
08.11 11:21:51,653|11023: Trying to get Nameservice: ns@lab30.cpt.haw-hamburg.de
08.11 11:21:51,660|11023: Got Nameservice: ns@lab30.cpt.haw-hamburg.de
08.11 11:21:51,661|11023: Got Nameservice, trying to contact it for: 113530
08.11 11:21:51,665|11023: 113530 found, Name: 113530 Node: node6@lab29.cpt.haw-hamburg.de
08.11 11:21:51,666|11023: Abstimmung yes, sending to Next One
08.11 11:21:52,041|11023: Got Abstimmung
08.11 11:21:52,041|11023: Got it from someone else
08.11 11:21:52,042|11023: TimeDiff of 9 big enough
08.11 11:21:52,043|11023: Trying to get Nameservice: ns@lab30.cpt.haw-hamburg.de
08.11 11:21:52,049|11023: Got Nameservice: ns@lab30.cpt.haw-hamburg.de
08.11 11:21:52,050|11023: Got Nameservice, trying to contact it for: 113530
08.11 11:21:52,077|11023: 113530 found, Name: 113530 Node: node6@lab29.cpt.haw-hamburg.de
08.11 11:21:52,077|11023: Abstimmung yes, sending to Next One
08.11 11:21:56,755|11023: Got Abstimmung
08.11 11:21:56,762|11023: Got it from someone else
08.11 11:21:56,767|11023: TimeDiff of 13 big enough
08.11 11:21:56,774|11023: Trying to get Nameservice: ns@lab30.cpt.haw-hamburg.de
08.11 11:21:56,840|11023: Got Nameservice: ns@lab30.cpt.haw-hamburg.de
08.11 11:21:56,848|11023: Got Nameservice, trying to contact it for: 113530
08.11 11:21:56,897|11023: 113530 found, Name: 113530 Node: node6@lab29.cpt.haw-hamburg.de
08.11 11:21:56,904|11023: Abstimmung yes, sending to Next One
08.11 11:21:56,637|11023: Got Abstimmung
08.11 11:21:56,638|11023: Got it from someone else
08.11 11:21:56,638|11023: TimeDiff of 13 big enough
08.11 11:21:56,639|11023: Trying to get Nameservice: ns@lab30.cpt.haw-hamburg.de
08.11 11:21:56,645|11023: Got Nameservice: ns@lab30.cpt.haw-hamburg.de
08.11 11:21:56,646|11023: Got Nameservice, trying to contact it for: 113530
08.11 11:21:56,652|11023: 113530 found, Name: 113530 Node: node6@lab29.cpt.haw-hamburg.de
08.11 11:21:56,652|11023: Abstimmung yes, sending to Next One
08.11 11:21:56,982|11023: Got Abstimmung
08.11 11:21:56,983|11023: Got it from someone else
08.11 11:21:56,983|11023: TimeDiff of 13 big enough
08.11 11:21:56,984|11023: Trying to get Nameservice: ns@lab30.cpt.haw-hamburg.de
08.11 11:21:56,211|11023: Got Nameservice: ns@lab30.cpt.haw-hamburg.de
08.11 11:21:56,282|11023: Got Nameservice, trying to contact it for: 113530
08.11 11:21:56,680|11023: 113530 found, Name: 113530 Node: node6@lab29.cpt.haw-hamburg.de
08.11 11:21:56,750|11023: Abstimmung yes, sending to Next One
08.11 11:21:57,258|11023: Got Abstimmung
08.11 11:21:57,260|11023: Got it from someone else
08.11 11:21:57,261|11023: TimeDiff of 14 big enough
08.11 11:21:57,262|11023: Trying to get Nameservice: ns@lab30.cpt.haw-hamburg.de
08.11 11:21:57,273|11023: Got Nameservice: ns@lab30.cpt.haw-hamburg.de
08.11 11:21:57,273|11023: Got Nameservice, trying to contact it for: 113530
08.11 11:21:57,298|11023: 113530 found, Name: 113530 Node: node6@lab29.cpt.haw-hamburg.de
08.11 11:21:57,298|11023: Abstimmung yes, sending to Next One
08.11 11:21:58,473|11023: Got Abstimmung
08.11 11:21:58,474|11023: Got it from someone else
08.11 11:21:58,475|11023: TimeDiff of 15 big enough
08.11 11:21:58,475|11023: Trying to get Nameservice: ns@lab30.cpt.haw-hamburg.de
08.11 11:21:58,497|11023: Got Nameservice: ns@lab30.cpt.haw-hamburg.de
08.11 11:21:58,498|11023: Got Nameservice, trying to contact it for: 113530
08.11 11:21:58,502|11023: 113530 found, Name: 113530 Node: node6@lab29.cpt.haw-hamburg.de
08.11 11:21:58,503|11023: Abstimmung yes, sending to Next One
08.11 11:21:58,533|11023: Got Abstimmung
08.11 11:21:58,534|11023: Got it from someone else
08.11 11:21:58,535|11023: TimeDiff of 15 big enough
08.11 11:21:58,535|11023: Trying to get Nameservice: ns@lab30.cpt.haw-hamburg.de
08.11 11:21:58,542|11023: Got Nameservice: ns@lab30.cpt.haw-hamburg.de
08.11 11:21:58,543|11023: Got Nameservice, trying to contact it for: 113530
08.11 11:21:58,570|11023: 113530 found, Name: 113530 Node: node6@lab29.cpt.haw-hamburg.de
08.11 11:21:58,573|11023: Abstimmung yes, sending to Next One
08.11 11:22:00,227|11023: Got Abstimmung
08.11 11:22:00,228|11023: Got it from someone else
08.11 11:22:00,228|11023: TimeDiff of 17 big enough
08.11 11:22:00,229|11023: Trying to get Nameservice: ns@lab30.cpt.haw-hamburg.de
08.11 11:22:00,258|11023: Got Nameservice: ns@lab30.cpt.haw-hamburg.de
08.11 11:22:00,259|11023: Got Nameservice, trying to contact it for: 113530
08.11 11:22:00,303|11023: 113530 found, Name: 113530 Node: node6@lab29.cpt.haw-hamburg.de
08.11 11:22:00,307|11023: Abstimmung yes, sending to Next One
08.11 11:22:01,840|11023: Got Abstimmung
08.11 11:22:01,849|11023: Got it from someone else
08.11 11:22:01,855|11023: TimeDiff of 18 big enough
08.11 11:22:01,860|11023: Trying to get Nameservice: ns@lab30.cpt.haw-hamburg.de
08.11 11:22:01,923|11023: Got Nameservice: ns@lab30.cpt.haw-hamburg.de
08.11 11:22:01,931|11023: Got Nameservice, trying to contact it for: 113530
08.11 11:22:01,080|11023: 113530 found, Name: 113530 Node: node6@lab29.cpt.haw-hamburg.de
08.11 11:22:01,086|11023: Abstimmung yes, sending to Next One
08.11 11:22:01,255|11023: Got Abstimmung
08.11 11:22:01,256|11023: Got it from someone else
08.11 11:22:01,256|11023: TimeDiff of 18 big enough
08.11 11:22:01,257|11023: Trying to get Nameservice: ns@lab30.cpt.haw-hamburg.de
08.11 11:22:01,265|11023: Got Nameservice: ns@lab30.cpt.haw-hamburg.de
08.11 11:22:01,266|11023: Got Nameservice, trying to contact it for: 113530
08.11 11:22:01,271|11023: 113530 found, Name: 113530 Node: node6@lab29.cpt.haw-hamburg.de
08.11 11:22:01,272|11023: Abstimmung yes, sending to Next One
08.11 11:22:01,573|11023: Got Abstimmung
08.11 11:22:01,574|11023: Got it from someone else
08.11 11:22:01,575|11023: TimeDiff of 18 big enough
08.11 11:22:01,575|11023: Trying to get Nameservice: ns@lab30.cpt.haw-hamburg.de
08.11 11:22:01,587|11023: Got Nameservice: ns@lab30.cpt.haw-hamburg.de
08.11 11:22:01,588|11023: Got Nameservice, trying to contact it for: 113530
08.11 11:22:01,622|11023: 113530 found, Name: 113530 Node: node6@lab29.cpt.haw-hamburg.de
08.11 11:22:01,623|11023: Abstimmung yes, sending to Next One
08.11 11:22:02,261|11023: Got Abstimmung
08.11 11:22:02,263|11023: Got it from someone else
08.11 11:22:02,263|11023: TimeDiff of 19 big enough
08.11 11:22:02,264|11023: Trying to get Nameservice: ns@lab30.cpt.haw-hamburg.de
08.11 11:22:02,270|11023: Got Nameservice: ns@lab30.cpt.haw-hamburg.de
08.11 11:22:02,270|11023: Got Nameservice, trying to contact it for: 113530
08.11 11:22:02,276|11023: 113530 found, Name: 113530 Node: node6@lab29.cpt.haw-hamburg.de
08.11 11:22:02,277|11023: Abstimmung yes, sending to Next One
08.11 11:22:02,378|11023: Got Abstimmung
08.11 11:22:02,378|11023: Got it from someone else
08.11 11:22:02,379|11023: TimeDiff of 19 big enough
08.11 11:22:02,380|11023: Trying to get Nameservice: ns@lab30.cpt.haw-hamburg.de
08.11 11:22:02,404|11023: Got Nameservice: ns@lab30.cpt.haw-hamburg.de
08.11 11:22:02,404|11023: Got Nameservice, trying to contact it for: 113530
08.11 11:22:02,424|11023: 113530 found, Name: 113530 Node: node6@lab29.cpt.haw-hamburg.de
08.11 11:22:02,425|11023: Abstimmung yes, sending to Next One
08.11 11:22:03,897|11023: Got Abstimmung
08.11 11:22:03,898|11023: Got it from someone else
08.11 11:22:03,899|11023: TimeDiff of 20 big enough
08.11 11:22:03,899|11023: Trying to get Nameservice: ns@lab30.cpt.haw-hamburg.de
08.11 11:22:03,907|11023: Got Nameservice: ns@lab30.cpt.haw-hamburg.de
08.11 11:22:03,907|11023: Got Nameservice, trying to contact it for: 113530
08.11 11:22:03,913|11023: 113530 found, Name: 113530 Node: node6@lab29.cpt.haw-hamburg.de
08.11 11:22:03,914|11023: Abstimmung yes, sending to Next One
08.11 11:22:03,363|11023: Got Abstimmung
08.11 11:22:03,364|11023: Got it from someone else
08.11 11:22:03,365|11023: TimeDiff of 20 big enough
08.11 11:22:03,366|11023: Trying to get Nameservice: ns@lab30.cpt.haw-hamburg.de
08.11 11:22:03,371|11023: Got Nameservice: ns@lab30.cpt.haw-hamburg.de
08.11 11:22:03,372|11023: Got Nameservice, trying to contact it for: 113530
08.11 11:22:03,378|11023: 113530 found, Name: 113530 Node: node6@lab29.cpt.haw-hamburg.de
08.11 11:22:03,378|11023: Abstimmung yes, sending to Next One
08.11 11:22:05,934|11023: Got Abstimmung
08.11 11:22:05,942|11023: Got it from someone else
08.11 11:22:05,948|11023: TimeDiff of 22 big enough
08.11 11:22:05,953|11023: Trying to get Nameservice: ns@lab30.cpt.haw-hamburg.de
08.11 11:22:05,018|11023: Got Nameservice: ns@lab30.cpt.haw-hamburg.de
08.11 11:22:05,030|11023: Got Nameservice, trying to contact it for: 113530
08.11 11:22:05,081|11023: 113530 found, Name: 113530 Node: node6@lab29.cpt.haw-hamburg.de
08.11 11:22:05,087|11023: Abstimmung yes, sending to Next One
08.11 11:22:05,349|11023: Got Abstimmung
08.11 11:22:05,350|11023: Got it from someone else
08.11 11:22:05,351|11023: TimeDiff of 22 big enough
08.11 11:22:05,351|11023: Trying to get Nameservice: ns@lab30.cpt.haw-hamburg.de
08.11 11:22:05,357|11023: Got Nameservice: ns@lab30.cpt.haw-hamburg.de
08.11 11:22:05,358|11023: Got Nameservice, trying to contact it for: 113530
08.11 11:22:05,364|11023: 113530 found, Name: 113530 Node: node6@lab29.cpt.haw-hamburg.de
08.11 11:22:05,365|11023: Abstimmung yes, sending to Next One
08.11 11:22:05,155|11023: Got Abstimmung
08.11 11:22:05,156|11023: Got it from someone else
08.11 11:22:05,156|11023: TimeDiff of 22 big enough
08.11 11:22:05,157|11023: Trying to get Nameservice: ns@lab30.cpt.haw-hamburg.de
08.11 11:22:05,163|11023: Got Nameservice: ns@lab30.cpt.haw-hamburg.de
08.11 11:22:05,164|11023: Got Nameservice, trying to contact it for: 113530
08.11 11:22:05,170|11023: 113530 found, Name: 113530 Node: node6@lab29.cpt.haw-hamburg.de
08.11 11:22:05,171|11023: Abstimmung yes, sending to Next One
08.11 11:22:06,440|11023: Got Abstimmung
08.11 11:22:06,441|11023: Got it from someone else
08.11 11:22:06,441|11023: TimeDiff of 23 big enough
08.11 11:22:06,442|11023: Trying to get Nameservice: ns@lab30.cpt.haw-hamburg.de
08.11 11:22:06,456|11023: Got Nameservice: ns@lab30.cpt.haw-hamburg.de
08.11 11:22:06,457|11023: Got Nameservice, trying to contact it for: 113530
08.11 11:22:06,464|11023: 113530 found, Name: 113530 Node: node6@lab29.cpt.haw-hamburg.de
08.11 11:22:06,465|11023: Abstimmung yes, sending to Next One
08.11 11:22:06,944|11023: Got Abstimmung
08.11 11:22:06,945|11023: Got it from someone else
08.11 11:22:06,946|11023: TimeDiff of 23 big enough
08.11 11:22:06,946|11023: Trying to get Nameservice: ns@lab30.cpt.haw-hamburg.de
08.11 11:22:06,955|11023: Got Nameservice: ns@lab30.cpt.haw-hamburg.de
08.11 11:22:06,955|11023: Got Nameservice, trying to contact it for: 113530
08.11 11:22:06,982|11023: 113530 found, Name: 113530 Node: node6@lab29.cpt.haw-hamburg.de
08.11 11:22:06,983|11023: Abstimmung yes, sending to Next One
08.11 11:22:06,328|11023: Got Abstimmung
08.11 11:22:06,329|11023: Got it from someone else
08.11 11:22:06,329|11023: TimeDiff of 23 big enough
08.11 11:22:06,330|11023: Trying to get Nameservice: ns@lab30.cpt.haw-hamburg.de
08.11 11:22:06,335|11023: Got Nameservice: ns@lab30.cpt.haw-hamburg.de
08.11 11:22:06,336|11023: Got Nameservice, trying to contact it for: 113530
08.11 11:22:06,342|11023: 113530 found, Name: 113530 Node: node6@lab29.cpt.haw-hamburg.de
08.11 11:22:06,342|11023: Abstimmung yes, sending to Next One
08.11 11:22:07,554|11023: Got Abstimmung
08.11 11:22:07,554|11023: Got it from someone else
08.11 11:22:07,555|11023: TimeDiff of 24 big enough
08.11 11:22:07,556|11023: Trying to get Nameservice: ns@lab30.cpt.haw-hamburg.de
08.11 11:22:07,562|11023: Got Nameservice: ns@lab30.cpt.haw-hamburg.de
08.11 11:22:07,563|11023: Got Nameservice, trying to contact it for: 113530
08.11 11:22:07,568|11023: 113530 found, Name: 113530 Node: node6@lab29.cpt.haw-hamburg.de
08.11 11:22:07,569|11023: Abstimmung yes, sending to Next One
08.11 11:22:07,895|11023: Got Abstimmung
08.11 11:22:07,897|11023: Got it from someone else
08.11 11:22:07,897|11023: TimeDiff of 24 big enough
08.11 11:22:07,898|11023: Trying to get Nameservice: ns@lab30.cpt.haw-hamburg.de
08.11 11:22:07,904|11023: Got Nameservice: ns@lab30.cpt.haw-hamburg.de
08.11 11:22:07,905|11023: Got Nameservice, trying to contact it for: 113530
08.11 11:22:07,918|11023: 113530 found, Name: 113530 Node: node6@lab29.cpt.haw-hamburg.de
08.11 11:22:07,918|11023: Abstimmung yes, sending to Next One
08.11 11:22:07,763|11023: Got Abstimmung
08.11 11:22:07,764|11023: Got it from someone else
08.11 11:22:07,765|11023: TimeDiff of 24 big enough
08.11 11:22:07,765|11023: Trying to get Nameservice: ns@lab30.cpt.haw-hamburg.de
08.11 11:22:07,800|11023: Got Nameservice: ns@lab30.cpt.haw-hamburg.de
08.11 11:22:07,801|11023: Got Nameservice, trying to contact it for: 113530
08.11 11:22:07,805|11023: 113530 found, Name: 113530 Node: node6@lab29.cpt.haw-hamburg.de
08.11 11:22:07,805|11023: Abstimmung yes, sending to Next One
08.11 11:22:08,647|11023: Got Abstimmung
08.11 11:22:08,648|11023: Got it from someone else
08.11 11:22:08,649|11023: TimeDiff of 25 big enough
08.11 11:22:08,650|11023: Trying to get Nameservice: ns@lab30.cpt.haw-hamburg.de
08.11 11:22:08,671|11023: Got Nameservice: ns@lab30.cpt.haw-hamburg.de
08.11 11:22:08,671|11023: Got Nameservice, trying to contact it for: 113530
08.11 11:22:08,675|11023: 113530 found, Name: 113530 Node: node6@lab29.cpt.haw-hamburg.de
08.11 11:22:08,676|11023: Abstimmung yes, sending to Next One
08.11 11:22:08,334|11023: Got Abstimmung
08.11 11:22:08,335|11023: Got it from someone else
08.11 11:22:08,335|11023: TimeDiff of 25 big enough
08.11 11:22:08,336|11023: Trying to get Nameservice: ns@lab30.cpt.haw-hamburg.de
08.11 11:22:08,365|11023: Got Nameservice: ns@lab30.cpt.haw-hamburg.de
08.11 11:22:08,366|11023: Got Nameservice, trying to contact it for: 113530
08.11 11:22:08,375|11023: 113530 found, Name: 113530 Node: node6@lab29.cpt.haw-hamburg.de
08.11 11:22:08,377|11023: Abstimmung yes, sending to Next One
08.11 11:22:09,683|11023: Got Abstimmung
08.11 11:22:09,684|11023: Got it from someone else
08.11 11:22:09,684|11023: TimeDiff of 26 big enough
08.11 11:22:09,685|11023: Trying to get Nameservice: ns@lab30.cpt.haw-hamburg.de
08.11 11:22:09,710|11023: Got Nameservice: ns@lab30.cpt.haw-hamburg.de
08.11 11:22:09,710|11023: Got Nameservice, trying to contact it for: 113530
08.11 11:22:09,714|11023: 113530 found, Name: 113530 Node: node6@lab29.cpt.haw-hamburg.de
08.11 11:22:09,715|11023: Abstimmung yes, sending to Next One
08.11 11:22:10,911|11023: Got Abstimmung
08.11 11:22:10,911|11023: Got it from someone else
08.11 11:22:10,912|11023: TimeDiff of 27 big enough
08.11 11:22:10,913|11023: Trying to get Nameservice: ns@lab30.cpt.haw-hamburg.de
08.11 11:22:10,920|11023: Got Nameservice: ns@lab30.cpt.haw-hamburg.de
08.11 11:22:10,920|11023: Got Nameservice, trying to contact it for: 113530
08.11 11:22:10,924|11023: 113530 found, Name: 113530 Node: node6@lab29.cpt.haw-hamburg.de
08.11 11:22:10,925|11023: Abstimmung yes, sending to Next One
08.11 11:22:10,888|11023: Got Abstimmung
08.11 11:22:10,889|11023: Got it from someone else
08.11 11:22:10,890|11023: TimeDiff of 27 big enough
08.11 11:22:10,891|11023: Trying to get Nameservice: ns@lab30.cpt.haw-hamburg.de
08.11 11:22:10,897|11023: Got Nameservice: ns@lab30.cpt.haw-hamburg.de
08.11 11:22:10,897|11023: Got Nameservice, trying to contact it for: 113530
08.11 11:22:10,908|11023: 113530 found, Name: 113530 Node: node6@lab29.cpt.haw-hamburg.de
08.11 11:22:10,909|11023: Abstimmung yes, sending to Next One
08.11 11:22:17,534|11023: Got Abstimmung
08.11 11:22:17,535|11023: Got it from someone else
08.11 11:22:17,536|11023: TimeDiff of 34 big enough
08.11 11:22:17,537|11023: Trying to get Nameservice: ns@lab30.cpt.haw-hamburg.de
08.11 11:22:17,546|11023: Got Nameservice: ns@lab30.cpt.haw-hamburg.de
08.11 11:22:17,547|11023: Got Nameservice, trying to contact it for: 113530
08.11 11:22:17,550|11023: 113530 found, Name: 113530 Node: node6@lab29.cpt.haw-hamburg.de
08.11 11:22:17,551|11023: Abstimmung yes, sending to Next One
08.11 11:22:18,909|11023: Got Abstimmung
08.11 11:22:18,910|11023: Got it from someone else
08.11 11:22:18,911|11023: TimeDiff of 35 big enough
08.11 11:22:18,912|11023: Trying to get Nameservice: ns@lab30.cpt.haw-hamburg.de
08.11 11:22:18,918|11023: Got Nameservice: ns@lab30.cpt.haw-hamburg.de
08.11 11:22:18,918|11023: Got Nameservice, trying to contact it for: 113530
08.11 11:22:18,927|11023: 113530 found, Name: 113530 Node: node6@lab29.cpt.haw-hamburg.de
08.11 11:22:18,928|11023: Abstimmung yes, sending to Next One
08.11 11:22:18,163|11023: Got Abstimmung
08.11 11:22:18,164|11023: Got it from someone else
08.11 11:22:18,164|11023: TimeDiff of 35 big enough
08.11 11:22:18,165|11023: Trying to get Nameservice: ns@lab30.cpt.haw-hamburg.de
08.11 11:22:18,193|11023: Got Nameservice: ns@lab30.cpt.haw-hamburg.de
08.11 11:22:18,194|11023: Got Nameservice, trying to contact it for: 113530
08.11 11:22:18,210|11023: 113530 found, Name: 113530 Node: node6@lab29.cpt.haw-hamburg.de
08.11 11:22:18,211|11023: Abstimmung yes, sending to Next One
08.11 11:22:19,461|11023: Got Abstimmung
08.11 11:22:19,462|11023: Got it from someone else
08.11 11:22:19,462|11023: TimeDiff of 36 big enough
08.11 11:22:19,463|11023: Trying to get Nameservice: ns@lab30.cpt.haw-hamburg.de
08.11 11:22:19,468|11023: Got Nameservice: ns@lab30.cpt.haw-hamburg.de
08.11 11:22:19,469|11023: Got Nameservice, trying to contact it for: 113530
08.11 11:22:19,474|11023: 113530 found, Name: 113530 Node: node6@lab29.cpt.haw-hamburg.de
08.11 11:22:19,474|11023: Abstimmung yes, sending to Next One
08.11 11:22:19,464|11023: Got Abstimmung
08.11 11:22:19,552|11023: Got it from someone else
08.11 11:22:19,628|11023: TimeDiff of 37 big enough
08.11 11:22:19,688|11023: Trying to get Nameservice: ns@lab30.cpt.haw-hamburg.de
08.11 11:22:20,337|11023: Got Nameservice: ns@lab30.cpt.haw-hamburg.de
08.11 11:22:20,403|11023: Got Nameservice, trying to contact it for: 113530
08.11 11:22:20,329|11023: 113530 found, Name: 113530 Node: node6@lab29.cpt.haw-hamburg.de
08.11 11:22:20,995|11023: Abstimmung yes, sending to Next One
08.11 11:22:25,910|11023: Got Abstimmung
08.11 11:22:25,911|11023: Got it from someone else
08.11 11:22:25,911|11023: TimeDiff of 42 big enough
08.11 11:22:25,912|11023: Trying to get Nameservice: ns@lab30.cpt.haw-hamburg.de
08.11 11:22:25,921|11023: Got Nameservice: ns@lab30.cpt.haw-hamburg.de
08.11 11:22:25,922|11023: Got Nameservice, trying to contact it for: 113530
08.11 11:22:25,929|11023: 113530 found, Name: 113530 Node: node6@lab29.cpt.haw-hamburg.de
08.11 11:22:25,930|11023: Abstimmung yes, sending to Next One
08.11 11:24:02,045|11023: Starting with MI: 205821
08.11 11:24:02,045|11023: Starting new timer
08.11 11:24:05,050|11023: Trying to get Nameservice: ns@lab30.cpt.haw-hamburg.de
08.11 11:24:05,589|11023: Got Nameservice: ns@lab30.cpt.haw-hamburg.de
08.11 11:24:05,591|11023: Got Nameservice, trying to contact it for: 113530
08.11 11:24:05,798|11023: 113530 found, Name: 113530 Node: node6@lab29.cpt.haw-hamburg.de
08.11 11:24:05,806|11023: ABSTIMMUNG start
08.11 11:24:05,806|11023: Got Abstimmung
08.11 11:24:05,807|11023: Got it from someone else
08.11 11:24:05,807|11023: TimeDiff of 3 big enough
08.11 11:24:05,808|11023: Trying to get Nameservice: ns@lab30.cpt.haw-hamburg.de
08.11 11:24:05,955|11023: Got Nameservice: ns@lab30.cpt.haw-hamburg.de
08.11 11:24:05,956|11023: Got Nameservice, trying to contact it for: 113530
08.11 11:24:05,971|11023: 113530 found, Name: 113530 Node: node6@lab29.cpt.haw-hamburg.de
08.11 11:24:05,972|11023: Abstimmung yes, sending to Next One
08.11 11:24:05,645|11023: Got Abstimmung
08.11 11:24:05,645|11023: Got it from someone else
08.11 11:24:05,646|11023: TimeDiff of 3 big enough
08.11 11:24:05,646|11023: Trying to get Nameservice: ns@lab30.cpt.haw-hamburg.de
08.11 11:24:05,682|11023: Got Nameservice: ns@lab30.cpt.haw-hamburg.de
08.11 11:24:05,682|11023: Got Nameservice, trying to contact it for: 113530
08.11 11:24:05,711|11023: 113530 found, Name: 113530 Node: node6@lab29.cpt.haw-hamburg.de
08.11 11:24:05,713|11023: Abstimmung yes, sending to Next One
08.11 11:24:05,180|11023: Got Abstimmung
08.11 11:24:05,180|11023: Got it from someone else
08.11 11:24:05,181|11023: TimeDiff of 3 big enough
08.11 11:24:05,182|11023: Trying to get Nameservice: ns@lab30.cpt.haw-hamburg.de
08.11 11:24:05,245|11023: Got Nameservice: ns@lab30.cpt.haw-hamburg.de
08.11 11:24:05,246|11023: Got Nameservice, trying to contact it for: 113530
08.11 11:24:05,290|11023: 113530 found, Name: 113530 Node: node6@lab29.cpt.haw-hamburg.de
08.11 11:24:05,291|11023: Abstimmung yes, sending to Next One
08.11 11:24:05,781|11023: Got Abstimmung
08.11 11:24:05,781|11023: Got it from someone else
08.11 11:24:05,782|11023: TimeDiff of 3 big enough
08.11 11:24:05,783|11023: Trying to get Nameservice: ns@lab30.cpt.haw-hamburg.de
08.11 11:24:05,844|11023: Got Nameservice: ns@lab30.cpt.haw-hamburg.de
08.11 11:24:05,845|11023: Got Nameservice, trying to contact it for: 113530
08.11 11:24:05,884|11023: 113530 found, Name: 113530 Node: node6@lab29.cpt.haw-hamburg.de
08.11 11:24:05,886|11023: Abstimmung yes, sending to Next One
08.11 11:24:05,752|11023: Got Abstimmung
08.11 11:24:05,753|11023: Got it from someone else
08.11 11:24:05,754|11023: TimeDiff of 3 big enough
08.11 11:24:05,754|11023: Trying to get Nameservice: ns@lab30.cpt.haw-hamburg.de
08.11 11:24:05,767|11023: Got Nameservice: ns@lab30.cpt.haw-hamburg.de
08.11 11:24:05,768|11023: Got Nameservice, trying to contact it for: 113530
08.11 11:24:05,969|11023: 113530 found, Name: 113530 Node: node6@lab29.cpt.haw-hamburg.de
08.11 11:24:05,970|11023: Abstimmung yes, sending to Next One
08.11 11:24:05,604|11023: Got Abstimmung
08.11 11:24:05,605|11023: Got it from someone else
08.11 11:24:05,605|11023: TimeDiff of 3 big enough
08.11 11:24:05,606|11023: Trying to get Nameservice: ns@lab30.cpt.haw-hamburg.de
08.11 11:24:05,644|11023: Got Nameservice: ns@lab30.cpt.haw-hamburg.de
08.11 11:24:05,645|11023: Got Nameservice, trying to contact it for: 113530
08.11 11:24:05,699|11023: 113530 found, Name: 113530 Node: node6@lab29.cpt.haw-hamburg.de
08.11 11:24:05,699|11023: Abstimmung yes, sending to Next One
08.11 11:24:06,342|11023: Got Abstimmung
08.11 11:24:06,403|11023: Got it from someone else
08.11 11:24:06,468|11023: TimeDiff of 4 big enough
08.11 11:24:06,533|11023: Trying to get Nameservice: ns@lab30.cpt.haw-hamburg.de
08.11 11:24:06,211|11023: Got Nameservice: ns@lab30.cpt.haw-hamburg.de
08.11 11:24:06,474|11023: Got Nameservice, trying to contact it for: 113530
08.11 11:24:06,150|11023: 113530 found, Name: 113530 Node: node6@lab29.cpt.haw-hamburg.de
08.11 11:24:06,157|11023: Abstimmung yes, sending to Next One
08.11 11:24:06,533|11023: Got Abstimmung
08.11 11:24:06,540|11023: Got it from someone else
08.11 11:24:06,546|11023: TimeDiff of 4 big enough
08.11 11:24:06,552|11023: Trying to get Nameservice: ns@lab30.cpt.haw-hamburg.de
08.11 11:24:06,924|11023: Got Nameservice: ns@lab30.cpt.haw-hamburg.de
08.11 11:24:06,930|11023: Got Nameservice, trying to contact it for: 113530
08.11 11:24:06,349|11023: 113530 found, Name: 113530 Node: node6@lab29.cpt.haw-hamburg.de
08.11 11:24:06,356|11023: Abstimmung yes, sending to Next One
08.11 11:24:06,002|11023: Got Abstimmung
08.11 11:24:06,004|11023: Got it from someone else
08.11 11:24:06,006|11023: TimeDiff of 4 big enough
08.11 11:24:06,010|11023: Trying to get Nameservice: ns@lab30.cpt.haw-hamburg.de
08.11 11:24:06,045|11023: Got Nameservice: ns@lab30.cpt.haw-hamburg.de
08.11 11:24:06,046|11023: Got Nameservice, trying to contact it for: 113530
08.11 11:24:06,080|11023: 113530 found, Name: 113530 Node: node6@lab29.cpt.haw-hamburg.de
08.11 11:24:06,083|11023: Abstimmung yes, sending to Next One
08.11 11:24:06,961|11023: Got Abstimmung
08.11 11:24:06,962|11023: Got it from someone else
08.11 11:24:06,964|11023: TimeDiff of 4 big enough
08.11 11:24:06,966|11023: Trying to get Nameservice: ns@lab30.cpt.haw-hamburg.de
08.11 11:24:06,978|11023: Got Nameservice: ns@lab30.cpt.haw-hamburg.de
08.11 11:24:06,979|11023: Got Nameservice, trying to contact it for: 113530
08.11 11:24:06,016|11023: 113530 found, Name: 113530 Node: node6@lab29.cpt.haw-hamburg.de
08.11 11:24:06,017|11023: Abstimmung yes, sending to Next One
08.11 11:24:06,248|11023: Got Abstimmung
08.11 11:24:06,248|11023: Got it from someone else
08.11 11:24:06,249|11023: TimeDiff of 4 big enough
08.11 11:24:06,250|11023: Trying to get Nameservice: ns@lab30.cpt.haw-hamburg.de
08.11 11:24:06,325|11023: Got Nameservice: ns@lab30.cpt.haw-hamburg.de
08.11 11:24:06,326|11023: Got Nameservice, trying to contact it for: 113530
08.11 11:24:06,418|11023: 113530 found, Name: 113530 Node: node6@lab29.cpt.haw-hamburg.de
08.11 11:24:06,419|11023: Abstimmung yes, sending to Next One
08.11 11:24:06,686|11023: Got Abstimmung
08.11 11:24:06,691|11023: Got it from someone else
08.11 11:24:06,698|11023: TimeDiff of 4 big enough
08.11 11:24:06,711|11023: Trying to get Nameservice: ns@lab30.cpt.haw-hamburg.de
08.11 11:24:06,780|11023: Got Nameservice: ns@lab30.cpt.haw-hamburg.de
08.11 11:24:06,787|11023: Got Nameservice, trying to contact it for: 113530
08.11 11:24:06,857|11023: 113530 found, Name: 113530 Node: node6@lab29.cpt.haw-hamburg.de
08.11 11:24:06,859|11023: Abstimmung yes, sending to Next One
08.11 11:24:07,561|11023: Got Abstimmung
08.11 11:24:07,562|11023: Got it from someone else
08.11 11:24:07,562|11023: TimeDiff of 5 big enough
08.11 11:24:07,563|11023: Trying to get Nameservice: ns@lab30.cpt.haw-hamburg.de
08.11 11:24:07,572|11023: Got Nameservice: ns@lab30.cpt.haw-hamburg.de
08.11 11:24:07,573|11023: Got Nameservice, trying to contact it for: 113530
08.11 11:24:07,667|11023: 113530 found, Name: 113530 Node: node6@lab29.cpt.haw-hamburg.de
08.11 11:24:07,670|11023: Abstimmung yes, sending to Next One
08.11 11:24:07,279|11023: Got Abstimmung
08.11 11:24:07,280|11023: Got it from someone else
08.11 11:24:07,281|11023: TimeDiff of 5 big enough
08.11 11:24:07,282|11023: Trying to get Nameservice: ns@lab30.cpt.haw-hamburg.de
08.11 11:24:07,328|11023: Got Nameservice: ns@lab30.cpt.haw-hamburg.de
08.11 11:24:07,330|11023: Got Nameservice, trying to contact it for: 113530
08.11 11:24:07,368|11023: 113530 found, Name: 113530 Node: node6@lab29.cpt.haw-hamburg.de
08.11 11:24:07,391|11023: Abstimmung yes, sending to Next One
08.11 11:24:07,176|11023: Got Abstimmung
08.11 11:24:07,177|11023: Got it from someone else
08.11 11:24:07,178|11023: TimeDiff of 5 big enough
08.11 11:24:07,178|11023: Trying to get Nameservice: ns@lab30.cpt.haw-hamburg.de
08.11 11:24:07,224|11023: Got Nameservice: ns@lab30.cpt.haw-hamburg.de
08.11 11:24:07,226|11023: Got Nameservice, trying to contact it for: 113530
08.11 11:24:07,259|11023: 113530 found, Name: 113530 Node: node6@lab29.cpt.haw-hamburg.de
08.11 11:24:07,283|11023: Abstimmung yes, sending to Next One
08.11 11:24:07,868|11023: Got Abstimmung
08.11 11:24:07,868|11023: Got it from someone else
08.11 11:24:07,869|11023: TimeDiff of 5 big enough
08.11 11:24:07,869|11023: Trying to get Nameservice: ns@lab30.cpt.haw-hamburg.de
08.11 11:24:07,900|11023: Got Nameservice: ns@lab30.cpt.haw-hamburg.de
08.11 11:24:07,900|11023: Got Nameservice, trying to contact it for: 113530
08.11 11:24:07,958|11023: 113530 found, Name: 113530 Node: node6@lab29.cpt.haw-hamburg.de
08.11 11:24:07,960|11023: Abstimmung yes, sending to Next One
08.11 11:24:08,395|11023: Got Abstimmung
08.11 11:24:08,395|11023: Got it from someone else
08.11 11:24:08,396|11023: TimeDiff of 6 big enough
08.11 11:24:08,397|11023: Trying to get Nameservice: ns@lab30.cpt.haw-hamburg.de
08.11 11:24:08,403|11023: Got Nameservice: ns@lab30.cpt.haw-hamburg.de
08.11 11:24:08,404|11023: Got Nameservice, trying to contact it for: 113530
08.11 11:24:08,410|11023: 113530 found, Name: 113530 Node: node6@lab29.cpt.haw-hamburg.de
08.11 11:24:08,411|11023: Abstimmung yes, sending to Next One
08.11 11:24:08,575|11023: Got Abstimmung
08.11 11:24:08,576|11023: Got it from someone else
08.11 11:24:08,577|11023: TimeDiff of 6 big enough
08.11 11:24:08,577|11023: Trying to get Nameservice: ns@lab30.cpt.haw-hamburg.de
08.11 11:24:08,583|11023: Got Nameservice: ns@lab30.cpt.haw-hamburg.de
08.11 11:24:08,583|11023: Got Nameservice, trying to contact it for: 113530
08.11 11:24:08,609|11023: 113530 found, Name: 113530 Node: node6@lab29.cpt.haw-hamburg.de
08.11 11:24:08,609|11023: Abstimmung yes, sending to Next One
08.11 11:24:09,868|11023: Got Abstimmung
08.11 11:24:09,869|11023: Got it from someone else
08.11 11:24:09,870|11023: TimeDiff of 7 big enough
08.11 11:24:09,870|11023: Trying to get Nameservice: ns@lab30.cpt.haw-hamburg.de
08.11 11:24:09,876|11023: Got Nameservice: ns@lab30.cpt.haw-hamburg.de
08.11 11:24:09,877|11023: Got Nameservice, trying to contact it for: 113530
08.11 11:24:09,882|11023: 113530 found, Name: 113530 Node: node6@lab29.cpt.haw-hamburg.de
08.11 11:24:09,883|11023: Abstimmung yes, sending to Next One
08.11 11:24:10,480|11023: Got Abstimmung
08.11 11:24:10,481|11023: Got it from someone else
08.11 11:24:10,481|11023: TimeDiff of 8 big enough
08.11 11:24:10,482|11023: Trying to get Nameservice: ns@lab30.cpt.haw-hamburg.de
08.11 11:24:10,487|11023: Got Nameservice: ns@lab30.cpt.haw-hamburg.de
08.11 11:24:10,488|11023: Got Nameservice, trying to contact it for: 113530
08.11 11:24:10,494|11023: 113530 found, Name: 113530 Node: node6@lab29.cpt.haw-hamburg.de
08.11 11:24:10,495|11023: Abstimmung yes, sending to Next One
08.11 11:24:11,474|11023: Got Abstimmung
08.11 11:24:11,482|11023: Got it from someone else
08.11 11:24:11,487|11023: TimeDiff of 9 big enough
08.11 11:24:11,494|11023: Trying to get Nameservice: ns@lab30.cpt.haw-hamburg.de
08.11 11:24:11,560|11023: Got Nameservice: ns@lab30.cpt.haw-hamburg.de
08.11 11:24:11,570|11023: Got Nameservice, trying to contact it for: 113530
08.11 11:24:11,623|11023: 113530 found, Name: 113530 Node: node6@lab29.cpt.haw-hamburg.de
08.11 11:24:11,630|11023: Abstimmung yes, sending to Next One
08.11 11:24:11,170|11023: Got Abstimmung
08.11 11:24:11,171|11023: Got it from someone else
08.11 11:24:11,171|11023: TimeDiff of 9 big enough
08.11 11:24:11,172|11023: Trying to get Nameservice: ns@lab30.cpt.haw-hamburg.de
08.11 11:24:11,177|11023: Got Nameservice: ns@lab30.cpt.haw-hamburg.de
08.11 11:24:11,178|11023: Got Nameservice, trying to contact it for: 113530
08.11 11:24:11,184|11023: 113530 found, Name: 113530 Node: node6@lab29.cpt.haw-hamburg.de
08.11 11:24:11,185|11023: Abstimmung yes, sending to Next One
08.11 11:24:12,798|11023: Got Abstimmung
08.11 11:24:12,799|11023: Got it from someone else
08.11 11:24:12,800|11023: TimeDiff of 10 big enough
08.11 11:24:12,800|11023: Trying to get Nameservice: ns@lab30.cpt.haw-hamburg.de
08.11 11:24:12,807|11023: Got Nameservice: ns@lab30.cpt.haw-hamburg.de
08.11 11:24:12,808|11023: Got Nameservice, trying to contact it for: 113530
08.11 11:24:12,813|11023: 113530 found, Name: 113530 Node: node6@lab29.cpt.haw-hamburg.de
08.11 11:24:12,814|11023: Abstimmung yes, sending to Next One
08.11 11:24:12,753|11023: Got Abstimmung
08.11 11:24:12,754|11023: Got it from someone else
08.11 11:24:12,754|11023: TimeDiff of 10 big enough
08.11 11:24:12,755|11023: Trying to get Nameservice: ns@lab30.cpt.haw-hamburg.de
08.11 11:24:12,788|11023: Got Nameservice: ns@lab30.cpt.haw-hamburg.de
08.11 11:24:12,788|11023: Got Nameservice, trying to contact it for: 113530
08.11 11:24:12,825|11023: 113530 found, Name: 113530 Node: node6@lab29.cpt.haw-hamburg.de
08.11 11:24:12,826|11023: Abstimmung yes, sending to Next One
08.11 11:24:13,316|11023: Got Abstimmung
08.11 11:24:13,323|11023: Got it from someone else
08.11 11:24:13,337|11023: TimeDiff of 11 big enough
08.11 11:24:13,347|11023: Trying to get Nameservice: ns@lab30.cpt.haw-hamburg.de
08.11 11:24:13,407|11023: Got Nameservice: ns@lab30.cpt.haw-hamburg.de
08.11 11:24:13,413|11023: Got Nameservice, trying to contact it for: 113530
08.11 11:24:13,462|11023: 113530 found, Name: 113530 Node: node6@lab29.cpt.haw-hamburg.de
08.11 11:24:13,468|11023: Abstimmung yes, sending to Next One
08.11 11:24:13,930|11023: Got Abstimmung
08.11 11:24:13,931|11023: Got it from someone else
08.11 11:24:13,932|11023: TimeDiff of 11 big enough
08.11 11:24:13,932|11023: Trying to get Nameservice: ns@lab30.cpt.haw-hamburg.de
08.11 11:24:13,959|11023: Got Nameservice: ns@lab30.cpt.haw-hamburg.de
08.11 11:24:13,959|11023: Got Nameservice, trying to contact it for: 113530
08.11 11:24:13,982|11023: 113530 found, Name: 113530 Node: node6@lab29.cpt.haw-hamburg.de
08.11 11:24:13,983|11023: Abstimmung yes, sending to Next One
08.11 11:24:13,366|11023: Got Abstimmung
08.11 11:24:13,367|11023: Got it from someone else
08.11 11:24:13,367|11023: TimeDiff of 11 big enough
08.11 11:24:13,368|11023: Trying to get Nameservice: ns@lab30.cpt.haw-hamburg.de
08.11 11:24:13,374|11023: Got Nameservice: ns@lab30.cpt.haw-hamburg.de
08.11 11:24:13,375|11023: Got Nameservice, trying to contact it for: 113530
08.11 11:24:13,379|11023: 113530 found, Name: 113530 Node: node6@lab29.cpt.haw-hamburg.de
08.11 11:24:13,380|11023: Abstimmung yes, sending to Next One
08.11 11:24:13,184|11023: Got Abstimmung
08.11 11:24:13,184|11023: Got it from someone else
08.11 11:24:13,185|11023: TimeDiff of 11 big enough
08.11 11:24:13,185|11023: Trying to get Nameservice: ns@lab30.cpt.haw-hamburg.de
08.11 11:24:13,191|11023: Got Nameservice: ns@lab30.cpt.haw-hamburg.de
08.11 11:24:13,192|11023: Got Nameservice, trying to contact it for: 113530
08.11 11:24:13,249|11023: 113530 found, Name: 113530 Node: node6@lab29.cpt.haw-hamburg.de
08.11 11:24:13,249|11023: Abstimmung yes, sending to Next One
08.11 11:24:14,577|11023: Got Abstimmung
08.11 11:24:14,578|11023: Got it from someone else
08.11 11:24:14,579|11023: TimeDiff of 12 big enough
08.11 11:24:14,580|11023: Trying to get Nameservice: ns@lab30.cpt.haw-hamburg.de
08.11 11:24:14,604|11023: Got Nameservice: ns@lab30.cpt.haw-hamburg.de
08.11 11:24:14,605|11023: Got Nameservice, trying to contact it for: 113530
08.11 11:24:14,608|11023: 113530 found, Name: 113530 Node: node6@lab29.cpt.haw-hamburg.de
08.11 11:24:14,609|11023: Abstimmung yes, sending to Next One
08.11 11:24:14,701|11023: Got Abstimmung
08.11 11:24:14,702|11023: Got it from someone else
08.11 11:24:14,702|11023: TimeDiff of 12 big enough
08.11 11:24:14,703|11023: Trying to get Nameservice: ns@lab30.cpt.haw-hamburg.de
08.11 11:24:14,728|11023: Got Nameservice: ns@lab30.cpt.haw-hamburg.de
08.11 11:24:14,729|11023: Got Nameservice, trying to contact it for: 113530
08.11 11:24:14,732|11023: 113530 found, Name: 113530 Node: node6@lab29.cpt.haw-hamburg.de
08.11 11:24:14,733|11023: Abstimmung yes, sending to Next One
08.11 11:24:14,019|11023: Got Abstimmung
08.11 11:24:14,020|11023: Got it from someone else
08.11 11:24:14,020|11023: TimeDiff of 12 big enough
08.11 11:24:14,021|11023: Trying to get Nameservice: ns@lab30.cpt.haw-hamburg.de
08.11 11:24:14,028|11023: Got Nameservice: ns@lab30.cpt.haw-hamburg.de
08.11 11:24:14,029|11023: Got Nameservice, trying to contact it for: 113530
08.11 11:24:14,032|11023: 113530 found, Name: 113530 Node: node6@lab29.cpt.haw-hamburg.de
08.11 11:24:14,033|11023: Abstimmung yes, sending to Next One
08.11 11:24:15,408|11023: Got Abstimmung
08.11 11:24:15,408|11023: Got it from someone else
08.11 11:24:15,409|11023: TimeDiff of 13 big enough
08.11 11:24:15,410|11023: Trying to get Nameservice: ns@lab30.cpt.haw-hamburg.de
08.11 11:24:15,426|11023: Got Nameservice: ns@lab30.cpt.haw-hamburg.de
08.11 11:24:15,428|11023: Got Nameservice, trying to contact it for: 113530
08.11 11:24:15,433|11023: 113530 found, Name: 113530 Node: node6@lab29.cpt.haw-hamburg.de
08.11 11:24:15,434|11023: Abstimmung yes, sending to Next One
08.11 11:24:15,468|11023: Got Abstimmung
08.11 11:24:15,469|11023: Got it from someone else
08.11 11:24:15,470|11023: TimeDiff of 13 big enough
08.11 11:24:15,471|11023: Trying to get Nameservice: ns@lab30.cpt.haw-hamburg.de
08.11 11:24:15,479|11023: Got Nameservice: ns@lab30.cpt.haw-hamburg.de
08.11 11:24:15,480|11023: Got Nameservice, trying to contact it for: 113530
08.11 11:24:15,508|11023: 113530 found, Name: 113530 Node: node6@lab29.cpt.haw-hamburg.de
08.11 11:24:15,509|11023: Abstimmung yes, sending to Next One
08.11 11:24:16,192|11023: Got Abstimmung
08.11 11:24:16,193|11023: Got it from someone else
08.11 11:24:16,193|11023: TimeDiff of 14 big enough
08.11 11:24:16,194|11023: Trying to get Nameservice: ns@lab30.cpt.haw-hamburg.de
08.11 11:24:16,200|11023: Got Nameservice: ns@lab30.cpt.haw-hamburg.de
08.11 11:24:16,201|11023: Got Nameservice, trying to contact it for: 113530
08.11 11:24:16,206|11023: 113530 found, Name: 113530 Node: node6@lab29.cpt.haw-hamburg.de
08.11 11:24:16,207|11023: Abstimmung yes, sending to Next One
08.11 11:24:16,023|11023: Got Abstimmung
08.11 11:24:16,024|11023: Got it from someone else
08.11 11:24:16,024|11023: TimeDiff of 14 big enough
08.11 11:24:16,025|11023: Trying to get Nameservice: ns@lab30.cpt.haw-hamburg.de
08.11 11:24:16,029|11023: Got Nameservice: ns@lab30.cpt.haw-hamburg.de
08.11 11:24:16,030|11023: Got Nameservice, trying to contact it for: 113530
08.11 11:24:16,042|11023: 113530 found, Name: 113530 Node: node6@lab29.cpt.haw-hamburg.de
08.11 11:24:16,043|11023: Abstimmung yes, sending to Next One
08.11 11:24:17,606|11023: Got Abstimmung
08.11 11:24:17,606|11023: Got it from someone else
08.11 11:24:17,607|11023: TimeDiff of 15 big enough
08.11 11:24:17,608|11023: Trying to get Nameservice: ns@lab30.cpt.haw-hamburg.de
08.11 11:24:17,637|11023: Got Nameservice: ns@lab30.cpt.haw-hamburg.de
08.11 11:24:17,640|11023: Got Nameservice, trying to contact it for: 113530
08.11 11:24:17,701|11023: 113530 found, Name: 113530 Node: node6@lab29.cpt.haw-hamburg.de
08.11 11:24:17,704|11023: Abstimmung yes, sending to Next One
08.11 11:24:17,135|11023: Got Abstimmung
08.11 11:24:17,136|11023: Got it from someone else
08.11 11:24:17,137|11023: TimeDiff of 15 big enough
08.11 11:24:17,137|11023: Trying to get Nameservice: ns@lab30.cpt.haw-hamburg.de
08.11 11:24:17,142|11023: Got Nameservice: ns@lab30.cpt.haw-hamburg.de
08.11 11:24:17,143|11023: Got Nameservice, trying to contact it for: 113530
08.11 11:24:17,148|11023: 113530 found, Name: 113530 Node: node6@lab29.cpt.haw-hamburg.de
08.11 11:24:17,149|11023: Abstimmung yes, sending to Next One
08.11 11:24:17,699|11023: Got Abstimmung
08.11 11:24:17,700|11023: Got it from someone else
08.11 11:24:17,701|11023: TimeDiff of 15 big enough
08.11 11:24:17,701|11023: Trying to get Nameservice: ns@lab30.cpt.haw-hamburg.de
08.11 11:24:17,707|11023: Got Nameservice: ns@lab30.cpt.haw-hamburg.de
08.11 11:24:17,708|11023: Got Nameservice, trying to contact it for: 113530
08.11 11:24:17,716|11023: 113530 found, Name: 113530 Node: node6@lab29.cpt.haw-hamburg.de
08.11 11:24:17,717|11023: Abstimmung yes, sending to Next One
08.11 11:24:17,514|11023: Got Abstimmung
08.11 11:24:17,515|11023: Got it from someone else
08.11 11:24:17,516|11023: TimeDiff of 15 big enough
08.11 11:24:17,516|11023: Trying to get Nameservice: ns@lab30.cpt.haw-hamburg.de
08.11 11:24:17,548|11023: Got Nameservice: ns@lab30.cpt.haw-hamburg.de
08.11 11:24:17,549|11023: Got Nameservice, trying to contact it for: 113530
08.11 11:24:17,577|11023: 113530 found, Name: 113530 Node: node6@lab29.cpt.haw-hamburg.de
08.11 11:24:17,577|11023: Abstimmung yes, sending to Next One
08.11 11:24:18,199|11023: Got Abstimmung
08.11 11:24:18,200|11023: Got it from someone else
08.11 11:24:18,201|11023: TimeDiff of 16 big enough
08.11 11:24:18,201|11023: Trying to get Nameservice: ns@lab30.cpt.haw-hamburg.de
08.11 11:24:18,207|11023: Got Nameservice: ns@lab30.cpt.haw-hamburg.de
08.11 11:24:18,208|11023: Got Nameservice, trying to contact it for: 113530
08.11 11:24:18,213|11023: 113530 found, Name: 113530 Node: node6@lab29.cpt.haw-hamburg.de
08.11 11:24:18,214|11023: Abstimmung yes, sending to Next One
08.11 11:24:19,482|11023: Got Abstimmung
08.11 11:24:19,484|11023: Got it from someone else
08.11 11:24:19,487|11023: TimeDiff of 17 big enough
08.11 11:24:19,513|11023: Trying to get Nameservice: ns@lab30.cpt.haw-hamburg.de
08.11 11:24:19,520|11023: Got Nameservice: ns@lab30.cpt.haw-hamburg.de
08.11 11:24:19,521|11023: Got Nameservice, trying to contact it for: 113530
08.11 11:24:19,526|11023: 113530 found, Name: 113530 Node: node6@lab29.cpt.haw-hamburg.de
08.11 11:24:19,527|11023: Abstimmung yes, sending to Next One
08.11 11:24:19,601|11023: Got Abstimmung
08.11 11:24:19,602|11023: Got it from someone else
08.11 11:24:19,602|11023: TimeDiff of 17 big enough
08.11 11:24:19,603|11023: Trying to get Nameservice: ns@lab30.cpt.haw-hamburg.de
08.11 11:24:19,608|11023: Got Nameservice: ns@lab30.cpt.haw-hamburg.de
08.11 11:24:19,609|11023: Got Nameservice, trying to contact it for: 113530
08.11 11:24:19,617|11023: 113530 found, Name: 113530 Node: node6@lab29.cpt.haw-hamburg.de
08.11 11:24:19,618|11023: Abstimmung yes, sending to Next One
08.11 11:24:20,328|11023: Got Abstimmung
08.11 11:24:20,328|11023: Got it from someone else
08.11 11:24:20,329|11023: TimeDiff of 18 big enough
08.11 11:24:20,330|11023: Trying to get Nameservice: ns@lab30.cpt.haw-hamburg.de
08.11 11:24:20,335|11023: Got Nameservice: ns@lab30.cpt.haw-hamburg.de
08.11 11:24:20,336|11023: Got Nameservice, trying to contact it for: 113530
08.11 11:24:20,341|11023: 113530 found, Name: 113530 Node: node6@lab29.cpt.haw-hamburg.de
08.11 11:24:20,342|11023: Abstimmung yes, sending to Next One
08.11 11:24:21,698|11023: Got Abstimmung
08.11 11:24:21,711|11023: Got it from someone else
08.11 11:24:21,722|11023: TimeDiff of 19 big enough
08.11 11:24:21,733|11023: Trying to get Nameservice: ns@lab30.cpt.haw-hamburg.de
08.11 11:24:21,802|11023: Got Nameservice: ns@lab30.cpt.haw-hamburg.de
08.11 11:24:21,816|11023: Got Nameservice, trying to contact it for: 113530
08.11 11:24:21,895|11023: 113530 found, Name: 113530 Node: node6@lab29.cpt.haw-hamburg.de
08.11 11:24:21,910|11023: Abstimmung yes, sending to Next One
08.11 11:24:21,324|11023: Got Abstimmung
08.11 11:24:21,325|11023: Got it from someone else
08.11 11:24:21,326|11023: TimeDiff of 19 big enough
08.11 11:24:21,326|11023: Trying to get Nameservice: ns@lab30.cpt.haw-hamburg.de
08.11 11:24:21,333|11023: Got Nameservice: ns@lab30.cpt.haw-hamburg.de
08.11 11:24:21,335|11023: Got Nameservice, trying to contact it for: 113530
08.11 11:24:21,341|11023: 113530 found, Name: 113530 Node: node6@lab29.cpt.haw-hamburg.de
08.11 11:24:21,342|11023: Abstimmung yes, sending to Next One
08.11 11:24:22,954|11023: Got Abstimmung
08.11 11:24:22,955|11023: Got it from someone else
08.11 11:24:22,955|11023: TimeDiff of 20 big enough
08.11 11:24:22,956|11023: Trying to get Nameservice: ns@lab30.cpt.haw-hamburg.de
08.11 11:24:22,990|11023: Got Nameservice: ns@lab30.cpt.haw-hamburg.de
08.11 11:24:22,997|11023: Got Nameservice, trying to contact it for: 113530
08.11 11:24:22,045|11023: 113530 found, Name: 113530 Node: node6@lab29.cpt.haw-hamburg.de
08.11 11:24:22,068|11023: Abstimmung yes, sending to Next One
08.11 11:24:22,652|11023: Got Abstimmung
08.11 11:24:22,653|11023: Got it from someone else
08.11 11:24:22,653|11023: TimeDiff of 20 big enough
08.11 11:24:22,654|11023: Trying to get Nameservice: ns@lab30.cpt.haw-hamburg.de
08.11 11:24:22,661|11023: Got Nameservice: ns@lab30.cpt.haw-hamburg.de
08.11 11:24:22,662|11023: Got Nameservice, trying to contact it for: 113530
08.11 11:24:22,666|11023: 113530 found, Name: 113530 Node: node6@lab29.cpt.haw-hamburg.de
08.11 11:24:22,667|11023: Abstimmung yes, sending to Next One
08.11 11:24:23,936|11023: Got Abstimmung
08.11 11:24:23,938|11023: Got it from someone else
08.11 11:24:23,940|11023: TimeDiff of 21 big enough
08.11 11:24:23,941|11023: Trying to get Nameservice: ns@lab30.cpt.haw-hamburg.de
08.11 11:24:23,947|11023: Got Nameservice: ns@lab30.cpt.haw-hamburg.de
08.11 11:24:23,947|11023: Got Nameservice, trying to contact it for: 113530
08.11 11:24:23,953|11023: 113530 found, Name: 113530 Node: node6@lab29.cpt.haw-hamburg.de
08.11 11:24:23,954|11023: Abstimmung yes, sending to Next One
08.11 11:24:24,392|11023: Got Abstimmung
08.11 11:24:24,411|11023: Got it from someone else
08.11 11:24:24,421|11023: TimeDiff of 22 big enough
08.11 11:24:24,430|11023: Trying to get Nameservice: ns@lab30.cpt.haw-hamburg.de
08.11 11:24:24,486|11023: Got Nameservice: ns@lab30.cpt.haw-hamburg.de
08.11 11:24:24,493|11023: Got Nameservice, trying to contact it for: 113530
08.11 11:24:24,547|11023: 113530 found, Name: 113530 Node: node6@lab29.cpt.haw-hamburg.de
08.11 11:24:24,557|11023: Abstimmung yes, sending to Next One
08.11 11:24:24,534|11023: Got Abstimmung
08.11 11:24:24,535|11023: Got it from someone else
08.11 11:24:24,536|11023: TimeDiff of 22 big enough
08.11 11:24:24,537|11023: Trying to get Nameservice: ns@lab30.cpt.haw-hamburg.de
08.11 11:24:24,562|11023: Got Nameservice: ns@lab30.cpt.haw-hamburg.de
08.11 11:24:24,563|11023: Got Nameservice, trying to contact it for: 113530
08.11 11:24:24,566|11023: 113530 found, Name: 113530 Node: node6@lab29.cpt.haw-hamburg.de
08.11 11:24:24,567|11023: Abstimmung yes, sending to Next One
08.11 11:24:25,444|11023: Got Abstimmung
08.11 11:24:25,451|11023: Got it from someone else
08.11 11:24:25,457|11023: TimeDiff of 23 big enough
08.11 11:24:25,463|11023: Trying to get Nameservice: ns@lab30.cpt.haw-hamburg.de
08.11 11:24:25,775|11023: Got Nameservice: ns@lab30.cpt.haw-hamburg.de
08.11 11:24:25,809|11023: Got Nameservice, trying to contact it for: 113530
08.11 11:24:25,129|11023: 113530 found, Name: 113530 Node: node6@lab29.cpt.haw-hamburg.de
08.11 11:24:25,341|11023: Abstimmung yes, sending to Next One
08.11 11:24:25,244|11023: Got Abstimmung
08.11 11:24:25,245|11023: Got it from someone else
08.11 11:24:25,246|11023: TimeDiff of 23 big enough
08.11 11:24:25,246|11023: Trying to get Nameservice: ns@lab30.cpt.haw-hamburg.de
08.11 11:24:25,252|11023: Got Nameservice: ns@lab30.cpt.haw-hamburg.de
08.11 11:24:25,253|11023: Got Nameservice, trying to contact it for: 113530
08.11 11:24:25,272|11023: 113530 found, Name: 113530 Node: node6@lab29.cpt.haw-hamburg.de
08.11 11:24:25,273|11023: Abstimmung yes, sending to Next One
08.11 11:24:26,497|11023: Got Abstimmung
08.11 11:24:26,517|11023: Got it from someone else
08.11 11:24:26,523|11023: TimeDiff of 24 big enough
08.11 11:24:26,529|11023: Trying to get Nameservice: ns@lab30.cpt.haw-hamburg.de
08.11 11:24:26,583|11023: Got Nameservice: ns@lab30.cpt.haw-hamburg.de
08.11 11:24:26,599|11023: Got Nameservice, trying to contact it for: 113530
08.11 11:24:26,654|11023: 113530 found, Name: 113530 Node: node6@lab29.cpt.haw-hamburg.de
08.11 11:24:26,666|11023: Abstimmung yes, sending to Next One
08.11 11:24:26,954|11023: Got Abstimmung
08.11 11:24:26,957|11023: Got it from someone else
08.11 11:24:26,958|11023: TimeDiff of 24 big enough
08.11 11:24:26,958|11023: Trying to get Nameservice: ns@lab30.cpt.haw-hamburg.de
08.11 11:24:26,965|11023: Got Nameservice: ns@lab30.cpt.haw-hamburg.de
08.11 11:24:26,965|11023: Got Nameservice, trying to contact it for: 113530
08.11 11:24:26,969|11023: 113530 found, Name: 113530 Node: node6@lab29.cpt.haw-hamburg.de
08.11 11:24:26,969|11023: Abstimmung yes, sending to Next One
08.11 11:24:26,460|11023: Got Abstimmung
08.11 11:24:26,461|11023: Got it from someone else
08.11 11:24:26,461|11023: TimeDiff of 24 big enough
08.11 11:24:26,462|11023: Trying to get Nameservice: ns@lab30.cpt.haw-hamburg.de
08.11 11:24:26,470|11023: Got Nameservice: ns@lab30.cpt.haw-hamburg.de
08.11 11:24:26,471|11023: Got Nameservice, trying to contact it for: 113530
08.11 11:24:26,531|11023: 113530 found, Name: 113530 Node: node6@lab29.cpt.haw-hamburg.de
08.11 11:24:26,534|11023: Abstimmung yes, sending to Next One
08.11 11:24:26,719|11023: Got Abstimmung
08.11 11:24:26,720|11023: Got it from someone else
08.11 11:24:26,720|11023: TimeDiff of 24 big enough
08.11 11:24:26,721|11023: Trying to get Nameservice: ns@lab30.cpt.haw-hamburg.de
08.11 11:24:26,727|11023: Got Nameservice: ns@lab30.cpt.haw-hamburg.de
08.11 11:24:26,728|11023: Got Nameservice, trying to contact it for: 113530
08.11 11:24:26,748|11023: 113530 found, Name: 113530 Node: node6@lab29.cpt.haw-hamburg.de
08.11 11:24:26,749|11023: Abstimmung yes, sending to Next One
08.11 11:24:27,947|11023: Got Abstimmung
08.11 11:24:27,947|11023: Got it from someone else
08.11 11:24:27,948|11023: TimeDiff of 25 big enough
08.11 11:24:27,949|11023: Trying to get Nameservice: ns@lab30.cpt.haw-hamburg.de
08.11 11:24:27,954|11023: Got Nameservice: ns@lab30.cpt.haw-hamburg.de
08.11 11:24:27,955|11023: Got Nameservice, trying to contact it for: 113530
08.11 11:24:27,960|11023: 113530 found, Name: 113530 Node: node6@lab29.cpt.haw-hamburg.de
08.11 11:24:27,961|11023: Abstimmung yes, sending to Next One
08.11 11:24:27,414|11023: Got Abstimmung
08.11 11:24:27,415|11023: Got it from someone else
08.11 11:24:27,415|11023: TimeDiff of 25 big enough
08.11 11:24:27,416|11023: Trying to get Nameservice: ns@lab30.cpt.haw-hamburg.de
08.11 11:24:27,422|11023: Got Nameservice: ns@lab30.cpt.haw-hamburg.de
08.11 11:24:27,423|11023: Got Nameservice, trying to contact it for: 113530
08.11 11:24:27,442|11023: 113530 found, Name: 113530 Node: node6@lab29.cpt.haw-hamburg.de
08.11 11:24:27,443|11023: Abstimmung yes, sending to Next One
08.11 11:24:28,529|11023: Got Abstimmung
08.11 11:24:28,531|11023: Got it from someone else
08.11 11:24:28,534|11023: TimeDiff of 26 big enough
08.11 11:24:28,562|11023: Trying to get Nameservice: ns@lab30.cpt.haw-hamburg.de
08.11 11:24:28,603|11023: Got Nameservice: ns@lab30.cpt.haw-hamburg.de
08.11 11:24:28,604|11023: Got Nameservice, trying to contact it for: 113530
08.11 11:24:28,636|11023: 113530 found, Name: 113530 Node: node6@lab29.cpt.haw-hamburg.de
08.11 11:24:28,637|11023: Abstimmung yes, sending to Next One
08.11 11:24:28,327|11023: Got Abstimmung
08.11 11:24:28,328|11023: Got it from someone else
08.11 11:24:28,329|11023: TimeDiff of 26 big enough
08.11 11:24:28,329|11023: Trying to get Nameservice: ns@lab30.cpt.haw-hamburg.de
08.11 11:24:28,335|11023: Got Nameservice: ns@lab30.cpt.haw-hamburg.de
08.11 11:24:28,336|11023: Got Nameservice, trying to contact it for: 113530
08.11 11:24:28,358|11023: 113530 found, Name: 113530 Node: node6@lab29.cpt.haw-hamburg.de
08.11 11:24:28,359|11023: Abstimmung yes, sending to Next One
08.11 11:24:28,787|11023: Got Abstimmung
08.11 11:24:28,788|11023: Got it from someone else
08.11 11:24:28,788|11023: TimeDiff of 26 big enough
08.11 11:24:28,789|11023: Trying to get Nameservice: ns@lab30.cpt.haw-hamburg.de
08.11 11:24:28,795|11023: Got Nameservice: ns@lab30.cpt.haw-hamburg.de
08.11 11:24:28,796|11023: Got Nameservice, trying to contact it for: 113530
08.11 11:24:28,827|11023: 113530 found, Name: 113530 Node: node6@lab29.cpt.haw-hamburg.de
08.11 11:24:28,851|11023: Abstimmung yes, sending to Next One
08.11 11:24:29,240|11023: Got Abstimmung
08.11 11:24:29,247|11023: Got it from someone else
08.11 11:24:29,253|11023: TimeDiff of 27 big enough
08.11 11:24:29,258|11023: Trying to get Nameservice: ns@lab30.cpt.haw-hamburg.de
08.11 11:24:29,318|11023: Got Nameservice: ns@lab30.cpt.haw-hamburg.de
08.11 11:24:29,332|11023: Got Nameservice, trying to contact it for: 113530
08.11 11:24:29,868|11023: 113530 found, Name: 113530 Node: node6@lab29.cpt.haw-hamburg.de
08.11 11:24:29,883|11023: Abstimmung yes, sending to Next One
08.11 11:24:29,368|11023: Got Abstimmung
08.11 11:24:29,368|11023: Got it from someone else
08.11 11:24:29,369|11023: TimeDiff of 27 big enough
08.11 11:24:29,370|11023: Trying to get Nameservice: ns@lab30.cpt.haw-hamburg.de
08.11 11:24:29,385|11023: Got Nameservice: ns@lab30.cpt.haw-hamburg.de
08.11 11:24:29,386|11023: Got Nameservice, trying to contact it for: 113530
08.11 11:24:29,391|11023: 113530 found, Name: 113530 Node: node6@lab29.cpt.haw-hamburg.de
08.11 11:24:29,391|11023: Abstimmung yes, sending to Next One
08.11 11:24:29,288|11023: Got Abstimmung
08.11 11:24:29,289|11023: Got it from someone else
08.11 11:24:29,290|11023: TimeDiff of 27 big enough
08.11 11:24:29,291|11023: Trying to get Nameservice: ns@lab30.cpt.haw-hamburg.de
08.11 11:24:29,299|11023: Got Nameservice: ns@lab30.cpt.haw-hamburg.de
08.11 11:24:29,299|11023: Got Nameservice, trying to contact it for: 113530
08.11 11:24:29,353|11023: 113530 found, Name: 113530 Node: node6@lab29.cpt.haw-hamburg.de
08.11 11:24:29,357|11023: Abstimmung yes, sending to Next One
08.11 11:24:29,953|11023: Got Abstimmung
08.11 11:24:29,954|11023: Got it from someone else
08.11 11:24:29,955|11023: TimeDiff of 27 big enough
08.11 11:24:29,955|11023: Trying to get Nameservice: ns@lab30.cpt.haw-hamburg.de
08.11 11:24:29,003|11023: Got Nameservice: ns@lab30.cpt.haw-hamburg.de
08.11 11:24:29,003|11023: Got Nameservice, trying to contact it for: 113530
08.11 11:24:29,030|11023: 113530 found, Name: 113530 Node: node6@lab29.cpt.haw-hamburg.de
08.11 11:24:29,033|11023: Abstimmung yes, sending to Next One
08.11 11:24:30,200|11023: Got Abstimmung
08.11 11:24:30,200|11023: Got it from someone else
08.11 11:24:30,201|11023: TimeDiff of 28 big enough
08.11 11:24:30,201|11023: Trying to get Nameservice: ns@lab30.cpt.haw-hamburg.de
08.11 11:24:30,242|11023: Got Nameservice: ns@lab30.cpt.haw-hamburg.de
08.11 11:24:30,243|11023: Got Nameservice, trying to contact it for: 113530
08.11 11:24:30,248|11023: 113530 found, Name: 113530 Node: node6@lab29.cpt.haw-hamburg.de
08.11 11:24:30,250|11023: Abstimmung yes, sending to Next One
08.11 11:24:30,403|11023: Got Abstimmung
08.11 11:24:30,404|11023: Got it from someone else
08.11 11:24:30,404|11023: TimeDiff of 28 big enough
08.11 11:24:30,405|11023: Trying to get Nameservice: ns@lab30.cpt.haw-hamburg.de
08.11 11:24:30,418|11023: Got Nameservice: ns@lab30.cpt.haw-hamburg.de
08.11 11:24:30,419|11023: Got Nameservice, trying to contact it for: 113530
08.11 11:24:30,425|11023: 113530 found, Name: 113530 Node: node6@lab29.cpt.haw-hamburg.de
08.11 11:24:30,426|11023: Abstimmung yes, sending to Next One
08.11 11:24:30,756|11023: Got Abstimmung
08.11 11:24:30,757|11023: Got it from someone else
08.11 11:24:30,757|11023: TimeDiff of 28 big enough
08.11 11:24:30,758|11023: Trying to get Nameservice: ns@lab30.cpt.haw-hamburg.de
08.11 11:24:30,763|11023: Got Nameservice: ns@lab30.cpt.haw-hamburg.de
08.11 11:24:30,764|11023: Got Nameservice, trying to contact it for: 113530
08.11 11:24:30,801|11023: 113530 found, Name: 113530 Node: node6@lab29.cpt.haw-hamburg.de
08.11 11:24:30,802|11023: Abstimmung yes, sending to Next One
08.11 11:24:31,903|11023: Got Abstimmung
08.11 11:24:31,904|11023: Got it from someone else
08.11 11:24:31,904|11023: TimeDiff of 29 big enough
08.11 11:24:31,905|11023: Trying to get Nameservice: ns@lab30.cpt.haw-hamburg.de
08.11 11:24:31,910|11023: Got Nameservice: ns@lab30.cpt.haw-hamburg.de
08.11 11:24:31,911|11023: Got Nameservice, trying to contact it for: 113530
08.11 11:24:31,916|11023: 113530 found, Name: 113530 Node: node6@lab29.cpt.haw-hamburg.de
08.11 11:24:31,916|11023: Abstimmung yes, sending to Next One
08.11 11:24:32,227|11023: Got Abstimmung
08.11 11:24:32,237|11023: Got it from someone else
08.11 11:24:32,243|11023: TimeDiff of 30 big enough
08.11 11:24:32,250|11023: Trying to get Nameservice: ns@lab30.cpt.haw-hamburg.de
08.11 11:24:32,358|11023: Got Nameservice: ns@lab30.cpt.haw-hamburg.de
08.11 11:24:32,365|11023: Got Nameservice, trying to contact it for: 113530
08.11 11:24:32,406|11023: 113530 found, Name: 113530 Node: node6@lab29.cpt.haw-hamburg.de
08.11 11:24:32,419|11023: Abstimmung yes, sending to Next One
08.11 11:24:32,652|11023: Got Abstimmung
08.11 11:24:32,653|11023: Got it from someone else
08.11 11:24:32,654|11023: TimeDiff of 30 big enough
08.11 11:24:32,654|11023: Trying to get Nameservice: ns@lab30.cpt.haw-hamburg.de
08.11 11:24:32,661|11023: Got Nameservice: ns@lab30.cpt.haw-hamburg.de
08.11 11:24:32,662|11023: Got Nameservice, trying to contact it for: 113530
08.11 11:24:32,691|11023: 113530 found, Name: 113530 Node: node6@lab29.cpt.haw-hamburg.de
08.11 11:24:32,691|11023: Abstimmung yes, sending to Next One
08.11 11:24:32,629|11023: Got Abstimmung
08.11 11:24:32,630|11023: Got it from someone else
08.11 11:24:32,631|11023: TimeDiff of 30 big enough
08.11 11:24:32,632|11023: Trying to get Nameservice: ns@lab30.cpt.haw-hamburg.de
08.11 11:24:32,688|11023: Got Nameservice: ns@lab30.cpt.haw-hamburg.de
08.11 11:24:32,689|11023: Got Nameservice, trying to contact it for: 113530
08.11 11:24:32,728|11023: 113530 found, Name: 113530 Node: node6@lab29.cpt.haw-hamburg.de
08.11 11:24:32,729|11023: Abstimmung yes, sending to Next One
08.11 11:24:32,938|11023: Got Abstimmung
08.11 11:24:32,939|11023: Got it from someone else
08.11 11:24:32,940|11023: TimeDiff of 30 big enough
08.11 11:24:32,941|11023: Trying to get Nameservice: ns@lab30.cpt.haw-hamburg.de
08.11 11:24:32,959|11023: Got Nameservice: ns@lab30.cpt.haw-hamburg.de
08.11 11:24:32,960|11023: Got Nameservice, trying to contact it for: 113530
08.11 11:24:32,965|11023: 113530 found, Name: 113530 Node: node6@lab29.cpt.haw-hamburg.de
08.11 11:24:32,966|11023: Abstimmung yes, sending to Next One
08.11 11:24:33,001|11023: Got Abstimmung
08.11 11:24:33,002|11023: Got it from someone else
08.11 11:24:33,002|11023: TimeDiff of 31 big enough
08.11 11:24:33,003|11023: Trying to get Nameservice: ns@lab30.cpt.haw-hamburg.de
08.11 11:24:33,008|11023: Got Nameservice: ns@lab30.cpt.haw-hamburg.de
08.11 11:24:33,009|11023: Got Nameservice, trying to contact it for: 113530
08.11 11:24:33,015|11023: 113530 found, Name: 113530 Node: node6@lab29.cpt.haw-hamburg.de
08.11 11:24:33,015|11023: Abstimmung yes, sending to Next One
08.11 11:24:34,051|11023: Got Abstimmung
08.11 11:24:34,052|11023: Got it from someone else
08.11 11:24:34,052|11023: TimeDiff of 32 big enough
08.11 11:24:34,053|11023: Trying to get Nameservice: ns@lab30.cpt.haw-hamburg.de
08.11 11:24:34,058|11023: Got Nameservice: ns@lab30.cpt.haw-hamburg.de
08.11 11:24:34,059|11023: Got Nameservice, trying to contact it for: 113530
08.11 11:24:34,065|11023: 113530 found, Name: 113530 Node: node6@lab29.cpt.haw-hamburg.de
08.11 11:24:34,066|11023: Abstimmung yes, sending to Next One
08.11 11:24:35,431|11023: Got Abstimmung
08.11 11:24:35,433|11023: Got it from someone else
08.11 11:24:35,433|11023: TimeDiff of 33 big enough
08.11 11:24:35,434|11023: Trying to get Nameservice: ns@lab30.cpt.haw-hamburg.de
08.11 11:24:35,440|11023: Got Nameservice: ns@lab30.cpt.haw-hamburg.de
08.11 11:24:35,440|11023: Got Nameservice, trying to contact it for: 113530
08.11 11:24:35,445|11023: 113530 found, Name: 113530 Node: node6@lab29.cpt.haw-hamburg.de
08.11 11:24:35,446|11023: Abstimmung yes, sending to Next One
08.11 11:24:35,344|11023: Got Abstimmung
08.11 11:24:35,345|11023: Got it from someone else
08.11 11:24:35,346|11023: TimeDiff of 33 big enough
08.11 11:24:35,347|11023: Trying to get Nameservice: ns@lab30.cpt.haw-hamburg.de
08.11 11:24:35,355|11023: Got Nameservice: ns@lab30.cpt.haw-hamburg.de
08.11 11:24:35,356|11023: Got Nameservice, trying to contact it for: 113530
08.11 11:24:35,412|11023: 113530 found, Name: 113530 Node: node6@lab29.cpt.haw-hamburg.de
08.11 11:24:35,413|11023: Abstimmung yes, sending to Next One
08.11 11:24:36,625|11023: Got Abstimmung
08.11 11:24:36,627|11023: Got it from someone else
08.11 11:24:36,628|11023: TimeDiff of 34 big enough
08.11 11:24:36,628|11023: Trying to get Nameservice: ns@lab30.cpt.haw-hamburg.de
08.11 11:24:36,634|11023: Got Nameservice: ns@lab30.cpt.haw-hamburg.de
08.11 11:24:36,634|11023: Got Nameservice, trying to contact it for: 113530
08.11 11:24:36,643|11023: 113530 found, Name: 113530 Node: node6@lab29.cpt.haw-hamburg.de
08.11 11:24:36,644|11023: Abstimmung yes, sending to Next One
08.11 11:24:37,228|11023: Got Abstimmung
08.11 11:24:37,229|11023: Got it from someone else
08.11 11:24:37,230|11023: TimeDiff of 35 big enough
08.11 11:24:37,231|11023: Trying to get Nameservice: ns@lab30.cpt.haw-hamburg.de
08.11 11:24:37,237|11023: Got Nameservice: ns@lab30.cpt.haw-hamburg.de
08.11 11:24:37,237|11023: Got Nameservice, trying to contact it for: 113530
08.11 11:24:37,243|11023: 113530 found, Name: 113530 Node: node6@lab29.cpt.haw-hamburg.de
08.11 11:24:37,243|11023: Abstimmung yes, sending to Next One
08.11 11:24:38,833|11023: Got Abstimmung
08.11 11:24:38,855|11023: Got it from someone else
08.11 11:24:38,859|11023: TimeDiff of 36 big enough
08.11 11:24:38,861|11023: Trying to get Nameservice: ns@lab30.cpt.haw-hamburg.de
08.11 11:24:38,898|11023: Got Nameservice: ns@lab30.cpt.haw-hamburg.de
08.11 11:24:38,901|11023: Got Nameservice, trying to contact it for: 113530
08.11 11:24:38,929|11023: 113530 found, Name: 113530 Node: node6@lab29.cpt.haw-hamburg.de
08.11 11:24:38,931|11023: Abstimmung yes, sending to Next One
08.11 11:24:39,191|11023: Got Abstimmung
08.11 11:24:39,192|11023: Got it from someone else
08.11 11:24:39,192|11023: TimeDiff of 37 big enough
08.11 11:24:39,193|11023: Trying to get Nameservice: ns@lab30.cpt.haw-hamburg.de
08.11 11:24:39,198|11023: Got Nameservice: ns@lab30.cpt.haw-hamburg.de
08.11 11:24:39,198|11023: Got Nameservice, trying to contact it for: 113530
08.11 11:24:39,207|11023: 113530 found, Name: 113530 Node: node6@lab29.cpt.haw-hamburg.de
08.11 11:24:39,208|11023: Abstimmung yes, sending to Next One
08.11 11:24:39,549|11023: Got Abstimmung
08.11 11:24:39,550|11023: Got it from someone else
08.11 11:24:39,550|11023: TimeDiff of 37 big enough
08.11 11:24:39,551|11023: Trying to get Nameservice: ns@lab30.cpt.haw-hamburg.de
08.11 11:24:39,559|11023: Got Nameservice: ns@lab30.cpt.haw-hamburg.de
08.11 11:24:39,560|11023: Got Nameservice, trying to contact it for: 113530
08.11 11:24:39,565|11023: 113530 found, Name: 113530 Node: node6@lab29.cpt.haw-hamburg.de
08.11 11:24:39,566|11023: Abstimmung yes, sending to Next One
08.11 11:24:40,975|11023: Got Abstimmung
08.11 11:24:40,978|11023: Got it from someone else
08.11 11:24:40,979|11023: TimeDiff of 38 big enough
08.11 11:24:40,983|11023: Trying to get Nameservice: ns@lab30.cpt.haw-hamburg.de
08.11 11:24:40,014|11023: Got Nameservice: ns@lab30.cpt.haw-hamburg.de
08.11 11:24:40,015|11023: Got Nameservice, trying to contact it for: 113530
08.11 11:24:40,020|11023: 113530 found, Name: 113530 Node: node6@lab29.cpt.haw-hamburg.de
08.11 11:24:40,021|11023: Abstimmung yes, sending to Next One
08.11 11:24:41,948|11023: Got Abstimmung
08.11 11:24:41,949|11023: Got it from someone else
08.11 11:24:41,949|11023: TimeDiff of 39 big enough
08.11 11:24:41,950|11023: Trying to get Nameservice: ns@lab30.cpt.haw-hamburg.de
08.11 11:24:41,954|11023: Got Nameservice: ns@lab30.cpt.haw-hamburg.de
08.11 11:24:41,956|11023: Got Nameservice, trying to contact it for: 113530
08.11 11:24:41,962|11023: 113530 found, Name: 113530 Node: node6@lab29.cpt.haw-hamburg.de
08.11 11:24:41,963|11023: Abstimmung yes, sending to Next One
08.11 11:24:47,739|11023: Got Abstimmung
08.11 11:24:47,741|11023: Got it from someone else
08.11 11:24:47,743|11023: TimeDiff of 45 big enough
08.11 11:24:47,749|11023: Trying to get Nameservice: ns@lab30.cpt.haw-hamburg.de
08.11 11:24:47,789|11023: Got Nameservice: ns@lab30.cpt.haw-hamburg.de
08.11 11:24:47,790|11023: Got Nameservice, trying to contact it for: 113530
08.11 11:24:47,849|11023: 113530 found, Name: 113530 Node: node6@lab29.cpt.haw-hamburg.de
08.11 11:24:47,849|11023: Abstimmung yes, sending to Next One
08.11 11:24:48,730|11023: Got Abstimmung
08.11 11:24:48,731|11023: Got it from someone else
08.11 11:24:48,731|11023: TimeDiff of 46 big enough
08.11 11:24:48,732|11023: Trying to get Nameservice: ns@lab30.cpt.haw-hamburg.de
08.11 11:24:48,761|11023: Got Nameservice: ns@lab30.cpt.haw-hamburg.de
08.11 11:24:48,765|11023: Got Nameservice, trying to contact it for: 113530
08.11 11:24:48,816|11023: 113530 found, Name: 113530 Node: node6@lab29.cpt.haw-hamburg.de
08.11 11:24:48,841|11023: Abstimmung yes, sending to Next One
08.11 11:24:49,432|11023: Got Abstimmung
08.11 11:24:49,433|11023: Got it from someone else
08.11 11:24:49,433|11023: TimeDiff of 47 big enough
08.11 11:24:49,434|11023: Trying to get Nameservice: ns@lab30.cpt.haw-hamburg.de
08.11 11:24:49,440|11023: Got Nameservice: ns@lab30.cpt.haw-hamburg.de
08.11 11:24:49,441|11023: Got Nameservice, trying to contact it for: 113530
08.11 11:24:49,446|11023: 113530 found, Name: 113530 Node: node6@lab29.cpt.haw-hamburg.de
08.11 11:24:49,447|11023: Abstimmung yes, sending to Next One
08.11 11:24:53,515|11023: Got Abstimmung
08.11 11:24:53,515|11023: Got it from someone else
08.11 11:24:53,516|11023: TimeDiff of 51 big enough
08.11 11:24:53,517|11023: Trying to get Nameservice: ns@lab30.cpt.haw-hamburg.de
08.11 11:24:53,525|11023: Got Nameservice: ns@lab30.cpt.haw-hamburg.de
08.11 11:24:53,526|11023: Got Nameservice, trying to contact it for: 113530
08.11 11:24:53,547|11023: 113530 found, Name: 113530 Node: node6@lab29.cpt.haw-hamburg.de
08.11 11:24:53,548|11023: Abstimmung yes, sending to Next One
08.11 11:24:54,799|11023: Got Abstimmung
08.11 11:24:54,801|11023: Got it from someone else
08.11 11:24:54,802|11023: TimeDiff of 52 big enough
08.11 11:24:54,802|11023: Trying to get Nameservice: ns@lab30.cpt.haw-hamburg.de
08.11 11:24:54,808|11023: Got Nameservice: ns@lab30.cpt.haw-hamburg.de
08.11 11:24:54,809|11023: Got Nameservice, trying to contact it for: 113530
08.11 11:24:54,815|11023: 113530 found, Name: 113530 Node: node6@lab29.cpt.haw-hamburg.de
08.11 11:24:54,818|11023: Abstimmung yes, sending to Next One
08.11 11:24:55,399|11023: Got Abstimmung
08.11 11:24:55,401|11023: Got it from someone else
08.11 11:24:55,401|11023: TimeDiff of 53 big enough
08.11 11:24:55,402|11023: Trying to get Nameservice: ns@lab30.cpt.haw-hamburg.de
08.11 11:24:55,425|11023: Got Nameservice: ns@lab30.cpt.haw-hamburg.de
08.11 11:24:55,425|11023: Got Nameservice, trying to contact it for: 113530
08.11 11:24:55,429|11023: 113530 found, Name: 113530 Node: node6@lab29.cpt.haw-hamburg.de
08.11 11:24:55,430|11023: Abstimmung yes, sending to Next One
08.11 11:24:56,429|11023: Got Abstimmung
08.11 11:24:56,527|11023: Got it from someone else
08.11 11:24:56,586|11023: TimeDiff of 54 big enough
08.11 11:24:56,645|11023: Trying to get Nameservice: ns@lab30.cpt.haw-hamburg.de
08.11 11:24:56,207|11023: Got Nameservice: ns@lab30.cpt.haw-hamburg.de
08.11 11:24:56,275|11023: Got Nameservice, trying to contact it for: 113530
08.11 11:24:56,799|11023: 113530 found, Name: 113530 Node: node6@lab29.cpt.haw-hamburg.de
08.11 11:24:56,904|11023: Abstimmung yes, sending to Next One
08.11 11:24:57,398|11023: Got Abstimmung
08.11 11:24:57,401|11023: Got it from someone else
08.11 11:24:57,402|11023: TimeDiff of 55 big enough
08.11 11:24:57,406|11023: Trying to get Nameservice: ns@lab30.cpt.haw-hamburg.de
08.11 11:24:57,474|11023: Got Nameservice: ns@lab30.cpt.haw-hamburg.de
08.11 11:24:57,474|11023: Got Nameservice, trying to contact it for: 113530
08.11 11:24:57,480|11023: 113530 found, Name: 113530 Node: node6@lab29.cpt.haw-hamburg.de
08.11 11:24:57,480|11023: Abstimmung yes, sending to Next One
08.11 11:25:01,978|11023: Got Abstimmung
08.11 11:25:01,979|11023: Got it from someone else
08.11 11:25:01,979|11023: TimeDiff of 59 big enough
08.11 11:25:01,980|11023: Trying to get Nameservice: ns@lab30.cpt.haw-hamburg.de
08.11 11:25:01,986|11023: Got Nameservice: ns@lab30.cpt.haw-hamburg.de
08.11 11:25:01,987|11023: Got Nameservice, trying to contact it for: 113530
08.11 11:25:01,992|11023: 113530 found, Name: 113530 Node: node6@lab29.cpt.haw-hamburg.de
08.11 11:25:01,993|11023: Abstimmung yes, sending to Next One
08.11 11:25:01,632|11023: Got Abstimmung
08.11 11:25:01,633|11023: Got it from someone else
08.11 11:25:01,634|11023: TimeDiff of 59 big enough
08.11 11:25:01,635|11023: Trying to get Nameservice: ns@lab30.cpt.haw-hamburg.de
08.11 11:25:01,649|11023: Got Nameservice: ns@lab30.cpt.haw-hamburg.de
08.11 11:25:01,650|11023: Got Nameservice, trying to contact it for: 113530
08.11 11:25:01,655|11023: 113530 found, Name: 113530 Node: node6@lab29.cpt.haw-hamburg.de
08.11 11:25:01,656|11023: Abstimmung yes, sending to Next One
08.11 11:25:02,324|11023: Got Abstimmung
08.11 11:25:02,325|11023: Got it from someone else
08.11 11:25:02,326|11023: TimeDiff of 60 big enough
08.11 11:25:02,326|11023: Trying to get Nameservice: ns@lab30.cpt.haw-hamburg.de
08.11 11:25:02,334|11023: Got Nameservice: ns@lab30.cpt.haw-hamburg.de
08.11 11:25:02,335|11023: Got Nameservice, trying to contact it for: 113530
08.11 11:25:02,339|11023: 113530 found, Name: 113530 Node: node6@lab29.cpt.haw-hamburg.de
08.11 11:25:02,339|11023: Abstimmung yes, sending to Next One
08.11 11:25:03,346|11023: Got Abstimmung
08.11 11:25:03,348|11023: Got it from someone else
08.11 11:25:03,349|11023: TimeDiff of 61 big enough
08.11 11:25:03,353|11023: Trying to get Nameservice: ns@lab30.cpt.haw-hamburg.de
08.11 11:25:03,409|11023: Got Nameservice: ns@lab30.cpt.haw-hamburg.de
08.11 11:25:03,412|11023: Got Nameservice, trying to contact it for: 113530
08.11 11:25:03,453|11023: 113530 found, Name: 113530 Node: node6@lab29.cpt.haw-hamburg.de
08.11 11:25:03,476|11023: Abstimmung yes, sending to Next One
08.11 11:25:09,428|11023: Got Abstimmung
08.11 11:25:09,429|11023: Got it from someone else
08.11 11:25:09,429|11023: TimeDiff of 67 big enough
08.11 11:25:09,430|11023: Trying to get Nameservice: ns@lab30.cpt.haw-hamburg.de
08.11 11:25:09,436|11023: Got Nameservice: ns@lab30.cpt.haw-hamburg.de
08.11 11:25:09,437|11023: Got Nameservice, trying to contact it for: 113530
08.11 11:25:09,446|11023: 113530 found, Name: 113530 Node: node6@lab29.cpt.haw-hamburg.de
08.11 11:25:09,447|11023: Abstimmung yes, sending to Next One
08.11 11:25:10,287|11023: Got Abstimmung
08.11 11:25:10,289|11023: Got it from someone else
08.11 11:25:10,292|11023: TimeDiff of 68 big enough
08.11 11:25:10,294|11023: Trying to get Nameservice: ns@lab30.cpt.haw-hamburg.de
08.11 11:25:10,301|11023: Got Nameservice: ns@lab30.cpt.haw-hamburg.de
08.11 11:25:10,302|11023: Got Nameservice, trying to contact it for: 113530
08.11 11:25:10,307|11023: 113530 found, Name: 113530 Node: node6@lab29.cpt.haw-hamburg.de
08.11 11:25:10,308|11023: Abstimmung yes, sending to Next One
08.11 11:25:12,181|11023: Got Abstimmung
08.11 11:25:12,182|11023: Got it from someone else
08.11 11:25:12,182|11023: TimeDiff of 70 big enough
08.11 11:25:12,182|11023: Trying to get Nameservice: ns@lab30.cpt.haw-hamburg.de
08.11 11:25:12,203|11023: Got Nameservice: ns@lab30.cpt.haw-hamburg.de
08.11 11:25:12,204|11023: Got Nameservice, trying to contact it for: 113530
08.11 11:25:12,209|11023: 113530 found, Name: 113530 Node: node6@lab29.cpt.haw-hamburg.de
08.11 11:25:12,210|11023: Abstimmung yes, sending to Next One
08.11 11:25:12,351|11023: Got Abstimmung
08.11 11:25:12,352|11023: Got it from someone else
08.11 11:25:12,353|11023: TimeDiff of 70 big enough
08.11 11:25:12,355|11023: Trying to get Nameservice: ns@lab30.cpt.haw-hamburg.de
08.11 11:25:12,368|11023: Got Nameservice: ns@lab30.cpt.haw-hamburg.de
08.11 11:25:12,369|11023: Got Nameservice, trying to contact it for: 113530
08.11 11:25:12,405|11023: 113530 found, Name: 113530 Node: node6@lab29.cpt.haw-hamburg.de
08.11 11:25:12,406|11023: Abstimmung yes, sending to Next One
08.11 11:25:13,126|11023: Got Abstimmung
08.11 11:25:13,127|11023: Got it from someone else
08.11 11:25:13,128|11023: TimeDiff of 71 big enough
08.11 11:25:13,129|11023: Trying to get Nameservice: ns@lab30.cpt.haw-hamburg.de
08.11 11:25:13,134|11023: Got Nameservice: ns@lab30.cpt.haw-hamburg.de
08.11 11:25:13,136|11023: Got Nameservice, trying to contact it for: 113530
08.11 11:25:13,141|11023: 113530 found, Name: 113530 Node: node6@lab29.cpt.haw-hamburg.de
08.11 11:25:13,142|11023: Abstimmung yes, sending to Next One
08.11 11:25:13,751|11023: Got Abstimmung
08.11 11:25:13,751|11023: Got it from someone else
08.11 11:25:13,752|11023: TimeDiff of 71 big enough
08.11 11:25:13,753|11023: Trying to get Nameservice: ns@lab30.cpt.haw-hamburg.de
08.11 11:25:13,758|11023: Got Nameservice: ns@lab30.cpt.haw-hamburg.de
08.11 11:25:13,759|11023: Got Nameservice, trying to contact it for: 113530
08.11 11:25:13,794|11023: 113530 found, Name: 113530 Node: node6@lab29.cpt.haw-hamburg.de
08.11 11:25:13,794|11023: Abstimmung yes, sending to Next One
08.11 11:25:14,971|11023: Got Nameservice: ns@lab30.cpt.haw-hamburg.de
08.11 11:25:14,972|11023: Unbinding from Nameservice
08.11 11:25:14,973|11023: Killed
