08.11 11:20:05,828|11044: Got Nameservice: ns@lab30.cpt.haw-hamburg.de
08.11 11:20:05,829|11044: Sende Nachricht an Nameservicenode: ns@lab30.cpt.haw-hamburg.de
08.11 11:20:05,829|11044: Nachricht an Nameservicenode gesendet
08.11 11:20:05,862|11044: Bind done
08.11 11:20:05,863|11044: Get Koordinator -> Get Dienst
08.11 11:20:05,864|11044: Trying to get Nameservice: ns@lab30.cpt.haw-hamburg.de
08.11 11:20:05,911|11044: Got Nameservice: ns@lab30.cpt.haw-hamburg.de
08.11 11:20:05,911|11044: Got Nameservice, trying to contact it for: chef
08.11 11:20:05,925|11044: chef found, Name: chef Node: ko@lab22.cpt.haw-hamburg.de
08.11 11:20:05,926|11044: Sende Nachricht an Koordinator: chef
08.11 11:20:05,927|11044: warte auf Nachbarmessage vom Koordinator
08.11 11:21:06,842|11044: Neighbors set. Left: 11613 Right: 113629|starting loop
08.11 11:21:12,585|11044: Starting with MI: 2197
08.11 11:21:12,585|11044: Starting new timer
08.11 11:21:15,592|11044: Trying to get Nameservice: ns@lab30.cpt.haw-hamburg.de
08.11 11:21:15,688|11044: Got Nameservice: ns@lab30.cpt.haw-hamburg.de
08.11 11:21:15,690|11044: Got Nameservice, trying to contact it for: 113629
08.11 11:21:15,973|11044: 113629 found, Name: 113629 Node: node5@lab29.cpt.haw-hamburg.de
08.11 11:21:15,975|11044: ABSTIMMUNG start
08.11 11:21:15,024|11044: Got Abstimmung
08.11 11:21:15,025|11044: Got it from someone else
08.11 11:21:15,040|11044: TimeDiff of 3 big enough
08.11 11:21:15,041|11044: Trying to get Nameservice: ns@lab30.cpt.haw-hamburg.de
08.11 11:21:15,092|11044: Got Nameservice: ns@lab30.cpt.haw-hamburg.de
08.11 11:21:15,096|11044: Got Nameservice, trying to contact it for: 113629
08.11 11:21:15,106|11044: 113629 found, Name: 113629 Node: node5@lab29.cpt.haw-hamburg.de
08.11 11:21:15,111|11044: Abstimmung yes, sending to Next One
08.11 11:21:15,228|11044: Got Abstimmung
08.11 11:21:15,229|11044: Got it from someone else
08.11 11:21:15,229|11044: TimeDiff of 3 big enough
08.11 11:21:15,230|11044: Trying to get Nameservice: ns@lab30.cpt.haw-hamburg.de
08.11 11:21:15,234|11044: Got Nameservice: ns@lab30.cpt.haw-hamburg.de
08.11 11:21:15,235|11044: Got Nameservice, trying to contact it for: 113629
08.11 11:21:15,246|11044: 113629 found, Name: 113629 Node: node5@lab29.cpt.haw-hamburg.de
08.11 11:21:15,247|11044: Abstimmung yes, sending to Next One
08.11 11:21:15,421|11044: Got Abstimmung
08.11 11:21:15,422|11044: Got it from someone else
08.11 11:21:15,422|11044: TimeDiff of 3 big enough
08.11 11:21:15,423|11044: Trying to get Nameservice: ns@lab30.cpt.haw-hamburg.de
08.11 11:21:15,437|11044: Got Nameservice: ns@lab30.cpt.haw-hamburg.de
08.11 11:21:15,438|11044: Got Nameservice, trying to contact it for: 113629
08.11 11:21:15,515|11044: 113629 found, Name: 113629 Node: node5@lab29.cpt.haw-hamburg.de
08.11 11:21:15,516|11044: Abstimmung yes, sending to Next One
08.11 11:21:15,752|11044: Got Abstimmung
08.11 11:21:15,753|11044: Got it from someone else
08.11 11:21:15,754|11044: TimeDiff of 3 big enough
08.11 11:21:15,755|11044: Trying to get Nameservice: ns@lab30.cpt.haw-hamburg.de
08.11 11:21:15,806|11044: Got Nameservice: ns@lab30.cpt.haw-hamburg.de
08.11 11:21:15,807|11044: Got Nameservice, trying to contact it for: 113629
08.11 11:21:15,875|11044: 113629 found, Name: 113629 Node: node5@lab29.cpt.haw-hamburg.de
08.11 11:21:15,877|11044: Abstimmung yes, sending to Next One
08.11 11:21:15,239|11044: Got Abstimmung
08.11 11:21:15,239|11044: Got it from someone else
08.11 11:21:15,240|11044: TimeDiff of 3 big enough
08.11 11:21:15,240|11044: Trying to get Nameservice: ns@lab30.cpt.haw-hamburg.de
08.11 11:21:15,279|11044: Got Nameservice: ns@lab30.cpt.haw-hamburg.de
08.11 11:21:15,279|11044: Got Nameservice, trying to contact it for: 113629
08.11 11:21:15,318|11044: 113629 found, Name: 113629 Node: node5@lab29.cpt.haw-hamburg.de
08.11 11:21:15,318|11044: Abstimmung yes, sending to Next One
08.11 11:21:15,703|11044: Got Abstimmung
08.11 11:21:15,703|11044: Got it from someone else
08.11 11:21:15,704|11044: TimeDiff of 3 big enough
08.11 11:21:15,705|11044: Trying to get Nameservice: ns@lab30.cpt.haw-hamburg.de
08.11 11:21:15,731|11044: Got Nameservice: ns@lab30.cpt.haw-hamburg.de
08.11 11:21:15,732|11044: Got Nameservice, trying to contact it for: 113629
08.11 11:21:15,771|11044: 113629 found, Name: 113629 Node: node5@lab29.cpt.haw-hamburg.de
08.11 11:21:15,772|11044: Abstimmung yes, sending to Next One
08.11 11:21:16,235|11044: Got Abstimmung
08.11 11:21:16,242|11044: Got it from someone else
08.11 11:21:16,254|11044: TimeDiff of 4 big enough
08.11 11:21:16,262|11044: Trying to get Nameservice: ns@lab30.cpt.haw-hamburg.de
08.11 11:21:16,564|11044: Got Nameservice: ns@lab30.cpt.haw-hamburg.de
08.11 11:21:16,572|11044: Got Nameservice, trying to contact it for: 113629
08.11 11:21:16,983|11044: 113629 found, Name: 113629 Node: node5@lab29.cpt.haw-hamburg.de
08.11 11:21:16,991|11044: Abstimmung yes, sending to Next One
08.11 11:21:16,719|11044: Got Abstimmung
08.11 11:21:16,753|11044: Got it from someone else
08.11 11:21:16,759|11044: TimeDiff of 4 big enough
08.11 11:21:16,765|11044: Trying to get Nameservice: ns@lab30.cpt.haw-hamburg.de
08.11 11:21:16,140|11044: Got Nameservice: ns@lab30.cpt.haw-hamburg.de
08.11 11:21:16,147|11044: Got Nameservice, trying to contact it for: 113629
08.11 11:21:16,202|11044: 113629 found, Name: 113629 Node: node5@lab29.cpt.haw-hamburg.de
08.11 11:21:16,212|11044: Abstimmung yes, sending to Next One
08.11 11:21:16,272|11044: Got Abstimmung
08.11 11:21:16,273|11044: Got it from someone else
08.11 11:21:16,274|11044: TimeDiff of 4 big enough
08.11 11:21:16,274|11044: Trying to get Nameservice: ns@lab30.cpt.haw-hamburg.de
08.11 11:21:16,306|11044: Got Nameservice: ns@lab30.cpt.haw-hamburg.de
08.11 11:21:16,309|11044: Got Nameservice, trying to contact it for: 113629
08.11 11:21:16,373|11044: 113629 found, Name: 113629 Node: node5@lab29.cpt.haw-hamburg.de
08.11 11:21:16,374|11044: Abstimmung yes, sending to Next One
08.11 11:21:16,963|11044: Got Abstimmung
08.11 11:21:16,964|11044: Got it from someone else
08.11 11:21:16,965|11044: TimeDiff of 4 big enough
08.11 11:21:16,965|11044: Trying to get Nameservice: ns@lab30.cpt.haw-hamburg.de
08.11 11:21:16,049|11044: Got Nameservice: ns@lab30.cpt.haw-hamburg.de
08.11 11:21:16,050|11044: Got Nameservice, trying to contact it for: 113629
08.11 11:21:16,084|11044: 113629 found, Name: 113629 Node: node5@lab29.cpt.haw-hamburg.de
08.11 11:21:16,086|11044: Abstimmung yes, sending to Next One
08.11 11:21:16,485|11044: Got Abstimmung
08.11 11:21:16,486|11044: Got it from someone else
08.11 11:21:16,487|11044: TimeDiff of 4 big enough
08.11 11:21:16,488|11044: Trying to get Nameservice: ns@lab30.cpt.haw-hamburg.de
08.11 11:21:16,504|11044: Got Nameservice: ns@lab30.cpt.haw-hamburg.de
08.11 11:21:16,505|11044: Got Nameservice, trying to contact it for: 113629
08.11 11:21:16,627|11044: 113629 found, Name: 113629 Node: node5@lab29.cpt.haw-hamburg.de
08.11 11:21:16,629|11044: Abstimmung yes, sending to Next One
08.11 11:21:16,952|11044: Got Abstimmung
08.11 11:21:16,952|11044: Got it from someone else
08.11 11:21:16,953|11044: TimeDiff of 4 big enough
08.11 11:21:16,954|11044: Trying to get Nameservice: ns@lab30.cpt.haw-hamburg.de
08.11 11:21:16,051|11044: Got Nameservice: ns@lab30.cpt.haw-hamburg.de
08.11 11:21:16,052|11044: Got Nameservice, trying to contact it for: 113629
08.11 11:21:16,092|11044: 113629 found, Name: 113629 Node: node5@lab29.cpt.haw-hamburg.de
08.11 11:21:16,092|11044: Abstimmung yes, sending to Next One
08.11 11:21:16,366|11044: Got Abstimmung
08.11 11:21:16,367|11044: Got it from someone else
08.11 11:21:16,368|11044: TimeDiff of 4 big enough
08.11 11:21:16,369|11044: Trying to get Nameservice: ns@lab30.cpt.haw-hamburg.de
08.11 11:21:16,410|11044: Got Nameservice: ns@lab30.cpt.haw-hamburg.de
08.11 11:21:16,411|11044: Got Nameservice, trying to contact it for: 113629
08.11 11:21:16,473|11044: 113629 found, Name: 113629 Node: node5@lab29.cpt.haw-hamburg.de
08.11 11:21:16,475|11044: Abstimmung yes, sending to Next One
08.11 11:21:16,685|11044: Got Abstimmung
08.11 11:21:16,686|11044: Got it from someone else
08.11 11:21:16,686|11044: TimeDiff of 4 big enough
08.11 11:21:16,687|11044: Trying to get Nameservice: ns@lab30.cpt.haw-hamburg.de
08.11 11:21:16,696|11044: Got Nameservice: ns@lab30.cpt.haw-hamburg.de
08.11 11:21:16,696|11044: Got Nameservice, trying to contact it for: 113629
08.11 11:21:16,742|11044: 113629 found, Name: 113629 Node: node5@lab29.cpt.haw-hamburg.de
08.11 11:21:16,744|11044: Abstimmung yes, sending to Next One
08.11 11:21:16,006|11044: Got Abstimmung
08.11 11:21:16,006|11044: Got it from someone else
08.11 11:21:16,007|11044: TimeDiff of 4 big enough
08.11 11:21:16,008|11044: Trying to get Nameservice: ns@lab30.cpt.haw-hamburg.de
08.11 11:21:16,043|11044: Got Nameservice: ns@lab30.cpt.haw-hamburg.de
08.11 11:21:16,044|11044: Got Nameservice, trying to contact it for: 113629
08.11 11:21:16,063|11044: 113629 found, Name: 113629 Node: node5@lab29.cpt.haw-hamburg.de
08.11 11:21:16,064|11044: Abstimmung yes, sending to Next One
08.11 11:21:16,549|11044: Got Abstimmung
08.11 11:21:16,559|11044: Got it from someone else
08.11 11:21:16,559|11044: TimeDiff of 4 big enough
08.11 11:21:16,560|11044: Trying to get Nameservice: ns@lab30.cpt.haw-hamburg.de
08.11 11:21:16,563|11044: Got Nameservice: ns@lab30.cpt.haw-hamburg.de
08.11 11:21:16,564|11044: Got Nameservice, trying to contact it for: 113629
08.11 11:21:16,577|11044: 113629 found, Name: 113629 Node: node5@lab29.cpt.haw-hamburg.de
08.11 11:21:16,577|11044: Abstimmung yes, sending to Next One
08.11 11:21:16,567|11044: Got Abstimmung
08.11 11:21:16,568|11044: Got it from someone else
08.11 11:21:16,568|11044: TimeDiff of 4 big enough
08.11 11:21:16,570|11044: Trying to get Nameservice: ns@lab30.cpt.haw-hamburg.de
08.11 11:21:16,606|11044: Got Nameservice: ns@lab30.cpt.haw-hamburg.de
08.11 11:21:16,607|11044: Got Nameservice, trying to contact it for: 113629
08.11 11:21:16,671|11044: 113629 found, Name: 113629 Node: node5@lab29.cpt.haw-hamburg.de
08.11 11:21:16,672|11044: Abstimmung yes, sending to Next One
08.11 11:21:17,075|11044: Got Abstimmung
08.11 11:21:17,085|11044: Got it from someone else
08.11 11:21:17,091|11044: TimeDiff of 5 big enough
08.11 11:21:17,098|11044: Trying to get Nameservice: ns@lab30.cpt.haw-hamburg.de
08.11 11:21:17,507|11044: Got Nameservice: ns@lab30.cpt.haw-hamburg.de
08.11 11:21:17,552|11044: Got Nameservice, trying to contact it for: 113629
08.11 11:21:17,809|11044: 113629 found, Name: 113629 Node: node5@lab29.cpt.haw-hamburg.de
08.11 11:21:17,843|11044: Abstimmung yes, sending to Next One
08.11 11:21:17,318|11044: Got Abstimmung
08.11 11:21:17,318|11044: Got it from someone else
08.11 11:21:17,319|11044: TimeDiff of 5 big enough
08.11 11:21:17,320|11044: Trying to get Nameservice: ns@lab30.cpt.haw-hamburg.de
08.11 11:21:17,338|11044: Got Nameservice: ns@lab30.cpt.haw-hamburg.de
08.11 11:21:17,339|11044: Got Nameservice, trying to contact it for: 113629
08.11 11:21:17,383|11044: 113629 found, Name: 113629 Node: node5@lab29.cpt.haw-hamburg.de
08.11 11:21:17,383|11044: Abstimmung yes, sending to Next One
08.11 11:21:17,831|11044: Got Abstimmung
08.11 11:21:17,831|11044: Got it from someone else
08.11 11:21:17,832|11044: TimeDiff of 5 big enough
08.11 11:21:17,833|11044: Trying to get Nameservice: ns@lab30.cpt.haw-hamburg.de
08.11 11:21:17,857|11044: Got Nameservice: ns@lab30.cpt.haw-hamburg.de
08.11 11:21:17,857|11044: Got Nameservice, trying to contact it for: 113629
08.11 11:21:17,901|11044: 113629 found, Name: 113629 Node: node5@lab29.cpt.haw-hamburg.de
08.11 11:21:17,903|11044: Abstimmung yes, sending to Next One
08.11 11:21:18,206|11044: Got Abstimmung
08.11 11:21:18,207|11044: Got it from someone else
08.11 11:21:18,208|11044: TimeDiff of 6 big enough
08.11 11:21:18,208|11044: Trying to get Nameservice: ns@lab30.cpt.haw-hamburg.de
08.11 11:21:18,214|11044: Got Nameservice: ns@lab30.cpt.haw-hamburg.de
08.11 11:21:18,214|11044: Got Nameservice, trying to contact it for: 113629
08.11 11:21:18,224|11044: 113629 found, Name: 113629 Node: node5@lab29.cpt.haw-hamburg.de
08.11 11:21:18,226|11044: Abstimmung yes, sending to Next One
08.11 11:21:18,704|11044: Got Abstimmung
08.11 11:21:18,705|11044: Got it from someone else
08.11 11:21:18,705|11044: TimeDiff of 6 big enough
08.11 11:21:18,706|11044: Trying to get Nameservice: ns@lab30.cpt.haw-hamburg.de
08.11 11:21:18,730|11044: Got Nameservice: ns@lab30.cpt.haw-hamburg.de
08.11 11:21:18,731|11044: Got Nameservice, trying to contact it for: 113629
08.11 11:21:18,734|11044: 113629 found, Name: 113629 Node: node5@lab29.cpt.haw-hamburg.de
08.11 11:21:18,735|11044: Abstimmung yes, sending to Next One
08.11 11:21:19,526|11044: Got Abstimmung
08.11 11:21:19,527|11044: Got it from someone else
08.11 11:21:19,527|11044: TimeDiff of 7 big enough
08.11 11:21:19,528|11044: Trying to get Nameservice: ns@lab30.cpt.haw-hamburg.de
08.11 11:21:19,537|11044: Got Nameservice: ns@lab30.cpt.haw-hamburg.de
08.11 11:21:19,537|11044: Got Nameservice, trying to contact it for: 113629
08.11 11:21:19,543|11044: 113629 found, Name: 113629 Node: node5@lab29.cpt.haw-hamburg.de
08.11 11:21:19,543|11044: Abstimmung yes, sending to Next One
08.11 11:21:19,473|11044: Got Abstimmung
08.11 11:21:19,474|11044: Got it from someone else
08.11 11:21:19,475|11044: TimeDiff of 7 big enough
08.11 11:21:19,475|11044: Trying to get Nameservice: ns@lab30.cpt.haw-hamburg.de
08.11 11:21:19,480|11044: Got Nameservice: ns@lab30.cpt.haw-hamburg.de
08.11 11:21:19,481|11044: Got Nameservice, trying to contact it for: 113629
08.11 11:21:19,486|11044: 113629 found, Name: 113629 Node: node5@lab29.cpt.haw-hamburg.de
08.11 11:21:19,487|11044: Abstimmung yes, sending to Next One
08.11 11:21:20,162|11044: Got Abstimmung
08.11 11:21:20,169|11044: Got it from someone else
08.11 11:21:20,174|11044: TimeDiff of 8 big enough
08.11 11:21:20,179|11044: Trying to get Nameservice: ns@lab30.cpt.haw-hamburg.de
08.11 11:21:20,464|11044: Got Nameservice: ns@lab30.cpt.haw-hamburg.de
08.11 11:21:20,471|11044: Got Nameservice, trying to contact it for: 113629
08.11 11:21:20,714|11044: 113629 found, Name: 113629 Node: node5@lab29.cpt.haw-hamburg.de
08.11 11:21:20,721|11044: Abstimmung yes, sending to Next One
08.11 11:21:20,275|11044: Got Abstimmung
08.11 11:21:20,276|11044: Got it from someone else
08.11 11:21:20,276|11044: TimeDiff of 8 big enough
08.11 11:21:20,277|11044: Trying to get Nameservice: ns@lab30.cpt.haw-hamburg.de
08.11 11:21:20,284|11044: Got Nameservice: ns@lab30.cpt.haw-hamburg.de
08.11 11:21:20,285|11044: Got Nameservice, trying to contact it for: 113629
08.11 11:21:20,290|11044: 113629 found, Name: 113629 Node: node5@lab29.cpt.haw-hamburg.de
08.11 11:21:20,290|11044: Abstimmung yes, sending to Next One
08.11 11:21:20,376|11044: Got Abstimmung
08.11 11:21:20,377|11044: Got it from someone else
08.11 11:21:20,378|11044: TimeDiff of 8 big enough
08.11 11:21:20,379|11044: Trying to get Nameservice: ns@lab30.cpt.haw-hamburg.de
08.11 11:21:20,386|11044: Got Nameservice: ns@lab30.cpt.haw-hamburg.de
08.11 11:21:20,388|11044: Got Nameservice, trying to contact it for: 113629
08.11 11:21:20,394|11044: 113629 found, Name: 113629 Node: node5@lab29.cpt.haw-hamburg.de
08.11 11:21:20,395|11044: Abstimmung yes, sending to Next One
08.11 11:21:22,189|11044: Got Abstimmung
08.11 11:21:22,199|11044: Got it from someone else
08.11 11:21:22,205|11044: TimeDiff of 10 big enough
08.11 11:21:22,211|11044: Trying to get Nameservice: ns@lab30.cpt.haw-hamburg.de
08.11 11:21:22,423|11044: Got Nameservice: ns@lab30.cpt.haw-hamburg.de
08.11 11:21:22,431|11044: Got Nameservice, trying to contact it for: 113629
08.11 11:21:22,493|11044: 113629 found, Name: 113629 Node: node5@lab29.cpt.haw-hamburg.de
08.11 11:21:22,507|11044: Abstimmung yes, sending to Next One
08.11 11:21:22,873|11044: Got Abstimmung
08.11 11:21:22,874|11044: Got it from someone else
08.11 11:21:22,875|11044: TimeDiff of 10 big enough
08.11 11:21:22,875|11044: Trying to get Nameservice: ns@lab30.cpt.haw-hamburg.de
08.11 11:21:22,882|11044: Got Nameservice: ns@lab30.cpt.haw-hamburg.de
08.11 11:21:22,883|11044: Got Nameservice, trying to contact it for: 113629
08.11 11:21:22,889|11044: 113629 found, Name: 113629 Node: node5@lab29.cpt.haw-hamburg.de
08.11 11:21:22,890|11044: Abstimmung yes, sending to Next One
08.11 11:21:22,762|11044: Got Abstimmung
08.11 11:21:22,763|11044: Got it from someone else
08.11 11:21:22,764|11044: TimeDiff of 10 big enough
08.11 11:21:22,765|11044: Trying to get Nameservice: ns@lab30.cpt.haw-hamburg.de
08.11 11:21:22,872|11044: Got Nameservice: ns@lab30.cpt.haw-hamburg.de
08.11 11:21:22,873|11044: Got Nameservice, trying to contact it for: 113629
08.11 11:21:22,897|11044: 113629 found, Name: 113629 Node: node5@lab29.cpt.haw-hamburg.de
08.11 11:21:22,898|11044: Abstimmung yes, sending to Next One
08.11 11:21:22,448|11044: Got Abstimmung
08.11 11:21:22,448|11044: Got it from someone else
08.11 11:21:22,449|11044: TimeDiff of 10 big enough
08.11 11:21:22,450|11044: Trying to get Nameservice: ns@lab30.cpt.haw-hamburg.de
08.11 11:21:22,455|11044: Got Nameservice: ns@lab30.cpt.haw-hamburg.de
08.11 11:21:22,456|11044: Got Nameservice, trying to contact it for: 113629
08.11 11:21:22,461|11044: 113629 found, Name: 113629 Node: node5@lab29.cpt.haw-hamburg.de
08.11 11:21:22,462|11044: Abstimmung yes, sending to Next One
08.11 11:21:23,555|11044: Got Abstimmung
08.11 11:21:23,557|11044: Got it from someone else
08.11 11:21:23,558|11044: TimeDiff of 11 big enough
08.11 11:21:23,562|11044: Trying to get Nameservice: ns@lab30.cpt.haw-hamburg.de
08.11 11:21:23,596|11044: Got Nameservice: ns@lab30.cpt.haw-hamburg.de
08.11 11:21:23,598|11044: Got Nameservice, trying to contact it for: 113629
08.11 11:21:23,621|11044: 113629 found, Name: 113629 Node: node5@lab29.cpt.haw-hamburg.de
08.11 11:21:23,622|11044: Abstimmung yes, sending to Next One
08.11 11:21:23,977|11044: Got Abstimmung
08.11 11:21:23,978|11044: Got it from someone else
08.11 11:21:23,979|11044: TimeDiff of 11 big enough
08.11 11:21:23,980|11044: Trying to get Nameservice: ns@lab30.cpt.haw-hamburg.de
08.11 11:21:23,986|11044: Got Nameservice: ns@lab30.cpt.haw-hamburg.de
08.11 11:21:23,987|11044: Got Nameservice, trying to contact it for: 113629
08.11 11:21:23,991|11044: 113629 found, Name: 113629 Node: node5@lab29.cpt.haw-hamburg.de
08.11 11:21:23,992|11044: Abstimmung yes, sending to Next One
08.11 11:21:23,734|11044: Got Abstimmung
08.11 11:21:23,735|11044: Got it from someone else
08.11 11:21:23,736|11044: TimeDiff of 11 big enough
08.11 11:21:23,736|11044: Trying to get Nameservice: ns@lab30.cpt.haw-hamburg.de
08.11 11:21:23,741|11044: Got Nameservice: ns@lab30.cpt.haw-hamburg.de
08.11 11:21:23,744|11044: Got Nameservice, trying to contact it for: 113629
08.11 11:21:23,749|11044: 113629 found, Name: 113629 Node: node5@lab29.cpt.haw-hamburg.de
08.11 11:21:23,751|11044: Abstimmung yes, sending to Next One
08.11 11:21:27,024|11044: Got Abstimmung
08.11 11:21:27,025|11044: Got it from someone else
08.11 11:21:27,026|11044: TimeDiff of 15 big enough
08.11 11:21:27,027|11044: Trying to get Nameservice: ns@lab30.cpt.haw-hamburg.de
08.11 11:21:27,033|11044: Got Nameservice: ns@lab30.cpt.haw-hamburg.de
08.11 11:21:27,034|11044: Got Nameservice, trying to contact it for: 113629
08.11 11:21:27,041|11044: 113629 found, Name: 113629 Node: node5@lab29.cpt.haw-hamburg.de
08.11 11:21:27,042|11044: Abstimmung yes, sending to Next One
08.11 11:21:28,484|11044: Got Abstimmung
08.11 11:21:28,485|11044: Got it from someone else
08.11 11:21:28,486|11044: TimeDiff of 16 big enough
08.11 11:21:28,487|11044: Trying to get Nameservice: ns@lab30.cpt.haw-hamburg.de
08.11 11:21:28,522|11044: Got Nameservice: ns@lab30.cpt.haw-hamburg.de
08.11 11:21:28,523|11044: Got Nameservice, trying to contact it for: 113629
08.11 11:21:28,527|11044: 113629 found, Name: 113629 Node: node5@lab29.cpt.haw-hamburg.de
08.11 11:21:28,529|11044: Abstimmung yes, sending to Next One
08.11 11:21:29,565|11044: Got Abstimmung
08.11 11:21:29,566|11044: Got it from someone else
08.11 11:21:29,566|11044: TimeDiff of 17 big enough
08.11 11:21:29,567|11044: Trying to get Nameservice: ns@lab30.cpt.haw-hamburg.de
08.11 11:21:29,572|11044: Got Nameservice: ns@lab30.cpt.haw-hamburg.de
08.11 11:21:29,573|11044: Got Nameservice, trying to contact it for: 113629
08.11 11:21:29,579|11044: 113629 found, Name: 113629 Node: node5@lab29.cpt.haw-hamburg.de
08.11 11:21:29,580|11044: Abstimmung yes, sending to Next One
08.11 11:21:30,788|11044: Got Abstimmung
08.11 11:21:30,789|11044: Got it from someone else
08.11 11:21:30,789|11044: TimeDiff of 18 big enough
08.11 11:21:30,790|11044: Trying to get Nameservice: ns@lab30.cpt.haw-hamburg.de
08.11 11:21:30,796|11044: Got Nameservice: ns@lab30.cpt.haw-hamburg.de
08.11 11:21:30,797|11044: Got Nameservice, trying to contact it for: 113629
08.11 11:21:30,843|11044: 113629 found, Name: 113629 Node: node5@lab29.cpt.haw-hamburg.de
08.11 11:21:30,844|11044: Abstimmung yes, sending to Next One
08.11 11:21:30,761|11044: Got Abstimmung
08.11 11:21:30,762|11044: Got it from someone else
08.11 11:21:30,763|11044: TimeDiff of 18 big enough
08.11 11:21:30,763|11044: Trying to get Nameservice: ns@lab30.cpt.haw-hamburg.de
08.11 11:21:30,768|11044: Got Nameservice: ns@lab30.cpt.haw-hamburg.de
08.11 11:21:30,769|11044: Got Nameservice, trying to contact it for: 113629
08.11 11:21:30,773|11044: 113629 found, Name: 113629 Node: node5@lab29.cpt.haw-hamburg.de
08.11 11:21:30,774|11044: Abstimmung yes, sending to Next One
08.11 11:21:35,940|11044: Got Abstimmung
08.11 11:21:35,948|11044: Got it from someone else
08.11 11:21:35,954|11044: TimeDiff of 23 big enough
08.11 11:21:35,959|11044: Trying to get Nameservice: ns@lab30.cpt.haw-hamburg.de
08.11 11:21:35,019|11044: Got Nameservice: ns@lab30.cpt.haw-hamburg.de
08.11 11:21:35,029|11044: Got Nameservice, trying to contact it for: 113629
08.11 11:21:35,080|11044: 113629 found, Name: 113629 Node: node5@lab29.cpt.haw-hamburg.de
08.11 11:21:35,087|11044: Abstimmung yes, sending to Next One
08.11 11:21:37,549|11044: Got Abstimmung
08.11 11:21:37,550|11044: Got it from someone else
08.11 11:21:37,550|11044: TimeDiff of 25 big enough
08.11 11:21:37,551|11044: Trying to get Nameservice: ns@lab30.cpt.haw-hamburg.de
08.11 11:21:37,557|11044: Got Nameservice: ns@lab30.cpt.haw-hamburg.de
08.11 11:21:37,558|11044: Got Nameservice, trying to contact it for: 113629
08.11 11:21:37,564|11044: 113629 found, Name: 113629 Node: node5@lab29.cpt.haw-hamburg.de
08.11 11:21:37,564|11044: Abstimmung yes, sending to Next One
08.11 11:21:38,739|11044: Got Abstimmung
08.11 11:21:38,739|11044: Got it from someone else
08.11 11:21:38,740|11044: TimeDiff of 26 big enough
08.11 11:21:38,741|11044: Trying to get Nameservice: ns@lab30.cpt.haw-hamburg.de
08.11 11:21:38,749|11044: Got Nameservice: ns@lab30.cpt.haw-hamburg.de
08.11 11:21:38,751|11044: Got Nameservice, trying to contact it for: 113629
08.11 11:21:38,754|11044: 113629 found, Name: 113629 Node: node5@lab29.cpt.haw-hamburg.de
08.11 11:21:38,755|11044: Abstimmung yes, sending to Next One
08.11 11:21:38,558|11044: Got Abstimmung
08.11 11:21:38,559|11044: Got it from someone else
08.11 11:21:38,560|11044: TimeDiff of 26 big enough
08.11 11:21:38,561|11044: Trying to get Nameservice: ns@lab30.cpt.haw-hamburg.de
08.11 11:21:38,567|11044: Got Nameservice: ns@lab30.cpt.haw-hamburg.de
08.11 11:21:38,568|11044: Got Nameservice, trying to contact it for: 113629
08.11 11:21:38,574|11044: 113629 found, Name: 113629 Node: node5@lab29.cpt.haw-hamburg.de
08.11 11:21:38,574|11044: Abstimmung yes, sending to Next One
08.11 11:21:39,779|11044: Got Y: 13
08.11 11:21:39,779|11044: Starting new timer
08.11 11:21:39,782|11044: Caculating new MI: 13 Y: 13
08.11 11:21:39,823|11044: Trying to get Nameservice: ns@lab30.cpt.haw-hamburg.de
08.11 11:21:39,884|11044: Got Nameservice: ns@lab30.cpt.haw-hamburg.de
08.11 11:21:39,893|11044: Got Nameservice, trying to contact it for: 11613
08.11 11:21:39,901|11044: 11613 found, Name: 11613 Node: starter@lab21.cpt.haw-hamburg.de
08.11 11:21:39,902|11044: Sending Y: 13 to Left
08.11 11:21:39,903|11044: Trying to get Nameservice: ns@lab30.cpt.haw-hamburg.de
08.11 11:21:39,937|11044: Got Nameservice: ns@lab30.cpt.haw-hamburg.de
08.11 11:21:39,938|11044: Got Nameservice, trying to contact it for: 113629
08.11 11:21:39,971|11044: 113629 found, Name: 113629 Node: node5@lab29.cpt.haw-hamburg.de
08.11 11:21:39,971|11044: Sending Y: 13 to Right
08.11 11:21:39,972|11044: Get Koordinator -> Get Dienst
08.11 11:21:39,973|11044: Trying to get Nameservice: ns@lab30.cpt.haw-hamburg.de
08.11 11:21:39,004|11044: Got Nameservice: ns@lab30.cpt.haw-hamburg.de
08.11 11:21:39,005|11044: Got Nameservice, trying to contact it for: chef
08.11 11:21:39,045|11044: chef found, Name: chef Node: ko@lab22.cpt.haw-hamburg.de
08.11 11:21:39,046|11044: BriefMi to Koord: 13
08.11 11:21:39,750|11044: Got Abstimmung
08.11 11:21:39,751|11044: Got it from someone else
08.11 11:21:39,752|11044: TimeDiff of 0 NOT big enough
08.11 11:21:42,790|11044: Trying to get Nameservice: ns@lab30.cpt.haw-hamburg.de
08.11 11:21:42,814|11044: Got Nameservice: ns@lab30.cpt.haw-hamburg.de
08.11 11:21:42,814|11044: Got Nameservice, trying to contact it for: 113629
08.11 11:21:42,822|11044: 113629 found, Name: 113629 Node: node5@lab29.cpt.haw-hamburg.de
08.11 11:21:42,823|11044: ABSTIMMUNG start
08.11 11:21:42,054|11044: Got Y: 13
08.11 11:21:42,058|11044: Starting new timer
08.11 11:21:42,060|11044: New Y: 13 >= Mi: 13
08.11 11:21:42,029|11044: Got Abstimmung
08.11 11:21:42,030|11044: Got it from someone else
08.11 11:21:42,030|11044: TimeDiff of 0 NOT big enough
08.11 11:21:43,331|11044: Got Abstimmung
08.11 11:21:43,333|11044: Got it from someone else
08.11 11:21:43,336|11044: TimeDiff of 1 NOT big enough
08.11 11:21:44,952|11044: Got Abstimmung
08.11 11:21:44,960|11044: Got it from someone else
08.11 11:21:44,967|11044: TimeDiff of 2 big enough
08.11 11:21:44,973|11044: Trying to get Nameservice: ns@lab30.cpt.haw-hamburg.de
08.11 11:21:44,199|11044: Got Nameservice: ns@lab30.cpt.haw-hamburg.de
08.11 11:21:44,207|11044: Got Nameservice, trying to contact it for: 113629
08.11 11:21:44,241|11044: 113629 found, Name: 113629 Node: node5@lab29.cpt.haw-hamburg.de
08.11 11:21:44,248|11044: Abstimmung yes, sending to Next One
08.11 11:21:45,070|11044: Trying to get Nameservice: ns@lab30.cpt.haw-hamburg.de
08.11 11:21:45,078|11044: Got Nameservice: ns@lab30.cpt.haw-hamburg.de
08.11 11:21:45,079|11044: Got Nameservice, trying to contact it for: 113629
08.11 11:21:45,088|11044: 113629 found, Name: 113629 Node: node5@lab29.cpt.haw-hamburg.de
08.11 11:21:45,114|11044: ABSTIMMUNG start
08.11 11:21:46,043|11044: Got Abstimmung
08.11 11:21:46,043|11044: Got it from someone else
08.11 11:21:46,044|11044: TimeDiff of 4 big enough
08.11 11:21:46,045|11044: Trying to get Nameservice: ns@lab30.cpt.haw-hamburg.de
08.11 11:21:46,050|11044: Got Nameservice: ns@lab30.cpt.haw-hamburg.de
08.11 11:21:46,051|11044: Got Nameservice, trying to contact it for: 113629
08.11 11:21:46,105|11044: 113629 found, Name: 113629 Node: node5@lab29.cpt.haw-hamburg.de
08.11 11:21:46,105|11044: Abstimmung yes, sending to Next One
08.11 11:21:46,653|11044: Got Abstimmung
08.11 11:21:46,654|11044: Got it from someone else
08.11 11:21:46,654|11044: TimeDiff of 4 big enough
08.11 11:21:46,655|11044: Trying to get Nameservice: ns@lab30.cpt.haw-hamburg.de
08.11 11:21:46,661|11044: Got Nameservice: ns@lab30.cpt.haw-hamburg.de
08.11 11:21:46,662|11044: Got Nameservice, trying to contact it for: 113629
08.11 11:21:46,667|11044: 113629 found, Name: 113629 Node: node5@lab29.cpt.haw-hamburg.de
08.11 11:21:46,668|11044: Abstimmung yes, sending to Next One
08.11 11:21:46,254|11044: Got Abstimmung
08.11 11:21:46,257|11044: Got it from someone else
08.11 11:21:46,258|11044: TimeDiff of 4 big enough
08.11 11:21:46,258|11044: Trying to get Nameservice: ns@lab30.cpt.haw-hamburg.de
08.11 11:21:46,265|11044: Got Nameservice: ns@lab30.cpt.haw-hamburg.de
08.11 11:21:46,266|11044: Got Nameservice, trying to contact it for: 113629
08.11 11:21:46,272|11044: 113629 found, Name: 113629 Node: node5@lab29.cpt.haw-hamburg.de
08.11 11:21:46,272|11044: Abstimmung yes, sending to Next One
08.11 11:21:47,020|11044: Got Abstimmung
08.11 11:21:47,030|11044: Got it from someone else
08.11 11:21:47,036|11044: TimeDiff of 5 big enough
08.11 11:21:47,043|11044: Trying to get Nameservice: ns@lab30.cpt.haw-hamburg.de
08.11 11:21:47,103|11044: Got Nameservice: ns@lab30.cpt.haw-hamburg.de
08.11 11:21:47,114|11044: Got Nameservice, trying to contact it for: 113629
08.11 11:21:47,200|11044: 113629 found, Name: 113629 Node: node5@lab29.cpt.haw-hamburg.de
08.11 11:21:47,207|11044: Abstimmung yes, sending to Next One
08.11 11:21:50,978|11044: Got Abstimmung
08.11 11:21:50,979|11044: Got it from someone else
08.11 11:21:50,979|11044: TimeDiff of 8 big enough
08.11 11:21:50,980|11044: Trying to get Nameservice: ns@lab30.cpt.haw-hamburg.de
08.11 11:21:50,985|11044: Got Nameservice: ns@lab30.cpt.haw-hamburg.de
08.11 11:21:50,986|11044: Got Nameservice, trying to contact it for: 113629
08.11 11:21:50,994|11044: 113629 found, Name: 113629 Node: node5@lab29.cpt.haw-hamburg.de
08.11 11:21:50,995|11044: Abstimmung yes, sending to Next One
08.11 11:21:50,322|11044: Got Abstimmung
08.11 11:21:50,323|11044: Got it from someone else
08.11 11:21:50,324|11044: TimeDiff of 8 big enough
08.11 11:21:50,326|11044: Trying to get Nameservice: ns@lab30.cpt.haw-hamburg.de
08.11 11:21:50,331|11044: Got Nameservice: ns@lab30.cpt.haw-hamburg.de
08.11 11:21:50,331|11044: Got Nameservice, trying to contact it for: 113629
08.11 11:21:50,337|11044: 113629 found, Name: 113629 Node: node5@lab29.cpt.haw-hamburg.de
08.11 11:21:50,338|11044: Abstimmung yes, sending to Next One
08.11 11:21:50,745|11044: Got Abstimmung
08.11 11:21:50,746|11044: Got it from someone else
08.11 11:21:50,746|11044: TimeDiff of 8 big enough
08.11 11:21:50,747|11044: Trying to get Nameservice: ns@lab30.cpt.haw-hamburg.de
08.11 11:21:50,771|11044: Got Nameservice: ns@lab30.cpt.haw-hamburg.de
08.11 11:21:50,772|11044: Got Nameservice, trying to contact it for: 113629
08.11 11:21:50,779|11044: 113629 found, Name: 113629 Node: node5@lab29.cpt.haw-hamburg.de
08.11 11:21:50,779|11044: Abstimmung yes, sending to Next One
08.11 11:21:52,104|11044: Got Abstimmung
08.11 11:21:52,105|11044: Got it from someone else
08.11 11:21:52,105|11044: TimeDiff of 10 big enough
08.11 11:21:52,106|11044: Trying to get Nameservice: ns@lab30.cpt.haw-hamburg.de
08.11 11:21:52,113|11044: Got Nameservice: ns@lab30.cpt.haw-hamburg.de
08.11 11:21:52,114|11044: Got Nameservice, trying to contact it for: 113629
08.11 11:21:52,143|11044: 113629 found, Name: 113629 Node: node5@lab29.cpt.haw-hamburg.de
08.11 11:21:52,144|11044: Abstimmung yes, sending to Next One
08.11 11:21:52,951|11044: Got Abstimmung
08.11 11:21:52,952|11044: Got it from someone else
08.11 11:21:52,953|11044: TimeDiff of 10 big enough
08.11 11:21:52,954|11044: Trying to get Nameservice: ns@lab30.cpt.haw-hamburg.de
08.11 11:21:52,960|11044: Got Nameservice: ns@lab30.cpt.haw-hamburg.de
08.11 11:21:52,961|11044: Got Nameservice, trying to contact it for: 113629
08.11 11:21:52,968|11044: 113629 found, Name: 113629 Node: node5@lab29.cpt.haw-hamburg.de
08.11 11:21:52,969|11044: Abstimmung yes, sending to Next One
08.11 11:21:53,570|11044: Got Abstimmung
08.11 11:21:53,571|11044: Got it from someone else
08.11 11:21:53,571|11044: TimeDiff of 11 big enough
08.11 11:21:53,572|11044: Trying to get Nameservice: ns@lab30.cpt.haw-hamburg.de
08.11 11:21:53,603|11044: Got Nameservice: ns@lab30.cpt.haw-hamburg.de
08.11 11:21:53,606|11044: Got Nameservice, trying to contact it for: 113629
08.11 11:21:53,614|11044: 113629 found, Name: 113629 Node: node5@lab29.cpt.haw-hamburg.de
08.11 11:21:53,614|11044: Abstimmung yes, sending to Next One
08.11 11:21:53,532|11044: Got Abstimmung
08.11 11:21:53,533|11044: Got it from someone else
08.11 11:21:53,534|11044: TimeDiff of 11 big enough
08.11 11:21:53,534|11044: Trying to get Nameservice: ns@lab30.cpt.haw-hamburg.de
08.11 11:21:53,540|11044: Got Nameservice: ns@lab30.cpt.haw-hamburg.de
08.11 11:21:53,541|11044: Got Nameservice, trying to contact it for: 113629
08.11 11:21:53,546|11044: 113629 found, Name: 113629 Node: node5@lab29.cpt.haw-hamburg.de
08.11 11:21:53,547|11044: Abstimmung yes, sending to Next One
08.11 11:21:53,045|11044: Got Abstimmung
08.11 11:21:53,046|11044: Got it from someone else
08.11 11:21:53,046|11044: TimeDiff of 11 big enough
08.11 11:21:53,047|11044: Trying to get Nameservice: ns@lab30.cpt.haw-hamburg.de
08.11 11:21:53,053|11044: Got Nameservice: ns@lab30.cpt.haw-hamburg.de
08.11 11:21:53,053|11044: Got Nameservice, trying to contact it for: 113629
08.11 11:21:53,059|11044: 113629 found, Name: 113629 Node: node5@lab29.cpt.haw-hamburg.de
08.11 11:21:53,059|11044: Abstimmung yes, sending to Next One
08.11 11:21:54,780|11044: Got Abstimmung
08.11 11:21:54,791|11044: Got it from someone else
08.11 11:21:54,798|11044: TimeDiff of 12 big enough
08.11 11:21:54,805|11044: Trying to get Nameservice: ns@lab30.cpt.haw-hamburg.de
08.11 11:21:54,860|11044: Got Nameservice: ns@lab30.cpt.haw-hamburg.de
08.11 11:21:54,871|11044: Got Nameservice, trying to contact it for: 113629
08.11 11:21:54,938|11044: 113629 found, Name: 113629 Node: node5@lab29.cpt.haw-hamburg.de
08.11 11:21:54,945|11044: Abstimmung yes, sending to Next One
08.11 11:21:54,321|11044: Got Abstimmung
08.11 11:21:54,322|11044: Got it from someone else
08.11 11:21:54,323|11044: TimeDiff of 12 big enough
08.11 11:21:54,323|11044: Trying to get Nameservice: ns@lab30.cpt.haw-hamburg.de
08.11 11:21:54,329|11044: Got Nameservice: ns@lab30.cpt.haw-hamburg.de
08.11 11:21:54,330|11044: Got Nameservice, trying to contact it for: 113629
08.11 11:21:54,335|11044: 113629 found, Name: 113629 Node: node5@lab29.cpt.haw-hamburg.de
08.11 11:21:54,336|11044: Abstimmung yes, sending to Next One
08.11 11:21:56,048|11044: Got Abstimmung
08.11 11:21:56,048|11044: Got it from someone else
08.11 11:21:56,049|11044: TimeDiff of 14 big enough
08.11 11:21:56,049|11044: Trying to get Nameservice: ns@lab30.cpt.haw-hamburg.de
08.11 11:21:56,060|11044: Got Nameservice: ns@lab30.cpt.haw-hamburg.de
08.11 11:21:56,061|11044: Got Nameservice, trying to contact it for: 113629
08.11 11:21:56,064|11044: 113629 found, Name: 113629 Node: node5@lab29.cpt.haw-hamburg.de
08.11 11:21:56,065|11044: Abstimmung yes, sending to Next One
08.11 11:21:56,832|11044: Got Abstimmung
08.11 11:21:56,832|11044: Got it from someone else
08.11 11:21:56,833|11044: TimeDiff of 14 big enough
08.11 11:21:56,833|11044: Trying to get Nameservice: ns@lab30.cpt.haw-hamburg.de
08.11 11:21:56,839|11044: Got Nameservice: ns@lab30.cpt.haw-hamburg.de
08.11 11:21:56,840|11044: Got Nameservice, trying to contact it for: 113629
08.11 11:21:56,864|11044: 113629 found, Name: 113629 Node: node5@lab29.cpt.haw-hamburg.de
08.11 11:21:56,865|11044: Abstimmung yes, sending to Next One
08.11 11:21:56,582|11044: Got Abstimmung
08.11 11:21:56,583|11044: Got it from someone else
08.11 11:21:56,583|11044: TimeDiff of 14 big enough
08.11 11:21:56,584|11044: Trying to get Nameservice: ns@lab30.cpt.haw-hamburg.de
08.11 11:21:56,590|11044: Got Nameservice: ns@lab30.cpt.haw-hamburg.de
08.11 11:21:56,591|11044: Got Nameservice, trying to contact it for: 113629
08.11 11:21:56,595|11044: 113629 found, Name: 113629 Node: node5@lab29.cpt.haw-hamburg.de
08.11 11:21:56,596|11044: Abstimmung yes, sending to Next One
08.11 11:21:57,325|11044: Got Abstimmung
08.11 11:21:57,325|11044: Got it from someone else
08.11 11:21:57,326|11044: TimeDiff of 15 big enough
08.11 11:21:57,327|11044: Trying to get Nameservice: ns@lab30.cpt.haw-hamburg.de
08.11 11:21:57,332|11044: Got Nameservice: ns@lab30.cpt.haw-hamburg.de
08.11 11:21:57,333|11044: Got Nameservice, trying to contact it for: 113629
08.11 11:21:57,338|11044: 113629 found, Name: 113629 Node: node5@lab29.cpt.haw-hamburg.de
08.11 11:21:57,339|11044: Abstimmung yes, sending to Next One
08.11 11:21:57,162|11044: Got Abstimmung
08.11 11:21:57,164|11044: Got it from someone else
08.11 11:21:57,165|11044: TimeDiff of 15 big enough
08.11 11:21:57,165|11044: Trying to get Nameservice: ns@lab30.cpt.haw-hamburg.de
08.11 11:21:57,177|11044: Got Nameservice: ns@lab30.cpt.haw-hamburg.de
08.11 11:21:57,177|11044: Got Nameservice, trying to contact it for: 113629
08.11 11:21:57,182|11044: 113629 found, Name: 113629 Node: node5@lab29.cpt.haw-hamburg.de
08.11 11:21:57,184|11044: Abstimmung yes, sending to Next One
08.11 11:21:58,015|11044: Got Abstimmung
08.11 11:21:58,016|11044: Got it from someone else
08.11 11:21:58,017|11044: TimeDiff of 16 big enough
08.11 11:21:58,018|11044: Trying to get Nameservice: ns@lab30.cpt.haw-hamburg.de
08.11 11:21:58,023|11044: Got Nameservice: ns@lab30.cpt.haw-hamburg.de
08.11 11:21:58,024|11044: Got Nameservice, trying to contact it for: 113629
08.11 11:21:58,029|11044: 113629 found, Name: 113629 Node: node5@lab29.cpt.haw-hamburg.de
08.11 11:21:58,030|11044: Abstimmung yes, sending to Next One
08.11 11:21:58,599|11044: Got Abstimmung
08.11 11:21:58,600|11044: Got it from someone else
08.11 11:21:58,600|11044: TimeDiff of 16 big enough
08.11 11:21:58,601|11044: Trying to get Nameservice: ns@lab30.cpt.haw-hamburg.de
08.11 11:21:58,607|11044: Got Nameservice: ns@lab30.cpt.haw-hamburg.de
08.11 11:21:58,608|11044: Got Nameservice, trying to contact it for: 113629
08.11 11:21:58,613|11044: 113629 found, Name: 113629 Node: node5@lab29.cpt.haw-hamburg.de
08.11 11:21:58,613|11044: Abstimmung yes, sending to Next One
08.11 11:22:01,689|11044: Got Abstimmung
08.11 11:22:01,692|11044: Got it from someone else
08.11 11:22:01,696|11044: TimeDiff of 19 big enough
08.11 11:22:01,699|11044: Trying to get Nameservice: ns@lab30.cpt.haw-hamburg.de
08.11 11:22:01,725|11044: Got Nameservice: ns@lab30.cpt.haw-hamburg.de
08.11 11:22:01,726|11044: Got Nameservice, trying to contact it for: 113629
08.11 11:22:01,735|11044: 113629 found, Name: 113629 Node: node5@lab29.cpt.haw-hamburg.de
08.11 11:22:01,737|11044: Abstimmung yes, sending to Next One
08.11 11:22:01,290|11044: Got Abstimmung
08.11 11:22:01,290|11044: Got it from someone else
08.11 11:22:01,291|11044: TimeDiff of 19 big enough
08.11 11:22:01,291|11044: Trying to get Nameservice: ns@lab30.cpt.haw-hamburg.de
08.11 11:22:01,308|11044: Got Nameservice: ns@lab30.cpt.haw-hamburg.de
08.11 11:22:01,309|11044: Got Nameservice, trying to contact it for: 113629
08.11 11:22:01,346|11044: 113629 found, Name: 113629 Node: node5@lab29.cpt.haw-hamburg.de
08.11 11:22:01,347|11044: Abstimmung yes, sending to Next One
08.11 11:22:02,133|11044: Got Abstimmung
08.11 11:22:02,134|11044: Got it from someone else
08.11 11:22:02,135|11044: TimeDiff of 20 big enough
08.11 11:22:02,135|11044: Trying to get Nameservice: ns@lab30.cpt.haw-hamburg.de
08.11 11:22:02,142|11044: Got Nameservice: ns@lab30.cpt.haw-hamburg.de
08.11 11:22:02,143|11044: Got Nameservice, trying to contact it for: 113629
08.11 11:22:02,189|11044: 113629 found, Name: 113629 Node: node5@lab29.cpt.haw-hamburg.de
08.11 11:22:02,190|11044: Abstimmung yes, sending to Next One
08.11 11:22:02,406|11044: Got Abstimmung
08.11 11:22:02,407|11044: Got it from someone else
08.11 11:22:02,407|11044: TimeDiff of 20 big enough
08.11 11:22:02,408|11044: Trying to get Nameservice: ns@lab30.cpt.haw-hamburg.de
08.11 11:22:02,414|11044: Got Nameservice: ns@lab30.cpt.haw-hamburg.de
08.11 11:22:02,415|11044: Got Nameservice, trying to contact it for: 113629
08.11 11:22:02,419|11044: 113629 found, Name: 113629 Node: node5@lab29.cpt.haw-hamburg.de
08.11 11:22:02,420|11044: Abstimmung yes, sending to Next One
08.11 11:22:03,436|11044: Got Abstimmung
08.11 11:22:03,437|11044: Got it from someone else
08.11 11:22:03,437|11044: TimeDiff of 21 big enough
08.11 11:22:03,438|11044: Trying to get Nameservice: ns@lab30.cpt.haw-hamburg.de
08.11 11:22:03,443|11044: Got Nameservice: ns@lab30.cpt.haw-hamburg.de
08.11 11:22:03,444|11044: Got Nameservice, trying to contact it for: 113629
08.11 11:22:03,458|11044: 113629 found, Name: 113629 Node: node5@lab29.cpt.haw-hamburg.de
08.11 11:22:03,460|11044: Abstimmung yes, sending to Next One
08.11 11:22:05,412|11044: Got Abstimmung
08.11 11:22:05,413|11044: Got it from someone else
08.11 11:22:05,414|11044: TimeDiff of 23 big enough
08.11 11:22:05,414|11044: Trying to get Nameservice: ns@lab30.cpt.haw-hamburg.de
08.11 11:22:05,439|11044: Got Nameservice: ns@lab30.cpt.haw-hamburg.de
08.11 11:22:05,440|11044: Got Nameservice, trying to contact it for: 113629
08.11 11:22:05,443|11044: 113629 found, Name: 113629 Node: node5@lab29.cpt.haw-hamburg.de
08.11 11:22:05,444|11044: Abstimmung yes, sending to Next One
08.11 11:22:06,393|11044: Got Abstimmung
08.11 11:22:06,663|11044: Got it from someone else
08.11 11:22:06,707|11044: TimeDiff of 24 big enough
08.11 11:22:06,738|11044: Trying to get Nameservice: ns@lab30.cpt.haw-hamburg.de
08.11 11:22:06,493|11044: Got Nameservice: ns@lab30.cpt.haw-hamburg.de
08.11 11:22:06,501|11044: Got Nameservice, trying to contact it for: 113629
08.11 11:22:06,574|11044: 113629 found, Name: 113629 Node: node5@lab29.cpt.haw-hamburg.de
08.11 11:22:06,580|11044: Abstimmung yes, sending to Next One
08.11 11:22:06,412|11044: Got Abstimmung
08.11 11:22:06,412|11044: Got it from someone else
08.11 11:22:06,413|11044: TimeDiff of 24 big enough
08.11 11:22:06,414|11044: Trying to get Nameservice: ns@lab30.cpt.haw-hamburg.de
08.11 11:22:06,463|11044: Got Nameservice: ns@lab30.cpt.haw-hamburg.de
08.11 11:22:06,463|11044: Got Nameservice, trying to contact it for: 113629
08.11 11:22:06,472|11044: 113629 found, Name: 113629 Node: node5@lab29.cpt.haw-hamburg.de
08.11 11:22:06,475|11044: Abstimmung yes, sending to Next One
08.11 11:22:06,128|11044: Got Abstimmung
08.11 11:22:06,129|11044: Got it from someone else
08.11 11:22:06,130|11044: TimeDiff of 24 big enough
08.11 11:22:06,130|11044: Trying to get Nameservice: ns@lab30.cpt.haw-hamburg.de
08.11 11:22:06,138|11044: Got Nameservice: ns@lab30.cpt.haw-hamburg.de
08.11 11:22:06,139|11044: Got Nameservice, trying to contact it for: 113629
08.11 11:22:06,164|11044: 113629 found, Name: 113629 Node: node5@lab29.cpt.haw-hamburg.de
08.11 11:22:06,165|11044: Abstimmung yes, sending to Next One
08.11 11:22:06,783|11044: Got Abstimmung
08.11 11:22:06,784|11044: Got it from someone else
08.11 11:22:06,784|11044: TimeDiff of 24 big enough
08.11 11:22:06,785|11044: Trying to get Nameservice: ns@lab30.cpt.haw-hamburg.de
08.11 11:22:06,792|11044: Got Nameservice: ns@lab30.cpt.haw-hamburg.de
08.11 11:22:06,793|11044: Got Nameservice, trying to contact it for: 113629
08.11 11:22:06,798|11044: 113629 found, Name: 113629 Node: node5@lab29.cpt.haw-hamburg.de
08.11 11:22:06,798|11044: Abstimmung yes, sending to Next One
08.11 11:22:07,256|11044: Got Abstimmung
08.11 11:22:07,256|11044: Got it from someone else
08.11 11:22:07,257|11044: TimeDiff of 25 big enough
08.11 11:22:07,257|11044: Trying to get Nameservice: ns@lab30.cpt.haw-hamburg.de
08.11 11:22:07,263|11044: Got Nameservice: ns@lab30.cpt.haw-hamburg.de
08.11 11:22:07,264|11044: Got Nameservice, trying to contact it for: 113629
08.11 11:22:07,301|11044: 113629 found, Name: 113629 Node: node5@lab29.cpt.haw-hamburg.de
08.11 11:22:07,301|11044: Abstimmung yes, sending to Next One
08.11 11:22:10,489|11044: Got Abstimmung
08.11 11:22:10,490|11044: Got it from someone else
08.11 11:22:10,490|11044: TimeDiff of 28 big enough
08.11 11:22:10,491|11044: Trying to get Nameservice: ns@lab30.cpt.haw-hamburg.de
08.11 11:22:10,497|11044: Got Nameservice: ns@lab30.cpt.haw-hamburg.de
08.11 11:22:10,497|11044: Got Nameservice, trying to contact it for: 113629
08.11 11:22:10,524|11044: 113629 found, Name: 113629 Node: node5@lab29.cpt.haw-hamburg.de
08.11 11:22:10,525|11044: Abstimmung yes, sending to Next One
08.11 11:22:12,538|11044: Got Abstimmung
08.11 11:22:12,539|11044: Got it from someone else
08.11 11:22:12,540|11044: TimeDiff of 30 big enough
08.11 11:22:12,540|11044: Trying to get Nameservice: ns@lab30.cpt.haw-hamburg.de
08.11 11:22:12,547|11044: Got Nameservice: ns@lab30.cpt.haw-hamburg.de
08.11 11:22:12,547|11044: Got Nameservice, trying to contact it for: 113629
08.11 11:22:12,582|11044: 113629 found, Name: 113629 Node: node5@lab29.cpt.haw-hamburg.de
08.11 11:22:12,583|11044: Abstimmung yes, sending to Next One
08.11 11:22:13,010|11044: Got Abstimmung
08.11 11:22:13,010|11044: Got it from someone else
08.11 11:22:13,012|11044: TimeDiff of 31 big enough
08.11 11:22:13,012|11044: Trying to get Nameservice: ns@lab30.cpt.haw-hamburg.de
08.11 11:22:13,017|11044: Got Nameservice: ns@lab30.cpt.haw-hamburg.de
08.11 11:22:13,018|11044: Got Nameservice, trying to contact it for: 113629
08.11 11:22:13,087|11044: 113629 found, Name: 113629 Node: node5@lab29.cpt.haw-hamburg.de
08.11 11:22:13,088|11044: Abstimmung yes, sending to Next One
08.11 11:22:14,586|11044: Got Abstimmung
08.11 11:22:14,587|11044: Got it from someone else
08.11 11:22:14,588|11044: TimeDiff of 32 big enough
08.11 11:22:14,588|11044: Trying to get Nameservice: ns@lab30.cpt.haw-hamburg.de
08.11 11:22:14,594|11044: Got Nameservice: ns@lab30.cpt.haw-hamburg.de
08.11 11:22:14,595|11044: Got Nameservice, trying to contact it for: 113629
08.11 11:22:14,620|11044: 113629 found, Name: 113629 Node: node5@lab29.cpt.haw-hamburg.de
08.11 11:22:14,621|11044: Abstimmung yes, sending to Next One
08.11 11:22:15,709|11044: Got Abstimmung
08.11 11:22:15,710|11044: Got it from someone else
08.11 11:22:15,711|11044: TimeDiff of 33 big enough
08.11 11:22:15,711|11044: Trying to get Nameservice: ns@lab30.cpt.haw-hamburg.de
08.11 11:22:15,716|11044: Got Nameservice: ns@lab30.cpt.haw-hamburg.de
08.11 11:22:15,717|11044: Got Nameservice, trying to contact it for: 113629
08.11 11:22:15,723|11044: 113629 found, Name: 113629 Node: node5@lab29.cpt.haw-hamburg.de
08.11 11:22:15,724|11044: Abstimmung yes, sending to Next One
08.11 11:22:15,171|11044: Got Abstimmung
08.11 11:22:15,172|11044: Got it from someone else
08.11 11:22:15,173|11044: TimeDiff of 33 big enough
08.11 11:22:15,174|11044: Trying to get Nameservice: ns@lab30.cpt.haw-hamburg.de
08.11 11:22:15,193|11044: Got Nameservice: ns@lab30.cpt.haw-hamburg.de
08.11 11:22:15,193|11044: Got Nameservice, trying to contact it for: 113629
08.11 11:22:15,199|11044: 113629 found, Name: 113629 Node: node5@lab29.cpt.haw-hamburg.de
08.11 11:22:15,200|11044: Abstimmung yes, sending to Next One
08.11 11:22:16,875|11044: Got Abstimmung
08.11 11:22:16,877|11044: Got it from someone else
08.11 11:22:16,878|11044: TimeDiff of 34 big enough
08.11 11:22:16,879|11044: Trying to get Nameservice: ns@lab30.cpt.haw-hamburg.de
08.11 11:22:16,894|11044: Got Nameservice: ns@lab30.cpt.haw-hamburg.de
08.11 11:22:16,895|11044: Got Nameservice, trying to contact it for: 113629
08.11 11:22:16,898|11044: 113629 found, Name: 113629 Node: node5@lab29.cpt.haw-hamburg.de
08.11 11:22:16,899|11044: Abstimmung yes, sending to Next One
08.11 11:22:20,661|11044: Got Abstimmung
08.11 11:22:20,662|11044: Got it from someone else
08.11 11:22:20,663|11044: TimeDiff of 38 big enough
08.11 11:22:20,663|11044: Trying to get Nameservice: ns@lab30.cpt.haw-hamburg.de
08.11 11:22:20,670|11044: Got Nameservice: ns@lab30.cpt.haw-hamburg.de
08.11 11:22:20,670|11044: Got Nameservice, trying to contact it for: 113629
08.11 11:22:20,675|11044: 113629 found, Name: 113629 Node: node5@lab29.cpt.haw-hamburg.de
08.11 11:22:20,676|11044: Abstimmung yes, sending to Next One
08.11 11:22:20,784|11044: Got Abstimmung
08.11 11:22:20,785|11044: Got it from someone else
08.11 11:22:20,786|11044: TimeDiff of 38 big enough
08.11 11:22:20,786|11044: Trying to get Nameservice: ns@lab30.cpt.haw-hamburg.de
08.11 11:22:20,792|11044: Got Nameservice: ns@lab30.cpt.haw-hamburg.de
08.11 11:22:20,793|11044: Got Nameservice, trying to contact it for: 113629
08.11 11:22:20,798|11044: 113629 found, Name: 113629 Node: node5@lab29.cpt.haw-hamburg.de
08.11 11:22:20,798|11044: Abstimmung yes, sending to Next One
08.11 11:22:21,670|11044: Got Abstimmung
08.11 11:22:21,671|11044: Got it from someone else
08.11 11:22:21,672|11044: TimeDiff of 39 big enough
08.11 11:22:21,672|11044: Trying to get Nameservice: ns@lab30.cpt.haw-hamburg.de
08.11 11:22:21,686|11044: Got Nameservice: ns@lab30.cpt.haw-hamburg.de
08.11 11:22:21,686|11044: Got Nameservice, trying to contact it for: 113629
08.11 11:22:21,698|11044: 113629 found, Name: 113629 Node: node5@lab29.cpt.haw-hamburg.de
08.11 11:22:21,699|11044: Abstimmung yes, sending to Next One
08.11 11:24:02,782|11044: Starting with MI: 25025
08.11 11:24:02,783|11044: Starting new timer
08.11 11:24:05,792|11044: Trying to get Nameservice: ns@lab30.cpt.haw-hamburg.de
08.11 11:24:05,804|11044: Got Nameservice: ns@lab30.cpt.haw-hamburg.de
08.11 11:24:05,805|11044: Got Nameservice, trying to contact it for: 113629
08.11 11:24:05,821|11044: 113629 found, Name: 113629 Node: node5@lab29.cpt.haw-hamburg.de
08.11 11:24:05,824|11044: ABSTIMMUNG start
08.11 11:24:05,947|11044: Got Abstimmung
08.11 11:24:05,947|11044: Got it from someone else
08.11 11:24:05,948|11044: TimeDiff of 3 big enough
08.11 11:24:05,948|11044: Trying to get Nameservice: ns@lab30.cpt.haw-hamburg.de
08.11 11:24:05,951|11044: Got Nameservice: ns@lab30.cpt.haw-hamburg.de
08.11 11:24:05,952|11044: Got Nameservice, trying to contact it for: 113629
08.11 11:24:05,957|11044: 113629 found, Name: 113629 Node: node5@lab29.cpt.haw-hamburg.de
08.11 11:24:05,958|11044: Abstimmung yes, sending to Next One
08.11 11:24:05,086|11044: Got Abstimmung
08.11 11:24:05,087|11044: Got it from someone else
08.11 11:24:05,088|11044: TimeDiff of 3 big enough
08.11 11:24:05,088|11044: Trying to get Nameservice: ns@lab30.cpt.haw-hamburg.de
08.11 11:24:05,097|11044: Got Nameservice: ns@lab30.cpt.haw-hamburg.de
08.11 11:24:05,098|11044: Got Nameservice, trying to contact it for: 113629
08.11 11:24:05,148|11044: 113629 found, Name: 113629 Node: node5@lab29.cpt.haw-hamburg.de
08.11 11:24:05,149|11044: Abstimmung yes, sending to Next One
08.11 11:24:05,197|11044: Got Abstimmung
08.11 11:24:05,198|11044: Got it from someone else
08.11 11:24:05,199|11044: TimeDiff of 3 big enough
08.11 11:24:05,199|11044: Trying to get Nameservice: ns@lab30.cpt.haw-hamburg.de
08.11 11:24:05,237|11044: Got Nameservice: ns@lab30.cpt.haw-hamburg.de
08.11 11:24:05,240|11044: Got Nameservice, trying to contact it for: 113629
08.11 11:24:05,249|11044: 113629 found, Name: 113629 Node: node5@lab29.cpt.haw-hamburg.de
08.11 11:24:05,250|11044: Abstimmung yes, sending to Next One
08.11 11:24:05,285|11044: Got Abstimmung
08.11 11:24:05,286|11044: Got it from someone else
08.11 11:24:05,287|11044: TimeDiff of 3 big enough
08.11 11:24:05,287|11044: Trying to get Nameservice: ns@lab30.cpt.haw-hamburg.de
08.11 11:24:05,292|11044: Got Nameservice: ns@lab30.cpt.haw-hamburg.de
08.11 11:24:05,293|11044: Got Nameservice, trying to contact it for: 113629
08.11 11:24:05,298|11044: 113629 found, Name: 113629 Node: node5@lab29.cpt.haw-hamburg.de
08.11 11:24:05,299|11044: Abstimmung yes, sending to Next One
08.11 11:24:05,341|11044: Got Abstimmung
08.11 11:24:05,341|11044: Got it from someone else
08.11 11:24:05,342|11044: TimeDiff of 3 big enough
08.11 11:24:05,343|11044: Trying to get Nameservice: ns@lab30.cpt.haw-hamburg.de
08.11 11:24:05,351|11044: Got Nameservice: ns@lab30.cpt.haw-hamburg.de
08.11 11:24:05,352|11044: Got Nameservice, trying to contact it for: 113629
08.11 11:24:05,358|11044: 113629 found, Name: 113629 Node: node5@lab29.cpt.haw-hamburg.de
08.11 11:24:05,359|11044: Abstimmung yes, sending to Next One
08.11 11:24:05,462|11044: Got Abstimmung
08.11 11:24:05,463|11044: Got it from someone else
08.11 11:24:05,464|11044: TimeDiff of 3 big enough
08.11 11:24:05,464|11044: Trying to get Nameservice: ns@lab30.cpt.haw-hamburg.de
08.11 11:24:05,549|11044: Got Nameservice: ns@lab30.cpt.haw-hamburg.de
08.11 11:24:05,549|11044: Got Nameservice, trying to contact it for: 113629
08.11 11:24:05,582|11044: 113629 found, Name: 113629 Node: node5@lab29.cpt.haw-hamburg.de
08.11 11:24:05,585|11044: Abstimmung yes, sending to Next One
08.11 11:24:05,587|11044: Got Abstimmung
08.11 11:24:05,591|11044: Got it from someone else
08.11 11:24:05,591|11044: TimeDiff of 3 big enough
08.11 11:24:05,592|11044: Trying to get Nameservice: ns@lab30.cpt.haw-hamburg.de
08.11 11:24:05,647|11044: Got Nameservice: ns@lab30.cpt.haw-hamburg.de
08.11 11:24:05,648|11044: Got Nameservice, trying to contact it for: 113629
08.11 11:24:05,837|11044: 113629 found, Name: 113629 Node: node5@lab29.cpt.haw-hamburg.de
08.11 11:24:05,838|11044: Abstimmung yes, sending to Next One
08.11 11:24:05,839|11044: Got Abstimmung
08.11 11:24:05,839|11044: Got it from someone else
08.11 11:24:05,840|11044: TimeDiff of 3 big enough
08.11 11:24:05,841|11044: Trying to get Nameservice: ns@lab30.cpt.haw-hamburg.de
08.11 11:24:05,220|11044: Got Nameservice: ns@lab30.cpt.haw-hamburg.de
08.11 11:24:05,223|11044: Got Nameservice, trying to contact it for: 113629
08.11 11:24:05,605|11044: 113629 found, Name: 113629 Node: node5@lab29.cpt.haw-hamburg.de
08.11 11:24:05,606|11044: Abstimmung yes, sending to Next One
08.11 11:24:05,606|11044: Got Abstimmung
08.11 11:24:05,607|11044: Got it from someone else
08.11 11:24:05,608|11044: TimeDiff of 3 big enough
08.11 11:24:05,613|11044: Trying to get Nameservice: ns@lab30.cpt.haw-hamburg.de
08.11 11:24:05,812|11044: Got Nameservice: ns@lab30.cpt.haw-hamburg.de
08.11 11:24:05,813|11044: Got Nameservice, trying to contact it for: 113629
08.11 11:24:05,960|11044: 113629 found, Name: 113629 Node: node5@lab29.cpt.haw-hamburg.de
08.11 11:24:05,963|11044: Abstimmung yes, sending to Next One
08.11 11:24:05,964|11044: Got Abstimmung
08.11 11:24:05,965|11044: Got it from someone else
08.11 11:24:05,966|11044: TimeDiff of 3 big enough
08.11 11:24:05,966|11044: Trying to get Nameservice: ns@lab30.cpt.haw-hamburg.de
08.11 11:24:05,983|11044: Got Nameservice: ns@lab30.cpt.haw-hamburg.de
08.11 11:24:05,985|11044: Got Nameservice, trying to contact it for: 113629
08.11 11:24:05,991|11044: 113629 found, Name: 113629 Node: node5@lab29.cpt.haw-hamburg.de
08.11 11:24:05,992|11044: Abstimmung yes, sending to Next One
08.11 11:24:05,277|11044: Got Abstimmung
08.11 11:24:05,278|11044: Got it from someone else
08.11 11:24:05,278|11044: TimeDiff of 3 big enough
08.11 11:24:05,279|11044: Trying to get Nameservice: ns@lab30.cpt.haw-hamburg.de
08.11 11:24:05,353|11044: Got Nameservice: ns@lab30.cpt.haw-hamburg.de
08.11 11:24:05,355|11044: Got Nameservice, trying to contact it for: 113629
08.11 11:24:05,417|11044: 113629 found, Name: 113629 Node: node5@lab29.cpt.haw-hamburg.de
08.11 11:24:05,418|11044: Abstimmung yes, sending to Next One
08.11 11:24:05,612|11044: Got Abstimmung
08.11 11:24:05,613|11044: Got it from someone else
08.11 11:24:05,618|11044: TimeDiff of 3 big enough
08.11 11:24:05,619|11044: Trying to get Nameservice: ns@lab30.cpt.haw-hamburg.de
08.11 11:24:05,656|11044: Got Nameservice: ns@lab30.cpt.haw-hamburg.de
08.11 11:24:05,656|11044: Got Nameservice, trying to contact it for: 113629
08.11 11:24:05,671|11044: 113629 found, Name: 113629 Node: node5@lab29.cpt.haw-hamburg.de
08.11 11:24:05,672|11044: Abstimmung yes, sending to Next One
08.11 11:24:05,680|11044: Got Abstimmung
08.11 11:24:05,681|11044: Got it from someone else
08.11 11:24:05,682|11044: TimeDiff of 3 big enough
08.11 11:24:05,682|11044: Trying to get Nameservice: ns@lab30.cpt.haw-hamburg.de
08.11 11:24:05,728|11044: Got Nameservice: ns@lab30.cpt.haw-hamburg.de
08.11 11:24:05,728|11044: Got Nameservice, trying to contact it for: 113629
08.11 11:24:05,771|11044: 113629 found, Name: 113629 Node: node5@lab29.cpt.haw-hamburg.de
08.11 11:24:05,771|11044: Abstimmung yes, sending to Next One
08.11 11:24:05,511|11044: Got Abstimmung
08.11 11:24:05,512|11044: Got it from someone else
08.11 11:24:05,513|11044: TimeDiff of 3 big enough
08.11 11:24:05,513|11044: Trying to get Nameservice: ns@lab30.cpt.haw-hamburg.de
08.11 11:24:05,522|11044: Got Nameservice: ns@lab30.cpt.haw-hamburg.de
08.11 11:24:05,522|11044: Got Nameservice, trying to contact it for: 113629
08.11 11:24:05,527|11044: 113629 found, Name: 113629 Node: node5@lab29.cpt.haw-hamburg.de
08.11 11:24:05,528|11044: Abstimmung yes, sending to Next One
08.11 11:24:05,348|11044: Got Abstimmung
08.11 11:24:05,348|11044: Got it from someone else
08.11 11:24:05,349|11044: TimeDiff of 3 big enough
08.11 11:24:05,350|11044: Trying to get Nameservice: ns@lab30.cpt.haw-hamburg.de
08.11 11:24:05,362|11044: Got Nameservice: ns@lab30.cpt.haw-hamburg.de
08.11 11:24:05,363|11044: Got Nameservice, trying to contact it for: 113629
08.11 11:24:05,411|11044: 113629 found, Name: 113629 Node: node5@lab29.cpt.haw-hamburg.de
08.11 11:24:05,411|11044: Abstimmung yes, sending to Next One
08.11 11:24:05,819|11044: Got Abstimmung
08.11 11:24:05,820|11044: Got it from someone else
08.11 11:24:05,821|11044: TimeDiff of 3 big enough
08.11 11:24:05,821|11044: Trying to get Nameservice: ns@lab30.cpt.haw-hamburg.de
08.11 11:24:05,855|11044: Got Nameservice: ns@lab30.cpt.haw-hamburg.de
08.11 11:24:05,856|11044: Got Nameservice, trying to contact it for: 113629
08.11 11:24:05,901|11044: 113629 found, Name: 113629 Node: node5@lab29.cpt.haw-hamburg.de
08.11 11:24:05,903|11044: Abstimmung yes, sending to Next One
08.11 11:24:06,974|11044: Got Abstimmung
08.11 11:24:06,980|11044: Got it from someone else
08.11 11:24:06,987|11044: TimeDiff of 4 big enough
08.11 11:24:06,995|11044: Trying to get Nameservice: ns@lab30.cpt.haw-hamburg.de
08.11 11:24:06,874|11044: Got Nameservice: ns@lab30.cpt.haw-hamburg.de
08.11 11:24:06,880|11044: Got Nameservice, trying to contact it for: 113629
08.11 11:24:06,485|11044: 113629 found, Name: 113629 Node: node5@lab29.cpt.haw-hamburg.de
08.11 11:24:06,529|11044: Abstimmung yes, sending to Next One
08.11 11:24:06,550|11044: Got Abstimmung
08.11 11:24:06,559|11044: Got it from someone else
08.11 11:24:06,566|11044: TimeDiff of 4 big enough
08.11 11:24:06,573|11044: Trying to get Nameservice: ns@lab30.cpt.haw-hamburg.de
08.11 11:24:06,636|11044: Got Nameservice: ns@lab30.cpt.haw-hamburg.de
08.11 11:24:06,658|11044: Got Nameservice, trying to contact it for: 113629
08.11 11:24:06,813|11044: 113629 found, Name: 113629 Node: node5@lab29.cpt.haw-hamburg.de
08.11 11:24:06,821|11044: Abstimmung yes, sending to Next One
08.11 11:24:06,840|11044: Got Abstimmung
08.11 11:24:06,841|11044: Got it from someone else
08.11 11:24:06,841|11044: TimeDiff of 4 big enough
08.11 11:24:06,842|11044: Trying to get Nameservice: ns@lab30.cpt.haw-hamburg.de
08.11 11:24:06,864|11044: Got Nameservice: ns@lab30.cpt.haw-hamburg.de
08.11 11:24:06,865|11044: Got Nameservice, trying to contact it for: 113629
08.11 11:24:06,906|11044: 113629 found, Name: 113629 Node: node5@lab29.cpt.haw-hamburg.de
08.11 11:24:06,907|11044: Abstimmung yes, sending to Next One
08.11 11:24:06,821|11044: Got Abstimmung
08.11 11:24:06,822|11044: Got it from someone else
08.11 11:24:06,822|11044: TimeDiff of 4 big enough
08.11 11:24:06,823|11044: Trying to get Nameservice: ns@lab30.cpt.haw-hamburg.de
08.11 11:24:06,866|11044: Got Nameservice: ns@lab30.cpt.haw-hamburg.de
08.11 11:24:06,866|11044: Got Nameservice, trying to contact it for: 113629
08.11 11:24:06,906|11044: 113629 found, Name: 113629 Node: node5@lab29.cpt.haw-hamburg.de
08.11 11:24:06,908|11044: Abstimmung yes, sending to Next One
08.11 11:24:06,444|11044: Got Abstimmung
08.11 11:24:06,445|11044: Got it from someone else
08.11 11:24:06,449|11044: TimeDiff of 4 big enough
08.11 11:24:06,450|11044: Trying to get Nameservice: ns@lab30.cpt.haw-hamburg.de
08.11 11:24:06,480|11044: Got Nameservice: ns@lab30.cpt.haw-hamburg.de
08.11 11:24:06,482|11044: Got Nameservice, trying to contact it for: 113629
08.11 11:24:06,539|11044: 113629 found, Name: 113629 Node: node5@lab29.cpt.haw-hamburg.de
08.11 11:24:06,539|11044: Abstimmung yes, sending to Next One
08.11 11:24:07,320|11044: Got Abstimmung
08.11 11:24:07,321|11044: Got it from someone else
08.11 11:24:07,326|11044: TimeDiff of 5 big enough
08.11 11:24:07,326|11044: Trying to get Nameservice: ns@lab30.cpt.haw-hamburg.de
08.11 11:24:07,349|11044: Got Nameservice: ns@lab30.cpt.haw-hamburg.de
08.11 11:24:07,353|11044: Got Nameservice, trying to contact it for: 113629
08.11 11:24:07,375|11044: 113629 found, Name: 113629 Node: node5@lab29.cpt.haw-hamburg.de
08.11 11:24:07,375|11044: Abstimmung yes, sending to Next One
08.11 11:24:07,831|11044: Got Abstimmung
08.11 11:24:07,833|11044: Got it from someone else
08.11 11:24:07,833|11044: TimeDiff of 5 big enough
08.11 11:24:07,835|11044: Trying to get Nameservice: ns@lab30.cpt.haw-hamburg.de
08.11 11:24:07,929|11044: Got Nameservice: ns@lab30.cpt.haw-hamburg.de
08.11 11:24:07,931|11044: Got Nameservice, trying to contact it for: 113629
08.11 11:24:07,998|11044: 113629 found, Name: 113629 Node: node5@lab29.cpt.haw-hamburg.de
08.11 11:24:07,021|11044: Abstimmung yes, sending to Next One
08.11 11:24:07,752|11044: Got Abstimmung
08.11 11:24:07,753|11044: Got it from someone else
08.11 11:24:07,754|11044: TimeDiff of 5 big enough
08.11 11:24:07,754|11044: Trying to get Nameservice: ns@lab30.cpt.haw-hamburg.de
08.11 11:24:07,781|11044: Got Nameservice: ns@lab30.cpt.haw-hamburg.de
08.11 11:24:07,782|11044: Got Nameservice, trying to contact it for: 113629
08.11 11:24:07,847|11044: 113629 found, Name: 113629 Node: node5@lab29.cpt.haw-hamburg.de
08.11 11:24:07,848|11044: Abstimmung yes, sending to Next One
08.11 11:24:07,426|11044: Got Abstimmung
08.11 11:24:07,427|11044: Got it from someone else
08.11 11:24:07,428|11044: TimeDiff of 5 big enough
08.11 11:24:07,429|11044: Trying to get Nameservice: ns@lab30.cpt.haw-hamburg.de
08.11 11:24:07,446|11044: Got Nameservice: ns@lab30.cpt.haw-hamburg.de
08.11 11:24:07,448|11044: Got Nameservice, trying to contact it for: 113629
08.11 11:24:07,486|11044: 113629 found, Name: 113629 Node: node5@lab29.cpt.haw-hamburg.de
08.11 11:24:07,488|11044: Abstimmung yes, sending to Next One
08.11 11:24:08,592|11044: Got Abstimmung
08.11 11:24:08,593|11044: Got it from someone else
08.11 11:24:08,593|11044: TimeDiff of 6 big enough
08.11 11:24:08,594|11044: Trying to get Nameservice: ns@lab30.cpt.haw-hamburg.de
08.11 11:24:08,610|11044: Got Nameservice: ns@lab30.cpt.haw-hamburg.de
08.11 11:24:08,610|11044: Got Nameservice, trying to contact it for: 113629
08.11 11:24:08,616|11044: 113629 found, Name: 113629 Node: node5@lab29.cpt.haw-hamburg.de
08.11 11:24:08,616|11044: Abstimmung yes, sending to Next One
08.11 11:24:08,360|11044: Got Abstimmung
08.11 11:24:08,361|11044: Got it from someone else
08.11 11:24:08,362|11044: TimeDiff of 6 big enough
08.11 11:24:08,363|11044: Trying to get Nameservice: ns@lab30.cpt.haw-hamburg.de
08.11 11:24:08,369|11044: Got Nameservice: ns@lab30.cpt.haw-hamburg.de
08.11 11:24:08,370|11044: Got Nameservice, trying to contact it for: 113629
08.11 11:24:08,377|11044: 113629 found, Name: 113629 Node: node5@lab29.cpt.haw-hamburg.de
08.11 11:24:08,378|11044: Abstimmung yes, sending to Next One
08.11 11:24:09,222|11044: Got Abstimmung
08.11 11:24:09,223|11044: Got it from someone else
08.11 11:24:09,223|11044: TimeDiff of 7 big enough
08.11 11:24:09,224|11044: Trying to get Nameservice: ns@lab30.cpt.haw-hamburg.de
08.11 11:24:09,229|11044: Got Nameservice: ns@lab30.cpt.haw-hamburg.de
08.11 11:24:09,231|11044: Got Nameservice, trying to contact it for: 113629
08.11 11:24:09,237|11044: 113629 found, Name: 113629 Node: node5@lab29.cpt.haw-hamburg.de
08.11 11:24:09,237|11044: Abstimmung yes, sending to Next One
08.11 11:24:09,497|11044: Got Abstimmung
08.11 11:24:09,498|11044: Got it from someone else
08.11 11:24:09,499|11044: TimeDiff of 7 big enough
08.11 11:24:09,500|11044: Trying to get Nameservice: ns@lab30.cpt.haw-hamburg.de
08.11 11:24:09,506|11044: Got Nameservice: ns@lab30.cpt.haw-hamburg.de
08.11 11:24:09,507|11044: Got Nameservice, trying to contact it for: 113629
08.11 11:24:09,512|11044: 113629 found, Name: 113629 Node: node5@lab29.cpt.haw-hamburg.de
08.11 11:24:09,513|11044: Abstimmung yes, sending to Next One
08.11 11:24:10,629|11044: Got Abstimmung
08.11 11:24:10,630|11044: Got it from someone else
08.11 11:24:10,630|11044: TimeDiff of 8 big enough
08.11 11:24:10,631|11044: Trying to get Nameservice: ns@lab30.cpt.haw-hamburg.de
08.11 11:24:10,668|11044: Got Nameservice: ns@lab30.cpt.haw-hamburg.de
08.11 11:24:10,670|11044: Got Nameservice, trying to contact it for: 113629
08.11 11:24:10,674|11044: 113629 found, Name: 113629 Node: node5@lab29.cpt.haw-hamburg.de
08.11 11:24:10,675|11044: Abstimmung yes, sending to Next One
08.11 11:24:11,790|11044: Got Abstimmung
08.11 11:24:11,791|11044: Got it from someone else
08.11 11:24:11,792|11044: TimeDiff of 9 big enough
08.11 11:24:11,798|11044: Trying to get Nameservice: ns@lab30.cpt.haw-hamburg.de
08.11 11:24:11,803|11044: Got Nameservice: ns@lab30.cpt.haw-hamburg.de
08.11 11:24:11,804|11044: Got Nameservice, trying to contact it for: 113629
08.11 11:24:11,809|11044: 113629 found, Name: 113629 Node: node5@lab29.cpt.haw-hamburg.de
08.11 11:24:11,810|11044: Abstimmung yes, sending to Next One
08.11 11:24:11,390|11044: Got Abstimmung
08.11 11:24:11,391|11044: Got it from someone else
08.11 11:24:11,392|11044: TimeDiff of 9 big enough
08.11 11:24:11,392|11044: Trying to get Nameservice: ns@lab30.cpt.haw-hamburg.de
08.11 11:24:11,416|11044: Got Nameservice: ns@lab30.cpt.haw-hamburg.de
08.11 11:24:11,417|11044: Got Nameservice, trying to contact it for: 113629
08.11 11:24:11,423|11044: 113629 found, Name: 113629 Node: node5@lab29.cpt.haw-hamburg.de
08.11 11:24:11,424|11044: Abstimmung yes, sending to Next One
08.11 11:24:12,408|11044: Got Abstimmung
08.11 11:24:12,409|11044: Got it from someone else
08.11 11:24:12,410|11044: TimeDiff of 10 big enough
08.11 11:24:12,410|11044: Trying to get Nameservice: ns@lab30.cpt.haw-hamburg.de
08.11 11:24:12,416|11044: Got Nameservice: ns@lab30.cpt.haw-hamburg.de
08.11 11:24:12,416|11044: Got Nameservice, trying to contact it for: 113629
08.11 11:24:12,422|11044: 113629 found, Name: 113629 Node: node5@lab29.cpt.haw-hamburg.de
08.11 11:24:12,422|11044: Abstimmung yes, sending to Next One
08.11 11:24:12,404|11044: Got Abstimmung
08.11 11:24:12,405|11044: Got it from someone else
08.11 11:24:12,406|11044: TimeDiff of 10 big enough
08.11 11:24:12,406|11044: Trying to get Nameservice: ns@lab30.cpt.haw-hamburg.de
08.11 11:24:12,412|11044: Got Nameservice: ns@lab30.cpt.haw-hamburg.de
08.11 11:24:12,413|11044: Got Nameservice, trying to contact it for: 113629
08.11 11:24:12,437|11044: 113629 found, Name: 113629 Node: node5@lab29.cpt.haw-hamburg.de
08.11 11:24:12,438|11044: Abstimmung yes, sending to Next One
08.11 11:24:13,554|11044: Got Abstimmung
08.11 11:24:13,568|11044: Got it from someone else
08.11 11:24:13,590|11044: TimeDiff of 11 big enough
08.11 11:24:13,808|11044: Trying to get Nameservice: ns@lab30.cpt.haw-hamburg.de
08.11 11:24:13,385|11044: Got Nameservice: ns@lab30.cpt.haw-hamburg.de
08.11 11:24:13,393|11044: Got Nameservice, trying to contact it for: 113629
08.11 11:24:13,710|11044: 113629 found, Name: 113629 Node: node5@lab29.cpt.haw-hamburg.de
08.11 11:24:13,717|11044: Abstimmung yes, sending to Next One
08.11 11:24:13,366|11044: Got Abstimmung
08.11 11:24:13,367|11044: Got it from someone else
08.11 11:24:13,367|11044: TimeDiff of 11 big enough
08.11 11:24:13,368|11044: Trying to get Nameservice: ns@lab30.cpt.haw-hamburg.de
08.11 11:24:13,374|11044: Got Nameservice: ns@lab30.cpt.haw-hamburg.de
08.11 11:24:13,376|11044: Got Nameservice, trying to contact it for: 113629
08.11 11:24:13,414|11044: 113629 found, Name: 113629 Node: node5@lab29.cpt.haw-hamburg.de
08.11 11:24:13,414|11044: Abstimmung yes, sending to Next One
08.11 11:24:13,180|11044: Got Abstimmung
08.11 11:24:13,181|11044: Got it from someone else
08.11 11:24:13,182|11044: TimeDiff of 11 big enough
08.11 11:24:13,183|11044: Trying to get Nameservice: ns@lab30.cpt.haw-hamburg.de
08.11 11:24:13,188|11044: Got Nameservice: ns@lab30.cpt.haw-hamburg.de
08.11 11:24:13,189|11044: Got Nameservice, trying to contact it for: 113629
08.11 11:24:13,193|11044: 113629 found, Name: 113629 Node: node5@lab29.cpt.haw-hamburg.de
08.11 11:24:13,194|11044: Abstimmung yes, sending to Next One
08.11 11:24:14,621|11044: Got Abstimmung
08.11 11:24:14,622|11044: Got it from someone else
08.11 11:24:14,623|11044: TimeDiff of 12 big enough
08.11 11:24:14,624|11044: Trying to get Nameservice: ns@lab30.cpt.haw-hamburg.de
08.11 11:24:14,629|11044: Got Nameservice: ns@lab30.cpt.haw-hamburg.de
08.11 11:24:14,630|11044: Got Nameservice, trying to contact it for: 113629
08.11 11:24:14,636|11044: 113629 found, Name: 113629 Node: node5@lab29.cpt.haw-hamburg.de
08.11 11:24:14,636|11044: Abstimmung yes, sending to Next One
08.11 11:24:15,728|11044: Got Abstimmung
08.11 11:24:15,729|11044: Got it from someone else
08.11 11:24:15,729|11044: TimeDiff of 13 big enough
08.11 11:24:15,730|11044: Trying to get Nameservice: ns@lab30.cpt.haw-hamburg.de
08.11 11:24:15,736|11044: Got Nameservice: ns@lab30.cpt.haw-hamburg.de
08.11 11:24:15,736|11044: Got Nameservice, trying to contact it for: 113629
08.11 11:24:15,741|11044: 113629 found, Name: 113629 Node: node5@lab29.cpt.haw-hamburg.de
08.11 11:24:15,742|11044: Abstimmung yes, sending to Next One
08.11 11:24:18,515|11044: Got Abstimmung
08.11 11:24:18,516|11044: Got it from someone else
08.11 11:24:18,517|11044: TimeDiff of 16 big enough
08.11 11:24:18,517|11044: Trying to get Nameservice: ns@lab30.cpt.haw-hamburg.de
08.11 11:24:18,522|11044: Got Nameservice: ns@lab30.cpt.haw-hamburg.de
08.11 11:24:18,523|11044: Got Nameservice, trying to contact it for: 113629
08.11 11:24:18,527|11044: 113629 found, Name: 113629 Node: node5@lab29.cpt.haw-hamburg.de
08.11 11:24:18,528|11044: Abstimmung yes, sending to Next One
08.11 11:24:19,827|11044: Got Abstimmung
08.11 11:24:19,828|11044: Got it from someone else
08.11 11:24:19,829|11044: TimeDiff of 17 big enough
08.11 11:24:19,829|11044: Trying to get Nameservice: ns@lab30.cpt.haw-hamburg.de
08.11 11:24:19,836|11044: Got Nameservice: ns@lab30.cpt.haw-hamburg.de
08.11 11:24:19,837|11044: Got Nameservice, trying to contact it for: 113629
08.11 11:24:19,840|11044: 113629 found, Name: 113629 Node: node5@lab29.cpt.haw-hamburg.de
08.11 11:24:19,841|11044: Abstimmung yes, sending to Next One
08.11 11:24:23,806|11044: Got Abstimmung
08.11 11:24:23,807|11044: Got it from someone else
08.11 11:24:23,808|11044: TimeDiff of 21 big enough
08.11 11:24:23,809|11044: Trying to get Nameservice: ns@lab30.cpt.haw-hamburg.de
08.11 11:24:23,815|11044: Got Nameservice: ns@lab30.cpt.haw-hamburg.de
08.11 11:24:23,815|11044: Got Nameservice, trying to contact it for: 113629
08.11 11:24:23,821|11044: 113629 found, Name: 113629 Node: node5@lab29.cpt.haw-hamburg.de
08.11 11:24:23,822|11044: Abstimmung yes, sending to Next One
08.11 11:24:23,408|11044: Got Abstimmung
08.11 11:24:23,409|11044: Got it from someone else
08.11 11:24:23,410|11044: TimeDiff of 21 big enough
08.11 11:24:23,411|11044: Trying to get Nameservice: ns@lab30.cpt.haw-hamburg.de
08.11 11:24:23,416|11044: Got Nameservice: ns@lab30.cpt.haw-hamburg.de
08.11 11:24:23,417|11044: Got Nameservice, trying to contact it for: 113629
08.11 11:24:23,426|11044: 113629 found, Name: 113629 Node: node5@lab29.cpt.haw-hamburg.de
08.11 11:24:23,426|11044: Abstimmung yes, sending to Next One
08.11 11:24:24,298|11044: Got Abstimmung
08.11 11:24:24,299|11044: Got it from someone else
08.11 11:24:24,300|11044: TimeDiff of 22 big enough
08.11 11:24:24,301|11044: Trying to get Nameservice: ns@lab30.cpt.haw-hamburg.de
08.11 11:24:24,310|11044: Got Nameservice: ns@lab30.cpt.haw-hamburg.de
08.11 11:24:24,310|11044: Got Nameservice, trying to contact it for: 113629
08.11 11:24:24,313|11044: 113629 found, Name: 113629 Node: node5@lab29.cpt.haw-hamburg.de
08.11 11:24:24,314|11044: Abstimmung yes, sending to Next One
08.11 11:24:25,990|11044: Got Abstimmung
08.11 11:24:25,990|11044: Got it from someone else
08.11 11:24:25,991|11044: TimeDiff of 23 big enough
08.11 11:24:25,992|11044: Trying to get Nameservice: ns@lab30.cpt.haw-hamburg.de
08.11 11:24:25,997|11044: Got Nameservice: ns@lab30.cpt.haw-hamburg.de
08.11 11:24:25,998|11044: Got Nameservice, trying to contact it for: 113629
08.11 11:24:25,002|11044: 113629 found, Name: 113629 Node: node5@lab29.cpt.haw-hamburg.de
08.11 11:24:25,003|11044: Abstimmung yes, sending to Next One
08.11 11:24:28,801|11044: Got Abstimmung
08.11 11:24:28,803|11044: Got it from someone else
08.11 11:24:28,805|11044: TimeDiff of 26 big enough
08.11 11:24:28,805|11044: Trying to get Nameservice: ns@lab30.cpt.haw-hamburg.de
08.11 11:24:28,831|11044: Got Nameservice: ns@lab30.cpt.haw-hamburg.de
08.11 11:24:28,831|11044: Got Nameservice, trying to contact it for: 113629
08.11 11:24:28,835|11044: 113629 found, Name: 113629 Node: node5@lab29.cpt.haw-hamburg.de
08.11 11:24:28,836|11044: Abstimmung yes, sending to Next One
08.11 11:24:28,720|11044: Got Abstimmung
08.11 11:24:28,722|11044: Got it from someone else
08.11 11:24:28,723|11044: TimeDiff of 26 big enough
08.11 11:24:28,727|11044: Trying to get Nameservice: ns@lab30.cpt.haw-hamburg.de
08.11 11:24:28,733|11044: Got Nameservice: ns@lab30.cpt.haw-hamburg.de
08.11 11:24:28,734|11044: Got Nameservice, trying to contact it for: 113629
08.11 11:24:28,739|11044: 113629 found, Name: 113629 Node: node5@lab29.cpt.haw-hamburg.de
08.11 11:24:28,740|11044: Abstimmung yes, sending to Next One
08.11 11:24:29,062|11044: Got Abstimmung
08.11 11:24:29,069|11044: Got it from someone else
08.11 11:24:29,075|11044: TimeDiff of 27 big enough
08.11 11:24:29,081|11044: Trying to get Nameservice: ns@lab30.cpt.haw-hamburg.de
08.11 11:24:29,175|11044: Got Nameservice: ns@lab30.cpt.haw-hamburg.de
08.11 11:24:29,183|11044: Got Nameservice, trying to contact it for: 113629
08.11 11:24:29,375|11044: 113629 found, Name: 113629 Node: node5@lab29.cpt.haw-hamburg.de
08.11 11:24:29,390|11044: Abstimmung yes, sending to Next One
08.11 11:24:29,626|11044: Got Abstimmung
08.11 11:24:29,626|11044: Got it from someone else
08.11 11:24:29,627|11044: TimeDiff of 27 big enough
08.11 11:24:29,627|11044: Trying to get Nameservice: ns@lab30.cpt.haw-hamburg.de
08.11 11:24:29,635|11044: Got Nameservice: ns@lab30.cpt.haw-hamburg.de
08.11 11:24:29,635|11044: Got Nameservice, trying to contact it for: 113629
08.11 11:24:29,689|11044: 113629 found, Name: 113629 Node: node5@lab29.cpt.haw-hamburg.de
08.11 11:24:29,690|11044: Abstimmung yes, sending to Next One
08.11 11:24:29,230|11044: Got Abstimmung
08.11 11:24:29,230|11044: Got it from someone else
08.11 11:24:29,231|11044: TimeDiff of 27 big enough
08.11 11:24:29,232|11044: Trying to get Nameservice: ns@lab30.cpt.haw-hamburg.de
08.11 11:24:29,256|11044: Got Nameservice: ns@lab30.cpt.haw-hamburg.de
08.11 11:24:29,257|11044: Got Nameservice, trying to contact it for: 113629
08.11 11:24:29,260|11044: 113629 found, Name: 113629 Node: node5@lab29.cpt.haw-hamburg.de
08.11 11:24:29,261|11044: Abstimmung yes, sending to Next One
08.11 11:24:29,104|11044: Got Abstimmung
08.11 11:24:29,105|11044: Got it from someone else
08.11 11:24:29,105|11044: TimeDiff of 27 big enough
08.11 11:24:29,106|11044: Trying to get Nameservice: ns@lab30.cpt.haw-hamburg.de
08.11 11:24:29,122|11044: Got Nameservice: ns@lab30.cpt.haw-hamburg.de
08.11 11:24:29,123|11044: Got Nameservice, trying to contact it for: 113629
08.11 11:24:29,130|11044: 113629 found, Name: 113629 Node: node5@lab29.cpt.haw-hamburg.de
08.11 11:24:29,131|11044: Abstimmung yes, sending to Next One
08.11 11:24:30,310|11044: Got Abstimmung
08.11 11:24:30,310|11044: Got it from someone else
08.11 11:24:30,311|11044: TimeDiff of 28 big enough
08.11 11:24:30,312|11044: Trying to get Nameservice: ns@lab30.cpt.haw-hamburg.de
08.11 11:24:30,347|11044: Got Nameservice: ns@lab30.cpt.haw-hamburg.de
08.11 11:24:30,349|11044: Got Nameservice, trying to contact it for: 113629
08.11 11:24:30,354|11044: 113629 found, Name: 113629 Node: node5@lab29.cpt.haw-hamburg.de
08.11 11:24:30,356|11044: Abstimmung yes, sending to Next One
08.11 11:24:30,976|11044: Got Abstimmung
08.11 11:24:30,977|11044: Got it from someone else
08.11 11:24:30,978|11044: TimeDiff of 28 big enough
08.11 11:24:30,978|11044: Trying to get Nameservice: ns@lab30.cpt.haw-hamburg.de
08.11 11:24:30,999|11044: Got Nameservice: ns@lab30.cpt.haw-hamburg.de
08.11 11:24:30,600|11044: Got Nameservice, trying to contact it for: 113629
08.11 11:24:30,780|11044: 113629 found, Name: 113629 Node: node5@lab29.cpt.haw-hamburg.de
08.11 11:24:30,389|11044: Abstimmung yes, sending to Next One
08.11 11:24:31,164|11044: Got Abstimmung
08.11 11:24:31,166|11044: Got it from someone else
08.11 11:24:31,167|11044: TimeDiff of 29 big enough
08.11 11:24:31,168|11044: Trying to get Nameservice: ns@lab30.cpt.haw-hamburg.de
08.11 11:24:31,193|11044: Got Nameservice: ns@lab30.cpt.haw-hamburg.de
08.11 11:24:31,194|11044: Got Nameservice, trying to contact it for: 113629
08.11 11:24:31,208|11044: 113629 found, Name: 113629 Node: node5@lab29.cpt.haw-hamburg.de
08.11 11:24:31,209|11044: Abstimmung yes, sending to Next One
08.11 11:24:32,004|11044: Got Abstimmung
08.11 11:24:32,028|11044: Got it from someone else
08.11 11:24:32,040|11044: TimeDiff of 30 big enough
08.11 11:24:32,052|11044: Trying to get Nameservice: ns@lab30.cpt.haw-hamburg.de
08.11 11:24:32,105|11044: Got Nameservice: ns@lab30.cpt.haw-hamburg.de
08.11 11:24:32,112|11044: Got Nameservice, trying to contact it for: 113629
08.11 11:24:32,168|11044: 113629 found, Name: 113629 Node: node5@lab29.cpt.haw-hamburg.de
08.11 11:24:32,174|11044: Abstimmung yes, sending to Next One
08.11 11:24:32,356|11044: Got Abstimmung
08.11 11:24:32,357|11044: Got it from someone else
08.11 11:24:32,357|11044: TimeDiff of 30 big enough
08.11 11:24:32,358|11044: Trying to get Nameservice: ns@lab30.cpt.haw-hamburg.de
08.11 11:24:32,394|11044: Got Nameservice: ns@lab30.cpt.haw-hamburg.de
08.11 11:24:32,396|11044: Got Nameservice, trying to contact it for: 113629
08.11 11:24:32,438|11044: 113629 found, Name: 113629 Node: node5@lab29.cpt.haw-hamburg.de
08.11 11:24:32,442|11044: Abstimmung yes, sending to Next One
08.11 11:24:32,485|11044: Got Abstimmung
08.11 11:24:32,486|11044: Got it from someone else
08.11 11:24:32,486|11044: TimeDiff of 30 big enough
08.11 11:24:32,487|11044: Trying to get Nameservice: ns@lab30.cpt.haw-hamburg.de
08.11 11:24:32,494|11044: Got Nameservice: ns@lab30.cpt.haw-hamburg.de
08.11 11:24:32,495|11044: Got Nameservice, trying to contact it for: 113629
08.11 11:24:32,522|11044: 113629 found, Name: 113629 Node: node5@lab29.cpt.haw-hamburg.de
08.11 11:24:32,523|11044: Abstimmung yes, sending to Next One
08.11 11:24:33,805|11044: Got Abstimmung
08.11 11:24:33,806|11044: Got it from someone else
08.11 11:24:33,807|11044: TimeDiff of 31 big enough
08.11 11:24:33,807|11044: Trying to get Nameservice: ns@lab30.cpt.haw-hamburg.de
08.11 11:24:33,832|11044: Got Nameservice: ns@lab30.cpt.haw-hamburg.de
08.11 11:24:33,833|11044: Got Nameservice, trying to contact it for: 113629
08.11 11:24:33,842|11044: 113629 found, Name: 113629 Node: node5@lab29.cpt.haw-hamburg.de
08.11 11:24:33,844|11044: Abstimmung yes, sending to Next One
08.11 11:24:33,118|11044: Got Abstimmung
08.11 11:24:33,119|11044: Got it from someone else
08.11 11:24:33,119|11044: TimeDiff of 31 big enough
08.11 11:24:33,120|11044: Trying to get Nameservice: ns@lab30.cpt.haw-hamburg.de
08.11 11:24:33,126|11044: Got Nameservice: ns@lab30.cpt.haw-hamburg.de
08.11 11:24:33,127|11044: Got Nameservice, trying to contact it for: 113629
08.11 11:24:33,134|11044: 113629 found, Name: 113629 Node: node5@lab29.cpt.haw-hamburg.de
08.11 11:24:33,134|11044: Abstimmung yes, sending to Next One
08.11 11:24:33,427|11044: Got Abstimmung
08.11 11:24:33,428|11044: Got it from someone else
08.11 11:24:33,428|11044: TimeDiff of 31 big enough
08.11 11:24:33,429|11044: Trying to get Nameservice: ns@lab30.cpt.haw-hamburg.de
08.11 11:24:33,440|11044: Got Nameservice: ns@lab30.cpt.haw-hamburg.de
08.11 11:24:33,441|11044: Got Nameservice, trying to contact it for: 113629
08.11 11:24:33,447|11044: 113629 found, Name: 113629 Node: node5@lab29.cpt.haw-hamburg.de
08.11 11:24:33,448|11044: Abstimmung yes, sending to Next One
08.11 11:24:34,795|11044: Got Abstimmung
08.11 11:24:34,797|11044: Got it from someone else
08.11 11:24:34,801|11044: TimeDiff of 32 big enough
08.11 11:24:34,821|11044: Trying to get Nameservice: ns@lab30.cpt.haw-hamburg.de
08.11 11:24:34,828|11044: Got Nameservice: ns@lab30.cpt.haw-hamburg.de
08.11 11:24:34,829|11044: Got Nameservice, trying to contact it for: 113629
08.11 11:24:34,855|11044: 113629 found, Name: 113629 Node: node5@lab29.cpt.haw-hamburg.de
08.11 11:24:34,856|11044: Abstimmung yes, sending to Next One
08.11 11:24:35,062|11044: Got Abstimmung
08.11 11:24:35,064|11044: Got it from someone else
08.11 11:24:35,064|11044: TimeDiff of 33 big enough
08.11 11:24:35,065|11044: Trying to get Nameservice: ns@lab30.cpt.haw-hamburg.de
08.11 11:24:35,071|11044: Got Nameservice: ns@lab30.cpt.haw-hamburg.de
08.11 11:24:35,071|11044: Got Nameservice, trying to contact it for: 113629
08.11 11:24:35,077|11044: 113629 found, Name: 113629 Node: node5@lab29.cpt.haw-hamburg.de
08.11 11:24:35,077|11044: Abstimmung yes, sending to Next One
08.11 11:24:43,529|11044: Got Abstimmung
08.11 11:24:43,541|11044: Got it from someone else
08.11 11:24:43,548|11044: TimeDiff of 41 big enough
08.11 11:24:43,554|11044: Trying to get Nameservice: ns@lab30.cpt.haw-hamburg.de
08.11 11:24:43,624|11044: Got Nameservice: ns@lab30.cpt.haw-hamburg.de
08.11 11:24:43,634|11044: Got Nameservice, trying to contact it for: 113629
08.11 11:24:43,689|11044: 113629 found, Name: 113629 Node: node5@lab29.cpt.haw-hamburg.de
08.11 11:24:43,697|11044: Abstimmung yes, sending to Next One
08.11 11:24:43,989|11044: Got Abstimmung
08.11 11:24:43,990|11044: Got it from someone else
08.11 11:24:43,990|11044: TimeDiff of 41 big enough
08.11 11:24:43,991|11044: Trying to get Nameservice: ns@lab30.cpt.haw-hamburg.de
08.11 11:24:43,011|11044: Got Nameservice: ns@lab30.cpt.haw-hamburg.de
08.11 11:24:43,012|11044: Got Nameservice, trying to contact it for: 113629
08.11 11:24:43,015|11044: 113629 found, Name: 113629 Node: node5@lab29.cpt.haw-hamburg.de
08.11 11:24:43,016|11044: Abstimmung yes, sending to Next One
08.11 11:24:44,726|11044: Got Abstimmung
08.11 11:24:44,727|11044: Got it from someone else
08.11 11:24:44,728|11044: TimeDiff of 42 big enough
08.11 11:24:44,729|11044: Trying to get Nameservice: ns@lab30.cpt.haw-hamburg.de
08.11 11:24:44,734|11044: Got Nameservice: ns@lab30.cpt.haw-hamburg.de
08.11 11:24:44,735|11044: Got Nameservice, trying to contact it for: 113629
08.11 11:24:44,740|11044: 113629 found, Name: 113629 Node: node5@lab29.cpt.haw-hamburg.de
08.11 11:24:44,741|11044: Abstimmung yes, sending to Next One
08.11 11:24:48,405|11044: Got Abstimmung
08.11 11:24:48,406|11044: Got it from someone else
08.11 11:24:48,406|11044: TimeDiff of 46 big enough
08.11 11:24:48,407|11044: Trying to get Nameservice: ns@lab30.cpt.haw-hamburg.de
08.11 11:24:48,413|11044: Got Nameservice: ns@lab30.cpt.haw-hamburg.de
08.11 11:24:48,413|11044: Got Nameservice, trying to contact it for: 113629
08.11 11:24:48,435|11044: 113629 found, Name: 113629 Node: node5@lab29.cpt.haw-hamburg.de
08.11 11:24:48,436|11044: Abstimmung yes, sending to Next One
08.11 11:24:50,845|11044: Got Abstimmung
08.11 11:24:50,846|11044: Got it from someone else
08.11 11:24:50,847|11044: TimeDiff of 48 big enough
08.11 11:24:50,847|11044: Trying to get Nameservice: ns@lab30.cpt.haw-hamburg.de
08.11 11:24:50,854|11044: Got Nameservice: ns@lab30.cpt.haw-hamburg.de
08.11 11:24:50,855|11044: Got Nameservice, trying to contact it for: 113629
08.11 11:24:50,860|11044: 113629 found, Name: 113629 Node: node5@lab29.cpt.haw-hamburg.de
08.11 11:24:50,861|11044: Abstimmung yes, sending to Next One
08.11 11:24:51,968|11044: Got Abstimmung
08.11 11:24:51,978|11044: Got it from someone else
08.11 11:24:51,984|11044: TimeDiff of 49 big enough
08.11 11:24:51,990|11044: Trying to get Nameservice: ns@lab30.cpt.haw-hamburg.de
08.11 11:24:51,005|11044: Got Nameservice: ns@lab30.cpt.haw-hamburg.de
08.11 11:24:51,006|11044: Got Nameservice, trying to contact it for: 113629
08.11 11:24:51,035|11044: 113629 found, Name: 113629 Node: node5@lab29.cpt.haw-hamburg.de
08.11 11:24:51,036|11044: Abstimmung yes, sending to Next One
08.11 11:24:51,213|11044: Got Abstimmung
08.11 11:24:51,214|11044: Got it from someone else
08.11 11:24:51,215|11044: TimeDiff of 49 big enough
08.11 11:24:51,215|11044: Trying to get Nameservice: ns@lab30.cpt.haw-hamburg.de
08.11 11:24:51,221|11044: Got Nameservice: ns@lab30.cpt.haw-hamburg.de
08.11 11:24:51,222|11044: Got Nameservice, trying to contact it for: 113629
08.11 11:24:51,227|11044: 113629 found, Name: 113629 Node: node5@lab29.cpt.haw-hamburg.de
08.11 11:24:51,228|11044: Abstimmung yes, sending to Next One
08.11 11:24:52,136|11044: Got Abstimmung
08.11 11:24:52,137|11044: Got it from someone else
08.11 11:24:52,138|11044: TimeDiff of 50 big enough
08.11 11:24:52,138|11044: Trying to get Nameservice: ns@lab30.cpt.haw-hamburg.de
08.11 11:24:52,145|11044: Got Nameservice: ns@lab30.cpt.haw-hamburg.de
08.11 11:24:52,149|11044: Got Nameservice, trying to contact it for: 113629
08.11 11:24:52,154|11044: 113629 found, Name: 113629 Node: node5@lab29.cpt.haw-hamburg.de
08.11 11:24:52,154|11044: Abstimmung yes, sending to Next One
08.11 11:24:56,013|11044: Got Abstimmung
08.11 11:24:56,014|11044: Got it from someone else
08.11 11:24:56,014|11044: TimeDiff of 54 big enough
08.11 11:24:56,015|11044: Trying to get Nameservice: ns@lab30.cpt.haw-hamburg.de
08.11 11:24:56,021|11044: Got Nameservice: ns@lab30.cpt.haw-hamburg.de
08.11 11:24:56,022|11044: Got Nameservice, trying to contact it for: 113629
08.11 11:24:56,028|11044: 113629 found, Name: 113629 Node: node5@lab29.cpt.haw-hamburg.de
08.11 11:24:56,028|11044: Abstimmung yes, sending to Next One
08.11 11:24:57,432|11044: Got Abstimmung
08.11 11:24:57,442|11044: Got it from someone else
08.11 11:24:57,449|11044: TimeDiff of 55 big enough
08.11 11:24:57,455|11044: Trying to get Nameservice: ns@lab30.cpt.haw-hamburg.de
08.11 11:24:57,504|11044: Got Nameservice: ns@lab30.cpt.haw-hamburg.de
08.11 11:24:57,511|11044: Got Nameservice, trying to contact it for: 113629
08.11 11:24:57,562|11044: 113629 found, Name: 113629 Node: node5@lab29.cpt.haw-hamburg.de
08.11 11:24:57,569|11044: Abstimmung yes, sending to Next One
08.11 11:24:58,143|11044: Got Abstimmung
08.11 11:24:58,145|11044: Got it from someone else
08.11 11:24:58,146|11044: TimeDiff of 56 big enough
08.11 11:24:58,146|11044: Trying to get Nameservice: ns@lab30.cpt.haw-hamburg.de
08.11 11:24:58,152|11044: Got Nameservice: ns@lab30.cpt.haw-hamburg.de
08.11 11:24:58,153|11044: Got Nameservice, trying to contact it for: 113629
08.11 11:24:58,161|11044: 113629 found, Name: 113629 Node: node5@lab29.cpt.haw-hamburg.de
08.11 11:24:58,162|11044: Abstimmung yes, sending to Next One
08.11 11:24:58,096|11044: Got Abstimmung
08.11 11:24:58,097|11044: Got it from someone else
08.11 11:24:58,098|11044: TimeDiff of 56 big enough
08.11 11:24:58,098|11044: Trying to get Nameservice: ns@lab30.cpt.haw-hamburg.de
08.11 11:24:58,123|11044: Got Nameservice: ns@lab30.cpt.haw-hamburg.de
08.11 11:24:58,124|11044: Got Nameservice, trying to contact it for: 113629
08.11 11:24:58,131|11044: 113629 found, Name: 113629 Node: node5@lab29.cpt.haw-hamburg.de
08.11 11:24:58,132|11044: Abstimmung yes, sending to Next One
08.11 11:25:06,967|11044: Got Abstimmung
08.11 11:25:06,968|11044: Got it from someone else
08.11 11:25:06,970|11044: TimeDiff of 64 big enough
08.11 11:25:06,971|11044: Trying to get Nameservice: ns@lab30.cpt.haw-hamburg.de
08.11 11:25:06,984|11044: Got Nameservice: ns@lab30.cpt.haw-hamburg.de
08.11 11:25:06,985|11044: Got Nameservice, trying to contact it for: 113629
08.11 11:25:06,990|11044: 113629 found, Name: 113629 Node: node5@lab29.cpt.haw-hamburg.de
08.11 11:25:06,990|11044: Abstimmung yes, sending to Next One
08.11 11:25:06,071|11044: Got Abstimmung
08.11 11:25:06,072|11044: Got it from someone else
08.11 11:25:06,073|11044: TimeDiff of 64 big enough
08.11 11:25:06,074|11044: Trying to get Nameservice: ns@lab30.cpt.haw-hamburg.de
08.11 11:25:06,078|11044: Got Nameservice: ns@lab30.cpt.haw-hamburg.de
08.11 11:25:06,079|11044: Got Nameservice, trying to contact it for: 113629
08.11 11:25:06,087|11044: 113629 found, Name: 113629 Node: node5@lab29.cpt.haw-hamburg.de
08.11 11:25:06,088|11044: Abstimmung yes, sending to Next One
08.11 11:25:08,100|11044: Got Abstimmung
08.11 11:25:08,100|11044: Got it from someone else
08.11 11:25:08,101|11044: TimeDiff of 66 big enough
08.11 11:25:08,102|11044: Trying to get Nameservice: ns@lab30.cpt.haw-hamburg.de
08.11 11:25:08,123|11044: Got Nameservice: ns@lab30.cpt.haw-hamburg.de
08.11 11:25:08,123|11044: Got Nameservice, trying to contact it for: 113629
08.11 11:25:08,132|11044: 113629 found, Name: 113629 Node: node5@lab29.cpt.haw-hamburg.de
08.11 11:25:08,132|11044: Abstimmung yes, sending to Next One
08.11 11:25:08,145|11044: Got Abstimmung
08.11 11:25:08,146|11044: Got it from someone else
08.11 11:25:08,146|11044: TimeDiff of 66 big enough
08.11 11:25:08,147|11044: Trying to get Nameservice: ns@lab30.cpt.haw-hamburg.de
08.11 11:25:08,153|11044: Got Nameservice: ns@lab30.cpt.haw-hamburg.de
08.11 11:25:08,154|11044: Got Nameservice, trying to contact it for: 113629
08.11 11:25:08,159|11044: 113629 found, Name: 113629 Node: node5@lab29.cpt.haw-hamburg.de
08.11 11:25:08,160|11044: Abstimmung yes, sending to Next One
08.11 11:25:09,763|11044: Got Abstimmung
08.11 11:25:09,764|11044: Got it from someone else
08.11 11:25:09,766|11044: TimeDiff of 67 big enough
08.11 11:25:09,766|11044: Trying to get Nameservice: ns@lab30.cpt.haw-hamburg.de
08.11 11:25:09,771|11044: Got Nameservice: ns@lab30.cpt.haw-hamburg.de
08.11 11:25:09,772|11044: Got Nameservice, trying to contact it for: 113629
08.11 11:25:09,778|11044: 113629 found, Name: 113629 Node: node5@lab29.cpt.haw-hamburg.de
08.11 11:25:09,778|11044: Abstimmung yes, sending to Next One
08.11 11:25:10,319|11044: Got Abstimmung
08.11 11:25:10,319|11044: Got it from someone else
08.11 11:25:10,320|11044: TimeDiff of 68 big enough
08.11 11:25:10,321|11044: Trying to get Nameservice: ns@lab30.cpt.haw-hamburg.de
08.11 11:25:10,327|11044: Got Nameservice: ns@lab30.cpt.haw-hamburg.de
08.11 11:25:10,328|11044: Got Nameservice, trying to contact it for: 113629
08.11 11:25:10,355|11044: 113629 found, Name: 113629 Node: node5@lab29.cpt.haw-hamburg.de
08.11 11:25:10,356|11044: Abstimmung yes, sending to Next One
08.11 11:25:14,719|11044: Got Nameservice: ns@lab30.cpt.haw-hamburg.de
08.11 11:25:14,720|11044: Unbinding from Nameservice
08.11 11:25:14,721|11044: Killed
