08.11 11:20:05,760|11034: Got Nameservice: ns@lab30.cpt.haw-hamburg.de
08.11 11:20:05,761|11034: Sende Nachricht an Nameservicenode: ns@lab30.cpt.haw-hamburg.de
08.11 11:20:05,764|11034: Nachricht an Nameservicenode gesendet
08.11 11:20:05,795|11034: Bind done
08.11 11:20:05,796|11034: Get Koordinator -> Get Dienst
08.11 11:20:05,797|11034: Trying to get Nameservice: ns@lab30.cpt.haw-hamburg.de
08.11 11:20:05,826|11034: Got Nameservice: ns@lab30.cpt.haw-hamburg.de
08.11 11:20:05,827|11034: Got Nameservice, trying to contact it for: chef
08.11 11:20:05,861|11034: chef found, Name: chef Node: ko@lab22.cpt.haw-hamburg.de
08.11 11:20:05,861|11034: Sende Nachricht an Koordinator: chef
08.11 11:20:05,863|11034: warte auf Nachbarmessage vom Koordinator
08.11 11:21:06,111|11034: Neighbors set. Left: 113329 Right: 12111|starting loop
08.11 11:21:12,114|11034: Starting with MI: 1026675
08.11 11:21:12,114|11034: Starting new timer
08.11 11:21:15,100|11034: Got Abstimmung
08.11 11:21:15,102|11034: Got it from someone else
08.11 11:21:15,102|11034: TimeDiff of 3 big enough
08.11 11:21:15,103|11034: Trying to get Nameservice: ns@lab30.cpt.haw-hamburg.de
08.11 11:21:15,110|11034: Got Nameservice: ns@lab30.cpt.haw-hamburg.de
08.11 11:21:15,111|11034: Got Nameservice, trying to contact it for: 12111
08.11 11:21:15,114|11034: 12111 found, Name: 12111 Node: starter@lab23.cpt.haw-hamburg.de
08.11 11:21:15,115|11034: Abstimmung yes, sending to Next One
08.11 11:21:15,115|11034: Got Abstimmung
08.11 11:21:15,116|11034: Got it from someone else
08.11 11:21:15,116|11034: TimeDiff of 3 big enough
08.11 11:21:15,117|11034: Trying to get Nameservice: ns@lab30.cpt.haw-hamburg.de
08.11 11:21:15,125|11034: Got Nameservice: ns@lab30.cpt.haw-hamburg.de
08.11 11:21:15,126|11034: Got Nameservice, trying to contact it for: 12111
08.11 11:21:15,131|11034: 12111 found, Name: 12111 Node: starter@lab23.cpt.haw-hamburg.de
08.11 11:21:15,132|11034: Abstimmung yes, sending to Next One
08.11 11:21:15,133|11034: Trying to get Nameservice: ns@lab30.cpt.haw-hamburg.de
08.11 11:21:15,142|11034: Got Nameservice: ns@lab30.cpt.haw-hamburg.de
08.11 11:21:15,143|11034: Got Nameservice, trying to contact it for: 12111
08.11 11:21:15,148|11034: 12111 found, Name: 12111 Node: starter@lab23.cpt.haw-hamburg.de
08.11 11:21:15,149|11034: ABSTIMMUNG start
08.11 11:21:15,149|11034: Got Abstimmung
08.11 11:21:15,150|11034: Got it from someone else
08.11 11:21:15,150|11034: TimeDiff of 3 big enough
08.11 11:21:15,151|11034: Trying to get Nameservice: ns@lab30.cpt.haw-hamburg.de
08.11 11:21:15,155|11034: Got Nameservice: ns@lab30.cpt.haw-hamburg.de
08.11 11:21:15,155|11034: Got Nameservice, trying to contact it for: 12111
08.11 11:21:15,162|11034: 12111 found, Name: 12111 Node: starter@lab23.cpt.haw-hamburg.de
08.11 11:21:15,163|11034: Abstimmung yes, sending to Next One
08.11 11:21:15,307|11034: Got Abstimmung
08.11 11:21:15,308|11034: Got it from someone else
08.11 11:21:15,309|11034: TimeDiff of 3 big enough
08.11 11:21:15,309|11034: Trying to get Nameservice: ns@lab30.cpt.haw-hamburg.de
08.11 11:21:15,316|11034: Got Nameservice: ns@lab30.cpt.haw-hamburg.de
08.11 11:21:15,317|11034: Got Nameservice, trying to contact it for: 12111
08.11 11:21:15,322|11034: 12111 found, Name: 12111 Node: starter@lab23.cpt.haw-hamburg.de
08.11 11:21:15,323|11034: Abstimmung yes, sending to Next One
08.11 11:21:16,459|11034: Got Abstimmung
08.11 11:21:16,465|11034: Got it from someone else
08.11 11:21:16,471|11034: TimeDiff of 4 big enough
08.11 11:21:16,476|11034: Trying to get Nameservice: ns@lab30.cpt.haw-hamburg.de
08.11 11:21:16,604|11034: Got Nameservice: ns@lab30.cpt.haw-hamburg.de
08.11 11:21:16,618|11034: Got Nameservice, trying to contact it for: 12111
08.11 11:21:16,675|11034: 12111 found, Name: 12111 Node: starter@lab23.cpt.haw-hamburg.de
08.11 11:21:16,681|11034: Abstimmung yes, sending to Next One
08.11 11:21:16,316|11034: Got Abstimmung
08.11 11:21:16,317|11034: Got it from someone else
08.11 11:21:16,317|11034: TimeDiff of 4 big enough
08.11 11:21:16,318|11034: Trying to get Nameservice: ns@lab30.cpt.haw-hamburg.de
08.11 11:21:16,336|11034: Got Nameservice: ns@lab30.cpt.haw-hamburg.de
08.11 11:21:16,338|11034: Got Nameservice, trying to contact it for: 12111
08.11 11:21:16,382|11034: 12111 found, Name: 12111 Node: starter@lab23.cpt.haw-hamburg.de
08.11 11:21:16,383|11034: Abstimmung yes, sending to Next One
08.11 11:21:16,089|11034: Got Abstimmung
08.11 11:21:16,090|11034: Got it from someone else
08.11 11:21:16,091|11034: TimeDiff of 4 big enough
08.11 11:21:16,091|11034: Trying to get Nameservice: ns@lab30.cpt.haw-hamburg.de
08.11 11:21:16,103|11034: Got Nameservice: ns@lab30.cpt.haw-hamburg.de
08.11 11:21:16,103|11034: Got Nameservice, trying to contact it for: 12111
08.11 11:21:16,109|11034: 12111 found, Name: 12111 Node: starter@lab23.cpt.haw-hamburg.de
08.11 11:21:16,110|11034: Abstimmung yes, sending to Next One
08.11 11:21:16,579|11034: Got Abstimmung
08.11 11:21:16,579|11034: Got it from someone else
08.11 11:21:16,580|11034: TimeDiff of 4 big enough
08.11 11:21:16,580|11034: Trying to get Nameservice: ns@lab30.cpt.haw-hamburg.de
08.11 11:21:16,605|11034: Got Nameservice: ns@lab30.cpt.haw-hamburg.de
08.11 11:21:16,606|11034: Got Nameservice, trying to contact it for: 12111
08.11 11:21:16,667|11034: 12111 found, Name: 12111 Node: starter@lab23.cpt.haw-hamburg.de
08.11 11:21:16,668|11034: Abstimmung yes, sending to Next One
08.11 11:21:16,266|11034: Got Abstimmung
08.11 11:21:16,267|11034: Got it from someone else
08.11 11:21:16,267|11034: TimeDiff of 4 big enough
08.11 11:21:16,268|11034: Trying to get Nameservice: ns@lab30.cpt.haw-hamburg.de
08.11 11:21:16,281|11034: Got Nameservice: ns@lab30.cpt.haw-hamburg.de
08.11 11:21:16,281|11034: Got Nameservice, trying to contact it for: 12111
08.11 11:21:16,323|11034: 12111 found, Name: 12111 Node: starter@lab23.cpt.haw-hamburg.de
08.11 11:21:16,326|11034: Abstimmung yes, sending to Next One
08.11 11:21:16,303|11034: Got Abstimmung
08.11 11:21:16,304|11034: Got it from someone else
08.11 11:21:16,305|11034: TimeDiff of 4 big enough
08.11 11:21:16,305|11034: Trying to get Nameservice: ns@lab30.cpt.haw-hamburg.de
08.11 11:21:16,341|11034: Got Nameservice: ns@lab30.cpt.haw-hamburg.de
08.11 11:21:16,342|11034: Got Nameservice, trying to contact it for: 12111
08.11 11:21:16,395|11034: 12111 found, Name: 12111 Node: starter@lab23.cpt.haw-hamburg.de
08.11 11:21:16,396|11034: Abstimmung yes, sending to Next One
08.11 11:21:16,187|11034: Got Abstimmung
08.11 11:21:16,188|11034: Got it from someone else
08.11 11:21:16,189|11034: TimeDiff of 4 big enough
08.11 11:21:16,189|11034: Trying to get Nameservice: ns@lab30.cpt.haw-hamburg.de
08.11 11:21:16,210|11034: Got Nameservice: ns@lab30.cpt.haw-hamburg.de
08.11 11:21:16,211|11034: Got Nameservice, trying to contact it for: 12111
08.11 11:21:16,277|11034: 12111 found, Name: 12111 Node: starter@lab23.cpt.haw-hamburg.de
08.11 11:21:16,278|11034: Abstimmung yes, sending to Next One
08.11 11:21:17,537|11034: Got Abstimmung
08.11 11:21:17,537|11034: Got it from someone else
08.11 11:21:17,538|11034: TimeDiff of 5 big enough
08.11 11:21:17,538|11034: Trying to get Nameservice: ns@lab30.cpt.haw-hamburg.de
08.11 11:21:17,560|11034: Got Nameservice: ns@lab30.cpt.haw-hamburg.de
08.11 11:21:17,561|11034: Got Nameservice, trying to contact it for: 12111
08.11 11:21:17,650|11034: 12111 found, Name: 12111 Node: starter@lab23.cpt.haw-hamburg.de
08.11 11:21:17,652|11034: Abstimmung yes, sending to Next One
08.11 11:21:17,514|11034: Got Abstimmung
08.11 11:21:17,515|11034: Got it from someone else
08.11 11:21:17,515|11034: TimeDiff of 5 big enough
08.11 11:21:17,516|11034: Trying to get Nameservice: ns@lab30.cpt.haw-hamburg.de
08.11 11:21:17,573|11034: Got Nameservice: ns@lab30.cpt.haw-hamburg.de
08.11 11:21:17,574|11034: Got Nameservice, trying to contact it for: 12111
08.11 11:21:17,642|11034: 12111 found, Name: 12111 Node: starter@lab23.cpt.haw-hamburg.de
08.11 11:21:17,642|11034: Abstimmung yes, sending to Next One
08.11 11:21:18,871|11034: Got Abstimmung
08.11 11:21:18,872|11034: Got it from someone else
08.11 11:21:18,872|11034: TimeDiff of 6 big enough
08.11 11:21:18,873|11034: Trying to get Nameservice: ns@lab30.cpt.haw-hamburg.de
08.11 11:21:18,928|11034: Got Nameservice: ns@lab30.cpt.haw-hamburg.de
08.11 11:21:18,929|11034: Got Nameservice, trying to contact it for: 12111
08.11 11:21:18,953|11034: 12111 found, Name: 12111 Node: starter@lab23.cpt.haw-hamburg.de
08.11 11:21:18,954|11034: Abstimmung yes, sending to Next One
08.11 11:21:18,599|11034: Got Abstimmung
08.11 11:21:18,602|11034: Got it from someone else
08.11 11:21:18,603|11034: TimeDiff of 6 big enough
08.11 11:21:18,603|11034: Trying to get Nameservice: ns@lab30.cpt.haw-hamburg.de
08.11 11:21:18,608|11034: Got Nameservice: ns@lab30.cpt.haw-hamburg.de
08.11 11:21:18,609|11034: Got Nameservice, trying to contact it for: 12111
08.11 11:21:18,616|11034: 12111 found, Name: 12111 Node: starter@lab23.cpt.haw-hamburg.de
08.11 11:21:18,617|11034: Abstimmung yes, sending to Next One
08.11 11:21:19,321|11034: Got Abstimmung
08.11 11:21:19,321|11034: Got it from someone else
08.11 11:21:19,322|11034: TimeDiff of 7 big enough
08.11 11:21:19,323|11034: Trying to get Nameservice: ns@lab30.cpt.haw-hamburg.de
08.11 11:21:19,377|11034: Got Nameservice: ns@lab30.cpt.haw-hamburg.de
08.11 11:21:19,378|11034: Got Nameservice, trying to contact it for: 12111
08.11 11:21:19,466|11034: 12111 found, Name: 12111 Node: starter@lab23.cpt.haw-hamburg.de
08.11 11:21:19,467|11034: Abstimmung yes, sending to Next One
08.11 11:21:19,159|11034: Got Abstimmung
08.11 11:21:19,161|11034: Got it from someone else
08.11 11:21:19,162|11034: TimeDiff of 7 big enough
08.11 11:21:19,162|11034: Trying to get Nameservice: ns@lab30.cpt.haw-hamburg.de
08.11 11:21:19,242|11034: Got Nameservice: ns@lab30.cpt.haw-hamburg.de
08.11 11:21:19,243|11034: Got Nameservice, trying to contact it for: 12111
08.11 11:21:19,281|11034: 12111 found, Name: 12111 Node: starter@lab23.cpt.haw-hamburg.de
08.11 11:21:19,282|11034: Abstimmung yes, sending to Next One
08.11 11:21:19,163|11034: Got Abstimmung
08.11 11:21:19,164|11034: Got it from someone else
08.11 11:21:19,164|11034: TimeDiff of 7 big enough
08.11 11:21:19,165|11034: Trying to get Nameservice: ns@lab30.cpt.haw-hamburg.de
08.11 11:21:19,171|11034: Got Nameservice: ns@lab30.cpt.haw-hamburg.de
08.11 11:21:19,172|11034: Got Nameservice, trying to contact it for: 12111
08.11 11:21:19,177|11034: 12111 found, Name: 12111 Node: starter@lab23.cpt.haw-hamburg.de
08.11 11:21:19,177|11034: Abstimmung yes, sending to Next One
08.11 11:21:20,964|11034: Got Abstimmung
08.11 11:21:20,972|11034: Got it from someone else
08.11 11:21:20,978|11034: TimeDiff of 8 big enough
08.11 11:21:20,983|11034: Trying to get Nameservice: ns@lab30.cpt.haw-hamburg.de
08.11 11:21:20,208|11034: Got Nameservice: ns@lab30.cpt.haw-hamburg.de
08.11 11:21:20,216|11034: Got Nameservice, trying to contact it for: 12111
08.11 11:21:20,442|11034: 12111 found, Name: 12111 Node: starter@lab23.cpt.haw-hamburg.de
08.11 11:21:20,449|11034: Abstimmung yes, sending to Next One
08.11 11:21:25,208|11034: Got Abstimmung
08.11 11:21:25,209|11034: Got it from someone else
08.11 11:21:25,209|11034: TimeDiff of 13 big enough
08.11 11:21:25,210|11034: Trying to get Nameservice: ns@lab30.cpt.haw-hamburg.de
08.11 11:21:25,216|11034: Got Nameservice: ns@lab30.cpt.haw-hamburg.de
08.11 11:21:25,217|11034: Got Nameservice, trying to contact it for: 12111
08.11 11:21:25,223|11034: 12111 found, Name: 12111 Node: starter@lab23.cpt.haw-hamburg.de
08.11 11:21:25,225|11034: Abstimmung yes, sending to Next One
08.11 11:21:25,051|11034: Got Abstimmung
08.11 11:21:25,052|11034: Got it from someone else
08.11 11:21:25,052|11034: TimeDiff of 13 big enough
08.11 11:21:25,053|11034: Trying to get Nameservice: ns@lab30.cpt.haw-hamburg.de
08.11 11:21:25,059|11034: Got Nameservice: ns@lab30.cpt.haw-hamburg.de
08.11 11:21:25,060|11034: Got Nameservice, trying to contact it for: 12111
08.11 11:21:25,065|11034: 12111 found, Name: 12111 Node: starter@lab23.cpt.haw-hamburg.de
08.11 11:21:25,066|11034: Abstimmung yes, sending to Next One
08.11 11:21:27,504|11034: Got Abstimmung
08.11 11:21:27,505|11034: Got it from someone else
08.11 11:21:27,506|11034: TimeDiff of 15 big enough
08.11 11:21:27,506|11034: Trying to get Nameservice: ns@lab30.cpt.haw-hamburg.de
08.11 11:21:27,519|11034: Got Nameservice: ns@lab30.cpt.haw-hamburg.de
08.11 11:21:27,519|11034: Got Nameservice, trying to contact it for: 12111
08.11 11:21:27,552|11034: 12111 found, Name: 12111 Node: starter@lab23.cpt.haw-hamburg.de
08.11 11:21:27,553|11034: Abstimmung yes, sending to Next One
08.11 11:21:27,766|11034: Got Abstimmung
08.11 11:21:27,767|11034: Got it from someone else
08.11 11:21:27,768|11034: TimeDiff of 15 big enough
08.11 11:21:27,768|11034: Trying to get Nameservice: ns@lab30.cpt.haw-hamburg.de
08.11 11:21:27,786|11034: Got Nameservice: ns@lab30.cpt.haw-hamburg.de
08.11 11:21:27,787|11034: Got Nameservice, trying to contact it for: 12111
08.11 11:21:27,792|11034: 12111 found, Name: 12111 Node: starter@lab23.cpt.haw-hamburg.de
08.11 11:21:27,793|11034: Abstimmung yes, sending to Next One
08.11 11:21:28,067|11034: Got Abstimmung
08.11 11:21:28,068|11034: Got it from someone else
08.11 11:21:28,069|11034: TimeDiff of 16 big enough
08.11 11:21:28,069|11034: Trying to get Nameservice: ns@lab30.cpt.haw-hamburg.de
08.11 11:21:28,075|11034: Got Nameservice: ns@lab30.cpt.haw-hamburg.de
08.11 11:21:28,076|11034: Got Nameservice, trying to contact it for: 12111
08.11 11:21:28,081|11034: 12111 found, Name: 12111 Node: starter@lab23.cpt.haw-hamburg.de
08.11 11:21:28,081|11034: Abstimmung yes, sending to Next One
08.11 11:21:32,254|11034: Got Y: 13
08.11 11:21:32,262|11034: Starting new timer
08.11 11:21:32,269|11034: Caculating new MI: 13 Y: 13
08.11 11:21:32,647|11034: Trying to get Nameservice: ns@lab30.cpt.haw-hamburg.de
08.11 11:21:32,767|11034: Got Nameservice: ns@lab30.cpt.haw-hamburg.de
08.11 11:21:32,774|11034: Got Nameservice, trying to contact it for: 113329
08.11 11:21:32,828|11034: 113329 found, Name: 113329 Node: node5@lab29.cpt.haw-hamburg.de
08.11 11:21:32,841|11034: Sending Y: 13 to Left
08.11 11:21:32,854|11034: Trying to get Nameservice: ns@lab30.cpt.haw-hamburg.de
08.11 11:21:32,254|11034: Got Nameservice: ns@lab30.cpt.haw-hamburg.de
08.11 11:21:32,262|11034: Got Nameservice, trying to contact it for: 12111
08.11 11:21:32,815|11034: 12111 found, Name: 12111 Node: starter@lab23.cpt.haw-hamburg.de
08.11 11:21:32,840|11034: Sending Y: 13 to Right
08.11 11:21:32,847|11034: Get Koordinator -> Get Dienst
08.11 11:21:32,853|11034: Trying to get Nameservice: ns@lab30.cpt.haw-hamburg.de
08.11 11:21:32,174|11034: Got Nameservice: ns@lab30.cpt.haw-hamburg.de
08.11 11:21:32,193|11034: Got Nameservice, trying to contact it for: chef
08.11 11:21:32,246|11034: chef found, Name: chef Node: ko@lab22.cpt.haw-hamburg.de
08.11 11:21:32,253|11034: BriefMi to Koord: 13
08.11 11:21:32,260|11034: Got Abstimmung
08.11 11:21:32,266|11034: Got it from someone else
08.11 11:21:32,298|11034: TimeDiff of 0 NOT big enough
08.11 11:21:32,308|11034: Got Abstimmung
08.11 11:21:32,318|11034: Got it from someone else
08.11 11:21:32,328|11034: TimeDiff of 0 NOT big enough
08.11 11:21:32,338|11034: Got Y: 13
08.11 11:21:32,348|11034: Killing old timer in Y
08.11 11:21:32,358|11034: Starting new timer
08.11 11:21:32,367|11034: New Y: 13 >= Mi: 13
08.11 11:21:33,981|11034: Got Abstimmung
08.11 11:21:33,982|11034: Got it from someone else
08.11 11:21:33,983|11034: TimeDiff of 1 NOT big enough
08.11 11:21:34,454|11034: Got Abstimmung
08.11 11:21:34,477|11034: Got it from someone else
08.11 11:21:34,479|11034: TimeDiff of 2 big enough
08.11 11:21:34,480|11034: Trying to get Nameservice: ns@lab30.cpt.haw-hamburg.de
08.11 11:21:34,485|11034: Got Nameservice: ns@lab30.cpt.haw-hamburg.de
08.11 11:21:34,486|11034: Got Nameservice, trying to contact it for: 12111
08.11 11:21:34,492|11034: 12111 found, Name: 12111 Node: starter@lab23.cpt.haw-hamburg.de
08.11 11:21:34,492|11034: Abstimmung yes, sending to Next One
08.11 11:21:34,181|11034: Got Abstimmung
08.11 11:21:34,182|11034: Got it from someone else
08.11 11:21:34,183|11034: TimeDiff of 2 big enough
08.11 11:21:34,183|11034: Trying to get Nameservice: ns@lab30.cpt.haw-hamburg.de
08.11 11:21:34,204|11034: Got Nameservice: ns@lab30.cpt.haw-hamburg.de
08.11 11:21:34,205|11034: Got Nameservice, trying to contact it for: 12111
08.11 11:21:34,246|11034: 12111 found, Name: 12111 Node: starter@lab23.cpt.haw-hamburg.de
08.11 11:21:34,247|11034: Abstimmung yes, sending to Next One
08.11 11:21:34,166|11034: Got Abstimmung
08.11 11:21:34,166|11034: Got it from someone else
08.11 11:21:34,167|11034: TimeDiff of 2 big enough
08.11 11:21:34,168|11034: Trying to get Nameservice: ns@lab30.cpt.haw-hamburg.de
08.11 11:21:34,184|11034: Got Nameservice: ns@lab30.cpt.haw-hamburg.de
08.11 11:21:34,185|11034: Got Nameservice, trying to contact it for: 12111
08.11 11:21:34,191|11034: 12111 found, Name: 12111 Node: starter@lab23.cpt.haw-hamburg.de
08.11 11:21:34,198|11034: Abstimmung yes, sending to Next One
08.11 11:21:35,971|11034: Got Abstimmung
08.11 11:21:35,977|11034: Got it from someone else
08.11 11:21:35,983|11034: TimeDiff of 3 big enough
08.11 11:21:35,989|11034: Trying to get Nameservice: ns@lab30.cpt.haw-hamburg.de
08.11 11:21:35,046|11034: Got Nameservice: ns@lab30.cpt.haw-hamburg.de
08.11 11:21:35,053|11034: Got Nameservice, trying to contact it for: 12111
08.11 11:21:35,419|11034: 12111 found, Name: 12111 Node: starter@lab23.cpt.haw-hamburg.de
08.11 11:21:35,426|11034: Abstimmung yes, sending to Next One
08.11 11:21:35,873|11034: Trying to get Nameservice: ns@lab30.cpt.haw-hamburg.de
08.11 11:21:35,998|11034: Got Nameservice: ns@lab30.cpt.haw-hamburg.de
08.11 11:21:35,000|11034: Got Nameservice, trying to contact it for: 12111
08.11 11:21:35,119|11034: 12111 found, Name: 12111 Node: starter@lab23.cpt.haw-hamburg.de
08.11 11:21:35,121|11034: ABSTIMMUNG start
08.11 11:21:35,123|11034: Got Abstimmung
08.11 11:21:35,124|11034: Got it from someone else
08.11 11:21:35,124|11034: TimeDiff of 3 big enough
08.11 11:21:35,125|11034: Trying to get Nameservice: ns@lab30.cpt.haw-hamburg.de
08.11 11:21:35,280|11034: Got Nameservice: ns@lab30.cpt.haw-hamburg.de
08.11 11:21:35,281|11034: Got Nameservice, trying to contact it for: 12111
08.11 11:21:35,432|11034: 12111 found, Name: 12111 Node: starter@lab23.cpt.haw-hamburg.de
08.11 11:21:35,434|11034: Abstimmung yes, sending to Next One
08.11 11:21:35,063|11034: Got Abstimmung
08.11 11:21:35,064|11034: Got it from someone else
08.11 11:21:35,065|11034: TimeDiff of 3 big enough
08.11 11:21:35,067|11034: Trying to get Nameservice: ns@lab30.cpt.haw-hamburg.de
08.11 11:21:35,073|11034: Got Nameservice: ns@lab30.cpt.haw-hamburg.de
08.11 11:21:35,074|11034: Got Nameservice, trying to contact it for: 12111
08.11 11:21:35,079|11034: 12111 found, Name: 12111 Node: starter@lab23.cpt.haw-hamburg.de
08.11 11:21:35,080|11034: Abstimmung yes, sending to Next One
08.11 11:21:35,966|11034: Got Abstimmung
08.11 11:21:35,966|11034: Got it from someone else
08.11 11:21:35,967|11034: TimeDiff of 3 big enough
08.11 11:21:35,967|11034: Trying to get Nameservice: ns@lab30.cpt.haw-hamburg.de
08.11 11:21:35,039|11034: Got Nameservice: ns@lab30.cpt.haw-hamburg.de
08.11 11:21:35,039|11034: Got Nameservice, trying to contact it for: 12111
08.11 11:21:35,050|11034: 12111 found, Name: 12111 Node: starter@lab23.cpt.haw-hamburg.de
08.11 11:21:35,051|11034: Abstimmung yes, sending to Next One
08.11 11:21:35,682|11034: Got Abstimmung
08.11 11:21:35,684|11034: Got it from someone else
08.11 11:21:35,685|11034: TimeDiff of 3 big enough
08.11 11:21:35,686|11034: Trying to get Nameservice: ns@lab30.cpt.haw-hamburg.de
08.11 11:21:35,719|11034: Got Nameservice: ns@lab30.cpt.haw-hamburg.de
08.11 11:21:35,722|11034: Got Nameservice, trying to contact it for: 12111
08.11 11:21:35,756|11034: 12111 found, Name: 12111 Node: starter@lab23.cpt.haw-hamburg.de
08.11 11:21:35,759|11034: Abstimmung yes, sending to Next One
08.11 11:21:35,542|11034: Got Abstimmung
08.11 11:21:35,542|11034: Got it from someone else
08.11 11:21:35,543|11034: TimeDiff of 3 big enough
08.11 11:21:35,543|11034: Trying to get Nameservice: ns@lab30.cpt.haw-hamburg.de
08.11 11:21:35,569|11034: Got Nameservice: ns@lab30.cpt.haw-hamburg.de
08.11 11:21:35,570|11034: Got Nameservice, trying to contact it for: 12111
08.11 11:21:35,604|11034: 12111 found, Name: 12111 Node: starter@lab23.cpt.haw-hamburg.de
08.11 11:21:35,605|11034: Abstimmung yes, sending to Next One
08.11 11:21:35,450|11034: Got Abstimmung
08.11 11:21:35,451|11034: Got it from someone else
08.11 11:21:35,451|11034: TimeDiff of 3 big enough
08.11 11:21:35,452|11034: Trying to get Nameservice: ns@lab30.cpt.haw-hamburg.de
08.11 11:21:35,458|11034: Got Nameservice: ns@lab30.cpt.haw-hamburg.de
08.11 11:21:35,459|11034: Got Nameservice, trying to contact it for: 12111
08.11 11:21:35,464|11034: 12111 found, Name: 12111 Node: starter@lab23.cpt.haw-hamburg.de
08.11 11:21:35,465|11034: Abstimmung yes, sending to Next One
08.11 11:21:35,693|11034: Got Abstimmung
08.11 11:21:35,694|11034: Got it from someone else
08.11 11:21:35,694|11034: TimeDiff of 3 big enough
08.11 11:21:35,695|11034: Trying to get Nameservice: ns@lab30.cpt.haw-hamburg.de
08.11 11:21:35,751|11034: Got Nameservice: ns@lab30.cpt.haw-hamburg.de
08.11 11:21:35,752|11034: Got Nameservice, trying to contact it for: 12111
08.11 11:21:35,758|11034: 12111 found, Name: 12111 Node: starter@lab23.cpt.haw-hamburg.de
08.11 11:21:35,758|11034: Abstimmung yes, sending to Next One
08.11 11:21:36,995|11034: Got Abstimmung
08.11 11:21:36,996|11034: Got it from someone else
08.11 11:21:36,996|11034: TimeDiff of 4 big enough
08.11 11:21:36,997|11034: Trying to get Nameservice: ns@lab30.cpt.haw-hamburg.de
08.11 11:21:36,007|11034: Got Nameservice: ns@lab30.cpt.haw-hamburg.de
08.11 11:21:36,007|11034: Got Nameservice, trying to contact it for: 12111
08.11 11:21:36,034|11034: 12111 found, Name: 12111 Node: starter@lab23.cpt.haw-hamburg.de
08.11 11:21:36,034|11034: Abstimmung yes, sending to Next One
08.11 11:21:36,766|11034: Got Abstimmung
08.11 11:21:36,768|11034: Got it from someone else
08.11 11:21:36,769|11034: TimeDiff of 4 big enough
08.11 11:21:36,769|11034: Trying to get Nameservice: ns@lab30.cpt.haw-hamburg.de
08.11 11:21:36,775|11034: Got Nameservice: ns@lab30.cpt.haw-hamburg.de
08.11 11:21:36,775|11034: Got Nameservice, trying to contact it for: 12111
08.11 11:21:36,810|11034: 12111 found, Name: 12111 Node: starter@lab23.cpt.haw-hamburg.de
08.11 11:21:36,811|11034: Abstimmung yes, sending to Next One
08.11 11:21:36,533|11034: Got Abstimmung
08.11 11:21:36,536|11034: Got it from someone else
08.11 11:21:36,537|11034: TimeDiff of 4 big enough
08.11 11:21:36,537|11034: Trying to get Nameservice: ns@lab30.cpt.haw-hamburg.de
08.11 11:21:36,543|11034: Got Nameservice: ns@lab30.cpt.haw-hamburg.de
08.11 11:21:36,544|11034: Got Nameservice, trying to contact it for: 12111
08.11 11:21:36,549|11034: 12111 found, Name: 12111 Node: starter@lab23.cpt.haw-hamburg.de
08.11 11:21:36,550|11034: Abstimmung yes, sending to Next One
08.11 11:21:41,739|11034: Got Abstimmung
08.11 11:21:41,741|11034: Got it from someone else
08.11 11:21:41,741|11034: TimeDiff of 9 big enough
08.11 11:21:41,742|11034: Trying to get Nameservice: ns@lab30.cpt.haw-hamburg.de
08.11 11:21:41,747|11034: Got Nameservice: ns@lab30.cpt.haw-hamburg.de
08.11 11:21:41,748|11034: Got Nameservice, trying to contact it for: 12111
08.11 11:21:41,754|11034: 12111 found, Name: 12111 Node: starter@lab23.cpt.haw-hamburg.de
08.11 11:21:41,755|11034: Abstimmung yes, sending to Next One
08.11 11:21:41,650|11034: Got Abstimmung
08.11 11:21:41,650|11034: Got it from someone else
08.11 11:21:41,651|11034: TimeDiff of 9 big enough
08.11 11:21:41,652|11034: Trying to get Nameservice: ns@lab30.cpt.haw-hamburg.de
08.11 11:21:41,659|11034: Got Nameservice: ns@lab30.cpt.haw-hamburg.de
08.11 11:21:41,660|11034: Got Nameservice, trying to contact it for: 12111
08.11 11:21:41,666|11034: 12111 found, Name: 12111 Node: starter@lab23.cpt.haw-hamburg.de
08.11 11:21:41,667|11034: Abstimmung yes, sending to Next One
08.11 11:21:42,043|11034: Got Abstimmung
08.11 11:21:42,044|11034: Got it from someone else
08.11 11:21:42,044|11034: TimeDiff of 10 big enough
08.11 11:21:42,045|11034: Trying to get Nameservice: ns@lab30.cpt.haw-hamburg.de
08.11 11:21:42,050|11034: Got Nameservice: ns@lab30.cpt.haw-hamburg.de
08.11 11:21:42,051|11034: Got Nameservice, trying to contact it for: 12111
08.11 11:21:42,056|11034: 12111 found, Name: 12111 Node: starter@lab23.cpt.haw-hamburg.de
08.11 11:21:42,057|11034: Abstimmung yes, sending to Next One
08.11 11:21:42,135|11034: Got Abstimmung
08.11 11:21:42,135|11034: Got it from someone else
08.11 11:21:42,136|11034: TimeDiff of 10 big enough
08.11 11:21:42,136|11034: Trying to get Nameservice: ns@lab30.cpt.haw-hamburg.de
08.11 11:21:42,142|11034: Got Nameservice: ns@lab30.cpt.haw-hamburg.de
08.11 11:21:42,143|11034: Got Nameservice, trying to contact it for: 12111
08.11 11:21:42,149|11034: 12111 found, Name: 12111 Node: starter@lab23.cpt.haw-hamburg.de
08.11 11:21:42,149|11034: Abstimmung yes, sending to Next One
08.11 11:21:43,251|11034: Got Abstimmung
08.11 11:21:43,251|11034: Got it from someone else
08.11 11:21:43,252|11034: TimeDiff of 11 big enough
08.11 11:21:43,252|11034: Trying to get Nameservice: ns@lab30.cpt.haw-hamburg.de
08.11 11:21:43,262|11034: Got Nameservice: ns@lab30.cpt.haw-hamburg.de
08.11 11:21:43,263|11034: Got Nameservice, trying to contact it for: 12111
08.11 11:21:43,290|11034: 12111 found, Name: 12111 Node: starter@lab23.cpt.haw-hamburg.de
08.11 11:21:43,291|11034: Abstimmung yes, sending to Next One
08.11 11:21:44,595|11034: Got Abstimmung
08.11 11:21:44,595|11034: Got it from someone else
08.11 11:21:44,596|11034: TimeDiff of 12 big enough
08.11 11:21:44,597|11034: Trying to get Nameservice: ns@lab30.cpt.haw-hamburg.de
08.11 11:21:44,603|11034: Got Nameservice: ns@lab30.cpt.haw-hamburg.de
08.11 11:21:44,605|11034: Got Nameservice, trying to contact it for: 12111
08.11 11:21:44,611|11034: 12111 found, Name: 12111 Node: starter@lab23.cpt.haw-hamburg.de
08.11 11:21:44,612|11034: Abstimmung yes, sending to Next One
08.11 11:21:45,026|11034: Got Abstimmung
08.11 11:21:45,027|11034: Got it from someone else
08.11 11:21:45,028|11034: TimeDiff of 13 big enough
08.11 11:21:45,028|11034: Trying to get Nameservice: ns@lab30.cpt.haw-hamburg.de
08.11 11:21:45,034|11034: Got Nameservice: ns@lab30.cpt.haw-hamburg.de
08.11 11:21:45,035|11034: Got Nameservice, trying to contact it for: 12111
08.11 11:21:45,040|11034: 12111 found, Name: 12111 Node: starter@lab23.cpt.haw-hamburg.de
08.11 11:21:45,041|11034: Abstimmung yes, sending to Next One
08.11 11:21:45,140|11034: Got Abstimmung
08.11 11:21:45,143|11034: Got it from someone else
08.11 11:21:45,145|11034: TimeDiff of 13 big enough
08.11 11:21:45,146|11034: Trying to get Nameservice: ns@lab30.cpt.haw-hamburg.de
08.11 11:21:45,157|11034: Got Nameservice: ns@lab30.cpt.haw-hamburg.de
08.11 11:21:45,158|11034: Got Nameservice, trying to contact it for: 12111
08.11 11:21:45,191|11034: 12111 found, Name: 12111 Node: starter@lab23.cpt.haw-hamburg.de
08.11 11:21:45,191|11034: Abstimmung yes, sending to Next One
08.11 11:21:46,016|11034: Got Abstimmung
08.11 11:21:46,017|11034: Got it from someone else
08.11 11:21:46,018|11034: TimeDiff of 14 big enough
08.11 11:21:46,018|11034: Trying to get Nameservice: ns@lab30.cpt.haw-hamburg.de
08.11 11:21:46,042|11034: Got Nameservice: ns@lab30.cpt.haw-hamburg.de
08.11 11:21:46,043|11034: Got Nameservice, trying to contact it for: 12111
08.11 11:21:46,047|11034: 12111 found, Name: 12111 Node: starter@lab23.cpt.haw-hamburg.de
08.11 11:21:46,048|11034: Abstimmung yes, sending to Next One
08.11 11:21:51,268|11034: Got Abstimmung
08.11 11:21:51,269|11034: Got it from someone else
08.11 11:21:51,269|11034: TimeDiff of 19 big enough
08.11 11:21:51,270|11034: Trying to get Nameservice: ns@lab30.cpt.haw-hamburg.de
08.11 11:21:51,276|11034: Got Nameservice: ns@lab30.cpt.haw-hamburg.de
08.11 11:21:51,276|11034: Got Nameservice, trying to contact it for: 12111
08.11 11:21:51,303|11034: 12111 found, Name: 12111 Node: starter@lab23.cpt.haw-hamburg.de
08.11 11:21:51,303|11034: Abstimmung yes, sending to Next One
08.11 11:21:52,032|11034: Got Abstimmung
08.11 11:21:52,040|11034: Got it from someone else
08.11 11:21:52,047|11034: TimeDiff of 20 big enough
08.11 11:21:52,052|11034: Trying to get Nameservice: ns@lab30.cpt.haw-hamburg.de
08.11 11:21:52,346|11034: Got Nameservice: ns@lab30.cpt.haw-hamburg.de
08.11 11:21:52,354|11034: Got Nameservice, trying to contact it for: 12111
08.11 11:21:52,388|11034: 12111 found, Name: 12111 Node: starter@lab23.cpt.haw-hamburg.de
08.11 11:21:52,396|11034: Abstimmung yes, sending to Next One
08.11 11:21:52,731|11034: Got Abstimmung
08.11 11:21:52,731|11034: Got it from someone else
08.11 11:21:52,732|11034: TimeDiff of 20 big enough
08.11 11:21:52,733|11034: Trying to get Nameservice: ns@lab30.cpt.haw-hamburg.de
08.11 11:21:52,738|11034: Got Nameservice: ns@lab30.cpt.haw-hamburg.de
08.11 11:21:52,739|11034: Got Nameservice, trying to contact it for: 12111
08.11 11:21:52,744|11034: 12111 found, Name: 12111 Node: starter@lab23.cpt.haw-hamburg.de
08.11 11:21:52,744|11034: Abstimmung yes, sending to Next One
08.11 11:21:52,386|11034: Got Abstimmung
08.11 11:21:52,387|11034: Got it from someone else
08.11 11:21:52,387|11034: TimeDiff of 20 big enough
08.11 11:21:52,388|11034: Trying to get Nameservice: ns@lab30.cpt.haw-hamburg.de
08.11 11:21:52,395|11034: Got Nameservice: ns@lab30.cpt.haw-hamburg.de
08.11 11:21:52,395|11034: Got Nameservice, trying to contact it for: 12111
08.11 11:21:52,401|11034: 12111 found, Name: 12111 Node: starter@lab23.cpt.haw-hamburg.de
08.11 11:21:52,402|11034: Abstimmung yes, sending to Next One
08.11 11:21:52,357|11034: Got Abstimmung
08.11 11:21:52,358|11034: Got it from someone else
08.11 11:21:52,359|11034: TimeDiff of 20 big enough
08.11 11:21:52,359|11034: Trying to get Nameservice: ns@lab30.cpt.haw-hamburg.de
08.11 11:21:52,365|11034: Got Nameservice: ns@lab30.cpt.haw-hamburg.de
08.11 11:21:52,366|11034: Got Nameservice, trying to contact it for: 12111
08.11 11:21:52,456|11034: 12111 found, Name: 12111 Node: starter@lab23.cpt.haw-hamburg.de
08.11 11:21:52,457|11034: Abstimmung yes, sending to Next One
08.11 11:21:54,647|11034: Got Abstimmung
08.11 11:21:54,648|11034: Got it from someone else
08.11 11:21:54,648|11034: TimeDiff of 22 big enough
08.11 11:21:54,649|11034: Trying to get Nameservice: ns@lab30.cpt.haw-hamburg.de
08.11 11:21:54,654|11034: Got Nameservice: ns@lab30.cpt.haw-hamburg.de
08.11 11:21:54,655|11034: Got Nameservice, trying to contact it for: 12111
08.11 11:21:54,660|11034: 12111 found, Name: 12111 Node: starter@lab23.cpt.haw-hamburg.de
08.11 11:21:54,661|11034: Abstimmung yes, sending to Next One
08.11 11:21:57,527|11034: Got Abstimmung
08.11 11:21:57,527|11034: Got it from someone else
08.11 11:21:57,528|11034: TimeDiff of 25 big enough
08.11 11:21:57,528|11034: Trying to get Nameservice: ns@lab30.cpt.haw-hamburg.de
08.11 11:21:57,551|11034: Got Nameservice: ns@lab30.cpt.haw-hamburg.de
08.11 11:21:57,551|11034: Got Nameservice, trying to contact it for: 12111
08.11 11:21:57,561|11034: 12111 found, Name: 12111 Node: starter@lab23.cpt.haw-hamburg.de
08.11 11:21:57,563|11034: Abstimmung yes, sending to Next One
08.11 11:21:59,549|11034: Got Abstimmung
08.11 11:21:59,550|11034: Got it from someone else
08.11 11:21:59,550|11034: TimeDiff of 27 big enough
08.11 11:21:59,551|11034: Trying to get Nameservice: ns@lab30.cpt.haw-hamburg.de
08.11 11:21:59,590|11034: Got Nameservice: ns@lab30.cpt.haw-hamburg.de
08.11 11:21:59,591|11034: Got Nameservice, trying to contact it for: 12111
08.11 11:21:59,594|11034: 12111 found, Name: 12111 Node: starter@lab23.cpt.haw-hamburg.de
08.11 11:21:59,595|11034: Abstimmung yes, sending to Next One
08.11 11:22:00,882|11034: Got Abstimmung
08.11 11:22:00,883|11034: Got it from someone else
08.11 11:22:00,884|11034: TimeDiff of 28 big enough
08.11 11:22:00,885|11034: Trying to get Nameservice: ns@lab30.cpt.haw-hamburg.de
08.11 11:22:00,891|11034: Got Nameservice: ns@lab30.cpt.haw-hamburg.de
08.11 11:22:00,892|11034: Got Nameservice, trying to contact it for: 12111
08.11 11:22:00,897|11034: 12111 found, Name: 12111 Node: starter@lab23.cpt.haw-hamburg.de
08.11 11:22:00,898|11034: Abstimmung yes, sending to Next One
08.11 11:22:01,591|11034: Got Abstimmung
08.11 11:22:01,594|11034: Got it from someone else
08.11 11:22:01,595|11034: TimeDiff of 29 big enough
08.11 11:22:01,596|11034: Trying to get Nameservice: ns@lab30.cpt.haw-hamburg.de
08.11 11:22:01,601|11034: Got Nameservice: ns@lab30.cpt.haw-hamburg.de
08.11 11:22:01,602|11034: Got Nameservice, trying to contact it for: 12111
08.11 11:22:01,608|11034: 12111 found, Name: 12111 Node: starter@lab23.cpt.haw-hamburg.de
08.11 11:22:01,609|11034: Abstimmung yes, sending to Next One
08.11 11:22:01,513|11034: Got Abstimmung
08.11 11:22:01,514|11034: Got it from someone else
08.11 11:22:01,514|11034: TimeDiff of 29 big enough
08.11 11:22:01,515|11034: Trying to get Nameservice: ns@lab30.cpt.haw-hamburg.de
08.11 11:22:01,550|11034: Got Nameservice: ns@lab30.cpt.haw-hamburg.de
08.11 11:22:01,552|11034: Got Nameservice, trying to contact it for: 12111
08.11 11:22:01,579|11034: 12111 found, Name: 12111 Node: starter@lab23.cpt.haw-hamburg.de
08.11 11:22:01,580|11034: Abstimmung yes, sending to Next One
08.11 11:22:02,417|11034: Got Abstimmung
08.11 11:22:02,423|11034: Got it from someone else
08.11 11:22:02,430|11034: TimeDiff of 30 big enough
08.11 11:22:02,436|11034: Trying to get Nameservice: ns@lab30.cpt.haw-hamburg.de
08.11 11:22:02,839|11034: Got Nameservice: ns@lab30.cpt.haw-hamburg.de
08.11 11:22:02,846|11034: Got Nameservice, trying to contact it for: 12111
08.11 11:22:02,299|11034: 12111 found, Name: 12111 Node: starter@lab23.cpt.haw-hamburg.de
08.11 11:22:02,306|11034: Abstimmung yes, sending to Next One
08.11 11:22:02,547|11034: Got Abstimmung
08.11 11:22:02,548|11034: Got it from someone else
08.11 11:22:02,549|11034: TimeDiff of 30 big enough
08.11 11:22:02,550|11034: Trying to get Nameservice: ns@lab30.cpt.haw-hamburg.de
08.11 11:22:02,556|11034: Got Nameservice: ns@lab30.cpt.haw-hamburg.de
08.11 11:22:02,556|11034: Got Nameservice, trying to contact it for: 12111
08.11 11:22:02,562|11034: 12111 found, Name: 12111 Node: starter@lab23.cpt.haw-hamburg.de
08.11 11:22:02,563|11034: Abstimmung yes, sending to Next One
08.11 11:22:03,698|11034: Got Abstimmung
08.11 11:22:03,699|11034: Got it from someone else
08.11 11:22:03,699|11034: TimeDiff of 31 big enough
08.11 11:22:03,700|11034: Trying to get Nameservice: ns@lab30.cpt.haw-hamburg.de
08.11 11:22:03,705|11034: Got Nameservice: ns@lab30.cpt.haw-hamburg.de
08.11 11:22:03,706|11034: Got Nameservice, trying to contact it for: 12111
08.11 11:22:03,712|11034: 12111 found, Name: 12111 Node: starter@lab23.cpt.haw-hamburg.de
08.11 11:22:03,713|11034: Abstimmung yes, sending to Next One
08.11 11:22:03,284|11034: Got Abstimmung
08.11 11:22:03,285|11034: Got it from someone else
08.11 11:22:03,286|11034: TimeDiff of 31 big enough
08.11 11:22:03,286|11034: Trying to get Nameservice: ns@lab30.cpt.haw-hamburg.de
08.11 11:22:03,322|11034: Got Nameservice: ns@lab30.cpt.haw-hamburg.de
08.11 11:22:03,326|11034: Got Nameservice, trying to contact it for: 12111
08.11 11:22:03,352|11034: 12111 found, Name: 12111 Node: starter@lab23.cpt.haw-hamburg.de
08.11 11:22:03,353|11034: Abstimmung yes, sending to Next One
08.11 11:22:04,993|11034: Got Abstimmung
08.11 11:22:04,993|11034: Got it from someone else
08.11 11:22:04,994|11034: TimeDiff of 32 big enough
08.11 11:22:04,994|11034: Trying to get Nameservice: ns@lab30.cpt.haw-hamburg.de
08.11 11:22:04,010|11034: Got Nameservice: ns@lab30.cpt.haw-hamburg.de
08.11 11:22:04,011|11034: Got Nameservice, trying to contact it for: 12111
08.11 11:22:04,064|11034: 12111 found, Name: 12111 Node: starter@lab23.cpt.haw-hamburg.de
08.11 11:22:04,067|11034: Abstimmung yes, sending to Next One
08.11 11:22:04,370|11034: Got Abstimmung
08.11 11:22:04,370|11034: Got it from someone else
08.11 11:22:04,371|11034: TimeDiff of 32 big enough
08.11 11:22:04,372|11034: Trying to get Nameservice: ns@lab30.cpt.haw-hamburg.de
08.11 11:22:04,385|11034: Got Nameservice: ns@lab30.cpt.haw-hamburg.de
08.11 11:22:04,385|11034: Got Nameservice, trying to contact it for: 12111
08.11 11:22:04,454|11034: 12111 found, Name: 12111 Node: starter@lab23.cpt.haw-hamburg.de
08.11 11:22:04,457|11034: Abstimmung yes, sending to Next One
08.11 11:22:06,474|11034: Got Abstimmung
08.11 11:22:06,477|11034: Got it from someone else
08.11 11:22:06,478|11034: TimeDiff of 34 big enough
08.11 11:22:06,478|11034: Trying to get Nameservice: ns@lab30.cpt.haw-hamburg.de
08.11 11:22:06,485|11034: Got Nameservice: ns@lab30.cpt.haw-hamburg.de
08.11 11:22:06,487|11034: Got Nameservice, trying to contact it for: 12111
08.11 11:22:06,493|11034: 12111 found, Name: 12111 Node: starter@lab23.cpt.haw-hamburg.de
08.11 11:22:06,493|11034: Abstimmung yes, sending to Next One
08.11 11:22:06,371|11034: Got Abstimmung
08.11 11:22:06,438|11034: Got it from someone else
08.11 11:22:06,495|11034: TimeDiff of 35 big enough
08.11 11:22:06,577|11034: Trying to get Nameservice: ns@lab30.cpt.haw-hamburg.de
08.11 11:22:06,198|11034: Got Nameservice: ns@lab30.cpt.haw-hamburg.de
08.11 11:22:06,282|11034: Got Nameservice, trying to contact it for: 12111
08.11 11:22:06,771|11034: 12111 found, Name: 12111 Node: starter@lab23.cpt.haw-hamburg.de
08.11 11:22:06,827|11034: Abstimmung yes, sending to Next One
08.11 11:22:07,980|11034: Got Abstimmung
08.11 11:22:07,981|11034: Got it from someone else
08.11 11:22:07,982|11034: TimeDiff of 35 big enough
08.11 11:22:07,982|11034: Trying to get Nameservice: ns@lab30.cpt.haw-hamburg.de
08.11 11:22:07,988|11034: Got Nameservice: ns@lab30.cpt.haw-hamburg.de
08.11 11:22:07,988|11034: Got Nameservice, trying to contact it for: 12111
08.11 11:22:07,012|11034: 12111 found, Name: 12111 Node: starter@lab23.cpt.haw-hamburg.de
08.11 11:22:07,013|11034: Abstimmung yes, sending to Next One
08.11 11:22:07,272|11034: Got Abstimmung
08.11 11:22:07,273|11034: Got it from someone else
08.11 11:22:07,273|11034: TimeDiff of 35 big enough
08.11 11:22:07,274|11034: Trying to get Nameservice: ns@lab30.cpt.haw-hamburg.de
08.11 11:22:07,279|11034: Got Nameservice: ns@lab30.cpt.haw-hamburg.de
08.11 11:22:07,280|11034: Got Nameservice, trying to contact it for: 12111
08.11 11:22:07,286|11034: 12111 found, Name: 12111 Node: starter@lab23.cpt.haw-hamburg.de
08.11 11:22:07,287|11034: Abstimmung yes, sending to Next One
08.11 11:22:07,577|11034: Got Abstimmung
08.11 11:22:07,579|11034: Got it from someone else
08.11 11:22:07,583|11034: TimeDiff of 35 big enough
08.11 11:22:07,608|11034: Trying to get Nameservice: ns@lab30.cpt.haw-hamburg.de
08.11 11:22:07,640|11034: Got Nameservice: ns@lab30.cpt.haw-hamburg.de
08.11 11:22:07,644|11034: Got Nameservice, trying to contact it for: 12111
08.11 11:22:07,650|11034: 12111 found, Name: 12111 Node: starter@lab23.cpt.haw-hamburg.de
08.11 11:22:07,652|11034: Abstimmung yes, sending to Next One
08.11 11:22:08,301|11034: Got Abstimmung
08.11 11:22:08,302|11034: Got it from someone else
08.11 11:22:08,303|11034: TimeDiff of 36 big enough
08.11 11:22:08,303|11034: Trying to get Nameservice: ns@lab30.cpt.haw-hamburg.de
08.11 11:22:08,330|11034: Got Nameservice: ns@lab30.cpt.haw-hamburg.de
08.11 11:22:08,330|11034: Got Nameservice, trying to contact it for: 12111
08.11 11:22:08,338|11034: 12111 found, Name: 12111 Node: starter@lab23.cpt.haw-hamburg.de
08.11 11:22:08,339|11034: Abstimmung yes, sending to Next One
08.11 11:22:08,044|11034: Got Abstimmung
08.11 11:22:08,045|11034: Got it from someone else
08.11 11:22:08,045|11034: TimeDiff of 36 big enough
08.11 11:22:08,045|11034: Trying to get Nameservice: ns@lab30.cpt.haw-hamburg.de
08.11 11:22:08,051|11034: Got Nameservice: ns@lab30.cpt.haw-hamburg.de
08.11 11:22:08,052|11034: Got Nameservice, trying to contact it for: 12111
08.11 11:22:08,057|11034: 12111 found, Name: 12111 Node: starter@lab23.cpt.haw-hamburg.de
08.11 11:22:08,058|11034: Abstimmung yes, sending to Next One
08.11 11:22:09,249|11034: Got Abstimmung
08.11 11:22:09,250|11034: Got it from someone else
08.11 11:22:09,250|11034: TimeDiff of 37 big enough
08.11 11:22:09,251|11034: Trying to get Nameservice: ns@lab30.cpt.haw-hamburg.de
08.11 11:22:09,271|11034: Got Nameservice: ns@lab30.cpt.haw-hamburg.de
08.11 11:22:09,272|11034: Got Nameservice, trying to contact it for: 12111
08.11 11:22:09,278|11034: 12111 found, Name: 12111 Node: starter@lab23.cpt.haw-hamburg.de
08.11 11:22:09,278|11034: Abstimmung yes, sending to Next One
08.11 11:22:09,071|11034: Got Abstimmung
08.11 11:22:09,071|11034: Got it from someone else
08.11 11:22:09,072|11034: TimeDiff of 37 big enough
08.11 11:22:09,073|11034: Trying to get Nameservice: ns@lab30.cpt.haw-hamburg.de
08.11 11:22:09,078|11034: Got Nameservice: ns@lab30.cpt.haw-hamburg.de
08.11 11:22:09,078|11034: Got Nameservice, trying to contact it for: 12111
08.11 11:22:09,084|11034: 12111 found, Name: 12111 Node: starter@lab23.cpt.haw-hamburg.de
08.11 11:22:09,085|11034: Abstimmung yes, sending to Next One
08.11 11:22:10,835|11034: Got Abstimmung
08.11 11:22:10,836|11034: Got it from someone else
08.11 11:22:10,837|11034: TimeDiff of 38 big enough
08.11 11:22:10,838|11034: Trying to get Nameservice: ns@lab30.cpt.haw-hamburg.de
08.11 11:22:10,874|11034: Got Nameservice: ns@lab30.cpt.haw-hamburg.de
08.11 11:22:10,874|11034: Got Nameservice, trying to contact it for: 12111
08.11 11:22:10,881|11034: 12111 found, Name: 12111 Node: starter@lab23.cpt.haw-hamburg.de
08.11 11:22:10,884|11034: Abstimmung yes, sending to Next One
08.11 11:22:10,106|11034: Got Abstimmung
08.11 11:22:10,107|11034: Got it from someone else
08.11 11:22:10,107|11034: TimeDiff of 38 big enough
08.11 11:22:10,108|11034: Trying to get Nameservice: ns@lab30.cpt.haw-hamburg.de
08.11 11:22:10,127|11034: Got Nameservice: ns@lab30.cpt.haw-hamburg.de
08.11 11:22:10,129|11034: Got Nameservice, trying to contact it for: 12111
08.11 11:22:10,136|11034: 12111 found, Name: 12111 Node: starter@lab23.cpt.haw-hamburg.de
08.11 11:22:10,137|11034: Abstimmung yes, sending to Next One
08.11 11:22:11,553|11034: Got Abstimmung
08.11 11:22:11,554|11034: Got it from someone else
08.11 11:22:11,554|11034: TimeDiff of 39 big enough
08.11 11:22:11,555|11034: Trying to get Nameservice: ns@lab30.cpt.haw-hamburg.de
08.11 11:22:11,560|11034: Got Nameservice: ns@lab30.cpt.haw-hamburg.de
08.11 11:22:11,561|11034: Got Nameservice, trying to contact it for: 12111
08.11 11:22:11,566|11034: 12111 found, Name: 12111 Node: starter@lab23.cpt.haw-hamburg.de
08.11 11:22:11,567|11034: Abstimmung yes, sending to Next One
08.11 11:22:12,648|11034: Got Abstimmung
08.11 11:22:12,649|11034: Got it from someone else
08.11 11:22:12,650|11034: TimeDiff of 40 big enough
08.11 11:22:12,650|11034: Trying to get Nameservice: ns@lab30.cpt.haw-hamburg.de
08.11 11:22:12,656|11034: Got Nameservice: ns@lab30.cpt.haw-hamburg.de
08.11 11:22:12,657|11034: Got Nameservice, trying to contact it for: 12111
08.11 11:22:12,662|11034: 12111 found, Name: 12111 Node: starter@lab23.cpt.haw-hamburg.de
08.11 11:22:12,663|11034: Abstimmung yes, sending to Next One
08.11 11:22:12,521|11034: Got Abstimmung
08.11 11:22:12,522|11034: Got it from someone else
08.11 11:22:12,523|11034: TimeDiff of 40 big enough
08.11 11:22:12,523|11034: Trying to get Nameservice: ns@lab30.cpt.haw-hamburg.de
08.11 11:22:12,529|11034: Got Nameservice: ns@lab30.cpt.haw-hamburg.de
08.11 11:22:12,529|11034: Got Nameservice, trying to contact it for: 12111
08.11 11:22:12,534|11034: 12111 found, Name: 12111 Node: starter@lab23.cpt.haw-hamburg.de
08.11 11:22:12,534|11034: Abstimmung yes, sending to Next One
08.11 11:22:13,133|11034: Got Abstimmung
08.11 11:22:13,134|11034: Got it from someone else
08.11 11:22:13,134|11034: TimeDiff of 41 big enough
08.11 11:22:13,135|11034: Trying to get Nameservice: ns@lab30.cpt.haw-hamburg.de
08.11 11:22:13,141|11034: Got Nameservice: ns@lab30.cpt.haw-hamburg.de
08.11 11:22:13,142|11034: Got Nameservice, trying to contact it for: 12111
08.11 11:22:13,149|11034: 12111 found, Name: 12111 Node: starter@lab23.cpt.haw-hamburg.de
08.11 11:22:13,149|11034: Abstimmung yes, sending to Next One
08.11 11:22:14,908|11034: Got Abstimmung
08.11 11:22:14,909|11034: Got it from someone else
08.11 11:22:14,910|11034: TimeDiff of 42 big enough
08.11 11:22:14,910|11034: Trying to get Nameservice: ns@lab30.cpt.haw-hamburg.de
08.11 11:22:14,918|11034: Got Nameservice: ns@lab30.cpt.haw-hamburg.de
08.11 11:22:14,919|11034: Got Nameservice, trying to contact it for: 12111
08.11 11:22:14,944|11034: 12111 found, Name: 12111 Node: starter@lab23.cpt.haw-hamburg.de
08.11 11:22:14,945|11034: Abstimmung yes, sending to Next One
08.11 11:22:15,212|11034: Got Abstimmung
08.11 11:22:15,213|11034: Got it from someone else
08.11 11:22:15,214|11034: TimeDiff of 43 big enough
08.11 11:22:15,214|11034: Trying to get Nameservice: ns@lab30.cpt.haw-hamburg.de
08.11 11:22:15,223|11034: Got Nameservice: ns@lab30.cpt.haw-hamburg.de
08.11 11:22:15,224|11034: Got Nameservice, trying to contact it for: 12111
08.11 11:22:15,250|11034: 12111 found, Name: 12111 Node: starter@lab23.cpt.haw-hamburg.de
08.11 11:22:15,251|11034: Abstimmung yes, sending to Next One
08.11 11:22:15,905|11034: Got Abstimmung
08.11 11:22:15,906|11034: Got it from someone else
08.11 11:22:15,907|11034: TimeDiff of 43 big enough
08.11 11:22:15,908|11034: Trying to get Nameservice: ns@lab30.cpt.haw-hamburg.de
08.11 11:22:15,914|11034: Got Nameservice: ns@lab30.cpt.haw-hamburg.de
08.11 11:22:15,915|11034: Got Nameservice, trying to contact it for: 12111
08.11 11:22:15,921|11034: 12111 found, Name: 12111 Node: starter@lab23.cpt.haw-hamburg.de
08.11 11:22:15,921|11034: Abstimmung yes, sending to Next One
08.11 11:22:16,483|11034: Got Abstimmung
08.11 11:22:16,484|11034: Got it from someone else
08.11 11:22:16,484|11034: TimeDiff of 44 big enough
08.11 11:22:16,485|11034: Trying to get Nameservice: ns@lab30.cpt.haw-hamburg.de
08.11 11:22:16,491|11034: Got Nameservice: ns@lab30.cpt.haw-hamburg.de
08.11 11:22:16,492|11034: Got Nameservice, trying to contact it for: 12111
08.11 11:22:16,496|11034: 12111 found, Name: 12111 Node: starter@lab23.cpt.haw-hamburg.de
08.11 11:22:16,497|11034: Abstimmung yes, sending to Next One
08.11 11:22:17,508|11034: Got Abstimmung
08.11 11:22:17,509|11034: Got it from someone else
08.11 11:22:17,510|11034: TimeDiff of 45 big enough
08.11 11:22:17,511|11034: Trying to get Nameservice: ns@lab30.cpt.haw-hamburg.de
08.11 11:22:17,517|11034: Got Nameservice: ns@lab30.cpt.haw-hamburg.de
08.11 11:22:17,518|11034: Got Nameservice, trying to contact it for: 12111
08.11 11:22:17,524|11034: 12111 found, Name: 12111 Node: starter@lab23.cpt.haw-hamburg.de
08.11 11:22:17,525|11034: Abstimmung yes, sending to Next One
08.11 11:22:21,916|11034: Got Abstimmung
08.11 11:22:21,923|11034: Got it from someone else
08.11 11:22:21,930|11034: TimeDiff of 49 big enough
08.11 11:22:21,935|11034: Trying to get Nameservice: ns@lab30.cpt.haw-hamburg.de
08.11 11:22:21,025|11034: Got Nameservice: ns@lab30.cpt.haw-hamburg.de
08.11 11:22:21,033|11034: Got Nameservice, trying to contact it for: 12111
08.11 11:22:21,406|11034: 12111 found, Name: 12111 Node: starter@lab23.cpt.haw-hamburg.de
08.11 11:22:21,435|11034: Abstimmung yes, sending to Next One
08.11 11:22:22,502|11034: Got Abstimmung
08.11 11:22:22,503|11034: Got it from someone else
08.11 11:22:22,504|11034: TimeDiff of 50 big enough
08.11 11:22:22,504|11034: Trying to get Nameservice: ns@lab30.cpt.haw-hamburg.de
08.11 11:22:22,514|11034: Got Nameservice: ns@lab30.cpt.haw-hamburg.de
08.11 11:22:22,515|11034: Got Nameservice, trying to contact it for: 12111
08.11 11:22:22,519|11034: 12111 found, Name: 12111 Node: starter@lab23.cpt.haw-hamburg.de
08.11 11:22:22,520|11034: Abstimmung yes, sending to Next One
08.11 11:22:23,172|11034: Got Abstimmung
08.11 11:22:23,173|11034: Got it from someone else
08.11 11:22:23,174|11034: TimeDiff of 51 big enough
08.11 11:22:23,174|11034: Trying to get Nameservice: ns@lab30.cpt.haw-hamburg.de
08.11 11:22:23,184|11034: Got Nameservice: ns@lab30.cpt.haw-hamburg.de
08.11 11:22:23,185|11034: Got Nameservice, trying to contact it for: 12111
08.11 11:22:23,191|11034: 12111 found, Name: 12111 Node: starter@lab23.cpt.haw-hamburg.de
08.11 11:22:23,192|11034: Abstimmung yes, sending to Next One
08.11 11:24:01,774|11034: Starting with MI: 56133
08.11 11:24:01,776|11034: Starting new timer
08.11 11:24:04,780|11034: Trying to get Nameservice: ns@lab30.cpt.haw-hamburg.de
08.11 11:24:04,786|11034: Got Nameservice: ns@lab30.cpt.haw-hamburg.de
08.11 11:24:04,787|11034: Got Nameservice, trying to contact it for: 12111
08.11 11:24:04,792|11034: 12111 found, Name: 12111 Node: starter@lab23.cpt.haw-hamburg.de
08.11 11:24:04,793|11034: ABSTIMMUNG start
08.11 11:24:05,547|11034: Got Y: 44415
08.11 11:24:05,548|11034: Starting new timer
08.11 11:24:05,548|11034: Caculating new MI: 11718 Y: 44415
08.11 11:24:05,586|11034: Trying to get Nameservice: ns@lab30.cpt.haw-hamburg.de
08.11 11:24:05,592|11034: Got Nameservice: ns@lab30.cpt.haw-hamburg.de
08.11 11:24:05,592|11034: Got Nameservice, trying to contact it for: 113329
08.11 11:24:05,623|11034: 113329 found, Name: 113329 Node: node5@lab29.cpt.haw-hamburg.de
08.11 11:24:05,624|11034: Sending Y: 11718 to Left
08.11 11:24:05,625|11034: Trying to get Nameservice: ns@lab30.cpt.haw-hamburg.de
08.11 11:24:05,635|11034: Got Nameservice: ns@lab30.cpt.haw-hamburg.de
08.11 11:24:05,635|11034: Got Nameservice, trying to contact it for: 12111
08.11 11:24:05,678|11034: 12111 found, Name: 12111 Node: starter@lab23.cpt.haw-hamburg.de
08.11 11:24:05,679|11034: Sending Y: 11718 to Right
08.11 11:24:05,680|11034: Get Koordinator -> Get Dienst
08.11 11:24:05,681|11034: Trying to get Nameservice: ns@lab30.cpt.haw-hamburg.de
08.11 11:24:05,707|11034: Got Nameservice: ns@lab30.cpt.haw-hamburg.de
08.11 11:24:05,709|11034: Got Nameservice, trying to contact it for: chef
08.11 11:24:05,753|11034: chef found, Name: chef Node: ko@lab22.cpt.haw-hamburg.de
08.11 11:24:05,754|11034: BriefMi to Koord: 11718
08.11 11:24:05,754|11034: Got Abstimmung
08.11 11:24:05,755|11034: Got it from someone else
08.11 11:24:05,755|11034: TimeDiff of 0 NOT big enough
08.11 11:24:08,550|11034: Trying to get Nameservice: ns@lab30.cpt.haw-hamburg.de
08.11 11:24:08,579|11034: Got Nameservice: ns@lab30.cpt.haw-hamburg.de
08.11 11:24:08,580|11034: Got Nameservice, trying to contact it for: 12111
08.11 11:24:08,584|11034: 12111 found, Name: 12111 Node: starter@lab23.cpt.haw-hamburg.de
08.11 11:24:08,586|11034: ABSTIMMUNG start
08.11 11:24:08,670|11034: Got Y: 9261
08.11 11:24:08,670|11034: Starting new timer
08.11 11:24:08,671|11034: Caculating new MI: 2457 Y: 9261
08.11 11:24:08,710|11034: Trying to get Nameservice: ns@lab30.cpt.haw-hamburg.de
08.11 11:24:08,729|11034: Got Nameservice: ns@lab30.cpt.haw-hamburg.de
08.11 11:24:08,730|11034: Got Nameservice, trying to contact it for: 113329
08.11 11:24:08,766|11034: 113329 found, Name: 113329 Node: node5@lab29.cpt.haw-hamburg.de
08.11 11:24:08,768|11034: Sending Y: 2457 to Left
08.11 11:24:08,768|11034: Trying to get Nameservice: ns@lab30.cpt.haw-hamburg.de
08.11 11:24:08,827|11034: Got Nameservice: ns@lab30.cpt.haw-hamburg.de
08.11 11:24:08,828|11034: Got Nameservice, trying to contact it for: 12111
08.11 11:24:08,874|11034: 12111 found, Name: 12111 Node: starter@lab23.cpt.haw-hamburg.de
08.11 11:24:08,875|11034: Sending Y: 2457 to Right
08.11 11:24:08,876|11034: Get Koordinator -> Get Dienst
08.11 11:24:08,876|11034: Trying to get Nameservice: ns@lab30.cpt.haw-hamburg.de
08.11 11:24:08,930|11034: Got Nameservice: ns@lab30.cpt.haw-hamburg.de
08.11 11:24:08,931|11034: Got Nameservice, trying to contact it for: chef
08.11 11:24:08,983|11034: chef found, Name: chef Node: ko@lab22.cpt.haw-hamburg.de
08.11 11:24:08,984|11034: BriefMi to Koord: 2457
08.11 11:24:08,984|11034: Got Abstimmung
08.11 11:24:08,985|11034: Got it from someone else
08.11 11:24:08,986|11034: TimeDiff of 0 NOT big enough
08.11 11:24:11,681|11034: Trying to get Nameservice: ns@lab30.cpt.haw-hamburg.de
08.11 11:24:11,689|11034: Got Nameservice: ns@lab30.cpt.haw-hamburg.de
08.11 11:24:11,690|11034: Got Nameservice, trying to contact it for: 12111
08.11 11:24:11,697|11034: 12111 found, Name: 12111 Node: starter@lab23.cpt.haw-hamburg.de
08.11 11:24:11,698|11034: ABSTIMMUNG start
08.11 11:24:11,851|11034: Got Y: 1890
08.11 11:24:11,852|11034: Starting new timer
08.11 11:24:11,853|11034: Caculating new MI: 567 Y: 1890
08.11 11:24:11,890|11034: Trying to get Nameservice: ns@lab30.cpt.haw-hamburg.de
08.11 11:24:11,898|11034: Got Nameservice: ns@lab30.cpt.haw-hamburg.de
08.11 11:24:11,899|11034: Got Nameservice, trying to contact it for: 113329
08.11 11:24:11,925|11034: 113329 found, Name: 113329 Node: node5@lab29.cpt.haw-hamburg.de
08.11 11:24:11,925|11034: Sending Y: 567 to Left
08.11 11:24:11,928|11034: Trying to get Nameservice: ns@lab30.cpt.haw-hamburg.de
08.11 11:24:11,964|11034: Got Nameservice: ns@lab30.cpt.haw-hamburg.de
08.11 11:24:11,965|11034: Got Nameservice, trying to contact it for: 12111
08.11 11:24:11,002|11034: 12111 found, Name: 12111 Node: starter@lab23.cpt.haw-hamburg.de
08.11 11:24:11,008|11034: Sending Y: 567 to Right
08.11 11:24:11,010|11034: Get Koordinator -> Get Dienst
08.11 11:24:11,012|11034: Trying to get Nameservice: ns@lab30.cpt.haw-hamburg.de
08.11 11:24:11,040|11034: Got Nameservice: ns@lab30.cpt.haw-hamburg.de
08.11 11:24:11,041|11034: Got Nameservice, trying to contact it for: chef
08.11 11:24:11,071|11034: chef found, Name: chef Node: ko@lab22.cpt.haw-hamburg.de
08.11 11:24:11,072|11034: BriefMi to Koord: 567
08.11 11:24:11,072|11034: Got Abstimmung
08.11 11:24:11,073|11034: Got it from someone else
08.11 11:24:11,074|11034: TimeDiff of 0 NOT big enough
08.11 11:24:11,074|11034: Got Abstimmung
08.11 11:24:11,075|11034: Got it from someone else
08.11 11:24:11,076|11034: TimeDiff of 0 NOT big enough
08.11 11:24:14,861|11034: Trying to get Nameservice: ns@lab30.cpt.haw-hamburg.de
08.11 11:24:14,922|11034: Got Nameservice: ns@lab30.cpt.haw-hamburg.de
08.11 11:24:14,924|11034: Got Nameservice, trying to contact it for: 12111
08.11 11:24:14,942|11034: 12111 found, Name: 12111 Node: starter@lab23.cpt.haw-hamburg.de
08.11 11:24:14,943|11034: ABSTIMMUNG start
08.11 11:24:14,026|11034: Got Y: 189
08.11 11:24:14,027|11034: Starting new timer
08.11 11:24:14,028|11034: Caculating new MI: 189 Y: 189
08.11 11:24:14,060|11034: Trying to get Nameservice: ns@lab30.cpt.haw-hamburg.de
08.11 11:24:14,094|11034: Got Nameservice: ns@lab30.cpt.haw-hamburg.de
08.11 11:24:14,095|11034: Got Nameservice, trying to contact it for: 113329
08.11 11:24:14,190|11034: 113329 found, Name: 113329 Node: node5@lab29.cpt.haw-hamburg.de
08.11 11:24:14,191|11034: Sending Y: 189 to Left
08.11 11:24:14,192|11034: Trying to get Nameservice: ns@lab30.cpt.haw-hamburg.de
08.11 11:24:14,239|11034: Got Nameservice: ns@lab30.cpt.haw-hamburg.de
08.11 11:24:14,240|11034: Got Nameservice, trying to contact it for: 12111
08.11 11:24:14,280|11034: 12111 found, Name: 12111 Node: starter@lab23.cpt.haw-hamburg.de
08.11 11:24:14,280|11034: Sending Y: 189 to Right
08.11 11:24:14,281|11034: Get Koordinator -> Get Dienst
08.11 11:24:14,282|11034: Trying to get Nameservice: ns@lab30.cpt.haw-hamburg.de
08.11 11:24:14,345|11034: Got Nameservice: ns@lab30.cpt.haw-hamburg.de
08.11 11:24:14,345|11034: Got Nameservice, trying to contact it for: chef
08.11 11:24:14,394|11034: chef found, Name: chef Node: ko@lab22.cpt.haw-hamburg.de
08.11 11:24:14,394|11034: BriefMi to Koord: 189
08.11 11:24:14,395|11034: Got Abstimmung
08.11 11:24:14,396|11034: Got it from someone else
08.11 11:24:14,397|11034: TimeDiff of 0 NOT big enough
08.11 11:24:14,397|11034: Got Abstimmung
08.11 11:24:14,398|11034: Got it from someone else
08.11 11:24:14,399|11034: TimeDiff of 0 NOT big enough
08.11 11:24:17,033|11034: Trying to get Nameservice: ns@lab30.cpt.haw-hamburg.de
08.11 11:24:17,056|11034: Got Nameservice: ns@lab30.cpt.haw-hamburg.de
08.11 11:24:17,056|11034: Got Nameservice, trying to contact it for: 12111
08.11 11:24:17,096|11034: 12111 found, Name: 12111 Node: starter@lab23.cpt.haw-hamburg.de
08.11 11:24:17,097|11034: ABSTIMMUNG start
08.11 11:24:18,589|11034: Got Abstimmung
08.11 11:24:18,590|11034: Got it from someone else
08.11 11:24:18,591|11034: TimeDiff of 4 big enough
08.11 11:24:18,591|11034: Trying to get Nameservice: ns@lab30.cpt.haw-hamburg.de
08.11 11:24:18,604|11034: Got Nameservice: ns@lab30.cpt.haw-hamburg.de
08.11 11:24:18,605|11034: Got Nameservice, trying to contact it for: 12111
08.11 11:24:18,610|11034: 12111 found, Name: 12111 Node: starter@lab23.cpt.haw-hamburg.de
08.11 11:24:18,610|11034: Abstimmung yes, sending to Next One
08.11 11:24:18,948|11034: Got Abstimmung
08.11 11:24:18,949|11034: Got it from someone else
08.11 11:24:18,949|11034: TimeDiff of 4 big enough
08.11 11:24:18,950|11034: Trying to get Nameservice: ns@lab30.cpt.haw-hamburg.de
08.11 11:24:18,958|11034: Got Nameservice: ns@lab30.cpt.haw-hamburg.de
08.11 11:24:18,959|11034: Got Nameservice, trying to contact it for: 12111
08.11 11:24:18,965|11034: 12111 found, Name: 12111 Node: starter@lab23.cpt.haw-hamburg.de
08.11 11:24:18,966|11034: Abstimmung yes, sending to Next One
08.11 11:24:23,103|11034: Got Abstimmung
08.11 11:24:23,104|11034: Got it from someone else
08.11 11:24:23,105|11034: TimeDiff of 9 big enough
08.11 11:24:23,105|11034: Trying to get Nameservice: ns@lab30.cpt.haw-hamburg.de
08.11 11:24:23,111|11034: Got Nameservice: ns@lab30.cpt.haw-hamburg.de
08.11 11:24:23,112|11034: Got Nameservice, trying to contact it for: 12111
08.11 11:24:23,118|11034: 12111 found, Name: 12111 Node: starter@lab23.cpt.haw-hamburg.de
08.11 11:24:23,119|11034: Abstimmung yes, sending to Next One
08.11 11:24:24,740|11034: Got Abstimmung
08.11 11:24:24,741|11034: Got it from someone else
08.11 11:24:24,742|11034: TimeDiff of 10 big enough
08.11 11:24:24,742|11034: Trying to get Nameservice: ns@lab30.cpt.haw-hamburg.de
08.11 11:24:24,748|11034: Got Nameservice: ns@lab30.cpt.haw-hamburg.de
08.11 11:24:24,749|11034: Got Nameservice, trying to contact it for: 12111
08.11 11:24:24,754|11034: 12111 found, Name: 12111 Node: starter@lab23.cpt.haw-hamburg.de
08.11 11:24:24,754|11034: Abstimmung yes, sending to Next One
08.11 11:24:25,480|11034: Got Abstimmung
08.11 11:24:25,487|11034: Got it from someone else
08.11 11:24:25,492|11034: TimeDiff of 11 big enough
08.11 11:24:25,498|11034: Trying to get Nameservice: ns@lab30.cpt.haw-hamburg.de
08.11 11:24:25,554|11034: Got Nameservice: ns@lab30.cpt.haw-hamburg.de
08.11 11:24:25,562|11034: Got Nameservice, trying to contact it for: 12111
08.11 11:24:25,809|11034: 12111 found, Name: 12111 Node: starter@lab23.cpt.haw-hamburg.de
08.11 11:24:25,816|11034: Abstimmung yes, sending to Next One
08.11 11:24:25,583|11034: Got Abstimmung
08.11 11:24:25,585|11034: Got it from someone else
08.11 11:24:25,586|11034: TimeDiff of 11 big enough
08.11 11:24:25,589|11034: Trying to get Nameservice: ns@lab30.cpt.haw-hamburg.de
08.11 11:24:25,599|11034: Got Nameservice: ns@lab30.cpt.haw-hamburg.de
08.11 11:24:25,600|11034: Got Nameservice, trying to contact it for: 12111
08.11 11:24:25,604|11034: 12111 found, Name: 12111 Node: starter@lab23.cpt.haw-hamburg.de
08.11 11:24:25,605|11034: Abstimmung yes, sending to Next One
08.11 11:24:26,281|11034: Got Abstimmung
08.11 11:24:26,289|11034: Got it from someone else
08.11 11:24:26,295|11034: TimeDiff of 12 big enough
08.11 11:24:26,300|11034: Trying to get Nameservice: ns@lab30.cpt.haw-hamburg.de
08.11 11:24:26,712|11034: Got Nameservice: ns@lab30.cpt.haw-hamburg.de
08.11 11:24:26,726|11034: Got Nameservice, trying to contact it for: 12111
08.11 11:24:26,758|11034: 12111 found, Name: 12111 Node: starter@lab23.cpt.haw-hamburg.de
08.11 11:24:26,766|11034: Abstimmung yes, sending to Next One
08.11 11:24:26,043|11034: Got Abstimmung
08.11 11:24:26,044|11034: Got it from someone else
08.11 11:24:26,045|11034: TimeDiff of 12 big enough
08.11 11:24:26,045|11034: Trying to get Nameservice: ns@lab30.cpt.haw-hamburg.de
08.11 11:24:26,052|11034: Got Nameservice: ns@lab30.cpt.haw-hamburg.de
08.11 11:24:26,054|11034: Got Nameservice, trying to contact it for: 12111
08.11 11:24:26,060|11034: 12111 found, Name: 12111 Node: starter@lab23.cpt.haw-hamburg.de
08.11 11:24:26,061|11034: Abstimmung yes, sending to Next One
08.11 11:24:27,554|11034: Got Abstimmung
08.11 11:24:27,554|11034: Got it from someone else
08.11 11:24:27,555|11034: TimeDiff of 13 big enough
08.11 11:24:27,556|11034: Trying to get Nameservice: ns@lab30.cpt.haw-hamburg.de
08.11 11:24:27,561|11034: Got Nameservice: ns@lab30.cpt.haw-hamburg.de
08.11 11:24:27,562|11034: Got Nameservice, trying to contact it for: 12111
08.11 11:24:27,567|11034: 12111 found, Name: 12111 Node: starter@lab23.cpt.haw-hamburg.de
08.11 11:24:27,568|11034: Abstimmung yes, sending to Next One
08.11 11:24:28,861|11034: Got Abstimmung
08.11 11:24:28,861|11034: Got it from someone else
08.11 11:24:28,862|11034: TimeDiff of 14 big enough
08.11 11:24:28,863|11034: Trying to get Nameservice: ns@lab30.cpt.haw-hamburg.de
08.11 11:24:28,869|11034: Got Nameservice: ns@lab30.cpt.haw-hamburg.de
08.11 11:24:28,870|11034: Got Nameservice, trying to contact it for: 12111
08.11 11:24:28,875|11034: 12111 found, Name: 12111 Node: starter@lab23.cpt.haw-hamburg.de
08.11 11:24:28,876|11034: Abstimmung yes, sending to Next One
08.11 11:24:28,610|11034: Got Abstimmung
08.11 11:24:28,611|11034: Got it from someone else
08.11 11:24:28,611|11034: TimeDiff of 14 big enough
08.11 11:24:28,612|11034: Trying to get Nameservice: ns@lab30.cpt.haw-hamburg.de
08.11 11:24:28,618|11034: Got Nameservice: ns@lab30.cpt.haw-hamburg.de
08.11 11:24:28,618|11034: Got Nameservice, trying to contact it for: 12111
08.11 11:24:28,630|11034: 12111 found, Name: 12111 Node: starter@lab23.cpt.haw-hamburg.de
08.11 11:24:28,632|11034: Abstimmung yes, sending to Next One
08.11 11:24:28,525|11034: Got Abstimmung
08.11 11:24:28,525|11034: Got it from someone else
08.11 11:24:28,526|11034: TimeDiff of 14 big enough
08.11 11:24:28,527|11034: Trying to get Nameservice: ns@lab30.cpt.haw-hamburg.de
08.11 11:24:28,532|11034: Got Nameservice: ns@lab30.cpt.haw-hamburg.de
08.11 11:24:28,532|11034: Got Nameservice, trying to contact it for: 12111
08.11 11:24:28,537|11034: 12111 found, Name: 12111 Node: starter@lab23.cpt.haw-hamburg.de
08.11 11:24:28,538|11034: Abstimmung yes, sending to Next One
08.11 11:24:29,715|11034: Got Abstimmung
08.11 11:24:29,724|11034: Got it from someone else
08.11 11:24:29,731|11034: TimeDiff of 15 big enough
08.11 11:24:29,737|11034: Trying to get Nameservice: ns@lab30.cpt.haw-hamburg.de
08.11 11:24:29,785|11034: Got Nameservice: ns@lab30.cpt.haw-hamburg.de
08.11 11:24:29,792|11034: Got Nameservice, trying to contact it for: 12111
08.11 11:24:29,846|11034: 12111 found, Name: 12111 Node: starter@lab23.cpt.haw-hamburg.de
08.11 11:24:29,852|11034: Abstimmung yes, sending to Next One
08.11 11:24:29,958|11034: Got Abstimmung
08.11 11:24:29,985|11034: Got it from someone else
08.11 11:24:29,987|11034: TimeDiff of 15 big enough
08.11 11:24:29,989|11034: Trying to get Nameservice: ns@lab30.cpt.haw-hamburg.de
08.11 11:24:29,023|11034: Got Nameservice: ns@lab30.cpt.haw-hamburg.de
08.11 11:24:29,026|11034: Got Nameservice, trying to contact it for: 12111
08.11 11:24:29,032|11034: 12111 found, Name: 12111 Node: starter@lab23.cpt.haw-hamburg.de
08.11 11:24:29,033|11034: Abstimmung yes, sending to Next One
08.11 11:24:29,830|11034: Got Abstimmung
08.11 11:24:29,831|11034: Got it from someone else
08.11 11:24:29,831|11034: TimeDiff of 15 big enough
08.11 11:24:29,832|11034: Trying to get Nameservice: ns@lab30.cpt.haw-hamburg.de
08.11 11:24:29,862|11034: Got Nameservice: ns@lab30.cpt.haw-hamburg.de
08.11 11:24:29,863|11034: Got Nameservice, trying to contact it for: 12111
08.11 11:24:29,872|11034: 12111 found, Name: 12111 Node: starter@lab23.cpt.haw-hamburg.de
08.11 11:24:29,873|11034: Abstimmung yes, sending to Next One
08.11 11:24:29,360|11034: Got Abstimmung
08.11 11:24:29,360|11034: Got it from someone else
08.11 11:24:29,361|11034: TimeDiff of 15 big enough
08.11 11:24:29,361|11034: Trying to get Nameservice: ns@lab30.cpt.haw-hamburg.de
08.11 11:24:29,367|11034: Got Nameservice: ns@lab30.cpt.haw-hamburg.de
08.11 11:24:29,368|11034: Got Nameservice, trying to contact it for: 12111
08.11 11:24:29,447|11034: 12111 found, Name: 12111 Node: starter@lab23.cpt.haw-hamburg.de
08.11 11:24:29,447|11034: Abstimmung yes, sending to Next One
08.11 11:24:29,828|11034: Got Abstimmung
08.11 11:24:29,828|11034: Got it from someone else
08.11 11:24:29,829|11034: TimeDiff of 15 big enough
08.11 11:24:29,830|11034: Trying to get Nameservice: ns@lab30.cpt.haw-hamburg.de
08.11 11:24:29,836|11034: Got Nameservice: ns@lab30.cpt.haw-hamburg.de
08.11 11:24:29,837|11034: Got Nameservice, trying to contact it for: 12111
08.11 11:24:29,842|11034: 12111 found, Name: 12111 Node: starter@lab23.cpt.haw-hamburg.de
08.11 11:24:29,843|11034: Abstimmung yes, sending to Next One
08.11 11:24:29,162|11034: Got Abstimmung
08.11 11:24:29,163|11034: Got it from someone else
08.11 11:24:29,163|11034: TimeDiff of 15 big enough
08.11 11:24:29,164|11034: Trying to get Nameservice: ns@lab30.cpt.haw-hamburg.de
08.11 11:24:29,199|11034: Got Nameservice: ns@lab30.cpt.haw-hamburg.de
08.11 11:24:29,200|11034: Got Nameservice, trying to contact it for: 12111
08.11 11:24:29,231|11034: 12111 found, Name: 12111 Node: starter@lab23.cpt.haw-hamburg.de
08.11 11:24:29,232|11034: Abstimmung yes, sending to Next One
08.11 11:24:30,340|11034: Got Abstimmung
08.11 11:24:30,347|11034: Got it from someone else
08.11 11:24:30,354|11034: TimeDiff of 16 big enough
08.11 11:24:30,360|11034: Trying to get Nameservice: ns@lab30.cpt.haw-hamburg.de
08.11 11:24:30,694|11034: Got Nameservice: ns@lab30.cpt.haw-hamburg.de
08.11 11:24:30,702|11034: Got Nameservice, trying to contact it for: 12111
08.11 11:24:30,090|11034: 12111 found, Name: 12111 Node: starter@lab23.cpt.haw-hamburg.de
08.11 11:24:30,145|11034: Abstimmung yes, sending to Next One
08.11 11:24:30,288|11034: Got Abstimmung
08.11 11:24:30,289|11034: Got it from someone else
08.11 11:24:30,289|11034: TimeDiff of 16 big enough
08.11 11:24:30,290|11034: Trying to get Nameservice: ns@lab30.cpt.haw-hamburg.de
08.11 11:24:30,321|11034: Got Nameservice: ns@lab30.cpt.haw-hamburg.de
08.11 11:24:30,321|11034: Got Nameservice, trying to contact it for: 12111
08.11 11:24:30,327|11034: 12111 found, Name: 12111 Node: starter@lab23.cpt.haw-hamburg.de
08.11 11:24:30,328|11034: Abstimmung yes, sending to Next One
08.11 11:24:35,878|11034: Got Abstimmung
08.11 11:24:35,879|11034: Got it from someone else
08.11 11:24:35,880|11034: TimeDiff of 21 big enough
08.11 11:24:35,880|11034: Trying to get Nameservice: ns@lab30.cpt.haw-hamburg.de
08.11 11:24:35,912|11034: Got Nameservice: ns@lab30.cpt.haw-hamburg.de
08.11 11:24:35,913|11034: Got Nameservice, trying to contact it for: 12111
08.11 11:24:35,919|11034: 12111 found, Name: 12111 Node: starter@lab23.cpt.haw-hamburg.de
08.11 11:24:35,921|11034: Abstimmung yes, sending to Next One
08.11 11:24:36,046|11034: Got Abstimmung
08.11 11:24:36,070|11034: Got it from someone else
08.11 11:24:36,073|11034: TimeDiff of 22 big enough
08.11 11:24:36,075|11034: Trying to get Nameservice: ns@lab30.cpt.haw-hamburg.de
08.11 11:24:36,081|11034: Got Nameservice: ns@lab30.cpt.haw-hamburg.de
08.11 11:24:36,081|11034: Got Nameservice, trying to contact it for: 12111
08.11 11:24:36,104|11034: 12111 found, Name: 12111 Node: starter@lab23.cpt.haw-hamburg.de
08.11 11:24:36,105|11034: Abstimmung yes, sending to Next One
08.11 11:24:37,456|11034: Got Abstimmung
08.11 11:24:37,457|11034: Got it from someone else
08.11 11:24:37,457|11034: TimeDiff of 23 big enough
08.11 11:24:37,458|11034: Trying to get Nameservice: ns@lab30.cpt.haw-hamburg.de
08.11 11:24:37,463|11034: Got Nameservice: ns@lab30.cpt.haw-hamburg.de
08.11 11:24:37,464|11034: Got Nameservice, trying to contact it for: 12111
08.11 11:24:37,503|11034: 12111 found, Name: 12111 Node: starter@lab23.cpt.haw-hamburg.de
08.11 11:24:37,503|11034: Abstimmung yes, sending to Next One
08.11 11:24:37,659|11034: Got Abstimmung
08.11 11:24:37,660|11034: Got it from someone else
08.11 11:24:37,660|11034: TimeDiff of 23 big enough
08.11 11:24:37,661|11034: Trying to get Nameservice: ns@lab30.cpt.haw-hamburg.de
08.11 11:24:37,666|11034: Got Nameservice: ns@lab30.cpt.haw-hamburg.de
08.11 11:24:37,667|11034: Got Nameservice, trying to contact it for: 12111
08.11 11:24:37,696|11034: 12111 found, Name: 12111 Node: starter@lab23.cpt.haw-hamburg.de
08.11 11:24:37,697|11034: Abstimmung yes, sending to Next One
08.11 11:24:38,086|11034: Got Abstimmung
08.11 11:24:38,089|11034: Got it from someone else
08.11 11:24:38,090|11034: TimeDiff of 24 big enough
08.11 11:24:38,092|11034: Trying to get Nameservice: ns@lab30.cpt.haw-hamburg.de
08.11 11:24:38,098|11034: Got Nameservice: ns@lab30.cpt.haw-hamburg.de
08.11 11:24:38,099|11034: Got Nameservice, trying to contact it for: 12111
08.11 11:24:38,104|11034: 12111 found, Name: 12111 Node: starter@lab23.cpt.haw-hamburg.de
08.11 11:24:38,104|11034: Abstimmung yes, sending to Next One
08.11 11:24:42,747|11034: Got Y: 21
08.11 11:24:42,748|11034: Starting new timer
08.11 11:24:42,748|11034: Caculating new MI: 21 Y: 21
08.11 11:24:42,780|11034: Trying to get Nameservice: ns@lab30.cpt.haw-hamburg.de
08.11 11:24:42,822|11034: Got Nameservice: ns@lab30.cpt.haw-hamburg.de
08.11 11:24:42,823|11034: Got Nameservice, trying to contact it for: 113329
08.11 11:24:42,828|11034: 113329 found, Name: 113329 Node: node5@lab29.cpt.haw-hamburg.de
08.11 11:24:42,829|11034: Sending Y: 21 to Left
08.11 11:24:42,830|11034: Trying to get Nameservice: ns@lab30.cpt.haw-hamburg.de
08.11 11:24:42,869|11034: Got Nameservice: ns@lab30.cpt.haw-hamburg.de
08.11 11:24:42,870|11034: Got Nameservice, trying to contact it for: 12111
08.11 11:24:42,901|11034: 12111 found, Name: 12111 Node: starter@lab23.cpt.haw-hamburg.de
08.11 11:24:42,902|11034: Sending Y: 21 to Right
08.11 11:24:42,902|11034: Get Koordinator -> Get Dienst
08.11 11:24:42,903|11034: Trying to get Nameservice: ns@lab30.cpt.haw-hamburg.de
08.11 11:24:42,937|11034: Got Nameservice: ns@lab30.cpt.haw-hamburg.de
08.11 11:24:42,938|11034: Got Nameservice, trying to contact it for: chef
08.11 11:24:42,942|11034: chef found, Name: chef Node: ko@lab22.cpt.haw-hamburg.de
08.11 11:24:42,944|11034: BriefMi to Koord: 21
08.11 11:24:42,944|11034: Got Abstimmung
08.11 11:24:42,945|11034: Got it from someone else
08.11 11:24:42,946|11034: TimeDiff of 0 NOT big enough
08.11 11:24:42,946|11034: Got Abstimmung
08.11 11:24:42,947|11034: Got it from someone else
08.11 11:24:42,947|11034: TimeDiff of 0 NOT big enough
08.11 11:24:42,948|11034: Got Abstimmung
08.11 11:24:42,948|11034: Got it from someone else
08.11 11:24:42,949|11034: TimeDiff of 0 NOT big enough
08.11 11:24:42,950|11034: Got Abstimmung
08.11 11:24:42,950|11034: Got it from someone else
08.11 11:24:42,951|11034: TimeDiff of 0 NOT big enough
08.11 11:24:42,951|11034: Got Abstimmung
08.11 11:24:42,952|11034: Got it from someone else
08.11 11:24:42,953|11034: TimeDiff of 0 NOT big enough
08.11 11:24:44,268|11034: Got Abstimmung
08.11 11:24:44,277|11034: Got it from someone else
08.11 11:24:44,283|11034: TimeDiff of 2 big enough
08.11 11:24:44,289|11034: Trying to get Nameservice: ns@lab30.cpt.haw-hamburg.de
08.11 11:24:44,364|11034: Got Nameservice: ns@lab30.cpt.haw-hamburg.de
08.11 11:24:44,371|11034: Got Nameservice, trying to contact it for: 12111
08.11 11:24:44,463|11034: 12111 found, Name: 12111 Node: starter@lab23.cpt.haw-hamburg.de
08.11 11:24:44,470|11034: Abstimmung yes, sending to Next One
08.11 11:24:45,797|11034: Trying to get Nameservice: ns@lab30.cpt.haw-hamburg.de
08.11 11:24:45,803|11034: Got Nameservice: ns@lab30.cpt.haw-hamburg.de
08.11 11:24:45,805|11034: Got Nameservice, trying to contact it for: 12111
08.11 11:24:45,810|11034: 12111 found, Name: 12111 Node: starter@lab23.cpt.haw-hamburg.de
08.11 11:24:45,811|11034: ABSTIMMUNG start
08.11 11:24:45,902|11034: Got Abstimmung
08.11 11:24:45,903|11034: Got it from someone else
08.11 11:24:45,903|11034: TimeDiff of 3 big enough
08.11 11:24:45,904|11034: Trying to get Nameservice: ns@lab30.cpt.haw-hamburg.de
08.11 11:24:45,909|11034: Got Nameservice: ns@lab30.cpt.haw-hamburg.de
08.11 11:24:45,910|11034: Got Nameservice, trying to contact it for: 12111
08.11 11:24:45,949|11034: 12111 found, Name: 12111 Node: starter@lab23.cpt.haw-hamburg.de
08.11 11:24:45,949|11034: Abstimmung yes, sending to Next One
08.11 11:24:47,358|11034: Got Abstimmung
08.11 11:24:47,359|11034: Got it from someone else
08.11 11:24:47,361|11034: TimeDiff of 5 big enough
08.11 11:24:47,362|11034: Trying to get Nameservice: ns@lab30.cpt.haw-hamburg.de
08.11 11:24:47,367|11034: Got Nameservice: ns@lab30.cpt.haw-hamburg.de
08.11 11:24:47,368|11034: Got Nameservice, trying to contact it for: 12111
08.11 11:24:47,389|11034: 12111 found, Name: 12111 Node: starter@lab23.cpt.haw-hamburg.de
08.11 11:24:47,390|11034: Abstimmung yes, sending to Next One
08.11 11:24:51,831|11034: Got Abstimmung
08.11 11:24:51,832|11034: Got it from someone else
08.11 11:24:51,833|11034: TimeDiff of 9 big enough
08.11 11:24:51,835|11034: Trying to get Nameservice: ns@lab30.cpt.haw-hamburg.de
08.11 11:24:51,841|11034: Got Nameservice: ns@lab30.cpt.haw-hamburg.de
08.11 11:24:51,841|11034: Got Nameservice, trying to contact it for: 12111
08.11 11:24:51,848|11034: 12111 found, Name: 12111 Node: starter@lab23.cpt.haw-hamburg.de
08.11 11:24:51,848|11034: Abstimmung yes, sending to Next One
08.11 11:24:51,237|11034: Got Abstimmung
08.11 11:24:51,238|11034: Got it from someone else
08.11 11:24:51,239|11034: TimeDiff of 9 big enough
08.11 11:24:51,239|11034: Trying to get Nameservice: ns@lab30.cpt.haw-hamburg.de
08.11 11:24:51,266|11034: Got Nameservice: ns@lab30.cpt.haw-hamburg.de
08.11 11:24:51,266|11034: Got Nameservice, trying to contact it for: 12111
08.11 11:24:51,270|11034: 12111 found, Name: 12111 Node: starter@lab23.cpt.haw-hamburg.de
08.11 11:24:51,271|11034: Abstimmung yes, sending to Next One
08.11 11:24:52,390|11034: Got Abstimmung
08.11 11:24:52,391|11034: Got it from someone else
08.11 11:24:52,392|11034: TimeDiff of 10 big enough
08.11 11:24:52,392|11034: Trying to get Nameservice: ns@lab30.cpt.haw-hamburg.de
08.11 11:24:52,398|11034: Got Nameservice: ns@lab30.cpt.haw-hamburg.de
08.11 11:24:52,398|11034: Got Nameservice, trying to contact it for: 12111
08.11 11:24:52,404|11034: 12111 found, Name: 12111 Node: starter@lab23.cpt.haw-hamburg.de
08.11 11:24:52,405|11034: Abstimmung yes, sending to Next One
08.11 11:24:53,839|11034: Got Abstimmung
08.11 11:24:53,840|11034: Got it from someone else
08.11 11:24:53,841|11034: TimeDiff of 11 big enough
08.11 11:24:53,842|11034: Trying to get Nameservice: ns@lab30.cpt.haw-hamburg.de
08.11 11:24:53,848|11034: Got Nameservice: ns@lab30.cpt.haw-hamburg.de
08.11 11:24:53,848|11034: Got Nameservice, trying to contact it for: 12111
08.11 11:24:53,853|11034: 12111 found, Name: 12111 Node: starter@lab23.cpt.haw-hamburg.de
08.11 11:24:53,854|11034: Abstimmung yes, sending to Next One
08.11 11:24:57,631|11034: Got Y: 7
08.11 11:24:57,632|11034: Starting new timer
08.11 11:24:57,632|11034: Caculating new MI: 7 Y: 7
08.11 11:24:57,671|11034: Trying to get Nameservice: ns@lab30.cpt.haw-hamburg.de
08.11 11:24:57,709|11034: Got Nameservice: ns@lab30.cpt.haw-hamburg.de
08.11 11:24:57,709|11034: Got Nameservice, trying to contact it for: 113329
08.11 11:24:57,714|11034: 113329 found, Name: 113329 Node: node5@lab29.cpt.haw-hamburg.de
08.11 11:24:57,715|11034: Sending Y: 7 to Left
08.11 11:24:57,716|11034: Trying to get Nameservice: ns@lab30.cpt.haw-hamburg.de
08.11 11:24:57,746|11034: Got Nameservice: ns@lab30.cpt.haw-hamburg.de
08.11 11:24:57,747|11034: Got Nameservice, trying to contact it for: 12111
08.11 11:24:57,782|11034: 12111 found, Name: 12111 Node: starter@lab23.cpt.haw-hamburg.de
08.11 11:24:57,783|11034: Sending Y: 7 to Right
08.11 11:24:57,784|11034: Get Koordinator -> Get Dienst
08.11 11:24:57,784|11034: Trying to get Nameservice: ns@lab30.cpt.haw-hamburg.de
08.11 11:24:57,824|11034: Got Nameservice: ns@lab30.cpt.haw-hamburg.de
08.11 11:24:57,824|11034: Got Nameservice, trying to contact it for: chef
08.11 11:24:57,874|11034: chef found, Name: chef Node: ko@lab22.cpt.haw-hamburg.de
08.11 11:24:57,875|11034: BriefMi to Koord: 7
08.11 11:24:57,875|11034: Got Abstimmung
08.11 11:24:57,876|11034: Got it from someone else
08.11 11:24:57,877|11034: TimeDiff of 0 NOT big enough
08.11 11:24:57,877|11034: Got Abstimmung
08.11 11:24:57,878|11034: Got it from someone else
08.11 11:24:57,878|11034: TimeDiff of 0 NOT big enough
08.11 11:24:57,879|11034: Got Abstimmung
08.11 11:24:57,879|11034: Got it from someone else
08.11 11:24:57,880|11034: TimeDiff of 0 NOT big enough
08.11 11:24:57,881|11034: Got Y: 6
08.11 11:24:57,881|11034: Killing old timer in Y
08.11 11:24:57,882|11034: Starting new timer
08.11 11:24:57,883|11034: Caculating new MI: 1 Y: 6
08.11 11:24:57,921|11034: Trying to get Nameservice: ns@lab30.cpt.haw-hamburg.de
08.11 11:24:57,939|11034: Got Nameservice: ns@lab30.cpt.haw-hamburg.de
08.11 11:24:57,941|11034: Got Nameservice, trying to contact it for: 113329
08.11 11:24:57,968|11034: 113329 found, Name: 113329 Node: node5@lab29.cpt.haw-hamburg.de
08.11 11:24:57,971|11034: Sending Y: 1 to Left
08.11 11:24:57,972|11034: Trying to get Nameservice: ns@lab30.cpt.haw-hamburg.de
08.11 11:24:57,025|11034: Got Nameservice: ns@lab30.cpt.haw-hamburg.de
08.11 11:24:57,025|11034: Got Nameservice, trying to contact it for: 12111
08.11 11:24:57,044|11034: 12111 found, Name: 12111 Node: starter@lab23.cpt.haw-hamburg.de
08.11 11:24:57,047|11034: Sending Y: 1 to Right
08.11 11:24:57,049|11034: Get Koordinator -> Get Dienst
08.11 11:24:57,049|11034: Trying to get Nameservice: ns@lab30.cpt.haw-hamburg.de
08.11 11:24:57,085|11034: Got Nameservice: ns@lab30.cpt.haw-hamburg.de
08.11 11:24:57,086|11034: Got Nameservice, trying to contact it for: chef
08.11 11:24:57,172|11034: chef found, Name: chef Node: ko@lab22.cpt.haw-hamburg.de
08.11 11:24:57,174|11034: BriefMi to Koord: 1
08.11 11:24:57,178|11034: Got Y: 3
08.11 11:24:57,203|11034: Killing old timer in Y
08.11 11:24:57,203|11034: Starting new timer
08.11 11:24:57,204|11034: New Y: 3 >= Mi: 1
08.11 11:24:57,205|11034: Got Y: 1
08.11 11:24:57,205|11034: Killing old timer in Y
08.11 11:24:57,206|11034: Starting new timer
08.11 11:24:57,207|11034: New Y: 1 >= Mi: 1
08.11 11:25:00,011|11034: Got Y: 1
08.11 11:25:00,012|11034: Killing old timer in Y
08.11 11:25:00,012|11034: Starting new timer
08.11 11:25:00,013|11034: New Y: 1 >= Mi: 1
08.11 11:25:00,014|11034: Got Abstimmung
08.11 11:25:00,014|11034: Got it from someone else
08.11 11:25:00,015|11034: TimeDiff of 0 NOT big enough
08.11 11:25:00,015|11034: Got Abstimmung
08.11 11:25:00,016|11034: Got it from someone else
08.11 11:25:00,017|11034: TimeDiff of 0 NOT big enough
08.11 11:25:00,017|11034: Got Abstimmung
08.11 11:25:00,018|11034: Got it from someone else
08.11 11:25:00,018|11034: TimeDiff of 0 NOT big enough
08.11 11:25:00,096|11034: Got Abstimmung
08.11 11:25:00,097|11034: Got it from someone else
08.11 11:25:00,097|11034: TimeDiff of 0 NOT big enough
08.11 11:25:01,532|11034: Got Abstimmung
08.11 11:25:01,535|11034: Got it from someone else
08.11 11:25:01,536|11034: TimeDiff of 1 NOT big enough
08.11 11:25:01,773|11034: Got Abstimmung
08.11 11:25:01,774|11034: Got it from someone else
08.11 11:25:01,774|11034: TimeDiff of 1 NOT big enough
08.11 11:25:02,720|11034: Got Abstimmung
08.11 11:25:02,721|11034: Got it from someone else
08.11 11:25:02,721|11034: TimeDiff of 2 big enough
08.11 11:25:02,722|11034: Trying to get Nameservice: ns@lab30.cpt.haw-hamburg.de
08.11 11:25:02,728|11034: Got Nameservice: ns@lab30.cpt.haw-hamburg.de
08.11 11:25:02,729|11034: Got Nameservice, trying to contact it for: 12111
08.11 11:25:02,734|11034: 12111 found, Name: 12111 Node: starter@lab23.cpt.haw-hamburg.de
08.11 11:25:02,735|11034: Abstimmung yes, sending to Next One
08.11 11:25:03,288|11034: Got Abstimmung
08.11 11:25:03,289|11034: Got it from someone else
08.11 11:25:03,290|11034: TimeDiff of 3 big enough
08.11 11:25:03,290|11034: Trying to get Nameservice: ns@lab30.cpt.haw-hamburg.de
08.11 11:25:03,296|11034: Got Nameservice: ns@lab30.cpt.haw-hamburg.de
08.11 11:25:03,297|11034: Got Nameservice, trying to contact it for: 12111
08.11 11:25:03,303|11034: 12111 found, Name: 12111 Node: starter@lab23.cpt.haw-hamburg.de
08.11 11:25:03,304|11034: Abstimmung yes, sending to Next One
08.11 11:25:03,027|11034: Trying to get Nameservice: ns@lab30.cpt.haw-hamburg.de
08.11 11:25:03,035|11034: Got Nameservice: ns@lab30.cpt.haw-hamburg.de
08.11 11:25:03,035|11034: Got Nameservice, trying to contact it for: 12111
08.11 11:25:03,042|11034: 12111 found, Name: 12111 Node: starter@lab23.cpt.haw-hamburg.de
08.11 11:25:03,042|11034: ABSTIMMUNG start
08.11 11:25:05,897|11034: Got Abstimmung
08.11 11:25:05,897|11034: Got it from someone else
08.11 11:25:05,898|11034: TimeDiff of 5 big enough
08.11 11:25:05,899|11034: Trying to get Nameservice: ns@lab30.cpt.haw-hamburg.de
08.11 11:25:05,904|11034: Got Nameservice: ns@lab30.cpt.haw-hamburg.de
08.11 11:25:05,905|11034: Got Nameservice, trying to contact it for: 12111
08.11 11:25:05,910|11034: 12111 found, Name: 12111 Node: starter@lab23.cpt.haw-hamburg.de
08.11 11:25:05,911|11034: Abstimmung yes, sending to Next One
08.11 11:25:05,425|11034: Got Abstimmung
08.11 11:25:05,426|11034: Got it from someone else
08.11 11:25:05,426|11034: TimeDiff of 5 big enough
08.11 11:25:05,427|11034: Trying to get Nameservice: ns@lab30.cpt.haw-hamburg.de
08.11 11:25:05,432|11034: Got Nameservice: ns@lab30.cpt.haw-hamburg.de
08.11 11:25:05,433|11034: Got Nameservice, trying to contact it for: 12111
08.11 11:25:05,439|11034: 12111 found, Name: 12111 Node: starter@lab23.cpt.haw-hamburg.de
08.11 11:25:05,440|11034: Abstimmung yes, sending to Next One
08.11 11:25:10,876|11034: Got Abstimmung
08.11 11:25:10,878|11034: Got it from someone else
08.11 11:25:10,880|11034: TimeDiff of 10 big enough
08.11 11:25:10,880|11034: Trying to get Nameservice: ns@lab30.cpt.haw-hamburg.de
08.11 11:25:10,887|11034: Got Nameservice: ns@lab30.cpt.haw-hamburg.de
08.11 11:25:10,887|11034: Got Nameservice, trying to contact it for: 12111
08.11 11:25:10,912|11034: 12111 found, Name: 12111 Node: starter@lab23.cpt.haw-hamburg.de
08.11 11:25:10,913|11034: Abstimmung yes, sending to Next One
08.11 11:25:11,161|11034: Got Abstimmung
08.11 11:25:11,162|11034: Got it from someone else
08.11 11:25:11,163|11034: TimeDiff of 11 big enough
08.11 11:25:11,164|11034: Trying to get Nameservice: ns@lab30.cpt.haw-hamburg.de
08.11 11:25:11,168|11034: Got Nameservice: ns@lab30.cpt.haw-hamburg.de
08.11 11:25:11,169|11034: Got Nameservice, trying to contact it for: 12111
08.11 11:25:11,177|11034: 12111 found, Name: 12111 Node: starter@lab23.cpt.haw-hamburg.de
08.11 11:25:11,180|11034: Abstimmung yes, sending to Next One
08.11 11:25:12,289|11034: Got Abstimmung
08.11 11:25:12,299|11034: Got it from someone else
08.11 11:25:12,305|11034: TimeDiff of 12 big enough
08.11 11:25:12,311|11034: Trying to get Nameservice: ns@lab30.cpt.haw-hamburg.de
08.11 11:25:12,373|11034: Got Nameservice: ns@lab30.cpt.haw-hamburg.de
08.11 11:25:12,380|11034: Got Nameservice, trying to contact it for: 12111
08.11 11:25:12,429|11034: 12111 found, Name: 12111 Node: starter@lab23.cpt.haw-hamburg.de
08.11 11:25:12,435|11034: Abstimmung yes, sending to Next One
08.11 11:25:12,146|11034: Got Abstimmung
08.11 11:25:12,147|11034: Got it from someone else
08.11 11:25:12,147|11034: TimeDiff of 12 big enough
08.11 11:25:12,148|11034: Trying to get Nameservice: ns@lab30.cpt.haw-hamburg.de
08.11 11:25:12,154|11034: Got Nameservice: ns@lab30.cpt.haw-hamburg.de
08.11 11:25:12,155|11034: Got Nameservice, trying to contact it for: 12111
08.11 11:25:12,159|11034: 12111 found, Name: 12111 Node: starter@lab23.cpt.haw-hamburg.de
08.11 11:25:12,160|11034: Abstimmung yes, sending to Next One
08.11 11:25:13,732|11034: Got Abstimmung
08.11 11:25:13,733|11034: Got it from someone else
08.11 11:25:13,733|11034: TimeDiff of 13 big enough
08.11 11:25:13,734|11034: Trying to get Nameservice: ns@lab30.cpt.haw-hamburg.de
08.11 11:25:13,739|11034: Got Nameservice: ns@lab30.cpt.haw-hamburg.de
08.11 11:25:13,740|11034: Got Nameservice, trying to contact it for: 12111
08.11 11:25:13,746|11034: 12111 found, Name: 12111 Node: starter@lab23.cpt.haw-hamburg.de
08.11 11:25:13,747|11034: Abstimmung yes, sending to Next One
08.11 11:25:13,214|11034: Got Abstimmung
08.11 11:25:13,216|11034: Got it from someone else
08.11 11:25:13,217|11034: TimeDiff of 13 big enough
08.11 11:25:13,218|11034: Trying to get Nameservice: ns@lab30.cpt.haw-hamburg.de
08.11 11:25:13,224|11034: Got Nameservice: ns@lab30.cpt.haw-hamburg.de
08.11 11:25:13,225|11034: Got Nameservice, trying to contact it for: 12111
08.11 11:25:13,231|11034: 12111 found, Name: 12111 Node: starter@lab23.cpt.haw-hamburg.de
08.11 11:25:13,232|11034: Abstimmung yes, sending to Next One
08.11 11:25:13,983|11034: Got Abstimmung
08.11 11:25:13,984|11034: Got it from someone else
08.11 11:25:13,985|11034: TimeDiff of 13 big enough
08.11 11:25:13,985|11034: Trying to get Nameservice: ns@lab30.cpt.haw-hamburg.de
08.11 11:25:13,992|11034: Got Nameservice: ns@lab30.cpt.haw-hamburg.de
08.11 11:25:13,993|11034: Got Nameservice, trying to contact it for: 12111
08.11 11:25:13,998|11034: 12111 found, Name: 12111 Node: starter@lab23.cpt.haw-hamburg.de
08.11 11:25:13,998|11034: Abstimmung yes, sending to Next One
08.11 11:25:14,633|11034: Got Nameservice: ns@lab30.cpt.haw-hamburg.de
08.11 11:25:14,640|11034: Unbinding from Nameservice
08.11 11:25:14,649|11034: Killed
