08.11 11:20:05,973|11011: Got Nameservice: ns@lab30.cpt.haw-hamburg.de
08.11 11:20:05,974|11011: Sende Nachricht an Nameservicenode: ns@lab30.cpt.haw-hamburg.de
08.11 11:20:05,974|11011: Nachricht an Nameservicenode gesendet
08.11 11:20:05,986|11011: Bind done
08.11 11:20:05,987|11011: Get Koordinator -> Get Dienst
08.11 11:20:05,988|11011: Trying to get Nameservice: ns@lab30.cpt.haw-hamburg.de
08.11 11:20:05,053|11011: Got Nameservice: ns@lab30.cpt.haw-hamburg.de
08.11 11:20:05,054|11011: Got Nameservice, trying to contact it for: chef
08.11 11:20:05,108|11011: chef found, Name: chef Node: ko@lab22.cpt.haw-hamburg.de
08.11 11:20:05,109|11011: Sende Nachricht an Koordinator: chef
08.11 11:20:05,109|11011: warte auf Nachbarmessage vom Koordinator
08.11 11:21:07,585|11011: Neighbors set. Left: 11612 Right: 11081|starting loop
08.11 11:21:12,981|11011: Starting with MI: 55028259
08.11 11:21:12,982|11011: Starting new timer
08.11 11:21:15,990|11011: Trying to get Nameservice: ns@lab30.cpt.haw-hamburg.de
08.11 11:21:15,010|11011: Got Nameservice: ns@lab30.cpt.haw-hamburg.de
08.11 11:21:15,011|11011: Got Nameservice, trying to contact it for: 11081
08.11 11:21:15,016|11011: 11081 found, Name: 11081 Node: team10@lab24.cpt.haw-hamburg.de
08.11 11:21:15,016|11011: ABSTIMMUNG start
08.11 11:21:16,124|11011: Got Abstimmung
08.11 11:21:16,185|11011: Got it from someone else
08.11 11:21:16,244|11011: TimeDiff of 4 big enough
08.11 11:21:16,316|11011: Trying to get Nameservice: ns@lab30.cpt.haw-hamburg.de
08.11 11:21:16,054|11011: Got Nameservice: ns@lab30.cpt.haw-hamburg.de
08.11 11:21:16,070|11011: Got Nameservice, trying to contact it for: 11081
08.11 11:21:16,384|11011: 11081 found, Name: 11081 Node: team10@lab24.cpt.haw-hamburg.de
08.11 11:21:16,394|11011: Abstimmung yes, sending to Next One
08.11 11:21:16,583|11011: Got Abstimmung
08.11 11:21:16,590|11011: Got it from someone else
08.11 11:21:16,596|11011: TimeDiff of 4 big enough
08.11 11:21:16,602|11011: Trying to get Nameservice: ns@lab30.cpt.haw-hamburg.de
08.11 11:21:16,083|11011: Got Nameservice: ns@lab30.cpt.haw-hamburg.de
08.11 11:21:16,089|11011: Got Nameservice, trying to contact it for: 11081
08.11 11:21:16,642|11011: 11081 found, Name: 11081 Node: team10@lab24.cpt.haw-hamburg.de
08.11 11:21:16,653|11011: Abstimmung yes, sending to Next One
08.11 11:21:16,146|11011: Got Abstimmung
08.11 11:21:16,146|11011: Got it from someone else
08.11 11:21:16,147|11011: TimeDiff of 4 big enough
08.11 11:21:16,148|11011: Trying to get Nameservice: ns@lab30.cpt.haw-hamburg.de
08.11 11:21:16,164|11011: Got Nameservice: ns@lab30.cpt.haw-hamburg.de
08.11 11:21:16,165|11011: Got Nameservice, trying to contact it for: 11081
08.11 11:21:16,255|11011: 11081 found, Name: 11081 Node: team10@lab24.cpt.haw-hamburg.de
08.11 11:21:16,256|11011: Abstimmung yes, sending to Next One
08.11 11:21:16,306|11011: Got Abstimmung
08.11 11:21:16,307|11011: Got it from someone else
08.11 11:21:16,308|11011: TimeDiff of 4 big enough
08.11 11:21:16,308|11011: Trying to get Nameservice: ns@lab30.cpt.haw-hamburg.de
08.11 11:21:16,345|11011: Got Nameservice: ns@lab30.cpt.haw-hamburg.de
08.11 11:21:16,347|11011: Got Nameservice, trying to contact it for: 11081
08.11 11:21:16,378|11011: 11081 found, Name: 11081 Node: team10@lab24.cpt.haw-hamburg.de
08.11 11:21:16,379|11011: Abstimmung yes, sending to Next One
08.11 11:21:16,962|11011: Got Abstimmung
08.11 11:21:16,963|11011: Got it from someone else
08.11 11:21:16,964|11011: TimeDiff of 4 big enough
08.11 11:21:16,964|11011: Trying to get Nameservice: ns@lab30.cpt.haw-hamburg.de
08.11 11:21:16,041|11011: Got Nameservice: ns@lab30.cpt.haw-hamburg.de
08.11 11:21:16,042|11011: Got Nameservice, trying to contact it for: 11081
08.11 11:21:16,085|11011: 11081 found, Name: 11081 Node: team10@lab24.cpt.haw-hamburg.de
08.11 11:21:16,086|11011: Abstimmung yes, sending to Next One
08.11 11:21:16,330|11011: Got Abstimmung
08.11 11:21:16,331|11011: Got it from someone else
08.11 11:21:16,332|11011: TimeDiff of 4 big enough
08.11 11:21:16,332|11011: Trying to get Nameservice: ns@lab30.cpt.haw-hamburg.de
08.11 11:21:16,392|11011: Got Nameservice: ns@lab30.cpt.haw-hamburg.de
08.11 11:21:16,393|11011: Got Nameservice, trying to contact it for: 11081
08.11 11:21:16,399|11011: 11081 found, Name: 11081 Node: team10@lab24.cpt.haw-hamburg.de
08.11 11:21:16,399|11011: Abstimmung yes, sending to Next One
08.11 11:21:16,924|11011: Got Abstimmung
08.11 11:21:16,925|11011: Got it from someone else
08.11 11:21:16,925|11011: TimeDiff of 4 big enough
08.11 11:21:16,926|11011: Trying to get Nameservice: ns@lab30.cpt.haw-hamburg.de
08.11 11:21:16,008|11011: Got Nameservice: ns@lab30.cpt.haw-hamburg.de
08.11 11:21:16,009|11011: Got Nameservice, trying to contact it for: 11081
08.11 11:21:16,082|11011: 11081 found, Name: 11081 Node: team10@lab24.cpt.haw-hamburg.de
08.11 11:21:16,083|11011: Abstimmung yes, sending to Next One
08.11 11:21:16,097|11011: Got Y: 29744
08.11 11:21:16,098|11011: Starting new timer
08.11 11:21:16,098|11011: Caculating new MI: 1859 Y: 29744
08.11 11:21:16,146|11011: Trying to get Nameservice: ns@lab30.cpt.haw-hamburg.de
08.11 11:21:16,156|11011: Got Nameservice: ns@lab30.cpt.haw-hamburg.de
08.11 11:21:16,156|11011: Got Nameservice, trying to contact it for: 11612
08.11 11:21:16,201|11011: 11612 found, Name: 11612 Node: starter@lab21.cpt.haw-hamburg.de
08.11 11:21:16,201|11011: Sending Y: 1859 to Left
08.11 11:21:16,202|11011: Trying to get Nameservice: ns@lab30.cpt.haw-hamburg.de
08.11 11:21:16,232|11011: Got Nameservice: ns@lab30.cpt.haw-hamburg.de
08.11 11:21:16,233|11011: Got Nameservice, trying to contact it for: 11081
08.11 11:21:16,281|11011: 11081 found, Name: 11081 Node: team10@lab24.cpt.haw-hamburg.de
08.11 11:21:16,282|11011: Sending Y: 1859 to Right
08.11 11:21:16,282|11011: Get Koordinator -> Get Dienst
08.11 11:21:16,284|11011: Trying to get Nameservice: ns@lab30.cpt.haw-hamburg.de
08.11 11:21:16,325|11011: Got Nameservice: ns@lab30.cpt.haw-hamburg.de
08.11 11:21:16,327|11011: Got Nameservice, trying to contact it for: chef
08.11 11:21:16,358|11011: chef found, Name: chef Node: ko@lab22.cpt.haw-hamburg.de
08.11 11:21:16,359|11011: BriefMi to Koord: 1859
08.11 11:21:16,401|11011: Got Y: 1859
08.11 11:21:16,402|11011: Killing old timer in Y
08.11 11:21:16,402|11011: Starting new timer
08.11 11:21:16,403|11011: New Y: 1859 >= Mi: 1859
08.11 11:21:16,671|11011: Got Y: 143
08.11 11:21:16,671|11011: Killing old timer in Y
08.11 11:21:16,672|11011: Starting new timer
08.11 11:21:16,672|11011: Caculating new MI: 143 Y: 143
08.11 11:21:16,710|11011: Trying to get Nameservice: ns@lab30.cpt.haw-hamburg.de
08.11 11:21:16,744|11011: Got Nameservice: ns@lab30.cpt.haw-hamburg.de
08.11 11:21:16,745|11011: Got Nameservice, trying to contact it for: 11612
08.11 11:21:16,785|11011: 11612 found, Name: 11612 Node: starter@lab21.cpt.haw-hamburg.de
08.11 11:21:16,786|11011: Sending Y: 143 to Left
08.11 11:21:16,786|11011: Trying to get Nameservice: ns@lab30.cpt.haw-hamburg.de
08.11 11:21:16,824|11011: Got Nameservice: ns@lab30.cpt.haw-hamburg.de
08.11 11:21:16,825|11011: Got Nameservice, trying to contact it for: 11081
08.11 11:21:16,861|11011: 11081 found, Name: 11081 Node: team10@lab24.cpt.haw-hamburg.de
08.11 11:21:16,862|11011: Sending Y: 143 to Right
08.11 11:21:16,863|11011: Get Koordinator -> Get Dienst
08.11 11:21:16,863|11011: Trying to get Nameservice: ns@lab30.cpt.haw-hamburg.de
08.11 11:21:16,898|11011: Got Nameservice: ns@lab30.cpt.haw-hamburg.de
08.11 11:21:16,899|11011: Got Nameservice, trying to contact it for: chef
08.11 11:21:16,930|11011: chef found, Name: chef Node: ko@lab22.cpt.haw-hamburg.de
08.11 11:21:16,931|11011: BriefMi to Koord: 143
08.11 11:21:19,531|11011: Got Abstimmung
08.11 11:21:19,532|11011: Got it from someone else
08.11 11:21:19,533|11011: TimeDiff of 3 big enough
08.11 11:21:19,533|11011: Trying to get Nameservice: ns@lab30.cpt.haw-hamburg.de
08.11 11:21:19,541|11011: Got Nameservice: ns@lab30.cpt.haw-hamburg.de
08.11 11:21:19,542|11011: Got Nameservice, trying to contact it for: 11081
08.11 11:21:19,577|11011: 11081 found, Name: 11081 Node: team10@lab24.cpt.haw-hamburg.de
08.11 11:21:19,577|11011: Abstimmung yes, sending to Next One
08.11 11:21:19,694|11011: Trying to get Nameservice: ns@lab30.cpt.haw-hamburg.de
08.11 11:21:19,705|11011: Got Nameservice: ns@lab30.cpt.haw-hamburg.de
08.11 11:21:19,705|11011: Got Nameservice, trying to contact it for: 11081
08.11 11:21:19,710|11011: 11081 found, Name: 11081 Node: team10@lab24.cpt.haw-hamburg.de
08.11 11:21:19,711|11011: ABSTIMMUNG start
08.11 11:21:20,337|11011: Got Y: 14443
08.11 11:21:20,338|11011: Starting new timer
08.11 11:21:20,339|11011: New Y: 14443 >= Mi: 143
08.11 11:21:23,351|11011: Trying to get Nameservice: ns@lab30.cpt.haw-hamburg.de
08.11 11:21:23,384|11011: Got Nameservice: ns@lab30.cpt.haw-hamburg.de
08.11 11:21:23,384|11011: Got Nameservice, trying to contact it for: 11081
08.11 11:21:23,390|11011: 11081 found, Name: 11081 Node: team10@lab24.cpt.haw-hamburg.de
08.11 11:21:23,391|11011: ABSTIMMUNG start
08.11 11:21:24,457|11011: Got Abstimmung
08.11 11:21:24,457|11011: Got it from someone else
08.11 11:21:24,458|11011: TimeDiff of 4 big enough
08.11 11:21:24,459|11011: Trying to get Nameservice: ns@lab30.cpt.haw-hamburg.de
08.11 11:21:24,465|11011: Got Nameservice: ns@lab30.cpt.haw-hamburg.de
08.11 11:21:24,466|11011: Got Nameservice, trying to contact it for: 11081
08.11 11:21:24,471|11011: 11081 found, Name: 11081 Node: team10@lab24.cpt.haw-hamburg.de
08.11 11:21:24,471|11011: Abstimmung yes, sending to Next One
08.11 11:21:24,888|11011: Got Abstimmung
08.11 11:21:24,889|11011: Got it from someone else
08.11 11:21:24,889|11011: TimeDiff of 4 big enough
08.11 11:21:24,890|11011: Trying to get Nameservice: ns@lab30.cpt.haw-hamburg.de
08.11 11:21:24,898|11011: Got Nameservice: ns@lab30.cpt.haw-hamburg.de
08.11 11:21:24,899|11011: Got Nameservice, trying to contact it for: 11081
08.11 11:21:24,929|11011: 11081 found, Name: 11081 Node: team10@lab24.cpt.haw-hamburg.de
08.11 11:21:24,931|11011: Abstimmung yes, sending to Next One
08.11 11:21:24,014|11011: Got Y: 1430
08.11 11:21:24,015|11011: Starting new timer
08.11 11:21:24,016|11011: New Y: 1430 >= Mi: 143
08.11 11:21:25,125|11011: Got Abstimmung
08.11 11:21:25,126|11011: Got it from someone else
08.11 11:21:25,127|11011: TimeDiff of 1 NOT big enough
08.11 11:21:27,021|11011: Trying to get Nameservice: ns@lab30.cpt.haw-hamburg.de
08.11 11:21:27,026|11011: Got Nameservice: ns@lab30.cpt.haw-hamburg.de
08.11 11:21:27,027|11011: Got Nameservice, trying to contact it for: 11081
08.11 11:21:27,032|11011: 11081 found, Name: 11081 Node: team10@lab24.cpt.haw-hamburg.de
08.11 11:21:27,033|11011: ABSTIMMUNG start
08.11 11:21:28,016|11011: Got Y: 143
08.11 11:21:28,017|11011: Starting new timer
08.11 11:21:28,018|11011: New Y: 143 >= Mi: 143
08.11 11:21:31,766|11011: Got Abstimmung
08.11 11:21:31,767|11011: Got it from someone else
08.11 11:21:31,768|11011: TimeDiff of 3 big enough
08.11 11:21:31,769|11011: Trying to get Nameservice: ns@lab30.cpt.haw-hamburg.de
08.11 11:21:31,776|11011: Got Nameservice: ns@lab30.cpt.haw-hamburg.de
08.11 11:21:31,777|11011: Got Nameservice, trying to contact it for: 11081
08.11 11:21:31,780|11011: 11081 found, Name: 11081 Node: team10@lab24.cpt.haw-hamburg.de
08.11 11:21:31,780|11011: Abstimmung yes, sending to Next One
08.11 11:21:31,924|11011: Got Y: 13
08.11 11:21:31,925|11011: Killing old timer in Y
08.11 11:21:31,926|11011: Starting new timer
08.11 11:21:31,926|11011: Caculating new MI: 13 Y: 13
08.11 11:21:31,970|11011: Trying to get Nameservice: ns@lab30.cpt.haw-hamburg.de
08.11 11:21:31,009|11011: Got Nameservice: ns@lab30.cpt.haw-hamburg.de
08.11 11:21:31,010|11011: Got Nameservice, trying to contact it for: 11612
08.11 11:21:31,017|11011: 11612 found, Name: 11612 Node: starter@lab21.cpt.haw-hamburg.de
08.11 11:21:31,018|11011: Sending Y: 13 to Left
08.11 11:21:31,019|11011: Trying to get Nameservice: ns@lab30.cpt.haw-hamburg.de
08.11 11:21:31,049|11011: Got Nameservice: ns@lab30.cpt.haw-hamburg.de
08.11 11:21:31,050|11011: Got Nameservice, trying to contact it for: 11081
08.11 11:21:31,105|11011: 11081 found, Name: 11081 Node: team10@lab24.cpt.haw-hamburg.de
08.11 11:21:31,106|11011: Sending Y: 13 to Right
08.11 11:21:31,106|11011: Get Koordinator -> Get Dienst
08.11 11:21:31,109|11011: Trying to get Nameservice: ns@lab30.cpt.haw-hamburg.de
08.11 11:21:31,152|11011: Got Nameservice: ns@lab30.cpt.haw-hamburg.de
08.11 11:21:31,153|11011: Got Nameservice, trying to contact it for: chef
08.11 11:21:31,156|11011: chef found, Name: chef Node: ko@lab22.cpt.haw-hamburg.de
08.11 11:21:31,156|11011: BriefMi to Koord: 13
08.11 11:21:34,364|11011: Got Abstimmung
08.11 11:21:34,365|11011: Got it from someone else
08.11 11:21:34,366|11011: TimeDiff of 3 big enough
08.11 11:21:34,367|11011: Trying to get Nameservice: ns@lab30.cpt.haw-hamburg.de
08.11 11:21:34,380|11011: Got Nameservice: ns@lab30.cpt.haw-hamburg.de
08.11 11:21:34,381|11011: Got Nameservice, trying to contact it for: 11081
08.11 11:21:34,386|11011: 11081 found, Name: 11081 Node: team10@lab24.cpt.haw-hamburg.de
08.11 11:21:34,386|11011: Abstimmung yes, sending to Next One
08.11 11:21:34,930|11011: Trying to get Nameservice: ns@lab30.cpt.haw-hamburg.de
08.11 11:21:34,935|11011: Got Nameservice: ns@lab30.cpt.haw-hamburg.de
08.11 11:21:34,936|11011: Got Nameservice, trying to contact it for: 11081
08.11 11:21:34,941|11011: 11081 found, Name: 11081 Node: team10@lab24.cpt.haw-hamburg.de
08.11 11:21:34,942|11011: ABSTIMMUNG start
08.11 11:21:34,614|11011: Got Abstimmung
08.11 11:21:34,616|11011: Got it from someone else
08.11 11:21:34,617|11011: TimeDiff of 3 big enough
08.11 11:21:34,618|11011: Trying to get Nameservice: ns@lab30.cpt.haw-hamburg.de
08.11 11:21:34,624|11011: Got Nameservice: ns@lab30.cpt.haw-hamburg.de
08.11 11:21:34,624|11011: Got Nameservice, trying to contact it for: 11081
08.11 11:21:34,629|11011: 11081 found, Name: 11081 Node: team10@lab24.cpt.haw-hamburg.de
08.11 11:21:34,630|11011: Abstimmung yes, sending to Next One
08.11 11:21:35,814|11011: Got Abstimmung
08.11 11:21:35,815|11011: Got it from someone else
08.11 11:21:35,816|11011: TimeDiff of 4 big enough
08.11 11:21:35,816|11011: Trying to get Nameservice: ns@lab30.cpt.haw-hamburg.de
08.11 11:21:35,821|11011: Got Nameservice: ns@lab30.cpt.haw-hamburg.de
08.11 11:21:35,822|11011: Got Nameservice, trying to contact it for: 11081
08.11 11:21:35,857|11011: 11081 found, Name: 11081 Node: team10@lab24.cpt.haw-hamburg.de
08.11 11:21:35,858|11011: Abstimmung yes, sending to Next One
08.11 11:21:36,008|11011: Got Abstimmung
08.11 11:21:36,009|11011: Got it from someone else
08.11 11:21:36,009|11011: TimeDiff of 5 big enough
08.11 11:21:36,010|11011: Trying to get Nameservice: ns@lab30.cpt.haw-hamburg.de
08.11 11:21:36,015|11011: Got Nameservice: ns@lab30.cpt.haw-hamburg.de
08.11 11:21:36,016|11011: Got Nameservice, trying to contact it for: 11081
08.11 11:21:36,022|11011: 11081 found, Name: 11081 Node: team10@lab24.cpt.haw-hamburg.de
08.11 11:21:36,022|11011: Abstimmung yes, sending to Next One
08.11 11:21:37,893|11011: Got Y: 13
08.11 11:21:37,899|11011: Starting new timer
08.11 11:21:37,905|11011: New Y: 13 >= Mi: 13
08.11 11:21:37,631|11011: Got Abstimmung
08.11 11:21:37,632|11011: Got it from someone else
08.11 11:21:37,633|11011: TimeDiff of 0 NOT big enough
08.11 11:21:37,262|11011: Got Abstimmung
08.11 11:21:37,263|11011: Got it from someone else
08.11 11:21:37,264|11011: TimeDiff of 0 NOT big enough
08.11 11:21:38,151|11011: Got Abstimmung
08.11 11:21:38,153|11011: Got it from someone else
08.11 11:21:38,154|11011: TimeDiff of 1 NOT big enough
08.11 11:21:40,014|11011: Trying to get Nameservice: ns@lab30.cpt.haw-hamburg.de
08.11 11:21:40,254|11011: Got Nameservice: ns@lab30.cpt.haw-hamburg.de
08.11 11:21:40,261|11011: Got Nameservice, trying to contact it for: 11081
08.11 11:21:40,351|11011: 11081 found, Name: 11081 Node: team10@lab24.cpt.haw-hamburg.de
08.11 11:21:40,359|11011: ABSTIMMUNG start
08.11 11:21:40,291|11011: Got Abstimmung
08.11 11:21:40,291|11011: Got it from someone else
08.11 11:21:40,292|11011: TimeDiff of 3 big enough
08.11 11:21:40,293|11011: Trying to get Nameservice: ns@lab30.cpt.haw-hamburg.de
08.11 11:21:40,301|11011: Got Nameservice: ns@lab30.cpt.haw-hamburg.de
08.11 11:21:40,302|11011: Got Nameservice, trying to contact it for: 11081
08.11 11:21:40,326|11011: 11081 found, Name: 11081 Node: team10@lab24.cpt.haw-hamburg.de
08.11 11:21:40,326|11011: Abstimmung yes, sending to Next One
08.11 11:21:40,060|11011: Got Abstimmung
08.11 11:21:40,061|11011: Got it from someone else
08.11 11:21:40,061|11011: TimeDiff of 3 big enough
08.11 11:21:40,062|11011: Trying to get Nameservice: ns@lab30.cpt.haw-hamburg.de
08.11 11:21:40,068|11011: Got Nameservice: ns@lab30.cpt.haw-hamburg.de
08.11 11:21:40,069|11011: Got Nameservice, trying to contact it for: 11081
08.11 11:21:40,090|11011: 11081 found, Name: 11081 Node: team10@lab24.cpt.haw-hamburg.de
08.11 11:21:40,090|11011: Abstimmung yes, sending to Next One
08.11 11:21:41,520|11011: Got Abstimmung
08.11 11:21:41,521|11011: Got it from someone else
08.11 11:21:41,521|11011: TimeDiff of 4 big enough
08.11 11:21:41,522|11011: Trying to get Nameservice: ns@lab30.cpt.haw-hamburg.de
08.11 11:21:41,528|11011: Got Nameservice: ns@lab30.cpt.haw-hamburg.de
08.11 11:21:41,529|11011: Got Nameservice, trying to contact it for: 11081
08.11 11:21:41,534|11011: 11081 found, Name: 11081 Node: team10@lab24.cpt.haw-hamburg.de
08.11 11:21:41,534|11011: Abstimmung yes, sending to Next One
08.11 11:21:42,720|11011: Got Abstimmung
08.11 11:21:42,721|11011: Got it from someone else
08.11 11:21:42,721|11011: TimeDiff of 5 big enough
08.11 11:21:42,722|11011: Trying to get Nameservice: ns@lab30.cpt.haw-hamburg.de
08.11 11:21:42,727|11011: Got Nameservice: ns@lab30.cpt.haw-hamburg.de
08.11 11:21:42,728|11011: Got Nameservice, trying to contact it for: 11081
08.11 11:21:42,734|11011: 11081 found, Name: 11081 Node: team10@lab24.cpt.haw-hamburg.de
08.11 11:21:42,735|11011: Abstimmung yes, sending to Next One
08.11 11:21:43,035|11011: Got Abstimmung
08.11 11:21:43,036|11011: Got it from someone else
08.11 11:21:43,036|11011: TimeDiff of 6 big enough
08.11 11:21:43,037|11011: Trying to get Nameservice: ns@lab30.cpt.haw-hamburg.de
08.11 11:21:43,043|11011: Got Nameservice: ns@lab30.cpt.haw-hamburg.de
08.11 11:21:43,043|11011: Got Nameservice, trying to contact it for: 11081
08.11 11:21:43,047|11011: 11081 found, Name: 11081 Node: team10@lab24.cpt.haw-hamburg.de
08.11 11:21:43,048|11011: Abstimmung yes, sending to Next One
08.11 11:21:44,151|11011: Got Abstimmung
08.11 11:21:44,151|11011: Got it from someone else
08.11 11:21:44,152|11011: TimeDiff of 7 big enough
08.11 11:21:44,153|11011: Trying to get Nameservice: ns@lab30.cpt.haw-hamburg.de
08.11 11:21:44,159|11011: Got Nameservice: ns@lab30.cpt.haw-hamburg.de
08.11 11:21:44,160|11011: Got Nameservice, trying to contact it for: 11081
08.11 11:21:44,196|11011: 11081 found, Name: 11081 Node: team10@lab24.cpt.haw-hamburg.de
08.11 11:21:44,197|11011: Abstimmung yes, sending to Next One
08.11 11:21:44,764|11011: Got Abstimmung
08.11 11:21:44,765|11011: Got it from someone else
08.11 11:21:44,765|11011: TimeDiff of 7 big enough
08.11 11:21:44,766|11011: Trying to get Nameservice: ns@lab30.cpt.haw-hamburg.de
08.11 11:21:44,801|11011: Got Nameservice: ns@lab30.cpt.haw-hamburg.de
08.11 11:21:44,802|11011: Got Nameservice, trying to contact it for: 11081
08.11 11:21:44,808|11011: 11081 found, Name: 11081 Node: team10@lab24.cpt.haw-hamburg.de
08.11 11:21:44,808|11011: Abstimmung yes, sending to Next One
08.11 11:21:45,140|11011: Got Abstimmung
08.11 11:21:45,141|11011: Got it from someone else
08.11 11:21:45,142|11011: TimeDiff of 8 big enough
08.11 11:21:45,142|11011: Trying to get Nameservice: ns@lab30.cpt.haw-hamburg.de
08.11 11:21:45,148|11011: Got Nameservice: ns@lab30.cpt.haw-hamburg.de
08.11 11:21:45,149|11011: Got Nameservice, trying to contact it for: 11081
08.11 11:21:45,159|11011: 11081 found, Name: 11081 Node: team10@lab24.cpt.haw-hamburg.de
08.11 11:21:45,161|11011: Abstimmung yes, sending to Next One
08.11 11:21:50,066|11011: Got Abstimmung
08.11 11:21:50,066|11011: Got it from someone else
08.11 11:21:50,067|11011: TimeDiff of 13 big enough
08.11 11:21:50,068|11011: Trying to get Nameservice: ns@lab30.cpt.haw-hamburg.de
08.11 11:21:50,076|11011: Got Nameservice: ns@lab30.cpt.haw-hamburg.de
08.11 11:21:50,077|11011: Got Nameservice, trying to contact it for: 11081
08.11 11:21:50,086|11011: 11081 found, Name: 11081 Node: team10@lab24.cpt.haw-hamburg.de
08.11 11:21:50,086|11011: Abstimmung yes, sending to Next One
08.11 11:21:50,502|11011: Got Abstimmung
08.11 11:21:50,503|11011: Got it from someone else
08.11 11:21:50,503|11011: TimeDiff of 13 big enough
08.11 11:21:50,504|11011: Trying to get Nameservice: ns@lab30.cpt.haw-hamburg.de
08.11 11:21:50,510|11011: Got Nameservice: ns@lab30.cpt.haw-hamburg.de
08.11 11:21:50,510|11011: Got Nameservice, trying to contact it for: 11081
08.11 11:21:50,518|11011: 11081 found, Name: 11081 Node: team10@lab24.cpt.haw-hamburg.de
08.11 11:21:50,518|11011: Abstimmung yes, sending to Next One
08.11 11:21:51,374|11011: Got Abstimmung
08.11 11:21:51,375|11011: Got it from someone else
08.11 11:21:51,376|11011: TimeDiff of 14 big enough
08.11 11:21:51,376|11011: Trying to get Nameservice: ns@lab30.cpt.haw-hamburg.de
08.11 11:21:51,400|11011: Got Nameservice: ns@lab30.cpt.haw-hamburg.de
08.11 11:21:51,400|11011: Got Nameservice, trying to contact it for: 11081
08.11 11:21:51,408|11011: 11081 found, Name: 11081 Node: team10@lab24.cpt.haw-hamburg.de
08.11 11:21:51,410|11011: Abstimmung yes, sending to Next One
08.11 11:21:51,092|11011: Got Abstimmung
08.11 11:21:51,093|11011: Got it from someone else
08.11 11:21:51,094|11011: TimeDiff of 14 big enough
08.11 11:21:51,094|11011: Trying to get Nameservice: ns@lab30.cpt.haw-hamburg.de
08.11 11:21:51,126|11011: Got Nameservice: ns@lab30.cpt.haw-hamburg.de
08.11 11:21:51,129|11011: Got Nameservice, trying to contact it for: 11081
08.11 11:21:51,166|11011: 11081 found, Name: 11081 Node: team10@lab24.cpt.haw-hamburg.de
08.11 11:21:51,188|11011: Abstimmung yes, sending to Next One
08.11 11:21:51,220|11011: Got Abstimmung
08.11 11:21:51,221|11011: Got it from someone else
08.11 11:21:51,221|11011: TimeDiff of 14 big enough
08.11 11:21:51,222|11011: Trying to get Nameservice: ns@lab30.cpt.haw-hamburg.de
08.11 11:21:51,228|11011: Got Nameservice: ns@lab30.cpt.haw-hamburg.de
08.11 11:21:51,228|11011: Got Nameservice, trying to contact it for: 11081
08.11 11:21:51,233|11011: 11081 found, Name: 11081 Node: team10@lab24.cpt.haw-hamburg.de
08.11 11:21:51,234|11011: Abstimmung yes, sending to Next One
08.11 11:21:53,200|11011: Got Abstimmung
08.11 11:21:53,201|11011: Got it from someone else
08.11 11:21:53,201|11011: TimeDiff of 16 big enough
08.11 11:21:53,202|11011: Trying to get Nameservice: ns@lab30.cpt.haw-hamburg.de
08.11 11:21:53,207|11011: Got Nameservice: ns@lab30.cpt.haw-hamburg.de
08.11 11:21:53,208|11011: Got Nameservice, trying to contact it for: 11081
08.11 11:21:53,213|11011: 11081 found, Name: 11081 Node: team10@lab24.cpt.haw-hamburg.de
08.11 11:21:53,213|11011: Abstimmung yes, sending to Next One
08.11 11:21:57,218|11011: Got Abstimmung
08.11 11:21:57,225|11011: Got it from someone else
08.11 11:21:57,232|11011: TimeDiff of 20 big enough
08.11 11:21:57,238|11011: Trying to get Nameservice: ns@lab30.cpt.haw-hamburg.de
08.11 11:21:57,291|11011: Got Nameservice: ns@lab30.cpt.haw-hamburg.de
08.11 11:21:57,298|11011: Got Nameservice, trying to contact it for: 11081
08.11 11:21:57,358|11011: 11081 found, Name: 11081 Node: team10@lab24.cpt.haw-hamburg.de
08.11 11:21:57,364|11011: Abstimmung yes, sending to Next One
08.11 11:21:57,318|11011: Got Abstimmung
08.11 11:21:57,320|11011: Got it from someone else
08.11 11:21:57,321|11011: TimeDiff of 20 big enough
08.11 11:21:57,321|11011: Trying to get Nameservice: ns@lab30.cpt.haw-hamburg.de
08.11 11:21:57,329|11011: Got Nameservice: ns@lab30.cpt.haw-hamburg.de
08.11 11:21:57,329|11011: Got Nameservice, trying to contact it for: 11081
08.11 11:21:57,352|11011: 11081 found, Name: 11081 Node: team10@lab24.cpt.haw-hamburg.de
08.11 11:21:57,353|11011: Abstimmung yes, sending to Next One
08.11 11:21:58,875|11011: Got Abstimmung
08.11 11:21:58,876|11011: Got it from someone else
08.11 11:21:58,877|11011: TimeDiff of 21 big enough
08.11 11:21:58,878|11011: Trying to get Nameservice: ns@lab30.cpt.haw-hamburg.de
08.11 11:21:58,927|11011: Got Nameservice: ns@lab30.cpt.haw-hamburg.de
08.11 11:21:58,927|11011: Got Nameservice, trying to contact it for: 11081
08.11 11:21:58,934|11011: 11081 found, Name: 11081 Node: team10@lab24.cpt.haw-hamburg.de
08.11 11:21:58,935|11011: Abstimmung yes, sending to Next One
08.11 11:21:59,467|11011: Got Abstimmung
08.11 11:21:59,468|11011: Got it from someone else
08.11 11:21:59,469|11011: TimeDiff of 22 big enough
08.11 11:21:59,469|11011: Trying to get Nameservice: ns@lab30.cpt.haw-hamburg.de
08.11 11:21:59,493|11011: Got Nameservice: ns@lab30.cpt.haw-hamburg.de
08.11 11:21:59,493|11011: Got Nameservice, trying to contact it for: 11081
08.11 11:21:59,500|11011: 11081 found, Name: 11081 Node: team10@lab24.cpt.haw-hamburg.de
08.11 11:21:59,501|11011: Abstimmung yes, sending to Next One
08.11 11:22:00,428|11011: Got Abstimmung
08.11 11:22:00,429|11011: Got it from someone else
08.11 11:22:00,429|11011: TimeDiff of 23 big enough
08.11 11:22:00,430|11011: Trying to get Nameservice: ns@lab30.cpt.haw-hamburg.de
08.11 11:22:00,435|11011: Got Nameservice: ns@lab30.cpt.haw-hamburg.de
08.11 11:22:00,436|11011: Got Nameservice, trying to contact it for: 11081
08.11 11:22:00,441|11011: 11081 found, Name: 11081 Node: team10@lab24.cpt.haw-hamburg.de
08.11 11:22:00,443|11011: Abstimmung yes, sending to Next One
08.11 11:22:00,960|11011: Got Abstimmung
08.11 11:22:00,961|11011: Got it from someone else
08.11 11:22:00,962|11011: TimeDiff of 23 big enough
08.11 11:22:00,962|11011: Trying to get Nameservice: ns@lab30.cpt.haw-hamburg.de
08.11 11:22:00,972|11011: Got Nameservice: ns@lab30.cpt.haw-hamburg.de
08.11 11:22:00,973|11011: Got Nameservice, trying to contact it for: 11081
08.11 11:22:00,993|11011: 11081 found, Name: 11081 Node: team10@lab24.cpt.haw-hamburg.de
08.11 11:22:00,994|11011: Abstimmung yes, sending to Next One
08.11 11:22:01,660|11011: Got Abstimmung
08.11 11:22:01,661|11011: Got it from someone else
08.11 11:22:01,661|11011: TimeDiff of 24 big enough
08.11 11:22:01,662|11011: Trying to get Nameservice: ns@lab30.cpt.haw-hamburg.de
08.11 11:22:01,669|11011: Got Nameservice: ns@lab30.cpt.haw-hamburg.de
08.11 11:22:01,670|11011: Got Nameservice, trying to contact it for: 11081
08.11 11:22:01,715|11011: 11081 found, Name: 11081 Node: team10@lab24.cpt.haw-hamburg.de
08.11 11:22:01,715|11011: Abstimmung yes, sending to Next One
08.11 11:22:01,510|11011: Got Abstimmung
08.11 11:22:01,511|11011: Got it from someone else
08.11 11:22:01,512|11011: TimeDiff of 24 big enough
08.11 11:22:01,512|11011: Trying to get Nameservice: ns@lab30.cpt.haw-hamburg.de
08.11 11:22:01,549|11011: Got Nameservice: ns@lab30.cpt.haw-hamburg.de
08.11 11:22:01,551|11011: Got Nameservice, trying to contact it for: 11081
08.11 11:22:01,578|11011: 11081 found, Name: 11081 Node: team10@lab24.cpt.haw-hamburg.de
08.11 11:22:01,580|11011: Abstimmung yes, sending to Next One
08.11 11:22:02,722|11011: Got Abstimmung
08.11 11:22:02,731|11011: Got it from someone else
08.11 11:22:02,737|11011: TimeDiff of 25 big enough
08.11 11:22:02,742|11011: Trying to get Nameservice: ns@lab30.cpt.haw-hamburg.de
08.11 11:22:02,949|11011: Got Nameservice: ns@lab30.cpt.haw-hamburg.de
08.11 11:22:02,955|11011: Got Nameservice, trying to contact it for: 11081
08.11 11:22:02,991|11011: 11081 found, Name: 11081 Node: team10@lab24.cpt.haw-hamburg.de
08.11 11:22:02,998|11011: Abstimmung yes, sending to Next One
08.11 11:22:02,886|11011: Got Abstimmung
08.11 11:22:02,886|11011: Got it from someone else
08.11 11:22:02,887|11011: TimeDiff of 25 big enough
08.11 11:22:02,887|11011: Trying to get Nameservice: ns@lab30.cpt.haw-hamburg.de
08.11 11:22:02,893|11011: Got Nameservice: ns@lab30.cpt.haw-hamburg.de
08.11 11:22:02,894|11011: Got Nameservice, trying to contact it for: 11081
08.11 11:22:02,901|11011: 11081 found, Name: 11081 Node: team10@lab24.cpt.haw-hamburg.de
08.11 11:22:02,901|11011: Abstimmung yes, sending to Next One
08.11 11:22:02,530|11011: Got Abstimmung
08.11 11:22:02,532|11011: Got it from someone else
08.11 11:22:02,532|11011: TimeDiff of 25 big enough
08.11 11:22:02,533|11011: Trying to get Nameservice: ns@lab30.cpt.haw-hamburg.de
08.11 11:22:02,538|11011: Got Nameservice: ns@lab30.cpt.haw-hamburg.de
08.11 11:22:02,538|11011: Got Nameservice, trying to contact it for: 11081
08.11 11:22:02,543|11011: 11081 found, Name: 11081 Node: team10@lab24.cpt.haw-hamburg.de
08.11 11:22:02,544|11011: Abstimmung yes, sending to Next One
08.11 11:22:05,910|11011: Got Abstimmung
08.11 11:22:05,911|11011: Got it from someone else
08.11 11:22:05,912|11011: TimeDiff of 28 big enough
08.11 11:22:05,912|11011: Trying to get Nameservice: ns@lab30.cpt.haw-hamburg.de
08.11 11:22:05,930|11011: Got Nameservice: ns@lab30.cpt.haw-hamburg.de
08.11 11:22:05,931|11011: Got Nameservice, trying to contact it for: 11081
08.11 11:22:05,936|11011: 11081 found, Name: 11081 Node: team10@lab24.cpt.haw-hamburg.de
08.11 11:22:05,937|11011: Abstimmung yes, sending to Next One
08.11 11:22:06,385|11011: Got Abstimmung
08.11 11:22:06,656|11011: Got it from someone else
08.11 11:22:06,701|11011: TimeDiff of 29 big enough
08.11 11:22:06,732|11011: Trying to get Nameservice: ns@lab30.cpt.haw-hamburg.de
08.11 11:22:06,507|11011: Got Nameservice: ns@lab30.cpt.haw-hamburg.de
08.11 11:22:06,513|11011: Got Nameservice, trying to contact it for: 11081
08.11 11:22:06,588|11011: 11081 found, Name: 11081 Node: team10@lab24.cpt.haw-hamburg.de
08.11 11:22:06,594|11011: Abstimmung yes, sending to Next One
08.11 11:22:06,297|11011: Got Abstimmung
08.11 11:22:06,298|11011: Got it from someone else
08.11 11:22:06,298|11011: TimeDiff of 29 big enough
08.11 11:22:06,299|11011: Trying to get Nameservice: ns@lab30.cpt.haw-hamburg.de
08.11 11:22:06,307|11011: Got Nameservice: ns@lab30.cpt.haw-hamburg.de
08.11 11:22:06,308|11011: Got Nameservice, trying to contact it for: 11081
08.11 11:22:06,311|11011: 11081 found, Name: 11081 Node: team10@lab24.cpt.haw-hamburg.de
08.11 11:22:06,312|11011: Abstimmung yes, sending to Next One
08.11 11:22:06,611|11011: Got Abstimmung
08.11 11:22:06,612|11011: Got it from someone else
08.11 11:22:06,612|11011: TimeDiff of 29 big enough
08.11 11:22:06,613|11011: Trying to get Nameservice: ns@lab30.cpt.haw-hamburg.de
08.11 11:22:06,620|11011: Got Nameservice: ns@lab30.cpt.haw-hamburg.de
08.11 11:22:06,621|11011: Got Nameservice, trying to contact it for: 11081
08.11 11:22:06,647|11011: 11081 found, Name: 11081 Node: team10@lab24.cpt.haw-hamburg.de
08.11 11:22:06,648|11011: Abstimmung yes, sending to Next One
08.11 11:22:06,127|11011: Got Abstimmung
08.11 11:22:06,127|11011: Got it from someone else
08.11 11:22:06,128|11011: TimeDiff of 29 big enough
08.11 11:22:06,129|11011: Trying to get Nameservice: ns@lab30.cpt.haw-hamburg.de
08.11 11:22:06,139|11011: Got Nameservice: ns@lab30.cpt.haw-hamburg.de
08.11 11:22:06,139|11011: Got Nameservice, trying to contact it for: 11081
08.11 11:22:06,142|11011: 11081 found, Name: 11081 Node: team10@lab24.cpt.haw-hamburg.de
08.11 11:22:06,143|11011: Abstimmung yes, sending to Next One
08.11 11:22:07,445|11011: Got Abstimmung
08.11 11:22:07,447|11011: Got it from someone else
08.11 11:22:07,448|11011: TimeDiff of 30 big enough
08.11 11:22:07,450|11011: Trying to get Nameservice: ns@lab30.cpt.haw-hamburg.de
08.11 11:22:07,485|11011: Got Nameservice: ns@lab30.cpt.haw-hamburg.de
08.11 11:22:07,486|11011: Got Nameservice, trying to contact it for: 11081
08.11 11:22:07,533|11011: 11081 found, Name: 11081 Node: team10@lab24.cpt.haw-hamburg.de
08.11 11:22:07,535|11011: Abstimmung yes, sending to Next One
08.11 11:22:07,794|11011: Got Abstimmung
08.11 11:22:07,795|11011: Got it from someone else
08.11 11:22:07,795|11011: TimeDiff of 30 big enough
08.11 11:22:07,796|11011: Trying to get Nameservice: ns@lab30.cpt.haw-hamburg.de
08.11 11:22:07,801|11011: Got Nameservice: ns@lab30.cpt.haw-hamburg.de
08.11 11:22:07,802|11011: Got Nameservice, trying to contact it for: 11081
08.11 11:22:07,809|11011: 11081 found, Name: 11081 Node: team10@lab24.cpt.haw-hamburg.de
08.11 11:22:07,809|11011: Abstimmung yes, sending to Next One
08.11 11:22:07,101|11011: Got Abstimmung
08.11 11:22:07,125|11011: Got it from someone else
08.11 11:22:07,129|11011: TimeDiff of 30 big enough
08.11 11:22:07,130|11011: Trying to get Nameservice: ns@lab30.cpt.haw-hamburg.de
08.11 11:22:07,142|11011: Got Nameservice: ns@lab30.cpt.haw-hamburg.de
08.11 11:22:07,143|11011: Got Nameservice, trying to contact it for: 11081
08.11 11:22:07,150|11011: 11081 found, Name: 11081 Node: team10@lab24.cpt.haw-hamburg.de
08.11 11:22:07,151|11011: Abstimmung yes, sending to Next One
08.11 11:22:08,404|11011: Got Abstimmung
08.11 11:22:08,405|11011: Got it from someone else
08.11 11:22:08,406|11011: TimeDiff of 31 big enough
08.11 11:22:08,407|11011: Trying to get Nameservice: ns@lab30.cpt.haw-hamburg.de
08.11 11:22:08,414|11011: Got Nameservice: ns@lab30.cpt.haw-hamburg.de
08.11 11:22:08,414|11011: Got Nameservice, trying to contact it for: 11081
08.11 11:22:08,419|11011: 11081 found, Name: 11081 Node: team10@lab24.cpt.haw-hamburg.de
08.11 11:22:08,420|11011: Abstimmung yes, sending to Next One
08.11 11:22:08,329|11011: Got Abstimmung
08.11 11:22:08,330|11011: Got it from someone else
08.11 11:22:08,331|11011: TimeDiff of 31 big enough
08.11 11:22:08,331|11011: Trying to get Nameservice: ns@lab30.cpt.haw-hamburg.de
08.11 11:22:08,366|11011: Got Nameservice: ns@lab30.cpt.haw-hamburg.de
08.11 11:22:08,367|11011: Got Nameservice, trying to contact it for: 11081
08.11 11:22:08,373|11011: 11081 found, Name: 11081 Node: team10@lab24.cpt.haw-hamburg.de
08.11 11:22:08,374|11011: Abstimmung yes, sending to Next One
08.11 11:22:09,841|11011: Got Abstimmung
08.11 11:22:09,842|11011: Got it from someone else
08.11 11:22:09,842|11011: TimeDiff of 32 big enough
08.11 11:22:09,843|11011: Trying to get Nameservice: ns@lab30.cpt.haw-hamburg.de
08.11 11:22:09,849|11011: Got Nameservice: ns@lab30.cpt.haw-hamburg.de
08.11 11:22:09,849|11011: Got Nameservice, trying to contact it for: 11081
08.11 11:22:09,873|11011: 11081 found, Name: 11081 Node: team10@lab24.cpt.haw-hamburg.de
08.11 11:22:09,874|11011: Abstimmung yes, sending to Next One
08.11 11:22:09,915|11011: Got Abstimmung
08.11 11:22:09,916|11011: Got it from someone else
08.11 11:22:09,917|11011: TimeDiff of 32 big enough
08.11 11:22:09,917|11011: Trying to get Nameservice: ns@lab30.cpt.haw-hamburg.de
08.11 11:22:09,923|11011: Got Nameservice: ns@lab30.cpt.haw-hamburg.de
08.11 11:22:09,924|11011: Got Nameservice, trying to contact it for: 11081
08.11 11:22:09,930|11011: 11081 found, Name: 11081 Node: team10@lab24.cpt.haw-hamburg.de
08.11 11:22:09,930|11011: Abstimmung yes, sending to Next One
08.11 11:22:10,805|11011: Got Abstimmung
08.11 11:22:10,813|11011: Got it from someone else
08.11 11:22:10,820|11011: TimeDiff of 33 big enough
08.11 11:22:10,825|11011: Trying to get Nameservice: ns@lab30.cpt.haw-hamburg.de
08.11 11:22:10,879|11011: Got Nameservice: ns@lab30.cpt.haw-hamburg.de
08.11 11:22:10,887|11011: Got Nameservice, trying to contact it for: 11081
08.11 11:22:10,938|11011: 11081 found, Name: 11081 Node: team10@lab24.cpt.haw-hamburg.de
08.11 11:22:10,945|11011: Abstimmung yes, sending to Next One
08.11 11:22:10,687|11011: Got Abstimmung
08.11 11:22:10,688|11011: Got it from someone else
08.11 11:22:10,689|11011: TimeDiff of 33 big enough
08.11 11:22:10,690|11011: Trying to get Nameservice: ns@lab30.cpt.haw-hamburg.de
08.11 11:22:10,696|11011: Got Nameservice: ns@lab30.cpt.haw-hamburg.de
08.11 11:22:10,698|11011: Got Nameservice, trying to contact it for: 11081
08.11 11:22:10,704|11011: 11081 found, Name: 11081 Node: team10@lab24.cpt.haw-hamburg.de
08.11 11:22:10,706|11011: Abstimmung yes, sending to Next One
08.11 11:22:11,419|11011: Got Abstimmung
08.11 11:22:11,422|11011: Got it from someone else
08.11 11:22:11,423|11011: TimeDiff of 34 big enough
08.11 11:22:11,424|11011: Trying to get Nameservice: ns@lab30.cpt.haw-hamburg.de
08.11 11:22:11,430|11011: Got Nameservice: ns@lab30.cpt.haw-hamburg.de
08.11 11:22:11,431|11011: Got Nameservice, trying to contact it for: 11081
08.11 11:22:11,436|11011: 11081 found, Name: 11081 Node: team10@lab24.cpt.haw-hamburg.de
08.11 11:22:11,437|11011: Abstimmung yes, sending to Next One
08.11 11:22:11,282|11011: Got Abstimmung
08.11 11:22:11,283|11011: Got it from someone else
08.11 11:22:11,284|11011: TimeDiff of 34 big enough
08.11 11:22:11,284|11011: Trying to get Nameservice: ns@lab30.cpt.haw-hamburg.de
08.11 11:22:11,309|11011: Got Nameservice: ns@lab30.cpt.haw-hamburg.de
08.11 11:22:11,310|11011: Got Nameservice, trying to contact it for: 11081
08.11 11:22:11,320|11011: 11081 found, Name: 11081 Node: team10@lab24.cpt.haw-hamburg.de
08.11 11:22:11,322|11011: Abstimmung yes, sending to Next One
08.11 11:22:12,164|11011: Got Abstimmung
08.11 11:22:12,165|11011: Got it from someone else
08.11 11:22:12,166|11011: TimeDiff of 35 big enough
08.11 11:22:12,166|11011: Trying to get Nameservice: ns@lab30.cpt.haw-hamburg.de
08.11 11:22:12,191|11011: Got Nameservice: ns@lab30.cpt.haw-hamburg.de
08.11 11:22:12,192|11011: Got Nameservice, trying to contact it for: 11081
08.11 11:22:12,196|11011: 11081 found, Name: 11081 Node: team10@lab24.cpt.haw-hamburg.de
08.11 11:22:12,197|11011: Abstimmung yes, sending to Next One
08.11 11:22:13,421|11011: Got Abstimmung
08.11 11:22:13,422|11011: Got it from someone else
08.11 11:22:13,422|11011: TimeDiff of 36 big enough
08.11 11:22:13,423|11011: Trying to get Nameservice: ns@lab30.cpt.haw-hamburg.de
08.11 11:22:13,428|11011: Got Nameservice: ns@lab30.cpt.haw-hamburg.de
08.11 11:22:13,429|11011: Got Nameservice, trying to contact it for: 11081
08.11 11:22:13,445|11011: 11081 found, Name: 11081 Node: team10@lab24.cpt.haw-hamburg.de
08.11 11:22:13,451|11011: Abstimmung yes, sending to Next One
08.11 11:22:14,146|11011: Got Abstimmung
08.11 11:22:14,155|11011: Got it from someone else
08.11 11:22:14,161|11011: TimeDiff of 37 big enough
08.11 11:22:14,167|11011: Trying to get Nameservice: ns@lab30.cpt.haw-hamburg.de
08.11 11:22:14,232|11011: Got Nameservice: ns@lab30.cpt.haw-hamburg.de
08.11 11:22:14,242|11011: Got Nameservice, trying to contact it for: 11081
08.11 11:22:14,291|11011: 11081 found, Name: 11081 Node: team10@lab24.cpt.haw-hamburg.de
08.11 11:22:14,299|11011: Abstimmung yes, sending to Next One
08.11 11:22:14,714|11011: Got Abstimmung
08.11 11:22:14,715|11011: Got it from someone else
08.11 11:22:14,715|11011: TimeDiff of 37 big enough
08.11 11:22:14,716|11011: Trying to get Nameservice: ns@lab30.cpt.haw-hamburg.de
08.11 11:22:14,723|11011: Got Nameservice: ns@lab30.cpt.haw-hamburg.de
08.11 11:22:14,723|11011: Got Nameservice, trying to contact it for: 11081
08.11 11:22:14,729|11011: 11081 found, Name: 11081 Node: team10@lab24.cpt.haw-hamburg.de
08.11 11:22:14,729|11011: Abstimmung yes, sending to Next One
08.11 11:22:19,994|11011: Got Abstimmung
08.11 11:22:19,995|11011: Got it from someone else
08.11 11:22:19,995|11011: TimeDiff of 42 big enough
08.11 11:22:19,996|11011: Trying to get Nameservice: ns@lab30.cpt.haw-hamburg.de
08.11 11:22:19,003|11011: Got Nameservice: ns@lab30.cpt.haw-hamburg.de
08.11 11:22:19,003|11011: Got Nameservice, trying to contact it for: 11081
08.11 11:22:19,029|11011: 11081 found, Name: 11081 Node: team10@lab24.cpt.haw-hamburg.de
08.11 11:22:19,030|11011: Abstimmung yes, sending to Next One
08.11 11:22:20,691|11011: Got Abstimmung
08.11 11:22:20,692|11011: Got it from someone else
08.11 11:22:20,692|11011: TimeDiff of 43 big enough
08.11 11:22:20,693|11011: Trying to get Nameservice: ns@lab30.cpt.haw-hamburg.de
08.11 11:22:20,724|11011: Got Nameservice: ns@lab30.cpt.haw-hamburg.de
08.11 11:22:20,724|11011: Got Nameservice, trying to contact it for: 11081
08.11 11:22:20,727|11011: 11081 found, Name: 11081 Node: team10@lab24.cpt.haw-hamburg.de
08.11 11:22:20,728|11011: Abstimmung yes, sending to Next One
08.11 11:22:21,923|11011: Got Abstimmung
08.11 11:22:21,924|11011: Got it from someone else
08.11 11:22:21,925|11011: TimeDiff of 44 big enough
08.11 11:22:21,925|11011: Trying to get Nameservice: ns@lab30.cpt.haw-hamburg.de
08.11 11:22:21,958|11011: Got Nameservice: ns@lab30.cpt.haw-hamburg.de
08.11 11:22:21,958|11011: Got Nameservice, trying to contact it for: 11081
08.11 11:22:21,963|11011: 11081 found, Name: 11081 Node: team10@lab24.cpt.haw-hamburg.de
08.11 11:22:21,963|11011: Abstimmung yes, sending to Next One
08.11 11:24:02,058|11011: Starting with MI: 13939850925
08.11 11:24:02,059|11011: Starting new timer
08.11 11:24:05,075|11011: Trying to get Nameservice: ns@lab30.cpt.haw-hamburg.de
08.11 11:24:05,084|11011: Got Nameservice: ns@lab30.cpt.haw-hamburg.de
08.11 11:24:05,084|11011: Got Nameservice, trying to contact it for: 11081
08.11 11:24:05,091|11011: 11081 found, Name: 11081 Node: team10@lab24.cpt.haw-hamburg.de
08.11 11:24:05,092|11011: ABSTIMMUNG start
08.11 11:24:05,923|11011: Got Abstimmung
08.11 11:24:05,924|11011: Got it from someone else
08.11 11:24:05,925|11011: TimeDiff of 3 big enough
08.11 11:24:05,928|11011: Trying to get Nameservice: ns@lab30.cpt.haw-hamburg.de
08.11 11:24:05,005|11011: Got Nameservice: ns@lab30.cpt.haw-hamburg.de
08.11 11:24:05,005|11011: Got Nameservice, trying to contact it for: 11081
08.11 11:24:05,067|11011: 11081 found, Name: 11081 Node: team10@lab24.cpt.haw-hamburg.de
08.11 11:24:05,068|11011: Abstimmung yes, sending to Next One
08.11 11:24:05,397|11011: Got Abstimmung
08.11 11:24:05,397|11011: Got it from someone else
08.11 11:24:05,398|11011: TimeDiff of 3 big enough
08.11 11:24:05,399|11011: Trying to get Nameservice: ns@lab30.cpt.haw-hamburg.de
08.11 11:24:05,462|11011: Got Nameservice: ns@lab30.cpt.haw-hamburg.de
08.11 11:24:05,463|11011: Got Nameservice, trying to contact it for: 11081
08.11 11:24:05,503|11011: 11081 found, Name: 11081 Node: team10@lab24.cpt.haw-hamburg.de
08.11 11:24:05,503|11011: Abstimmung yes, sending to Next One
08.11 11:24:05,024|11011: Got Abstimmung
08.11 11:24:05,025|11011: Got it from someone else
08.11 11:24:05,026|11011: TimeDiff of 3 big enough
08.11 11:24:05,028|11011: Trying to get Nameservice: ns@lab30.cpt.haw-hamburg.de
08.11 11:24:05,062|11011: Got Nameservice: ns@lab30.cpt.haw-hamburg.de
08.11 11:24:05,063|11011: Got Nameservice, trying to contact it for: 11081
08.11 11:24:05,169|11011: 11081 found, Name: 11081 Node: team10@lab24.cpt.haw-hamburg.de
08.11 11:24:05,169|11011: Abstimmung yes, sending to Next One
08.11 11:24:05,006|11011: Got Abstimmung
08.11 11:24:05,006|11011: Got it from someone else
08.11 11:24:05,007|11011: TimeDiff of 3 big enough
08.11 11:24:05,008|11011: Trying to get Nameservice: ns@lab30.cpt.haw-hamburg.de
08.11 11:24:05,048|11011: Got Nameservice: ns@lab30.cpt.haw-hamburg.de
08.11 11:24:05,049|11011: Got Nameservice, trying to contact it for: 11081
08.11 11:24:05,086|11011: 11081 found, Name: 11081 Node: team10@lab24.cpt.haw-hamburg.de
08.11 11:24:05,086|11011: Abstimmung yes, sending to Next One
08.11 11:24:05,599|11011: Got Abstimmung
08.11 11:24:05,599|11011: Got it from someone else
08.11 11:24:05,600|11011: TimeDiff of 3 big enough
08.11 11:24:05,601|11011: Trying to get Nameservice: ns@lab30.cpt.haw-hamburg.de
08.11 11:24:05,641|11011: Got Nameservice: ns@lab30.cpt.haw-hamburg.de
08.11 11:24:05,642|11011: Got Nameservice, trying to contact it for: 11081
08.11 11:24:05,698|11011: 11081 found, Name: 11081 Node: team10@lab24.cpt.haw-hamburg.de
08.11 11:24:05,701|11011: Abstimmung yes, sending to Next One
08.11 11:24:06,174|11011: Got Abstimmung
08.11 11:24:06,181|11011: Got it from someone else
08.11 11:24:06,187|11011: TimeDiff of 4 big enough
08.11 11:24:06,193|11011: Trying to get Nameservice: ns@lab30.cpt.haw-hamburg.de
08.11 11:24:06,524|11011: Got Nameservice: ns@lab30.cpt.haw-hamburg.de
08.11 11:24:06,532|11011: Got Nameservice, trying to contact it for: 11081
08.11 11:24:06,032|11011: 11081 found, Name: 11081 Node: team10@lab24.cpt.haw-hamburg.de
08.11 11:24:06,045|11011: Abstimmung yes, sending to Next One
08.11 11:24:06,962|11011: Got Abstimmung
08.11 11:24:06,969|11011: Got it from someone else
08.11 11:24:06,983|11011: TimeDiff of 4 big enough
08.11 11:24:06,988|11011: Trying to get Nameservice: ns@lab30.cpt.haw-hamburg.de
08.11 11:24:06,330|11011: Got Nameservice: ns@lab30.cpt.haw-hamburg.de
08.11 11:24:06,337|11011: Got Nameservice, trying to contact it for: 11081
08.11 11:24:06,705|11011: 11081 found, Name: 11081 Node: team10@lab24.cpt.haw-hamburg.de
08.11 11:24:06,712|11011: Abstimmung yes, sending to Next One
08.11 11:24:06,430|11011: Got Abstimmung
08.11 11:24:06,430|11011: Got it from someone else
08.11 11:24:06,431|11011: TimeDiff of 4 big enough
08.11 11:24:06,432|11011: Trying to get Nameservice: ns@lab30.cpt.haw-hamburg.de
08.11 11:24:06,482|11011: Got Nameservice: ns@lab30.cpt.haw-hamburg.de
08.11 11:24:06,483|11011: Got Nameservice, trying to contact it for: 11081
08.11 11:24:06,553|11011: 11081 found, Name: 11081 Node: team10@lab24.cpt.haw-hamburg.de
08.11 11:24:06,554|11011: Abstimmung yes, sending to Next One
08.11 11:24:07,468|11011: Got Abstimmung
08.11 11:24:07,468|11011: Got it from someone else
08.11 11:24:07,469|11011: TimeDiff of 5 big enough
08.11 11:24:07,470|11011: Trying to get Nameservice: ns@lab30.cpt.haw-hamburg.de
08.11 11:24:07,512|11011: Got Nameservice: ns@lab30.cpt.haw-hamburg.de
08.11 11:24:07,512|11011: Got Nameservice, trying to contact it for: 11081
08.11 11:24:07,585|11011: 11081 found, Name: 11081 Node: team10@lab24.cpt.haw-hamburg.de
08.11 11:24:07,586|11011: Abstimmung yes, sending to Next One
08.11 11:24:07,588|11011: Got Abstimmung
08.11 11:24:07,588|11011: Got it from someone else
08.11 11:24:07,589|11011: TimeDiff of 5 big enough
08.11 11:24:07,590|11011: Trying to get Nameservice: ns@lab30.cpt.haw-hamburg.de
08.11 11:24:07,611|11011: Got Nameservice: ns@lab30.cpt.haw-hamburg.de
08.11 11:24:07,612|11011: Got Nameservice, trying to contact it for: 11081
08.11 11:24:07,674|11011: 11081 found, Name: 11081 Node: team10@lab24.cpt.haw-hamburg.de
08.11 11:24:07,675|11011: Abstimmung yes, sending to Next One
08.11 11:24:08,381|11011: Got Abstimmung
08.11 11:24:08,382|11011: Got it from someone else
08.11 11:24:08,384|11011: TimeDiff of 6 big enough
08.11 11:24:08,387|11011: Trying to get Nameservice: ns@lab30.cpt.haw-hamburg.de
08.11 11:24:08,416|11011: Got Nameservice: ns@lab30.cpt.haw-hamburg.de
08.11 11:24:08,417|11011: Got Nameservice, trying to contact it for: 11081
08.11 11:24:08,441|11011: 11081 found, Name: 11081 Node: team10@lab24.cpt.haw-hamburg.de
08.11 11:24:08,443|11011: Abstimmung yes, sending to Next One
08.11 11:24:08,439|11011: Got Abstimmung
08.11 11:24:08,440|11011: Got it from someone else
08.11 11:24:08,441|11011: TimeDiff of 6 big enough
08.11 11:24:08,442|11011: Trying to get Nameservice: ns@lab30.cpt.haw-hamburg.de
08.11 11:24:08,448|11011: Got Nameservice: ns@lab30.cpt.haw-hamburg.de
08.11 11:24:08,449|11011: Got Nameservice, trying to contact it for: 11081
08.11 11:24:08,454|11011: 11081 found, Name: 11081 Node: team10@lab24.cpt.haw-hamburg.de
08.11 11:24:08,455|11011: Abstimmung yes, sending to Next One
08.11 11:24:09,677|11011: Got Abstimmung
08.11 11:24:09,686|11011: Got it from someone else
08.11 11:24:09,692|11011: TimeDiff of 7 big enough
08.11 11:24:09,703|11011: Trying to get Nameservice: ns@lab30.cpt.haw-hamburg.de
08.11 11:24:09,771|11011: Got Nameservice: ns@lab30.cpt.haw-hamburg.de
08.11 11:24:09,781|11011: Got Nameservice, trying to contact it for: 11081
08.11 11:24:09,840|11011: 11081 found, Name: 11081 Node: team10@lab24.cpt.haw-hamburg.de
08.11 11:24:09,852|11011: Abstimmung yes, sending to Next One
08.11 11:24:12,095|11011: Got Abstimmung
08.11 11:24:12,095|11011: Got it from someone else
08.11 11:24:12,096|11011: TimeDiff of 10 big enough
08.11 11:24:12,097|11011: Trying to get Nameservice: ns@lab30.cpt.haw-hamburg.de
08.11 11:24:12,105|11011: Got Nameservice: ns@lab30.cpt.haw-hamburg.de
08.11 11:24:12,106|11011: Got Nameservice, trying to contact it for: 11081
08.11 11:24:12,111|11011: 11081 found, Name: 11081 Node: team10@lab24.cpt.haw-hamburg.de
08.11 11:24:12,112|11011: Abstimmung yes, sending to Next One
08.11 11:24:13,245|11011: Got Abstimmung
08.11 11:24:13,245|11011: Got it from someone else
08.11 11:24:13,246|11011: TimeDiff of 11 big enough
08.11 11:24:13,246|11011: Trying to get Nameservice: ns@lab30.cpt.haw-hamburg.de
08.11 11:24:13,294|11011: Got Nameservice: ns@lab30.cpt.haw-hamburg.de
08.11 11:24:13,298|11011: Got Nameservice, trying to contact it for: 11081
08.11 11:24:13,366|11011: 11081 found, Name: 11081 Node: team10@lab24.cpt.haw-hamburg.de
08.11 11:24:13,368|11011: Abstimmung yes, sending to Next One
08.11 11:24:13,054|11011: Got Abstimmung
08.11 11:24:13,054|11011: Got it from someone else
08.11 11:24:13,055|11011: TimeDiff of 11 big enough
08.11 11:24:13,056|11011: Trying to get Nameservice: ns@lab30.cpt.haw-hamburg.de
08.11 11:24:13,061|11011: Got Nameservice: ns@lab30.cpt.haw-hamburg.de
08.11 11:24:13,062|11011: Got Nameservice, trying to contact it for: 11081
08.11 11:24:13,068|11011: 11081 found, Name: 11081 Node: team10@lab24.cpt.haw-hamburg.de
08.11 11:24:13,069|11011: Abstimmung yes, sending to Next One
08.11 11:24:14,496|11011: Got Abstimmung
08.11 11:24:14,497|11011: Got it from someone else
08.11 11:24:14,498|11011: TimeDiff of 12 big enough
08.11 11:24:14,499|11011: Trying to get Nameservice: ns@lab30.cpt.haw-hamburg.de
08.11 11:24:14,507|11011: Got Nameservice: ns@lab30.cpt.haw-hamburg.de
08.11 11:24:14,507|11011: Got Nameservice, trying to contact it for: 11081
08.11 11:24:14,530|11011: 11081 found, Name: 11081 Node: team10@lab24.cpt.haw-hamburg.de
08.11 11:24:14,531|11011: Abstimmung yes, sending to Next One
08.11 11:24:14,513|11011: Got Abstimmung
08.11 11:24:14,514|11011: Got it from someone else
08.11 11:24:14,514|11011: TimeDiff of 12 big enough
08.11 11:24:14,515|11011: Trying to get Nameservice: ns@lab30.cpt.haw-hamburg.de
08.11 11:24:14,523|11011: Got Nameservice: ns@lab30.cpt.haw-hamburg.de
08.11 11:24:14,523|11011: Got Nameservice, trying to contact it for: 11081
08.11 11:24:14,549|11011: 11081 found, Name: 11081 Node: team10@lab24.cpt.haw-hamburg.de
08.11 11:24:14,549|11011: Abstimmung yes, sending to Next One
08.11 11:24:14,804|11011: Got Abstimmung
08.11 11:24:14,805|11011: Got it from someone else
08.11 11:24:14,806|11011: TimeDiff of 12 big enough
08.11 11:24:14,806|11011: Trying to get Nameservice: ns@lab30.cpt.haw-hamburg.de
08.11 11:24:14,812|11011: Got Nameservice: ns@lab30.cpt.haw-hamburg.de
08.11 11:24:14,813|11011: Got Nameservice, trying to contact it for: 11081
08.11 11:24:14,818|11011: 11081 found, Name: 11081 Node: team10@lab24.cpt.haw-hamburg.de
08.11 11:24:14,819|11011: Abstimmung yes, sending to Next One
08.11 11:24:15,176|11011: Got Abstimmung
08.11 11:24:15,179|11011: Got it from someone else
08.11 11:24:15,183|11011: TimeDiff of 13 big enough
08.11 11:24:15,185|11011: Trying to get Nameservice: ns@lab30.cpt.haw-hamburg.de
08.11 11:24:15,192|11011: Got Nameservice: ns@lab30.cpt.haw-hamburg.de
08.11 11:24:15,194|11011: Got Nameservice, trying to contact it for: 11081
08.11 11:24:15,201|11011: 11081 found, Name: 11081 Node: team10@lab24.cpt.haw-hamburg.de
08.11 11:24:15,202|11011: Abstimmung yes, sending to Next One
08.11 11:24:16,850|11011: Got Abstimmung
08.11 11:24:16,851|11011: Got it from someone else
08.11 11:24:16,852|11011: TimeDiff of 14 big enough
08.11 11:24:16,852|11011: Trying to get Nameservice: ns@lab30.cpt.haw-hamburg.de
08.11 11:24:16,864|11011: Got Nameservice: ns@lab30.cpt.haw-hamburg.de
08.11 11:24:16,865|11011: Got Nameservice, trying to contact it for: 11081
08.11 11:24:16,870|11011: 11081 found, Name: 11081 Node: team10@lab24.cpt.haw-hamburg.de
08.11 11:24:16,870|11011: Abstimmung yes, sending to Next One
08.11 11:24:17,364|11011: Got Y: 9009
08.11 11:24:17,380|11011: Starting new timer
08.11 11:24:17,391|11011: Caculating new MI: 9009 Y: 9009
08.11 11:24:17,701|11011: Trying to get Nameservice: ns@lab30.cpt.haw-hamburg.de
08.11 11:24:17,013|11011: Got Nameservice: ns@lab30.cpt.haw-hamburg.de
08.11 11:24:17,022|11011: Got Nameservice, trying to contact it for: 11612
08.11 11:24:17,066|11011: 11612 found, Name: 11612 Node: starter@lab21.cpt.haw-hamburg.de
08.11 11:24:17,073|11011: Sending Y: 9009 to Left
08.11 11:24:17,079|11011: Trying to get Nameservice: ns@lab30.cpt.haw-hamburg.de
08.11 11:24:17,477|11011: Got Nameservice: ns@lab30.cpt.haw-hamburg.de
08.11 11:24:17,484|11011: Got Nameservice, trying to contact it for: 11081
08.11 11:24:17,886|11011: 11081 found, Name: 11081 Node: team10@lab24.cpt.haw-hamburg.de
08.11 11:24:17,894|11011: Sending Y: 9009 to Right
08.11 11:24:17,900|11011: Get Koordinator -> Get Dienst
08.11 11:24:17,907|11011: Trying to get Nameservice: ns@lab30.cpt.haw-hamburg.de
08.11 11:24:17,312|11011: Got Nameservice: ns@lab30.cpt.haw-hamburg.de
08.11 11:24:17,319|11011: Got Nameservice, trying to contact it for: chef
08.11 11:24:17,631|11011: chef found, Name: chef Node: ko@lab22.cpt.haw-hamburg.de
08.11 11:24:17,639|11011: BriefMi to Koord: 9009
08.11 11:24:17,447|11011: Got Abstimmung
08.11 11:24:17,449|11011: Got it from someone else
08.11 11:24:17,449|11011: TimeDiff of 0 NOT big enough
08.11 11:24:20,598|11011: Trying to get Nameservice: ns@lab30.cpt.haw-hamburg.de
08.11 11:24:20,647|11011: Got Nameservice: ns@lab30.cpt.haw-hamburg.de
08.11 11:24:20,654|11011: Got Nameservice, trying to contact it for: 11081
08.11 11:24:20,708|11011: 11081 found, Name: 11081 Node: team10@lab24.cpt.haw-hamburg.de
08.11 11:24:20,715|11011: ABSTIMMUNG start
08.11 11:24:20,478|11011: Got Abstimmung
08.11 11:24:20,479|11011: Got it from someone else
08.11 11:24:20,480|11011: TimeDiff of 3 big enough
08.11 11:24:20,480|11011: Trying to get Nameservice: ns@lab30.cpt.haw-hamburg.de
08.11 11:24:20,503|11011: Got Nameservice: ns@lab30.cpt.haw-hamburg.de
08.11 11:24:20,504|11011: Got Nameservice, trying to contact it for: 11081
08.11 11:24:20,509|11011: 11081 found, Name: 11081 Node: team10@lab24.cpt.haw-hamburg.de
08.11 11:24:20,511|11011: Abstimmung yes, sending to Next One
08.11 11:24:21,648|11011: Got Abstimmung
08.11 11:24:21,649|11011: Got it from someone else
08.11 11:24:21,651|11011: TimeDiff of 4 big enough
08.11 11:24:21,652|11011: Trying to get Nameservice: ns@lab30.cpt.haw-hamburg.de
08.11 11:24:21,658|11011: Got Nameservice: ns@lab30.cpt.haw-hamburg.de
08.11 11:24:21,659|11011: Got Nameservice, trying to contact it for: 11081
08.11 11:24:21,665|11011: 11081 found, Name: 11081 Node: team10@lab24.cpt.haw-hamburg.de
08.11 11:24:21,666|11011: Abstimmung yes, sending to Next One
08.11 11:24:22,926|11011: Got Abstimmung
08.11 11:24:22,927|11011: Got it from someone else
08.11 11:24:22,928|11011: TimeDiff of 5 big enough
08.11 11:24:22,928|11011: Trying to get Nameservice: ns@lab30.cpt.haw-hamburg.de
08.11 11:24:22,933|11011: Got Nameservice: ns@lab30.cpt.haw-hamburg.de
08.11 11:24:22,934|11011: Got Nameservice, trying to contact it for: 11081
08.11 11:24:22,939|11011: 11081 found, Name: 11081 Node: team10@lab24.cpt.haw-hamburg.de
08.11 11:24:22,940|11011: Abstimmung yes, sending to Next One
08.11 11:24:23,363|11011: Got Abstimmung
08.11 11:24:23,364|11011: Got it from someone else
08.11 11:24:23,365|11011: TimeDiff of 6 big enough
08.11 11:24:23,365|11011: Trying to get Nameservice: ns@lab30.cpt.haw-hamburg.de
08.11 11:24:23,387|11011: Got Nameservice: ns@lab30.cpt.haw-hamburg.de
08.11 11:24:23,388|11011: Got Nameservice, trying to contact it for: 11081
08.11 11:24:23,393|11011: 11081 found, Name: 11081 Node: team10@lab24.cpt.haw-hamburg.de
08.11 11:24:23,394|11011: Abstimmung yes, sending to Next One
08.11 11:24:24,952|11011: Got Abstimmung
08.11 11:24:24,952|11011: Got it from someone else
08.11 11:24:24,953|11011: TimeDiff of 7 big enough
08.11 11:24:24,954|11011: Trying to get Nameservice: ns@lab30.cpt.haw-hamburg.de
08.11 11:24:24,959|11011: Got Nameservice: ns@lab30.cpt.haw-hamburg.de
08.11 11:24:24,960|11011: Got Nameservice, trying to contact it for: 11081
08.11 11:24:24,965|11011: 11081 found, Name: 11081 Node: team10@lab24.cpt.haw-hamburg.de
08.11 11:24:24,966|11011: Abstimmung yes, sending to Next One
08.11 11:24:25,066|11011: Got Abstimmung
08.11 11:24:25,074|11011: Got it from someone else
08.11 11:24:25,081|11011: TimeDiff of 8 big enough
08.11 11:24:25,086|11011: Trying to get Nameservice: ns@lab30.cpt.haw-hamburg.de
08.11 11:24:25,326|11011: Got Nameservice: ns@lab30.cpt.haw-hamburg.de
08.11 11:24:25,333|11011: Got Nameservice, trying to contact it for: 11081
08.11 11:24:25,384|11011: 11081 found, Name: 11081 Node: team10@lab24.cpt.haw-hamburg.de
08.11 11:24:25,400|11011: Abstimmung yes, sending to Next One
08.11 11:24:26,714|11011: Got Abstimmung
08.11 11:24:26,717|11011: Got it from someone else
08.11 11:24:26,720|11011: TimeDiff of 9 big enough
08.11 11:24:26,764|11011: Trying to get Nameservice: ns@lab30.cpt.haw-hamburg.de
08.11 11:24:26,798|11011: Got Nameservice: ns@lab30.cpt.haw-hamburg.de
08.11 11:24:26,800|11011: Got Nameservice, trying to contact it for: 11081
08.11 11:24:26,805|11011: 11081 found, Name: 11081 Node: team10@lab24.cpt.haw-hamburg.de
08.11 11:24:26,807|11011: Abstimmung yes, sending to Next One
08.11 11:24:26,305|11011: Got Abstimmung
08.11 11:24:26,306|11011: Got it from someone else
08.11 11:24:26,306|11011: TimeDiff of 9 big enough
08.11 11:24:26,307|11011: Trying to get Nameservice: ns@lab30.cpt.haw-hamburg.de
08.11 11:24:26,340|11011: Got Nameservice: ns@lab30.cpt.haw-hamburg.de
08.11 11:24:26,340|11011: Got Nameservice, trying to contact it for: 11081
08.11 11:24:26,347|11011: 11081 found, Name: 11081 Node: team10@lab24.cpt.haw-hamburg.de
08.11 11:24:26,348|11011: Abstimmung yes, sending to Next One
08.11 11:24:26,364|11011: Got Abstimmung
08.11 11:24:26,365|11011: Got it from someone else
08.11 11:24:26,366|11011: TimeDiff of 9 big enough
08.11 11:24:26,366|11011: Trying to get Nameservice: ns@lab30.cpt.haw-hamburg.de
08.11 11:24:26,389|11011: Got Nameservice: ns@lab30.cpt.haw-hamburg.de
08.11 11:24:26,390|11011: Got Nameservice, trying to contact it for: 11081
08.11 11:24:26,393|11011: 11081 found, Name: 11081 Node: team10@lab24.cpt.haw-hamburg.de
08.11 11:24:26,393|11011: Abstimmung yes, sending to Next One
08.11 11:24:27,211|11011: Got Abstimmung
08.11 11:24:27,212|11011: Got it from someone else
08.11 11:24:27,212|11011: TimeDiff of 10 big enough
08.11 11:24:27,213|11011: Trying to get Nameservice: ns@lab30.cpt.haw-hamburg.de
08.11 11:24:27,219|11011: Got Nameservice: ns@lab30.cpt.haw-hamburg.de
08.11 11:24:27,219|11011: Got Nameservice, trying to contact it for: 11081
08.11 11:24:27,226|11011: 11081 found, Name: 11081 Node: team10@lab24.cpt.haw-hamburg.de
08.11 11:24:27,227|11011: Abstimmung yes, sending to Next One
08.11 11:24:27,132|11011: Got Abstimmung
08.11 11:24:27,133|11011: Got it from someone else
08.11 11:24:27,133|11011: TimeDiff of 10 big enough
08.11 11:24:27,134|11011: Trying to get Nameservice: ns@lab30.cpt.haw-hamburg.de
08.11 11:24:27,139|11011: Got Nameservice: ns@lab30.cpt.haw-hamburg.de
08.11 11:24:27,140|11011: Got Nameservice, trying to contact it for: 11081
08.11 11:24:27,164|11011: 11081 found, Name: 11081 Node: team10@lab24.cpt.haw-hamburg.de
08.11 11:24:27,164|11011: Abstimmung yes, sending to Next One
08.11 11:24:28,298|11011: Got Y: 2079
08.11 11:24:28,299|11011: Starting new timer
08.11 11:24:28,299|11011: Caculating new MI: 693 Y: 2079
08.11 11:24:28,340|11011: Trying to get Nameservice: ns@lab30.cpt.haw-hamburg.de
08.11 11:24:28,372|11011: Got Nameservice: ns@lab30.cpt.haw-hamburg.de
08.11 11:24:28,375|11011: Got Nameservice, trying to contact it for: 11612
08.11 11:24:28,380|11011: 11612 found, Name: 11612 Node: starter@lab21.cpt.haw-hamburg.de
08.11 11:24:28,381|11011: Sending Y: 693 to Left
08.11 11:24:28,382|11011: Trying to get Nameservice: ns@lab30.cpt.haw-hamburg.de
08.11 11:24:28,420|11011: Got Nameservice: ns@lab30.cpt.haw-hamburg.de
08.11 11:24:28,421|11011: Got Nameservice, trying to contact it for: 11081
08.11 11:24:28,425|11011: 11081 found, Name: 11081 Node: team10@lab24.cpt.haw-hamburg.de
08.11 11:24:28,425|11011: Sending Y: 693 to Right
08.11 11:24:28,427|11011: Get Koordinator -> Get Dienst
08.11 11:24:28,428|11011: Trying to get Nameservice: ns@lab30.cpt.haw-hamburg.de
08.11 11:24:28,461|11011: Got Nameservice: ns@lab30.cpt.haw-hamburg.de
08.11 11:24:28,462|11011: Got Nameservice, trying to contact it for: chef
08.11 11:24:28,522|11011: chef found, Name: chef Node: ko@lab22.cpt.haw-hamburg.de
08.11 11:24:28,525|11011: BriefMi to Koord: 693
08.11 11:24:28,601|11011: Got Y: 189
08.11 11:24:28,602|11011: Killing old timer in Y
08.11 11:24:28,602|11011: Starting new timer
08.11 11:24:28,603|11011: Caculating new MI: 126 Y: 189
08.11 11:24:28,640|11011: Trying to get Nameservice: ns@lab30.cpt.haw-hamburg.de
08.11 11:24:28,683|11011: Got Nameservice: ns@lab30.cpt.haw-hamburg.de
08.11 11:24:28,685|11011: Got Nameservice, trying to contact it for: 11612
08.11 11:24:28,728|11011: 11612 found, Name: 11612 Node: starter@lab21.cpt.haw-hamburg.de
08.11 11:24:28,729|11011: Sending Y: 126 to Left
08.11 11:24:28,730|11011: Trying to get Nameservice: ns@lab30.cpt.haw-hamburg.de
08.11 11:24:28,764|11011: Got Nameservice: ns@lab30.cpt.haw-hamburg.de
08.11 11:24:28,765|11011: Got Nameservice, trying to contact it for: 11081
08.11 11:24:28,832|11011: 11081 found, Name: 11081 Node: team10@lab24.cpt.haw-hamburg.de
08.11 11:24:28,833|11011: Sending Y: 126 to Right
08.11 11:24:28,834|11011: Get Koordinator -> Get Dienst
08.11 11:24:28,834|11011: Trying to get Nameservice: ns@lab30.cpt.haw-hamburg.de
08.11 11:24:28,867|11011: Got Nameservice: ns@lab30.cpt.haw-hamburg.de
08.11 11:24:28,868|11011: Got Nameservice, trying to contact it for: chef
08.11 11:24:28,874|11011: chef found, Name: chef Node: ko@lab22.cpt.haw-hamburg.de
08.11 11:24:28,875|11011: BriefMi to Koord: 126
08.11 11:24:28,971|11011: Got Y: 63
08.11 11:24:28,972|11011: Killing old timer in Y
08.11 11:24:28,973|11011: Starting new timer
08.11 11:24:28,973|11011: Caculating new MI: 63 Y: 63
08.11 11:24:28,010|11011: Trying to get Nameservice: ns@lab30.cpt.haw-hamburg.de
08.11 11:24:28,074|11011: Got Nameservice: ns@lab30.cpt.haw-hamburg.de
08.11 11:24:28,076|11011: Got Nameservice, trying to contact it for: 11612
08.11 11:24:28,221|11011: 11612 found, Name: 11612 Node: starter@lab21.cpt.haw-hamburg.de
08.11 11:24:28,221|11011: Sending Y: 63 to Left
08.11 11:24:28,222|11011: Trying to get Nameservice: ns@lab30.cpt.haw-hamburg.de
08.11 11:24:28,264|11011: Got Nameservice: ns@lab30.cpt.haw-hamburg.de
08.11 11:24:28,265|11011: Got Nameservice, trying to contact it for: 11081
08.11 11:24:28,306|11011: 11081 found, Name: 11081 Node: team10@lab24.cpt.haw-hamburg.de
08.11 11:24:28,307|11011: Sending Y: 63 to Right
08.11 11:24:28,308|11011: Get Koordinator -> Get Dienst
08.11 11:24:28,309|11011: Trying to get Nameservice: ns@lab30.cpt.haw-hamburg.de
08.11 11:24:28,349|11011: Got Nameservice: ns@lab30.cpt.haw-hamburg.de
08.11 11:24:28,350|11011: Got Nameservice, trying to contact it for: chef
08.11 11:24:28,355|11011: chef found, Name: chef Node: ko@lab22.cpt.haw-hamburg.de
08.11 11:24:28,356|11011: BriefMi to Koord: 63
08.11 11:24:28,552|11011: Got Abstimmung
08.11 11:24:28,553|11011: Got it from someone else
08.11 11:24:28,554|11011: TimeDiff of 0 NOT big enough
08.11 11:24:31,980|11011: Trying to get Nameservice: ns@lab30.cpt.haw-hamburg.de
08.11 11:24:31,998|11011: Got Nameservice: ns@lab30.cpt.haw-hamburg.de
08.11 11:24:31,999|11011: Got Nameservice, trying to contact it for: 11081
08.11 11:24:31,004|11011: 11081 found, Name: 11081 Node: team10@lab24.cpt.haw-hamburg.de
08.11 11:24:31,004|11011: ABSTIMMUNG start
08.11 11:24:31,736|11011: Got Abstimmung
08.11 11:24:31,737|11011: Got it from someone else
08.11 11:24:31,738|11011: TimeDiff of 3 big enough
08.11 11:24:31,738|11011: Trying to get Nameservice: ns@lab30.cpt.haw-hamburg.de
08.11 11:24:31,765|11011: Got Nameservice: ns@lab30.cpt.haw-hamburg.de
08.11 11:24:31,766|11011: Got Nameservice, trying to contact it for: 11081
08.11 11:24:31,770|11011: 11081 found, Name: 11081 Node: team10@lab24.cpt.haw-hamburg.de
08.11 11:24:31,771|11011: Abstimmung yes, sending to Next One
08.11 11:24:32,705|11011: Got Abstimmung
08.11 11:24:32,706|11011: Got it from someone else
08.11 11:24:32,707|11011: TimeDiff of 4 big enough
08.11 11:24:32,707|11011: Trying to get Nameservice: ns@lab30.cpt.haw-hamburg.de
08.11 11:24:32,713|11011: Got Nameservice: ns@lab30.cpt.haw-hamburg.de
08.11 11:24:32,716|11011: Got Nameservice, trying to contact it for: 11081
08.11 11:24:32,722|11011: 11081 found, Name: 11081 Node: team10@lab24.cpt.haw-hamburg.de
08.11 11:24:32,723|11011: Abstimmung yes, sending to Next One
08.11 11:24:32,120|11011: Got Y: 693
08.11 11:24:32,122|11011: Starting new timer
08.11 11:24:32,123|11011: New Y: 693 >= Mi: 63
08.11 11:24:32,290|11011: Got Abstimmung
08.11 11:24:32,290|11011: Got it from someone else
08.11 11:24:32,291|11011: TimeDiff of 0 NOT big enough
08.11 11:24:34,592|11011: Got Abstimmung
08.11 11:24:34,594|11011: Got it from someone else
08.11 11:24:34,596|11011: TimeDiff of 2 big enough
08.11 11:24:34,599|11011: Trying to get Nameservice: ns@lab30.cpt.haw-hamburg.de
08.11 11:24:34,657|11011: Got Nameservice: ns@lab30.cpt.haw-hamburg.de
08.11 11:24:34,660|11011: Got Nameservice, trying to contact it for: 11081
08.11 11:24:34,667|11011: 11081 found, Name: 11081 Node: team10@lab24.cpt.haw-hamburg.de
08.11 11:24:34,668|11011: Abstimmung yes, sending to Next One
08.11 11:24:35,066|11011: Got Abstimmung
08.11 11:24:35,066|11011: Got it from someone else
08.11 11:24:35,067|11011: TimeDiff of 3 big enough
08.11 11:24:35,068|11011: Trying to get Nameservice: ns@lab30.cpt.haw-hamburg.de
08.11 11:24:35,073|11011: Got Nameservice: ns@lab30.cpt.haw-hamburg.de
08.11 11:24:35,074|11011: Got Nameservice, trying to contact it for: 11081
08.11 11:24:35,128|11011: 11081 found, Name: 11081 Node: team10@lab24.cpt.haw-hamburg.de
08.11 11:24:35,131|11011: Abstimmung yes, sending to Next One
08.11 11:24:35,130|11011: Trying to get Nameservice: ns@lab30.cpt.haw-hamburg.de
08.11 11:24:35,136|11011: Got Nameservice: ns@lab30.cpt.haw-hamburg.de
08.11 11:24:35,137|11011: Got Nameservice, trying to contact it for: 11081
08.11 11:24:35,143|11011: 11081 found, Name: 11081 Node: team10@lab24.cpt.haw-hamburg.de
08.11 11:24:35,144|11011: ABSTIMMUNG start
08.11 11:24:35,669|11011: Got Abstimmung
08.11 11:24:35,670|11011: Got it from someone else
08.11 11:24:35,671|11011: TimeDiff of 3 big enough
08.11 11:24:35,671|11011: Trying to get Nameservice: ns@lab30.cpt.haw-hamburg.de
08.11 11:24:35,676|11011: Got Nameservice: ns@lab30.cpt.haw-hamburg.de
08.11 11:24:35,677|11011: Got Nameservice, trying to contact it for: 11081
08.11 11:24:35,684|11011: 11081 found, Name: 11081 Node: team10@lab24.cpt.haw-hamburg.de
08.11 11:24:35,685|11011: Abstimmung yes, sending to Next One
08.11 11:24:36,559|11011: Got Abstimmung
08.11 11:24:36,560|11011: Got it from someone else
08.11 11:24:36,560|11011: TimeDiff of 4 big enough
08.11 11:24:36,561|11011: Trying to get Nameservice: ns@lab30.cpt.haw-hamburg.de
08.11 11:24:36,567|11011: Got Nameservice: ns@lab30.cpt.haw-hamburg.de
08.11 11:24:36,568|11011: Got Nameservice, trying to contact it for: 11081
08.11 11:24:36,574|11011: 11081 found, Name: 11081 Node: team10@lab24.cpt.haw-hamburg.de
08.11 11:24:36,575|11011: Abstimmung yes, sending to Next One
08.11 11:24:36,924|11011: Got Abstimmung
08.11 11:24:36,925|11011: Got it from someone else
08.11 11:24:36,926|11011: TimeDiff of 4 big enough
08.11 11:24:36,927|11011: Trying to get Nameservice: ns@lab30.cpt.haw-hamburg.de
08.11 11:24:36,940|11011: Got Nameservice: ns@lab30.cpt.haw-hamburg.de
08.11 11:24:36,940|11011: Got Nameservice, trying to contact it for: 11081
08.11 11:24:36,945|11011: 11081 found, Name: 11081 Node: team10@lab24.cpt.haw-hamburg.de
08.11 11:24:36,946|11011: Abstimmung yes, sending to Next One
08.11 11:24:41,383|11011: Got Abstimmung
08.11 11:24:41,393|11011: Got it from someone else
08.11 11:24:41,399|11011: TimeDiff of 9 big enough
08.11 11:24:41,405|11011: Trying to get Nameservice: ns@lab30.cpt.haw-hamburg.de
08.11 11:24:41,467|11011: Got Nameservice: ns@lab30.cpt.haw-hamburg.de
08.11 11:24:41,476|11011: Got Nameservice, trying to contact it for: 11081
08.11 11:24:41,538|11011: 11081 found, Name: 11081 Node: team10@lab24.cpt.haw-hamburg.de
08.11 11:24:41,545|11011: Abstimmung yes, sending to Next One
08.11 11:24:41,890|11011: Got Abstimmung
08.11 11:24:41,891|11011: Got it from someone else
08.11 11:24:41,892|11011: TimeDiff of 9 big enough
08.11 11:24:41,893|11011: Trying to get Nameservice: ns@lab30.cpt.haw-hamburg.de
08.11 11:24:41,898|11011: Got Nameservice: ns@lab30.cpt.haw-hamburg.de
08.11 11:24:41,899|11011: Got Nameservice, trying to contact it for: 11081
08.11 11:24:41,904|11011: 11081 found, Name: 11081 Node: team10@lab24.cpt.haw-hamburg.de
08.11 11:24:41,905|11011: Abstimmung yes, sending to Next One
08.11 11:24:42,718|11011: Got Abstimmung
08.11 11:24:42,719|11011: Got it from someone else
08.11 11:24:42,719|11011: TimeDiff of 10 big enough
08.11 11:24:42,720|11011: Trying to get Nameservice: ns@lab30.cpt.haw-hamburg.de
08.11 11:24:42,726|11011: Got Nameservice: ns@lab30.cpt.haw-hamburg.de
08.11 11:24:42,727|11011: Got Nameservice, trying to contact it for: 11081
08.11 11:24:42,732|11011: 11081 found, Name: 11081 Node: team10@lab24.cpt.haw-hamburg.de
08.11 11:24:42,732|11011: Abstimmung yes, sending to Next One
08.11 11:24:43,823|11011: Got Abstimmung
08.11 11:24:43,824|11011: Got it from someone else
08.11 11:24:43,825|11011: TimeDiff of 11 big enough
08.11 11:24:43,825|11011: Trying to get Nameservice: ns@lab30.cpt.haw-hamburg.de
08.11 11:24:43,851|11011: Got Nameservice: ns@lab30.cpt.haw-hamburg.de
08.11 11:24:43,852|11011: Got Nameservice, trying to contact it for: 11081
08.11 11:24:43,855|11011: 11081 found, Name: 11081 Node: team10@lab24.cpt.haw-hamburg.de
08.11 11:24:43,856|11011: Abstimmung yes, sending to Next One
08.11 11:24:43,275|11011: Got Abstimmung
08.11 11:24:43,275|11011: Got it from someone else
08.11 11:24:43,276|11011: TimeDiff of 11 big enough
08.11 11:24:43,277|11011: Trying to get Nameservice: ns@lab30.cpt.haw-hamburg.de
08.11 11:24:43,282|11011: Got Nameservice: ns@lab30.cpt.haw-hamburg.de
08.11 11:24:43,283|11011: Got Nameservice, trying to contact it for: 11081
08.11 11:24:43,289|11011: 11081 found, Name: 11081 Node: team10@lab24.cpt.haw-hamburg.de
08.11 11:24:43,290|11011: Abstimmung yes, sending to Next One
08.11 11:24:44,528|11011: Got Abstimmung
08.11 11:24:44,529|11011: Got it from someone else
08.11 11:24:44,530|11011: TimeDiff of 12 big enough
08.11 11:24:44,531|11011: Trying to get Nameservice: ns@lab30.cpt.haw-hamburg.de
08.11 11:24:44,558|11011: Got Nameservice: ns@lab30.cpt.haw-hamburg.de
08.11 11:24:44,559|11011: Got Nameservice, trying to contact it for: 11081
08.11 11:24:44,596|11011: 11081 found, Name: 11081 Node: team10@lab24.cpt.haw-hamburg.de
08.11 11:24:44,596|11011: Abstimmung yes, sending to Next One
08.11 11:24:45,675|11011: Got Y: 63
08.11 11:24:45,675|11011: Starting new timer
08.11 11:24:45,676|11011: New Y: 63 >= Mi: 63
08.11 11:24:46,062|11011: Got Abstimmung
08.11 11:24:46,062|11011: Got it from someone else
08.11 11:24:46,063|11011: TimeDiff of 1 NOT big enough
08.11 11:24:47,250|11011: Got Abstimmung
08.11 11:24:47,251|11011: Got it from someone else
08.11 11:24:47,252|11011: TimeDiff of 2 big enough
08.11 11:24:47,253|11011: Trying to get Nameservice: ns@lab30.cpt.haw-hamburg.de
08.11 11:24:47,259|11011: Got Nameservice: ns@lab30.cpt.haw-hamburg.de
08.11 11:24:47,259|11011: Got Nameservice, trying to contact it for: 11081
08.11 11:24:47,264|11011: 11081 found, Name: 11081 Node: team10@lab24.cpt.haw-hamburg.de
08.11 11:24:47,265|11011: Abstimmung yes, sending to Next One
08.11 11:24:47,122|11011: Got Y: 3
08.11 11:24:47,123|11011: Killing old timer in Y
08.11 11:24:47,124|11011: Starting new timer
08.11 11:24:47,125|11011: Caculating new MI: 3 Y: 3
08.11 11:24:47,165|11011: Trying to get Nameservice: ns@lab30.cpt.haw-hamburg.de
08.11 11:24:47,213|11011: Got Nameservice: ns@lab30.cpt.haw-hamburg.de
08.11 11:24:47,214|11011: Got Nameservice, trying to contact it for: 11612
08.11 11:24:47,222|11011: 11612 found, Name: 11612 Node: starter@lab21.cpt.haw-hamburg.de
08.11 11:24:47,222|11011: Sending Y: 3 to Left
08.11 11:24:47,223|11011: Trying to get Nameservice: ns@lab30.cpt.haw-hamburg.de
08.11 11:24:47,253|11011: Got Nameservice: ns@lab30.cpt.haw-hamburg.de
08.11 11:24:47,253|11011: Got Nameservice, trying to contact it for: 11081
08.11 11:24:47,291|11011: 11081 found, Name: 11081 Node: team10@lab24.cpt.haw-hamburg.de
08.11 11:24:47,292|11011: Sending Y: 3 to Right
08.11 11:24:47,294|11011: Get Koordinator -> Get Dienst
08.11 11:24:47,295|11011: Trying to get Nameservice: ns@lab30.cpt.haw-hamburg.de
08.11 11:24:47,328|11011: Got Nameservice: ns@lab30.cpt.haw-hamburg.de
08.11 11:24:47,329|11011: Got Nameservice, trying to contact it for: chef
08.11 11:24:47,355|11011: chef found, Name: chef Node: ko@lab22.cpt.haw-hamburg.de
08.11 11:24:47,356|11011: BriefMi to Koord: 3
08.11 11:24:47,737|11011: Got Abstimmung
08.11 11:24:47,738|11011: Got it from someone else
08.11 11:24:47,739|11011: TimeDiff of 0 NOT big enough
08.11 11:24:47,494|11011: Got Abstimmung
08.11 11:24:47,495|11011: Got it from someone else
08.11 11:24:47,495|11011: TimeDiff of 0 NOT big enough
08.11 11:24:48,441|11011: Got Abstimmung
08.11 11:24:48,442|11011: Got it from someone else
08.11 11:24:48,442|11011: TimeDiff of 1 NOT big enough
08.11 11:24:48,033|11011: Got Abstimmung
08.11 11:24:48,034|11011: Got it from someone else
08.11 11:24:48,035|11011: TimeDiff of 1 NOT big enough
08.11 11:24:49,801|11011: Got Abstimmung
08.11 11:24:49,802|11011: Got it from someone else
08.11 11:24:49,803|11011: TimeDiff of 2 big enough
08.11 11:24:49,803|11011: Trying to get Nameservice: ns@lab30.cpt.haw-hamburg.de
08.11 11:24:49,809|11011: Got Nameservice: ns@lab30.cpt.haw-hamburg.de
08.11 11:24:49,809|11011: Got Nameservice, trying to contact it for: 11081
08.11 11:24:49,815|11011: 11081 found, Name: 11081 Node: team10@lab24.cpt.haw-hamburg.de
08.11 11:24:49,816|11011: Abstimmung yes, sending to Next One
08.11 11:24:50,626|11011: Got Abstimmung
08.11 11:24:50,650|11011: Got it from someone else
08.11 11:24:50,662|11011: TimeDiff of 3 big enough
08.11 11:24:50,672|11011: Trying to get Nameservice: ns@lab30.cpt.haw-hamburg.de
08.11 11:24:50,736|11011: Got Nameservice: ns@lab30.cpt.haw-hamburg.de
08.11 11:24:50,744|11011: Got Nameservice, trying to contact it for: 11081
08.11 11:24:50,800|11011: 11081 found, Name: 11081 Node: team10@lab24.cpt.haw-hamburg.de
08.11 11:24:50,808|11011: Abstimmung yes, sending to Next One
08.11 11:24:50,134|11011: Trying to get Nameservice: ns@lab30.cpt.haw-hamburg.de
08.11 11:24:50,140|11011: Got Nameservice: ns@lab30.cpt.haw-hamburg.de
08.11 11:24:50,141|11011: Got Nameservice, trying to contact it for: 11081
08.11 11:24:50,146|11011: 11081 found, Name: 11081 Node: team10@lab24.cpt.haw-hamburg.de
08.11 11:24:50,147|11011: ABSTIMMUNG start
08.11 11:24:50,294|11011: Got Y: 1
08.11 11:24:50,295|11011: Starting new timer
08.11 11:24:50,295|11011: Caculating new MI: 1 Y: 1
08.11 11:24:50,331|11011: Trying to get Nameservice: ns@lab30.cpt.haw-hamburg.de
08.11 11:24:50,340|11011: Got Nameservice: ns@lab30.cpt.haw-hamburg.de
08.11 11:24:50,340|11011: Got Nameservice, trying to contact it for: 11612
08.11 11:24:50,380|11011: 11612 found, Name: 11612 Node: starter@lab21.cpt.haw-hamburg.de
08.11 11:24:50,381|11011: Sending Y: 1 to Left
08.11 11:24:50,382|11011: Trying to get Nameservice: ns@lab30.cpt.haw-hamburg.de
08.11 11:24:50,419|11011: Got Nameservice: ns@lab30.cpt.haw-hamburg.de
08.11 11:24:50,419|11011: Got Nameservice, trying to contact it for: 11081
08.11 11:24:50,456|11011: 11081 found, Name: 11081 Node: team10@lab24.cpt.haw-hamburg.de
08.11 11:24:50,457|11011: Sending Y: 1 to Right
08.11 11:24:50,457|11011: Get Koordinator -> Get Dienst
08.11 11:24:50,458|11011: Trying to get Nameservice: ns@lab30.cpt.haw-hamburg.de
08.11 11:24:50,500|11011: Got Nameservice: ns@lab30.cpt.haw-hamburg.de
08.11 11:24:50,501|11011: Got Nameservice, trying to contact it for: chef
08.11 11:24:50,506|11011: chef found, Name: chef Node: ko@lab22.cpt.haw-hamburg.de
08.11 11:24:50,507|11011: BriefMi to Koord: 1
08.11 11:24:50,545|11011: Got Abstimmung
08.11 11:24:50,546|11011: Got it from someone else
08.11 11:24:50,546|11011: TimeDiff of 0 NOT big enough
08.11 11:24:51,477|11011: Got Abstimmung
08.11 11:24:51,478|11011: Got it from myself
08.11 11:24:51,478|11011: Get Koordinator -> Get Dienst
08.11 11:24:51,479|11011: Trying to get Nameservice: ns@lab30.cpt.haw-hamburg.de
08.11 11:24:51,486|11011: Got Nameservice: ns@lab30.cpt.haw-hamburg.de
08.11 11:24:51,487|11011: Got Nameservice, trying to contact it for: chef
08.11 11:24:51,491|11011: chef found, Name: chef Node: ko@lab22.cpt.haw-hamburg.de
08.11 11:24:51,491|11011: ABSTIMMUNG: Erfolgreich. Sending Mi: 1 to Koordinator
08.11 11:24:52,003|11011: Got Abstimmung
08.11 11:24:52,004|11011: Got it from someone else
08.11 11:24:52,005|11011: TimeDiff of 2 big enough
08.11 11:24:52,007|11011: Trying to get Nameservice: ns@lab30.cpt.haw-hamburg.de
08.11 11:24:52,013|11011: Got Nameservice: ns@lab30.cpt.haw-hamburg.de
08.11 11:24:52,014|11011: Got Nameservice, trying to contact it for: 11081
08.11 11:24:52,042|11011: 11081 found, Name: 11081 Node: team10@lab24.cpt.haw-hamburg.de
08.11 11:24:52,045|11011: Abstimmung yes, sending to Next One
08.11 11:24:52,954|11011: Got Abstimmung
08.11 11:24:52,955|11011: Got it from someone else
08.11 11:24:52,955|11011: TimeDiff of 2 big enough
08.11 11:24:52,956|11011: Trying to get Nameservice: ns@lab30.cpt.haw-hamburg.de
08.11 11:24:52,961|11011: Got Nameservice: ns@lab30.cpt.haw-hamburg.de
08.11 11:24:52,963|11011: Got Nameservice, trying to contact it for: 11081
08.11 11:24:52,968|11011: 11081 found, Name: 11081 Node: team10@lab24.cpt.haw-hamburg.de
08.11 11:24:52,969|11011: Abstimmung yes, sending to Next One
08.11 11:24:53,191|11011: Got Abstimmung
08.11 11:24:53,192|11011: Got it from someone else
08.11 11:24:53,192|11011: TimeDiff of 3 big enough
08.11 11:24:53,193|11011: Trying to get Nameservice: ns@lab30.cpt.haw-hamburg.de
08.11 11:24:53,201|11011: Got Nameservice: ns@lab30.cpt.haw-hamburg.de
08.11 11:24:53,201|11011: Got Nameservice, trying to contact it for: 11081
08.11 11:24:53,207|11011: 11081 found, Name: 11081 Node: team10@lab24.cpt.haw-hamburg.de
08.11 11:24:53,208|11011: Abstimmung yes, sending to Next One
08.11 11:24:53,319|11011: Trying to get Nameservice: ns@lab30.cpt.haw-hamburg.de
08.11 11:24:53,325|11011: Got Nameservice: ns@lab30.cpt.haw-hamburg.de
08.11 11:24:53,326|11011: Got Nameservice, trying to contact it for: 11081
08.11 11:24:53,364|11011: 11081 found, Name: 11081 Node: team10@lab24.cpt.haw-hamburg.de
08.11 11:24:53,365|11011: ABSTIMMUNG start
08.11 11:24:53,701|11011: Got Abstimmung
08.11 11:24:53,701|11011: Got it from someone else
08.11 11:24:53,702|11011: TimeDiff of 3 big enough
08.11 11:24:53,703|11011: Trying to get Nameservice: ns@lab30.cpt.haw-hamburg.de
08.11 11:24:53,709|11011: Got Nameservice: ns@lab30.cpt.haw-hamburg.de
08.11 11:24:53,709|11011: Got Nameservice, trying to contact it for: 11081
08.11 11:24:53,739|11011: 11081 found, Name: 11081 Node: team10@lab24.cpt.haw-hamburg.de
08.11 11:24:53,741|11011: Abstimmung yes, sending to Next One
08.11 11:24:54,020|11011: Got Abstimmung
08.11 11:24:54,021|11011: Got it from someone else
08.11 11:24:54,022|11011: TimeDiff of 4 big enough
08.11 11:24:54,022|11011: Trying to get Nameservice: ns@lab30.cpt.haw-hamburg.de
08.11 11:24:54,028|11011: Got Nameservice: ns@lab30.cpt.haw-hamburg.de
08.11 11:24:54,029|11011: Got Nameservice, trying to contact it for: 11081
08.11 11:24:54,034|11011: 11081 found, Name: 11081 Node: team10@lab24.cpt.haw-hamburg.de
08.11 11:24:54,035|11011: Abstimmung yes, sending to Next One
08.11 11:24:56,080|11011: Got Abstimmung
08.11 11:24:56,081|11011: Got it from someone else
08.11 11:24:56,082|11011: TimeDiff of 6 big enough
08.11 11:24:56,082|11011: Trying to get Nameservice: ns@lab30.cpt.haw-hamburg.de
08.11 11:24:56,103|11011: Got Nameservice: ns@lab30.cpt.haw-hamburg.de
08.11 11:24:56,104|11011: Got Nameservice, trying to contact it for: 11081
08.11 11:24:56,107|11011: 11081 found, Name: 11081 Node: team10@lab24.cpt.haw-hamburg.de
08.11 11:24:56,108|11011: Abstimmung yes, sending to Next One
08.11 11:24:57,698|11011: Got Abstimmung
08.11 11:24:57,699|11011: Got it from someone else
08.11 11:24:57,699|11011: TimeDiff of 7 big enough
08.11 11:24:57,700|11011: Trying to get Nameservice: ns@lab30.cpt.haw-hamburg.de
08.11 11:24:57,713|11011: Got Nameservice: ns@lab30.cpt.haw-hamburg.de
08.11 11:24:57,713|11011: Got Nameservice, trying to contact it for: 11081
08.11 11:24:57,748|11011: 11081 found, Name: 11081 Node: team10@lab24.cpt.haw-hamburg.de
08.11 11:24:57,748|11011: Abstimmung yes, sending to Next One
08.11 11:24:57,151|11011: Got Abstimmung
08.11 11:24:57,152|11011: Got it from someone else
08.11 11:24:57,152|11011: TimeDiff of 7 big enough
08.11 11:24:57,153|11011: Trying to get Nameservice: ns@lab30.cpt.haw-hamburg.de
08.11 11:24:57,159|11011: Got Nameservice: ns@lab30.cpt.haw-hamburg.de
08.11 11:24:57,160|11011: Got Nameservice, trying to contact it for: 11081
08.11 11:24:57,168|11011: 11081 found, Name: 11081 Node: team10@lab24.cpt.haw-hamburg.de
08.11 11:24:57,168|11011: Abstimmung yes, sending to Next One
08.11 11:24:58,503|11011: Got Abstimmung
08.11 11:24:58,504|11011: Got it from someone else
08.11 11:24:58,504|11011: TimeDiff of 8 big enough
08.11 11:24:58,505|11011: Trying to get Nameservice: ns@lab30.cpt.haw-hamburg.de
08.11 11:24:58,511|11011: Got Nameservice: ns@lab30.cpt.haw-hamburg.de
08.11 11:24:58,511|11011: Got Nameservice, trying to contact it for: 11081
08.11 11:24:58,523|11011: 11081 found, Name: 11081 Node: team10@lab24.cpt.haw-hamburg.de
08.11 11:24:58,525|11011: Abstimmung yes, sending to Next One
08.11 11:24:58,119|11011: Got Abstimmung
08.11 11:24:58,120|11011: Got it from someone else
08.11 11:24:58,120|11011: TimeDiff of 8 big enough
08.11 11:24:58,121|11011: Trying to get Nameservice: ns@lab30.cpt.haw-hamburg.de
08.11 11:24:58,133|11011: Got Nameservice: ns@lab30.cpt.haw-hamburg.de
08.11 11:24:58,134|11011: Got Nameservice, trying to contact it for: 11081
08.11 11:24:58,170|11011: 11081 found, Name: 11081 Node: team10@lab24.cpt.haw-hamburg.de
08.11 11:24:58,171|11011: Abstimmung yes, sending to Next One
08.11 11:24:59,729|11011: Got Abstimmung
08.11 11:24:59,734|11011: Got it from someone else
08.11 11:24:59,735|11011: TimeDiff of 9 big enough
08.11 11:24:59,736|11011: Trying to get Nameservice: ns@lab30.cpt.haw-hamburg.de
08.11 11:24:59,742|11011: Got Nameservice: ns@lab30.cpt.haw-hamburg.de
08.11 11:24:59,743|11011: Got Nameservice, trying to contact it for: 11081
08.11 11:24:59,747|11011: 11081 found, Name: 11081 Node: team10@lab24.cpt.haw-hamburg.de
08.11 11:24:59,748|11011: Abstimmung yes, sending to Next One
08.11 11:24:59,369|11011: Got Abstimmung
08.11 11:24:59,370|11011: Got it from someone else
08.11 11:24:59,371|11011: TimeDiff of 9 big enough
08.11 11:24:59,372|11011: Trying to get Nameservice: ns@lab30.cpt.haw-hamburg.de
08.11 11:24:59,378|11011: Got Nameservice: ns@lab30.cpt.haw-hamburg.de
08.11 11:24:59,378|11011: Got Nameservice, trying to contact it for: 11081
08.11 11:24:59,383|11011: 11081 found, Name: 11081 Node: team10@lab24.cpt.haw-hamburg.de
08.11 11:24:59,384|11011: Abstimmung yes, sending to Next One
08.11 11:25:00,901|11011: Got Abstimmung
08.11 11:25:00,902|11011: Got it from someone else
08.11 11:25:00,902|11011: TimeDiff of 10 big enough
08.11 11:25:00,903|11011: Trying to get Nameservice: ns@lab30.cpt.haw-hamburg.de
08.11 11:25:00,908|11011: Got Nameservice: ns@lab30.cpt.haw-hamburg.de
08.11 11:25:00,909|11011: Got Nameservice, trying to contact it for: 11081
08.11 11:25:00,915|11011: 11081 found, Name: 11081 Node: team10@lab24.cpt.haw-hamburg.de
08.11 11:25:00,916|11011: Abstimmung yes, sending to Next One
08.11 11:25:01,907|11011: Got Abstimmung
08.11 11:25:01,907|11011: Got it from someone else
08.11 11:25:01,908|11011: TimeDiff of 11 big enough
08.11 11:25:01,908|11011: Trying to get Nameservice: ns@lab30.cpt.haw-hamburg.de
08.11 11:25:01,919|11011: Got Nameservice: ns@lab30.cpt.haw-hamburg.de
08.11 11:25:01,919|11011: Got Nameservice, trying to contact it for: 11081
08.11 11:25:01,924|11011: 11081 found, Name: 11081 Node: team10@lab24.cpt.haw-hamburg.de
08.11 11:25:01,925|11011: Abstimmung yes, sending to Next One
08.11 11:25:02,537|11011: Got Abstimmung
08.11 11:25:02,538|11011: Got it from someone else
08.11 11:25:02,544|11011: TimeDiff of 12 big enough
08.11 11:25:02,544|11011: Trying to get Nameservice: ns@lab30.cpt.haw-hamburg.de
08.11 11:25:02,549|11011: Got Nameservice: ns@lab30.cpt.haw-hamburg.de
08.11 11:25:02,551|11011: Got Nameservice, trying to contact it for: 11081
08.11 11:25:02,557|11011: 11081 found, Name: 11081 Node: team10@lab24.cpt.haw-hamburg.de
08.11 11:25:02,557|11011: Abstimmung yes, sending to Next One
08.11 11:25:02,944|11011: Got Abstimmung
08.11 11:25:02,946|11011: Got it from someone else
08.11 11:25:02,946|11011: TimeDiff of 12 big enough
08.11 11:25:02,947|11011: Trying to get Nameservice: ns@lab30.cpt.haw-hamburg.de
08.11 11:25:02,952|11011: Got Nameservice: ns@lab30.cpt.haw-hamburg.de
08.11 11:25:02,953|11011: Got Nameservice, trying to contact it for: 11081
08.11 11:25:02,996|11011: 11081 found, Name: 11081 Node: team10@lab24.cpt.haw-hamburg.de
08.11 11:25:02,997|11011: Abstimmung yes, sending to Next One
08.11 11:25:03,808|11011: Got Abstimmung
08.11 11:25:03,809|11011: Got it from someone else
08.11 11:25:03,809|11011: TimeDiff of 13 big enough
08.11 11:25:03,810|11011: Trying to get Nameservice: ns@lab30.cpt.haw-hamburg.de
08.11 11:25:03,839|11011: Got Nameservice: ns@lab30.cpt.haw-hamburg.de
08.11 11:25:03,840|11011: Got Nameservice, trying to contact it for: 11081
08.11 11:25:03,846|11011: 11081 found, Name: 11081 Node: team10@lab24.cpt.haw-hamburg.de
08.11 11:25:03,850|11011: Abstimmung yes, sending to Next One
08.11 11:25:03,177|11011: Got Abstimmung
08.11 11:25:03,177|11011: Got it from someone else
08.11 11:25:03,178|11011: TimeDiff of 13 big enough
08.11 11:25:03,179|11011: Trying to get Nameservice: ns@lab30.cpt.haw-hamburg.de
08.11 11:25:03,185|11011: Got Nameservice: ns@lab30.cpt.haw-hamburg.de
08.11 11:25:03,185|11011: Got Nameservice, trying to contact it for: 11081
08.11 11:25:03,190|11011: 11081 found, Name: 11081 Node: team10@lab24.cpt.haw-hamburg.de
08.11 11:25:03,192|11011: Abstimmung yes, sending to Next One
08.11 11:25:04,761|11011: Got Abstimmung
08.11 11:25:04,763|11011: Got it from someone else
08.11 11:25:04,766|11011: TimeDiff of 14 big enough
08.11 11:25:04,789|11011: Trying to get Nameservice: ns@lab30.cpt.haw-hamburg.de
08.11 11:25:04,854|11011: Got Nameservice: ns@lab30.cpt.haw-hamburg.de
08.11 11:25:04,855|11011: Got Nameservice, trying to contact it for: 11081
08.11 11:25:04,861|11011: 11081 found, Name: 11081 Node: team10@lab24.cpt.haw-hamburg.de
08.11 11:25:04,862|11011: Abstimmung yes, sending to Next One
08.11 11:25:04,966|11011: Got Abstimmung
08.11 11:25:04,967|11011: Got it from someone else
08.11 11:25:04,970|11011: TimeDiff of 14 big enough
08.11 11:25:04,972|11011: Trying to get Nameservice: ns@lab30.cpt.haw-hamburg.de
08.11 11:25:04,997|11011: Got Nameservice: ns@lab30.cpt.haw-hamburg.de
08.11 11:25:04,998|11011: Got Nameservice, trying to contact it for: 11081
08.11 11:25:04,006|11011: 11081 found, Name: 11081 Node: team10@lab24.cpt.haw-hamburg.de
08.11 11:25:04,007|11011: Abstimmung yes, sending to Next One
08.11 11:25:04,593|11011: Got Y: 3
08.11 11:25:04,594|11011: Starting new timer
08.11 11:25:04,595|11011: New Y: 3 >= Mi: 1
08.11 11:25:07,600|11011: Trying to get Nameservice: ns@lab30.cpt.haw-hamburg.de
08.11 11:25:07,606|11011: Got Nameservice: ns@lab30.cpt.haw-hamburg.de
08.11 11:25:07,607|11011: Got Nameservice, trying to contact it for: 11081
08.11 11:25:07,613|11011: 11081 found, Name: 11081 Node: team10@lab24.cpt.haw-hamburg.de
08.11 11:25:07,614|11011: ABSTIMMUNG start
08.11 11:25:08,970|11011: Got Abstimmung
08.11 11:25:08,971|11011: Got it from someone else
08.11 11:25:08,971|11011: TimeDiff of 4 big enough
08.11 11:25:08,972|11011: Trying to get Nameservice: ns@lab30.cpt.haw-hamburg.de
08.11 11:25:08,978|11011: Got Nameservice: ns@lab30.cpt.haw-hamburg.de
08.11 11:25:08,979|11011: Got Nameservice, trying to contact it for: 11081
08.11 11:25:08,983|11011: 11081 found, Name: 11081 Node: team10@lab24.cpt.haw-hamburg.de
08.11 11:25:08,984|11011: Abstimmung yes, sending to Next One
08.11 11:25:08,496|11011: Got Abstimmung
08.11 11:25:08,497|11011: Got it from someone else
08.11 11:25:08,497|11011: TimeDiff of 4 big enough
08.11 11:25:08,498|11011: Trying to get Nameservice: ns@lab30.cpt.haw-hamburg.de
08.11 11:25:08,503|11011: Got Nameservice: ns@lab30.cpt.haw-hamburg.de
08.11 11:25:08,504|11011: Got Nameservice, trying to contact it for: 11081
08.11 11:25:08,529|11011: 11081 found, Name: 11081 Node: team10@lab24.cpt.haw-hamburg.de
08.11 11:25:08,530|11011: Abstimmung yes, sending to Next One
08.11 11:25:09,789|11011: Got Y: 1
08.11 11:25:09,790|11011: Starting new timer
08.11 11:25:09,792|11011: New Y: 1 >= Mi: 1
08.11 11:25:12,800|11011: Trying to get Nameservice: ns@lab30.cpt.haw-hamburg.de
08.11 11:25:12,807|11011: Got Nameservice: ns@lab30.cpt.haw-hamburg.de
08.11 11:25:12,808|11011: Got Nameservice, trying to contact it for: 11081
08.11 11:25:12,812|11011: 11081 found, Name: 11081 Node: team10@lab24.cpt.haw-hamburg.de
08.11 11:25:12,813|11011: ABSTIMMUNG start
08.11 11:25:12,580|11011: Got Abstimmung
08.11 11:25:12,584|11011: Got it from someone else
08.11 11:25:12,586|11011: TimeDiff of 3 big enough
08.11 11:25:12,589|11011: Trying to get Nameservice: ns@lab30.cpt.haw-hamburg.de
08.11 11:25:12,616|11011: Got Nameservice: ns@lab30.cpt.haw-hamburg.de
08.11 11:25:12,617|11011: Got Nameservice, trying to contact it for: 11081
08.11 11:25:12,623|11011: 11081 found, Name: 11081 Node: team10@lab24.cpt.haw-hamburg.de
08.11 11:25:12,623|11011: Abstimmung yes, sending to Next One
08.11 11:25:14,832|11011: Got Abstimmung
08.11 11:25:14,833|11011: Got it from someone else
08.11 11:25:14,833|11011: TimeDiff of 5 big enough
08.11 11:25:14,834|11011: Trying to get Nameservice: ns@lab30.cpt.haw-hamburg.de
08.11 11:25:14,839|11011: Got Nameservice: ns@lab30.cpt.haw-hamburg.de
08.11 11:25:14,839|11011: Got Nameservice, trying to contact it for: 11081
08.11 11:25:14,845|11011: 11081 found, Name: 11081 Node: team10@lab24.cpt.haw-hamburg.de
08.11 11:25:14,848|11011: Abstimmung yes, sending to Next One
08.11 11:25:14,075|11011: Got Nameservice: ns@lab30.cpt.haw-hamburg.de
08.11 11:25:14,075|11011: Unbinding from Nameservice
08.11 11:25:14,076|11011: Killed
