08.11 11:20:05,996|11085: Got Nameservice: ns@lab30.cpt.haw-hamburg.de
08.11 11:20:05,999|11085: Sende Nachricht an Nameservicenode: ns@lab30.cpt.haw-hamburg.de
08.11 11:20:05,000|11085: Nachricht an Nameservicenode gesendet
08.11 11:20:05,030|11085: Bind done
08.11 11:20:05,031|11085: Get Koordinator -> Get Dienst
08.11 11:20:05,032|11085: Trying to get Nameservice: ns@lab30.cpt.haw-hamburg.de
08.11 11:20:05,072|11085: Got Nameservice: ns@lab30.cpt.haw-hamburg.de
08.11 11:20:05,072|11085: Got Nameservice, trying to contact it for: chef
08.11 11:20:05,078|11085: chef found, Name: chef Node: ko@lab22.cpt.haw-hamburg.de
08.11 11:20:05,079|11085: Sende Nachricht an Koordinator: chef
08.11 11:20:05,079|11085: warte auf Nachbarmessage vom Koordinator
08.11 11:21:07,509|11085: Neighbors set. Left: 11532 Right: 113529|starting loop
08.11 11:21:12,337|11085: Starting with MI: 34172548839
08.11 11:21:12,338|11085: Starting new timer
08.11 11:21:15,340|11085: Trying to get Nameservice: ns@lab30.cpt.haw-hamburg.de
08.11 11:21:15,383|11085: Got Nameservice: ns@lab30.cpt.haw-hamburg.de
08.11 11:21:15,384|11085: Got Nameservice, trying to contact it for: 113529
08.11 11:21:15,427|11085: 113529 found, Name: 113529 Node: node5@lab29.cpt.haw-hamburg.de
08.11 11:21:15,428|11085: ABSTIMMUNG start
08.11 11:21:15,486|11085: Got Abstimmung
08.11 11:21:15,487|11085: Got it from someone else
08.11 11:21:15,489|11085: TimeDiff of 3 big enough
08.11 11:21:15,490|11085: Trying to get Nameservice: ns@lab30.cpt.haw-hamburg.de
08.11 11:21:15,513|11085: Got Nameservice: ns@lab30.cpt.haw-hamburg.de
08.11 11:21:15,514|11085: Got Nameservice, trying to contact it for: 113529
08.11 11:21:15,563|11085: 113529 found, Name: 113529 Node: node5@lab29.cpt.haw-hamburg.de
08.11 11:21:15,564|11085: Abstimmung yes, sending to Next One
08.11 11:21:15,566|11085: Got Y: 16445
08.11 11:21:15,566|11085: Starting new timer
08.11 11:21:15,567|11085: Caculating new MI: 3289 Y: 16445
08.11 11:21:15,600|11085: Trying to get Nameservice: ns@lab30.cpt.haw-hamburg.de
08.11 11:21:15,688|11085: Got Nameservice: ns@lab30.cpt.haw-hamburg.de
08.11 11:21:15,688|11085: Got Nameservice, trying to contact it for: 11532
08.11 11:21:15,742|11085: 11532 found, Name: 11532 Node: t15@lab27.cpt.haw-hamburg.de
08.11 11:21:15,742|11085: Sending Y: 3289 to Left
08.11 11:21:15,743|11085: Trying to get Nameservice: ns@lab30.cpt.haw-hamburg.de
08.11 11:21:15,770|11085: Got Nameservice: ns@lab30.cpt.haw-hamburg.de
08.11 11:21:15,771|11085: Got Nameservice, trying to contact it for: 113529
08.11 11:21:15,810|11085: 113529 found, Name: 113529 Node: node5@lab29.cpt.haw-hamburg.de
08.11 11:21:15,811|11085: Sending Y: 3289 to Right
08.11 11:21:15,812|11085: Get Koordinator -> Get Dienst
08.11 11:21:15,813|11085: Trying to get Nameservice: ns@lab30.cpt.haw-hamburg.de
08.11 11:21:15,853|11085: Got Nameservice: ns@lab30.cpt.haw-hamburg.de
08.11 11:21:15,855|11085: Got Nameservice, trying to contact it for: chef
08.11 11:21:15,901|11085: chef found, Name: chef Node: ko@lab22.cpt.haw-hamburg.de
08.11 11:21:15,901|11085: BriefMi to Koord: 3289
08.11 11:21:18,578|11085: Trying to get Nameservice: ns@lab30.cpt.haw-hamburg.de
08.11 11:21:18,591|11085: Got Nameservice: ns@lab30.cpt.haw-hamburg.de
08.11 11:21:18,594|11085: Got Nameservice, trying to contact it for: 113529
08.11 11:21:18,619|11085: 113529 found, Name: 113529 Node: node5@lab29.cpt.haw-hamburg.de
08.11 11:21:18,620|11085: ABSTIMMUNG start
08.11 11:21:18,776|11085: Got Abstimmung
08.11 11:21:18,777|11085: Got it from someone else
08.11 11:21:18,777|11085: TimeDiff of 3 big enough
08.11 11:21:18,778|11085: Trying to get Nameservice: ns@lab30.cpt.haw-hamburg.de
08.11 11:21:18,830|11085: Got Nameservice: ns@lab30.cpt.haw-hamburg.de
08.11 11:21:18,831|11085: Got Nameservice, trying to contact it for: 113529
08.11 11:21:18,910|11085: 113529 found, Name: 113529 Node: node5@lab29.cpt.haw-hamburg.de
08.11 11:21:18,911|11085: Abstimmung yes, sending to Next One
08.11 11:21:18,911|11085: Got Y: 3289
08.11 11:21:18,913|11085: Starting new timer
08.11 11:21:18,914|11085: New Y: 3289 >= Mi: 3289
08.11 11:21:21,925|11085: Trying to get Nameservice: ns@lab30.cpt.haw-hamburg.de
08.11 11:21:21,997|11085: Got Nameservice: ns@lab30.cpt.haw-hamburg.de
08.11 11:21:21,997|11085: Got Nameservice, trying to contact it for: 113529
08.11 11:21:22,795|11085: 113529 found, Name: 113529 Node: node5@lab29.cpt.haw-hamburg.de
08.11 11:21:22,883|11085: ABSTIMMUNG start
08.11 11:21:23,944|11085: Got Abstimmung
08.11 11:21:23,945|11085: Got it from someone else
08.11 11:21:23,946|11085: TimeDiff of 5 big enough
08.11 11:21:23,947|11085: Trying to get Nameservice: ns@lab30.cpt.haw-hamburg.de
08.11 11:21:23,953|11085: Got Nameservice: ns@lab30.cpt.haw-hamburg.de
08.11 11:21:23,954|11085: Got Nameservice, trying to contact it for: 113529
08.11 11:21:23,959|11085: 113529 found, Name: 113529 Node: node5@lab29.cpt.haw-hamburg.de
08.11 11:21:23,959|11085: Abstimmung yes, sending to Next One
08.11 11:21:23,675|11085: Got Abstimmung
08.11 11:21:23,676|11085: Got it from someone else
08.11 11:21:23,677|11085: TimeDiff of 5 big enough
08.11 11:21:23,677|11085: Trying to get Nameservice: ns@lab30.cpt.haw-hamburg.de
08.11 11:21:23,682|11085: Got Nameservice: ns@lab30.cpt.haw-hamburg.de
08.11 11:21:23,683|11085: Got Nameservice, trying to contact it for: 113529
08.11 11:21:23,688|11085: 113529 found, Name: 113529 Node: node5@lab29.cpt.haw-hamburg.de
08.11 11:21:23,689|11085: Abstimmung yes, sending to Next One
08.11 11:21:24,321|11085: Got Abstimmung
08.11 11:21:24,323|11085: Got it from someone else
08.11 11:21:24,325|11085: TimeDiff of 6 big enough
08.11 11:21:24,326|11085: Trying to get Nameservice: ns@lab30.cpt.haw-hamburg.de
08.11 11:21:24,331|11085: Got Nameservice: ns@lab30.cpt.haw-hamburg.de
08.11 11:21:24,332|11085: Got Nameservice, trying to contact it for: 113529
08.11 11:21:24,338|11085: 113529 found, Name: 113529 Node: node5@lab29.cpt.haw-hamburg.de
08.11 11:21:24,338|11085: Abstimmung yes, sending to Next One
08.11 11:21:27,842|11085: Got Abstimmung
08.11 11:21:27,844|11085: Got it from someone else
08.11 11:21:27,845|11085: TimeDiff of 9 big enough
08.11 11:21:27,848|11085: Trying to get Nameservice: ns@lab30.cpt.haw-hamburg.de
08.11 11:21:27,872|11085: Got Nameservice: ns@lab30.cpt.haw-hamburg.de
08.11 11:21:27,874|11085: Got Nameservice, trying to contact it for: 113529
08.11 11:21:27,877|11085: 113529 found, Name: 113529 Node: node5@lab29.cpt.haw-hamburg.de
08.11 11:21:27,877|11085: Abstimmung yes, sending to Next One
08.11 11:21:27,878|11085: Got Y: 1170
08.11 11:21:27,879|11085: Starting new timer
08.11 11:21:27,879|11085: Caculating new MI: 949 Y: 1170
08.11 11:21:27,920|11085: Trying to get Nameservice: ns@lab30.cpt.haw-hamburg.de
08.11 11:21:27,959|11085: Got Nameservice: ns@lab30.cpt.haw-hamburg.de
08.11 11:21:27,960|11085: Got Nameservice, trying to contact it for: 11532
08.11 11:21:27,966|11085: 11532 found, Name: 11532 Node: t15@lab27.cpt.haw-hamburg.de
08.11 11:21:27,967|11085: Sending Y: 949 to Left
08.11 11:21:27,968|11085: Trying to get Nameservice: ns@lab30.cpt.haw-hamburg.de
08.11 11:21:27,027|11085: Got Nameservice: ns@lab30.cpt.haw-hamburg.de
08.11 11:21:27,031|11085: Got Nameservice, trying to contact it for: 113529
08.11 11:21:27,059|11085: 113529 found, Name: 113529 Node: node5@lab29.cpt.haw-hamburg.de
08.11 11:21:27,081|11085: Sending Y: 949 to Right
08.11 11:21:27,083|11085: Get Koordinator -> Get Dienst
08.11 11:21:27,085|11085: Trying to get Nameservice: ns@lab30.cpt.haw-hamburg.de
08.11 11:21:27,093|11085: Got Nameservice: ns@lab30.cpt.haw-hamburg.de
08.11 11:21:27,094|11085: Got Nameservice, trying to contact it for: chef
08.11 11:21:27,097|11085: chef found, Name: chef Node: ko@lab22.cpt.haw-hamburg.de
08.11 11:21:27,098|11085: BriefMi to Koord: 949
08.11 11:21:30,890|11085: Trying to get Nameservice: ns@lab30.cpt.haw-hamburg.de
08.11 11:21:30,910|11085: Got Nameservice: ns@lab30.cpt.haw-hamburg.de
08.11 11:21:30,911|11085: Got Nameservice, trying to contact it for: 113529
08.11 11:21:30,950|11085: 113529 found, Name: 113529 Node: node5@lab29.cpt.haw-hamburg.de
08.11 11:21:30,951|11085: ABSTIMMUNG start
08.11 11:21:30,045|11085: Got Y: 221
08.11 11:21:30,045|11085: Starting new timer
08.11 11:21:30,046|11085: Caculating new MI: 65 Y: 221
08.11 11:21:30,080|11085: Trying to get Nameservice: ns@lab30.cpt.haw-hamburg.de
08.11 11:21:30,087|11085: Got Nameservice: ns@lab30.cpt.haw-hamburg.de
08.11 11:21:30,088|11085: Got Nameservice, trying to contact it for: 11532
08.11 11:21:30,113|11085: 11532 found, Name: 11532 Node: t15@lab27.cpt.haw-hamburg.de
08.11 11:21:30,114|11085: Sending Y: 65 to Left
08.11 11:21:30,114|11085: Trying to get Nameservice: ns@lab30.cpt.haw-hamburg.de
08.11 11:21:30,146|11085: Got Nameservice: ns@lab30.cpt.haw-hamburg.de
08.11 11:21:30,147|11085: Got Nameservice, trying to contact it for: 113529
08.11 11:21:30,153|11085: 113529 found, Name: 113529 Node: node5@lab29.cpt.haw-hamburg.de
08.11 11:21:30,153|11085: Sending Y: 65 to Right
08.11 11:21:30,154|11085: Get Koordinator -> Get Dienst
08.11 11:21:30,155|11085: Trying to get Nameservice: ns@lab30.cpt.haw-hamburg.de
08.11 11:21:30,187|11085: Got Nameservice: ns@lab30.cpt.haw-hamburg.de
08.11 11:21:30,188|11085: Got Nameservice, trying to contact it for: chef
08.11 11:21:30,218|11085: chef found, Name: chef Node: ko@lab22.cpt.haw-hamburg.de
08.11 11:21:30,218|11085: BriefMi to Koord: 65
08.11 11:21:30,533|11085: Got Y: 442
08.11 11:21:30,535|11085: Killing old timer in Y
08.11 11:21:30,536|11085: Starting new timer
08.11 11:21:30,537|11085: New Y: 442 >= Mi: 65
08.11 11:21:32,156|11085: Got Abstimmung
08.11 11:21:32,165|11085: Got it from someone else
08.11 11:21:32,171|11085: TimeDiff of 2 big enough
08.11 11:21:32,179|11085: Trying to get Nameservice: ns@lab30.cpt.haw-hamburg.de
08.11 11:21:32,273|11085: Got Nameservice: ns@lab30.cpt.haw-hamburg.de
08.11 11:21:32,281|11085: Got Nameservice, trying to contact it for: 113529
08.11 11:21:32,339|11085: 113529 found, Name: 113529 Node: node5@lab29.cpt.haw-hamburg.de
08.11 11:21:32,346|11085: Abstimmung yes, sending to Next One
08.11 11:21:33,064|11085: Got Y: 195
08.11 11:21:33,065|11085: Killing old timer in Y
08.11 11:21:33,065|11085: Starting new timer
08.11 11:21:33,066|11085: New Y: 195 >= Mi: 65
08.11 11:21:33,153|11085: Got Abstimmung
08.11 11:21:33,154|11085: Got it from someone else
08.11 11:21:33,155|11085: TimeDiff of 0 NOT big enough
08.11 11:21:33,590|11085: Got Y: 52
08.11 11:21:33,591|11085: Killing old timer in Y
08.11 11:21:33,592|11085: Starting new timer
08.11 11:21:33,593|11085: Caculating new MI: 13 Y: 52
08.11 11:21:33,633|11085: Trying to get Nameservice: ns@lab30.cpt.haw-hamburg.de
08.11 11:21:33,638|11085: Got Nameservice: ns@lab30.cpt.haw-hamburg.de
08.11 11:21:33,639|11085: Got Nameservice, trying to contact it for: 11532
08.11 11:21:33,645|11085: 11532 found, Name: 11532 Node: t15@lab27.cpt.haw-hamburg.de
08.11 11:21:33,646|11085: Sending Y: 13 to Left
08.11 11:21:33,647|11085: Trying to get Nameservice: ns@lab30.cpt.haw-hamburg.de
08.11 11:21:33,696|11085: Got Nameservice: ns@lab30.cpt.haw-hamburg.de
08.11 11:21:33,697|11085: Got Nameservice, trying to contact it for: 113529
08.11 11:21:33,703|11085: 113529 found, Name: 113529 Node: node5@lab29.cpt.haw-hamburg.de
08.11 11:21:33,727|11085: Sending Y: 13 to Right
08.11 11:21:33,728|11085: Get Koordinator -> Get Dienst
08.11 11:21:33,729|11085: Trying to get Nameservice: ns@lab30.cpt.haw-hamburg.de
08.11 11:21:33,738|11085: Got Nameservice: ns@lab30.cpt.haw-hamburg.de
08.11 11:21:33,739|11085: Got Nameservice, trying to contact it for: chef
08.11 11:21:33,763|11085: chef found, Name: chef Node: ko@lab22.cpt.haw-hamburg.de
08.11 11:21:33,764|11085: BriefMi to Koord: 13
08.11 11:21:36,103|11085: Got Y: 26
08.11 11:21:36,104|11085: Killing old timer in Y
08.11 11:21:36,106|11085: Starting new timer
08.11 11:21:36,107|11085: New Y: 26 >= Mi: 13
08.11 11:21:36,600|11085: Got Y: 13
08.11 11:21:36,601|11085: Killing old timer in Y
08.11 11:21:36,603|11085: Starting new timer
08.11 11:21:36,603|11085: New Y: 13 >= Mi: 13
08.11 11:21:36,710|11085: Got Abstimmung
08.11 11:21:36,715|11085: Got it from someone else
08.11 11:21:36,716|11085: TimeDiff of 0 NOT big enough
08.11 11:21:39,130|11085: Got Y: 13
08.11 11:21:39,132|11085: Killing old timer in Y
08.11 11:21:39,133|11085: Starting new timer
08.11 11:21:39,137|11085: New Y: 13 >= Mi: 13
08.11 11:21:42,207|11085: Trying to get Nameservice: ns@lab30.cpt.haw-hamburg.de
08.11 11:21:42,233|11085: Got Nameservice: ns@lab30.cpt.haw-hamburg.de
08.11 11:21:42,234|11085: Got Nameservice, trying to contact it for: 113529
08.11 11:21:42,241|11085: 113529 found, Name: 113529 Node: node5@lab29.cpt.haw-hamburg.de
08.11 11:21:42,243|11085: ABSTIMMUNG start
08.11 11:21:43,022|11085: Got Abstimmung
08.11 11:21:43,023|11085: Got it from someone else
08.11 11:21:43,024|11085: TimeDiff of 4 big enough
08.11 11:21:43,024|11085: Trying to get Nameservice: ns@lab30.cpt.haw-hamburg.de
08.11 11:21:43,029|11085: Got Nameservice: ns@lab30.cpt.haw-hamburg.de
08.11 11:21:43,030|11085: Got Nameservice, trying to contact it for: 113529
08.11 11:21:43,037|11085: 113529 found, Name: 113529 Node: node5@lab29.cpt.haw-hamburg.de
08.11 11:21:43,038|11085: Abstimmung yes, sending to Next One
08.11 11:21:44,893|11085: Got Abstimmung
08.11 11:21:44,894|11085: Got it from someone else
08.11 11:21:44,894|11085: TimeDiff of 5 big enough
08.11 11:21:44,895|11085: Trying to get Nameservice: ns@lab30.cpt.haw-hamburg.de
08.11 11:21:44,900|11085: Got Nameservice: ns@lab30.cpt.haw-hamburg.de
08.11 11:21:44,901|11085: Got Nameservice, trying to contact it for: 113529
08.11 11:21:44,906|11085: 113529 found, Name: 113529 Node: node5@lab29.cpt.haw-hamburg.de
08.11 11:21:44,907|11085: Abstimmung yes, sending to Next One
08.11 11:21:44,341|11085: Got Abstimmung
08.11 11:21:44,342|11085: Got it from someone else
08.11 11:21:44,342|11085: TimeDiff of 5 big enough
08.11 11:21:44,343|11085: Trying to get Nameservice: ns@lab30.cpt.haw-hamburg.de
08.11 11:21:44,376|11085: Got Nameservice: ns@lab30.cpt.haw-hamburg.de
08.11 11:21:44,377|11085: Got Nameservice, trying to contact it for: 113529
08.11 11:21:44,383|11085: 113529 found, Name: 113529 Node: node5@lab29.cpt.haw-hamburg.de
08.11 11:21:44,385|11085: Abstimmung yes, sending to Next One
08.11 11:21:49,126|11085: Got Abstimmung
08.11 11:21:49,127|11085: Got it from someone else
08.11 11:21:49,127|11085: TimeDiff of 10 big enough
08.11 11:21:49,128|11085: Trying to get Nameservice: ns@lab30.cpt.haw-hamburg.de
08.11 11:21:49,163|11085: Got Nameservice: ns@lab30.cpt.haw-hamburg.de
08.11 11:21:49,163|11085: Got Nameservice, trying to contact it for: 113529
08.11 11:21:49,168|11085: 113529 found, Name: 113529 Node: node5@lab29.cpt.haw-hamburg.de
08.11 11:21:49,169|11085: Abstimmung yes, sending to Next One
08.11 11:21:49,279|11085: Got Abstimmung
08.11 11:21:49,285|11085: Got it from someone else
08.11 11:21:49,286|11085: TimeDiff of 10 big enough
08.11 11:21:49,286|11085: Trying to get Nameservice: ns@lab30.cpt.haw-hamburg.de
08.11 11:21:49,293|11085: Got Nameservice: ns@lab30.cpt.haw-hamburg.de
08.11 11:21:49,293|11085: Got Nameservice, trying to contact it for: 113529
08.11 11:21:49,300|11085: 113529 found, Name: 113529 Node: node5@lab29.cpt.haw-hamburg.de
08.11 11:21:49,300|11085: Abstimmung yes, sending to Next One
08.11 11:21:50,834|11085: Got Abstimmung
08.11 11:21:50,847|11085: Got it from someone else
08.11 11:21:50,857|11085: TimeDiff of 11 big enough
08.11 11:21:50,867|11085: Trying to get Nameservice: ns@lab30.cpt.haw-hamburg.de
08.11 11:21:50,933|11085: Got Nameservice: ns@lab30.cpt.haw-hamburg.de
08.11 11:21:50,949|11085: Got Nameservice, trying to contact it for: 113529
08.11 11:21:50,031|11085: 113529 found, Name: 113529 Node: node5@lab29.cpt.haw-hamburg.de
08.11 11:21:50,038|11085: Abstimmung yes, sending to Next One
08.11 11:21:50,070|11085: Got Abstimmung
08.11 11:21:50,070|11085: Got it from someone else
08.11 11:21:50,071|11085: TimeDiff of 11 big enough
08.11 11:21:50,071|11085: Trying to get Nameservice: ns@lab30.cpt.haw-hamburg.de
08.11 11:21:50,077|11085: Got Nameservice: ns@lab30.cpt.haw-hamburg.de
08.11 11:21:50,078|11085: Got Nameservice, trying to contact it for: 113529
08.11 11:21:50,084|11085: 113529 found, Name: 113529 Node: node5@lab29.cpt.haw-hamburg.de
08.11 11:21:50,085|11085: Abstimmung yes, sending to Next One
08.11 11:21:50,715|11085: Got Abstimmung
08.11 11:21:50,716|11085: Got it from someone else
08.11 11:21:50,717|11085: TimeDiff of 11 big enough
08.11 11:21:50,717|11085: Trying to get Nameservice: ns@lab30.cpt.haw-hamburg.de
08.11 11:21:50,723|11085: Got Nameservice: ns@lab30.cpt.haw-hamburg.de
08.11 11:21:50,723|11085: Got Nameservice, trying to contact it for: 113529
08.11 11:21:50,734|11085: 113529 found, Name: 113529 Node: node5@lab29.cpt.haw-hamburg.de
08.11 11:21:50,735|11085: Abstimmung yes, sending to Next One
08.11 11:21:52,908|11085: Got Abstimmung
08.11 11:21:52,909|11085: Got it from someone else
08.11 11:21:52,910|11085: TimeDiff of 13 big enough
08.11 11:21:52,910|11085: Trying to get Nameservice: ns@lab30.cpt.haw-hamburg.de
08.11 11:21:52,916|11085: Got Nameservice: ns@lab30.cpt.haw-hamburg.de
08.11 11:21:52,917|11085: Got Nameservice, trying to contact it for: 113529
08.11 11:21:52,923|11085: 113529 found, Name: 113529 Node: node5@lab29.cpt.haw-hamburg.de
08.11 11:21:52,924|11085: Abstimmung yes, sending to Next One
08.11 11:21:55,879|11085: Got Abstimmung
08.11 11:21:55,880|11085: Got it from someone else
08.11 11:21:55,881|11085: TimeDiff of 16 big enough
08.11 11:21:55,881|11085: Trying to get Nameservice: ns@lab30.cpt.haw-hamburg.de
08.11 11:21:55,919|11085: Got Nameservice: ns@lab30.cpt.haw-hamburg.de
08.11 11:21:55,920|11085: Got Nameservice, trying to contact it for: 113529
08.11 11:21:55,928|11085: 113529 found, Name: 113529 Node: node5@lab29.cpt.haw-hamburg.de
08.11 11:21:55,929|11085: Abstimmung yes, sending to Next One
08.11 11:21:57,155|11085: Got Abstimmung
08.11 11:21:57,163|11085: Got it from someone else
08.11 11:21:57,168|11085: TimeDiff of 18 big enough
08.11 11:21:57,174|11085: Trying to get Nameservice: ns@lab30.cpt.haw-hamburg.de
08.11 11:21:57,551|11085: Got Nameservice: ns@lab30.cpt.haw-hamburg.de
08.11 11:21:57,559|11085: Got Nameservice, trying to contact it for: 113529
08.11 11:21:57,905|11085: 113529 found, Name: 113529 Node: node5@lab29.cpt.haw-hamburg.de
08.11 11:21:57,911|11085: Abstimmung yes, sending to Next One
08.11 11:21:57,167|11085: Got Abstimmung
08.11 11:21:57,168|11085: Got it from someone else
08.11 11:21:57,168|11085: TimeDiff of 18 big enough
08.11 11:21:57,169|11085: Trying to get Nameservice: ns@lab30.cpt.haw-hamburg.de
08.11 11:21:57,175|11085: Got Nameservice: ns@lab30.cpt.haw-hamburg.de
08.11 11:21:57,175|11085: Got Nameservice, trying to contact it for: 113529
08.11 11:21:57,182|11085: 113529 found, Name: 113529 Node: node5@lab29.cpt.haw-hamburg.de
08.11 11:21:57,183|11085: Abstimmung yes, sending to Next One
08.11 11:21:58,175|11085: Got Abstimmung
08.11 11:21:58,176|11085: Got it from someone else
08.11 11:21:58,177|11085: TimeDiff of 19 big enough
08.11 11:21:58,177|11085: Trying to get Nameservice: ns@lab30.cpt.haw-hamburg.de
08.11 11:21:58,183|11085: Got Nameservice: ns@lab30.cpt.haw-hamburg.de
08.11 11:21:58,184|11085: Got Nameservice, trying to contact it for: 113529
08.11 11:21:58,189|11085: 113529 found, Name: 113529 Node: node5@lab29.cpt.haw-hamburg.de
08.11 11:21:58,190|11085: Abstimmung yes, sending to Next One
08.11 11:21:58,461|11085: Got Abstimmung
08.11 11:21:58,462|11085: Got it from someone else
08.11 11:21:58,462|11085: TimeDiff of 19 big enough
08.11 11:21:58,463|11085: Trying to get Nameservice: ns@lab30.cpt.haw-hamburg.de
08.11 11:21:58,468|11085: Got Nameservice: ns@lab30.cpt.haw-hamburg.de
08.11 11:21:58,469|11085: Got Nameservice, trying to contact it for: 113529
08.11 11:21:58,473|11085: 113529 found, Name: 113529 Node: node5@lab29.cpt.haw-hamburg.de
08.11 11:21:58,474|11085: Abstimmung yes, sending to Next One
08.11 11:21:58,759|11085: Got Abstimmung
08.11 11:21:58,760|11085: Got it from someone else
08.11 11:21:58,761|11085: TimeDiff of 19 big enough
08.11 11:21:58,761|11085: Trying to get Nameservice: ns@lab30.cpt.haw-hamburg.de
08.11 11:21:58,787|11085: Got Nameservice: ns@lab30.cpt.haw-hamburg.de
08.11 11:21:58,787|11085: Got Nameservice, trying to contact it for: 113529
08.11 11:21:58,796|11085: 113529 found, Name: 113529 Node: node5@lab29.cpt.haw-hamburg.de
08.11 11:21:58,798|11085: Abstimmung yes, sending to Next One
08.11 11:21:59,739|11085: Got Abstimmung
08.11 11:21:59,742|11085: Got it from someone else
08.11 11:21:59,743|11085: TimeDiff of 20 big enough
08.11 11:21:59,748|11085: Trying to get Nameservice: ns@lab30.cpt.haw-hamburg.de
08.11 11:21:59,855|11085: Got Nameservice: ns@lab30.cpt.haw-hamburg.de
08.11 11:21:59,855|11085: Got Nameservice, trying to contact it for: 113529
08.11 11:21:59,860|11085: 113529 found, Name: 113529 Node: node5@lab29.cpt.haw-hamburg.de
08.11 11:21:59,861|11085: Abstimmung yes, sending to Next One
08.11 11:21:59,547|11085: Got Abstimmung
08.11 11:21:59,548|11085: Got it from someone else
08.11 11:21:59,548|11085: TimeDiff of 20 big enough
08.11 11:21:59,549|11085: Trying to get Nameservice: ns@lab30.cpt.haw-hamburg.de
08.11 11:21:59,560|11085: Got Nameservice: ns@lab30.cpt.haw-hamburg.de
08.11 11:21:59,561|11085: Got Nameservice, trying to contact it for: 113529
08.11 11:21:59,574|11085: 113529 found, Name: 113529 Node: node5@lab29.cpt.haw-hamburg.de
08.11 11:21:59,575|11085: Abstimmung yes, sending to Next One
08.11 11:22:00,679|11085: Got Abstimmung
08.11 11:22:00,681|11085: Got it from someone else
08.11 11:22:00,682|11085: TimeDiff of 21 big enough
08.11 11:22:00,686|11085: Trying to get Nameservice: ns@lab30.cpt.haw-hamburg.de
08.11 11:22:00,696|11085: Got Nameservice: ns@lab30.cpt.haw-hamburg.de
08.11 11:22:00,696|11085: Got Nameservice, trying to contact it for: 113529
08.11 11:22:00,701|11085: 113529 found, Name: 113529 Node: node5@lab29.cpt.haw-hamburg.de
08.11 11:22:00,701|11085: Abstimmung yes, sending to Next One
08.11 11:22:01,484|11085: Got Abstimmung
08.11 11:22:01,485|11085: Got it from someone else
08.11 11:22:01,486|11085: TimeDiff of 22 big enough
08.11 11:22:01,486|11085: Trying to get Nameservice: ns@lab30.cpt.haw-hamburg.de
08.11 11:22:01,492|11085: Got Nameservice: ns@lab30.cpt.haw-hamburg.de
08.11 11:22:01,492|11085: Got Nameservice, trying to contact it for: 113529
08.11 11:22:01,516|11085: 113529 found, Name: 113529 Node: node5@lab29.cpt.haw-hamburg.de
08.11 11:22:01,517|11085: Abstimmung yes, sending to Next One
08.11 11:22:01,203|11085: Got Abstimmung
08.11 11:22:01,204|11085: Got it from someone else
08.11 11:22:01,205|11085: TimeDiff of 22 big enough
08.11 11:22:01,206|11085: Trying to get Nameservice: ns@lab30.cpt.haw-hamburg.de
08.11 11:22:01,212|11085: Got Nameservice: ns@lab30.cpt.haw-hamburg.de
08.11 11:22:01,213|11085: Got Nameservice, trying to contact it for: 113529
08.11 11:22:01,223|11085: 113529 found, Name: 113529 Node: node5@lab29.cpt.haw-hamburg.de
08.11 11:22:01,224|11085: Abstimmung yes, sending to Next One
08.11 11:22:04,613|11085: Got Abstimmung
08.11 11:22:04,685|11085: Got it from someone else
08.11 11:22:04,753|11085: TimeDiff of 25 big enough
08.11 11:22:04,809|11085: Trying to get Nameservice: ns@lab30.cpt.haw-hamburg.de
08.11 11:22:04,475|11085: Got Nameservice: ns@lab30.cpt.haw-hamburg.de
08.11 11:22:04,550|11085: Got Nameservice, trying to contact it for: 113529
08.11 11:22:04,470|11085: 113529 found, Name: 113529 Node: node5@lab29.cpt.haw-hamburg.de
08.11 11:22:04,840|11085: Abstimmung yes, sending to Next One
08.11 11:22:04,994|11085: Got Abstimmung
08.11 11:22:04,995|11085: Got it from someone else
08.11 11:22:04,995|11085: TimeDiff of 25 big enough
08.11 11:22:04,996|11085: Trying to get Nameservice: ns@lab30.cpt.haw-hamburg.de
08.11 11:22:04,002|11085: Got Nameservice: ns@lab30.cpt.haw-hamburg.de
08.11 11:22:04,002|11085: Got Nameservice, trying to contact it for: 113529
08.11 11:22:04,008|11085: 113529 found, Name: 113529 Node: node5@lab29.cpt.haw-hamburg.de
08.11 11:22:04,009|11085: Abstimmung yes, sending to Next One
08.11 11:22:04,509|11085: Got Abstimmung
08.11 11:22:04,510|11085: Got it from someone else
08.11 11:22:04,510|11085: TimeDiff of 25 big enough
08.11 11:22:04,511|11085: Trying to get Nameservice: ns@lab30.cpt.haw-hamburg.de
08.11 11:22:04,516|11085: Got Nameservice: ns@lab30.cpt.haw-hamburg.de
08.11 11:22:04,517|11085: Got Nameservice, trying to contact it for: 113529
08.11 11:22:04,551|11085: 113529 found, Name: 113529 Node: node5@lab29.cpt.haw-hamburg.de
08.11 11:22:04,553|11085: Abstimmung yes, sending to Next One
08.11 11:22:05,249|11085: Got Abstimmung
08.11 11:22:05,250|11085: Got it from someone else
08.11 11:22:05,250|11085: TimeDiff of 26 big enough
08.11 11:22:05,251|11085: Trying to get Nameservice: ns@lab30.cpt.haw-hamburg.de
08.11 11:22:05,287|11085: Got Nameservice: ns@lab30.cpt.haw-hamburg.de
08.11 11:22:05,292|11085: Got Nameservice, trying to contact it for: 113529
08.11 11:22:05,301|11085: 113529 found, Name: 113529 Node: node5@lab29.cpt.haw-hamburg.de
08.11 11:22:05,303|11085: Abstimmung yes, sending to Next One
08.11 11:22:05,195|11085: Got Abstimmung
08.11 11:22:05,196|11085: Got it from someone else
08.11 11:22:05,197|11085: TimeDiff of 26 big enough
08.11 11:22:05,197|11085: Trying to get Nameservice: ns@lab30.cpt.haw-hamburg.de
08.11 11:22:05,206|11085: Got Nameservice: ns@lab30.cpt.haw-hamburg.de
08.11 11:22:05,207|11085: Got Nameservice, trying to contact it for: 113529
08.11 11:22:05,227|11085: 113529 found, Name: 113529 Node: node5@lab29.cpt.haw-hamburg.de
08.11 11:22:05,228|11085: Abstimmung yes, sending to Next One
08.11 11:22:05,898|11085: Got Abstimmung
08.11 11:22:05,899|11085: Got it from someone else
08.11 11:22:05,900|11085: TimeDiff of 26 big enough
08.11 11:22:05,900|11085: Trying to get Nameservice: ns@lab30.cpt.haw-hamburg.de
08.11 11:22:05,909|11085: Got Nameservice: ns@lab30.cpt.haw-hamburg.de
08.11 11:22:05,910|11085: Got Nameservice, trying to contact it for: 113529
08.11 11:22:05,935|11085: 113529 found, Name: 113529 Node: node5@lab29.cpt.haw-hamburg.de
08.11 11:22:05,936|11085: Abstimmung yes, sending to Next One
08.11 11:22:06,537|11085: Got Abstimmung
08.11 11:22:06,538|11085: Got it from someone else
08.11 11:22:06,539|11085: TimeDiff of 27 big enough
08.11 11:22:06,540|11085: Trying to get Nameservice: ns@lab30.cpt.haw-hamburg.de
08.11 11:22:06,546|11085: Got Nameservice: ns@lab30.cpt.haw-hamburg.de
08.11 11:22:06,547|11085: Got Nameservice, trying to contact it for: 113529
08.11 11:22:06,581|11085: 113529 found, Name: 113529 Node: node5@lab29.cpt.haw-hamburg.de
08.11 11:22:06,583|11085: Abstimmung yes, sending to Next One
08.11 11:22:06,389|11085: Got Abstimmung
08.11 11:22:06,392|11085: Got it from someone else
08.11 11:22:06,393|11085: TimeDiff of 27 big enough
08.11 11:22:06,394|11085: Trying to get Nameservice: ns@lab30.cpt.haw-hamburg.de
08.11 11:22:06,431|11085: Got Nameservice: ns@lab30.cpt.haw-hamburg.de
08.11 11:22:06,432|11085: Got Nameservice, trying to contact it for: 113529
08.11 11:22:06,442|11085: 113529 found, Name: 113529 Node: node5@lab29.cpt.haw-hamburg.de
08.11 11:22:06,445|11085: Abstimmung yes, sending to Next One
08.11 11:22:07,753|11085: Got Abstimmung
08.11 11:22:07,754|11085: Got it from someone else
08.11 11:22:07,754|11085: TimeDiff of 28 big enough
08.11 11:22:07,755|11085: Trying to get Nameservice: ns@lab30.cpt.haw-hamburg.de
08.11 11:22:07,760|11085: Got Nameservice: ns@lab30.cpt.haw-hamburg.de
08.11 11:22:07,761|11085: Got Nameservice, trying to contact it for: 113529
08.11 11:22:07,766|11085: 113529 found, Name: 113529 Node: node5@lab29.cpt.haw-hamburg.de
08.11 11:22:07,767|11085: Abstimmung yes, sending to Next One
08.11 11:22:07,920|11085: Got Abstimmung
08.11 11:22:07,920|11085: Got it from someone else
08.11 11:22:07,921|11085: TimeDiff of 28 big enough
08.11 11:22:07,921|11085: Trying to get Nameservice: ns@lab30.cpt.haw-hamburg.de
08.11 11:22:07,968|11085: Got Nameservice: ns@lab30.cpt.haw-hamburg.de
08.11 11:22:07,969|11085: Got Nameservice, trying to contact it for: 113529
08.11 11:22:07,976|11085: 113529 found, Name: 113529 Node: node5@lab29.cpt.haw-hamburg.de
08.11 11:22:07,003|11085: Abstimmung yes, sending to Next One
08.11 11:22:07,229|11085: Got Abstimmung
08.11 11:22:07,230|11085: Got it from someone else
08.11 11:22:07,230|11085: TimeDiff of 28 big enough
08.11 11:22:07,231|11085: Trying to get Nameservice: ns@lab30.cpt.haw-hamburg.de
08.11 11:22:07,237|11085: Got Nameservice: ns@lab30.cpt.haw-hamburg.de
08.11 11:22:07,238|11085: Got Nameservice, trying to contact it for: 113529
08.11 11:22:07,265|11085: 113529 found, Name: 113529 Node: node5@lab29.cpt.haw-hamburg.de
08.11 11:22:07,266|11085: Abstimmung yes, sending to Next One
08.11 11:22:08,778|11085: Got Abstimmung
08.11 11:22:08,779|11085: Got it from someone else
08.11 11:22:08,779|11085: TimeDiff of 29 big enough
08.11 11:22:08,780|11085: Trying to get Nameservice: ns@lab30.cpt.haw-hamburg.de
08.11 11:22:08,786|11085: Got Nameservice: ns@lab30.cpt.haw-hamburg.de
08.11 11:22:08,787|11085: Got Nameservice, trying to contact it for: 113529
08.11 11:22:08,797|11085: 113529 found, Name: 113529 Node: node5@lab29.cpt.haw-hamburg.de
08.11 11:22:08,797|11085: Abstimmung yes, sending to Next One
08.11 11:22:08,078|11085: Got Abstimmung
08.11 11:22:08,080|11085: Got it from someone else
08.11 11:22:08,080|11085: TimeDiff of 29 big enough
08.11 11:22:08,082|11085: Trying to get Nameservice: ns@lab30.cpt.haw-hamburg.de
08.11 11:22:08,111|11085: Got Nameservice: ns@lab30.cpt.haw-hamburg.de
08.11 11:22:08,113|11085: Got Nameservice, trying to contact it for: 113529
08.11 11:22:08,121|11085: 113529 found, Name: 113529 Node: node5@lab29.cpt.haw-hamburg.de
08.11 11:22:08,125|11085: Abstimmung yes, sending to Next One
08.11 11:22:09,289|11085: Got Abstimmung
08.11 11:22:09,296|11085: Got it from someone else
08.11 11:22:09,303|11085: TimeDiff of 30 big enough
08.11 11:22:09,308|11085: Trying to get Nameservice: ns@lab30.cpt.haw-hamburg.de
08.11 11:22:09,450|11085: Got Nameservice: ns@lab30.cpt.haw-hamburg.de
08.11 11:22:09,457|11085: Got Nameservice, trying to contact it for: 113529
08.11 11:22:09,504|11085: 113529 found, Name: 113529 Node: node5@lab29.cpt.haw-hamburg.de
08.11 11:22:09,510|11085: Abstimmung yes, sending to Next One
08.11 11:22:09,671|11085: Got Abstimmung
08.11 11:22:09,671|11085: Got it from someone else
08.11 11:22:09,672|11085: TimeDiff of 30 big enough
08.11 11:22:09,673|11085: Trying to get Nameservice: ns@lab30.cpt.haw-hamburg.de
08.11 11:22:09,683|11085: Got Nameservice: ns@lab30.cpt.haw-hamburg.de
08.11 11:22:09,684|11085: Got Nameservice, trying to contact it for: 113529
08.11 11:22:09,696|11085: 113529 found, Name: 113529 Node: node5@lab29.cpt.haw-hamburg.de
08.11 11:22:09,697|11085: Abstimmung yes, sending to Next One
08.11 11:22:09,828|11085: Got Abstimmung
08.11 11:22:09,829|11085: Got it from someone else
08.11 11:22:09,831|11085: TimeDiff of 30 big enough
08.11 11:22:09,832|11085: Trying to get Nameservice: ns@lab30.cpt.haw-hamburg.de
08.11 11:22:09,840|11085: Got Nameservice: ns@lab30.cpt.haw-hamburg.de
08.11 11:22:09,841|11085: Got Nameservice, trying to contact it for: 113529
08.11 11:22:09,844|11085: 113529 found, Name: 113529 Node: node5@lab29.cpt.haw-hamburg.de
08.11 11:22:09,845|11085: Abstimmung yes, sending to Next One
08.11 11:22:10,187|11085: Got Abstimmung
08.11 11:22:10,188|11085: Got it from someone else
08.11 11:22:10,189|11085: TimeDiff of 31 big enough
08.11 11:22:10,189|11085: Trying to get Nameservice: ns@lab30.cpt.haw-hamburg.de
08.11 11:22:10,195|11085: Got Nameservice: ns@lab30.cpt.haw-hamburg.de
08.11 11:22:10,196|11085: Got Nameservice, trying to contact it for: 113529
08.11 11:22:10,201|11085: 113529 found, Name: 113529 Node: node5@lab29.cpt.haw-hamburg.de
08.11 11:22:10,201|11085: Abstimmung yes, sending to Next One
08.11 11:22:11,621|11085: Got Abstimmung
08.11 11:22:11,622|11085: Got it from someone else
08.11 11:22:11,623|11085: TimeDiff of 32 big enough
08.11 11:22:11,624|11085: Trying to get Nameservice: ns@lab30.cpt.haw-hamburg.de
08.11 11:22:11,647|11085: Got Nameservice: ns@lab30.cpt.haw-hamburg.de
08.11 11:22:11,649|11085: Got Nameservice, trying to contact it for: 113529
08.11 11:22:11,653|11085: 113529 found, Name: 113529 Node: node5@lab29.cpt.haw-hamburg.de
08.11 11:22:11,654|11085: Abstimmung yes, sending to Next One
08.11 11:22:11,550|11085: Got Abstimmung
08.11 11:22:11,551|11085: Got it from someone else
08.11 11:22:11,552|11085: TimeDiff of 32 big enough
08.11 11:22:11,553|11085: Trying to get Nameservice: ns@lab30.cpt.haw-hamburg.de
08.11 11:22:11,578|11085: Got Nameservice: ns@lab30.cpt.haw-hamburg.de
08.11 11:22:11,578|11085: Got Nameservice, trying to contact it for: 113529
08.11 11:22:11,581|11085: 113529 found, Name: 113529 Node: node5@lab29.cpt.haw-hamburg.de
08.11 11:22:11,582|11085: Abstimmung yes, sending to Next One
08.11 11:22:12,285|11085: Got Abstimmung
08.11 11:22:12,286|11085: Got it from someone else
08.11 11:22:12,286|11085: TimeDiff of 33 big enough
08.11 11:22:12,287|11085: Trying to get Nameservice: ns@lab30.cpt.haw-hamburg.de
08.11 11:22:12,294|11085: Got Nameservice: ns@lab30.cpt.haw-hamburg.de
08.11 11:22:12,295|11085: Got Nameservice, trying to contact it for: 113529
08.11 11:22:12,349|11085: 113529 found, Name: 113529 Node: node5@lab29.cpt.haw-hamburg.de
08.11 11:22:12,352|11085: Abstimmung yes, sending to Next One
08.11 11:22:18,354|11085: Got Abstimmung
08.11 11:22:18,355|11085: Got it from someone else
08.11 11:22:18,355|11085: TimeDiff of 39 big enough
08.11 11:22:18,356|11085: Trying to get Nameservice: ns@lab30.cpt.haw-hamburg.de
08.11 11:22:18,379|11085: Got Nameservice: ns@lab30.cpt.haw-hamburg.de
08.11 11:22:18,380|11085: Got Nameservice, trying to contact it for: 113529
08.11 11:22:18,395|11085: 113529 found, Name: 113529 Node: node5@lab29.cpt.haw-hamburg.de
08.11 11:22:18,398|11085: Abstimmung yes, sending to Next One
08.11 11:22:19,706|11085: Got Abstimmung
08.11 11:22:19,706|11085: Got it from someone else
08.11 11:22:19,707|11085: TimeDiff of 40 big enough
08.11 11:22:19,708|11085: Trying to get Nameservice: ns@lab30.cpt.haw-hamburg.de
08.11 11:22:19,714|11085: Got Nameservice: ns@lab30.cpt.haw-hamburg.de
08.11 11:22:19,715|11085: Got Nameservice, trying to contact it for: 113529
08.11 11:22:19,718|11085: 113529 found, Name: 113529 Node: node5@lab29.cpt.haw-hamburg.de
08.11 11:22:19,719|11085: Abstimmung yes, sending to Next One
08.11 11:22:20,544|11085: Got Abstimmung
08.11 11:22:20,545|11085: Got it from someone else
08.11 11:22:20,545|11085: TimeDiff of 41 big enough
08.11 11:22:20,546|11085: Trying to get Nameservice: ns@lab30.cpt.haw-hamburg.de
08.11 11:22:20,577|11085: Got Nameservice: ns@lab30.cpt.haw-hamburg.de
08.11 11:22:20,578|11085: Got Nameservice, trying to contact it for: 113529
08.11 11:22:20,587|11085: 113529 found, Name: 113529 Node: node5@lab29.cpt.haw-hamburg.de
08.11 11:22:20,592|11085: Abstimmung yes, sending to Next One
08.11 11:24:02,413|11085: Starting with MI: 45927
08.11 11:24:02,415|11085: Starting new timer
08.11 11:24:05,446|11085: Trying to get Nameservice: ns@lab30.cpt.haw-hamburg.de
08.11 11:24:05,747|11085: Got Nameservice: ns@lab30.cpt.haw-hamburg.de
08.11 11:24:05,748|11085: Got Nameservice, trying to contact it for: 113529
08.11 11:24:05,906|11085: 113529 found, Name: 113529 Node: node5@lab29.cpt.haw-hamburg.de
08.11 11:24:05,907|11085: ABSTIMMUNG start
08.11 11:24:05,908|11085: Got Abstimmung
08.11 11:24:05,909|11085: Got it from someone else
08.11 11:24:05,909|11085: TimeDiff of 3 big enough
08.11 11:24:05,911|11085: Trying to get Nameservice: ns@lab30.cpt.haw-hamburg.de
08.11 11:24:05,974|11085: Got Nameservice: ns@lab30.cpt.haw-hamburg.de
08.11 11:24:05,976|11085: Got Nameservice, trying to contact it for: 113529
08.11 11:24:05,984|11085: 113529 found, Name: 113529 Node: node5@lab29.cpt.haw-hamburg.de
08.11 11:24:05,986|11085: Abstimmung yes, sending to Next One
08.11 11:24:05,134|11085: Got Abstimmung
08.11 11:24:05,136|11085: Got it from someone else
08.11 11:24:05,137|11085: TimeDiff of 3 big enough
08.11 11:24:05,138|11085: Trying to get Nameservice: ns@lab30.cpt.haw-hamburg.de
08.11 11:24:05,208|11085: Got Nameservice: ns@lab30.cpt.haw-hamburg.de
08.11 11:24:05,209|11085: Got Nameservice, trying to contact it for: 113529
08.11 11:24:05,214|11085: 113529 found, Name: 113529 Node: node5@lab29.cpt.haw-hamburg.de
08.11 11:24:05,214|11085: Abstimmung yes, sending to Next One
08.11 11:24:05,175|11085: Got Abstimmung
08.11 11:24:05,175|11085: Got it from someone else
08.11 11:24:05,176|11085: TimeDiff of 3 big enough
08.11 11:24:05,177|11085: Trying to get Nameservice: ns@lab30.cpt.haw-hamburg.de
08.11 11:24:05,247|11085: Got Nameservice: ns@lab30.cpt.haw-hamburg.de
08.11 11:24:05,248|11085: Got Nameservice, trying to contact it for: 113529
08.11 11:24:05,289|11085: 113529 found, Name: 113529 Node: node5@lab29.cpt.haw-hamburg.de
08.11 11:24:05,290|11085: Abstimmung yes, sending to Next One
08.11 11:24:05,895|11085: Got Abstimmung
08.11 11:24:05,896|11085: Got it from someone else
08.11 11:24:05,897|11085: TimeDiff of 3 big enough
08.11 11:24:05,897|11085: Trying to get Nameservice: ns@lab30.cpt.haw-hamburg.de
08.11 11:24:05,985|11085: Got Nameservice: ns@lab30.cpt.haw-hamburg.de
08.11 11:24:05,991|11085: Got Nameservice, trying to contact it for: 113529
08.11 11:24:05,055|11085: 113529 found, Name: 113529 Node: node5@lab29.cpt.haw-hamburg.de
08.11 11:24:05,055|11085: Abstimmung yes, sending to Next One
08.11 11:24:05,248|11085: Got Abstimmung
08.11 11:24:05,249|11085: Got it from someone else
08.11 11:24:05,249|11085: TimeDiff of 3 big enough
08.11 11:24:05,250|11085: Trying to get Nameservice: ns@lab30.cpt.haw-hamburg.de
08.11 11:24:05,355|11085: Got Nameservice: ns@lab30.cpt.haw-hamburg.de
08.11 11:24:05,355|11085: Got Nameservice, trying to contact it for: 113529
08.11 11:24:05,379|11085: 113529 found, Name: 113529 Node: node5@lab29.cpt.haw-hamburg.de
08.11 11:24:05,380|11085: Abstimmung yes, sending to Next One
08.11 11:24:05,408|11085: Got Abstimmung
08.11 11:24:05,409|11085: Got it from someone else
08.11 11:24:05,409|11085: TimeDiff of 3 big enough
08.11 11:24:05,410|11085: Trying to get Nameservice: ns@lab30.cpt.haw-hamburg.de
08.11 11:24:05,449|11085: Got Nameservice: ns@lab30.cpt.haw-hamburg.de
08.11 11:24:05,450|11085: Got Nameservice, trying to contact it for: 113529
08.11 11:24:05,523|11085: 113529 found, Name: 113529 Node: node5@lab29.cpt.haw-hamburg.de
08.11 11:24:05,524|11085: Abstimmung yes, sending to Next One
08.11 11:24:05,771|11085: Got Abstimmung
08.11 11:24:05,771|11085: Got it from someone else
08.11 11:24:05,772|11085: TimeDiff of 3 big enough
08.11 11:24:05,772|11085: Trying to get Nameservice: ns@lab30.cpt.haw-hamburg.de
08.11 11:24:05,805|11085: Got Nameservice: ns@lab30.cpt.haw-hamburg.de
08.11 11:24:05,807|11085: Got Nameservice, trying to contact it for: 113529
08.11 11:24:05,852|11085: 113529 found, Name: 113529 Node: node5@lab29.cpt.haw-hamburg.de
08.11 11:24:05,853|11085: Abstimmung yes, sending to Next One
08.11 11:24:06,913|11085: Got Abstimmung
08.11 11:24:06,951|11085: Got it from someone else
08.11 11:24:06,957|11085: TimeDiff of 4 big enough
08.11 11:24:06,964|11085: Trying to get Nameservice: ns@lab30.cpt.haw-hamburg.de
08.11 11:24:06,893|11085: Got Nameservice: ns@lab30.cpt.haw-hamburg.de
08.11 11:24:06,899|11085: Got Nameservice, trying to contact it for: 113529
08.11 11:24:06,492|11085: 113529 found, Name: 113529 Node: node5@lab29.cpt.haw-hamburg.de
08.11 11:24:06,522|11085: Abstimmung yes, sending to Next One
08.11 11:24:06,073|11085: Got Abstimmung
08.11 11:24:06,080|11085: Got it from someone else
08.11 11:24:06,086|11085: TimeDiff of 4 big enough
08.11 11:24:06,091|11085: Trying to get Nameservice: ns@lab30.cpt.haw-hamburg.de
08.11 11:24:06,359|11085: Got Nameservice: ns@lab30.cpt.haw-hamburg.de
08.11 11:24:06,367|11085: Got Nameservice, trying to contact it for: 113529
08.11 11:24:06,690|11085: 113529 found, Name: 113529 Node: node5@lab29.cpt.haw-hamburg.de
08.11 11:24:06,697|11085: Abstimmung yes, sending to Next One
08.11 11:24:06,328|11085: Got Abstimmung
08.11 11:24:06,328|11085: Got it from someone else
08.11 11:24:06,329|11085: TimeDiff of 4 big enough
08.11 11:24:06,330|11085: Trying to get Nameservice: ns@lab30.cpt.haw-hamburg.de
08.11 11:24:06,342|11085: Got Nameservice: ns@lab30.cpt.haw-hamburg.de
08.11 11:24:06,343|11085: Got Nameservice, trying to contact it for: 113529
08.11 11:24:06,378|11085: 113529 found, Name: 113529 Node: node5@lab29.cpt.haw-hamburg.de
08.11 11:24:06,379|11085: Abstimmung yes, sending to Next One
08.11 11:24:06,163|11085: Got Abstimmung
08.11 11:24:06,164|11085: Got it from someone else
08.11 11:24:06,165|11085: TimeDiff of 4 big enough
08.11 11:24:06,165|11085: Trying to get Nameservice: ns@lab30.cpt.haw-hamburg.de
08.11 11:24:06,185|11085: Got Nameservice: ns@lab30.cpt.haw-hamburg.de
08.11 11:24:06,186|11085: Got Nameservice, trying to contact it for: 113529
08.11 11:24:06,240|11085: 113529 found, Name: 113529 Node: node5@lab29.cpt.haw-hamburg.de
08.11 11:24:06,241|11085: Abstimmung yes, sending to Next One
08.11 11:24:06,997|11085: Got Abstimmung
08.11 11:24:06,998|11085: Got it from someone else
08.11 11:24:06,999|11085: TimeDiff of 4 big enough
08.11 11:24:06,999|11085: Trying to get Nameservice: ns@lab30.cpt.haw-hamburg.de
08.11 11:24:06,037|11085: Got Nameservice: ns@lab30.cpt.haw-hamburg.de
08.11 11:24:06,038|11085: Got Nameservice, trying to contact it for: 113529
08.11 11:24:06,115|11085: 113529 found, Name: 113529 Node: node5@lab29.cpt.haw-hamburg.de
08.11 11:24:06,117|11085: Abstimmung yes, sending to Next One
08.11 11:24:07,016|11085: Got Abstimmung
08.11 11:24:07,017|11085: Got it from someone else
08.11 11:24:07,018|11085: TimeDiff of 5 big enough
08.11 11:24:07,019|11085: Trying to get Nameservice: ns@lab30.cpt.haw-hamburg.de
08.11 11:24:07,084|11085: Got Nameservice: ns@lab30.cpt.haw-hamburg.de
08.11 11:24:07,085|11085: Got Nameservice, trying to contact it for: 113529
08.11 11:24:07,135|11085: 113529 found, Name: 113529 Node: node5@lab29.cpt.haw-hamburg.de
08.11 11:24:07,135|11085: Abstimmung yes, sending to Next One
08.11 11:24:07,836|11085: Got Abstimmung
08.11 11:24:07,836|11085: Got it from someone else
08.11 11:24:07,837|11085: TimeDiff of 5 big enough
08.11 11:24:07,838|11085: Trying to get Nameservice: ns@lab30.cpt.haw-hamburg.de
08.11 11:24:07,930|11085: Got Nameservice: ns@lab30.cpt.haw-hamburg.de
08.11 11:24:07,932|11085: Got Nameservice, trying to contact it for: 113529
08.11 11:24:07,999|11085: 113529 found, Name: 113529 Node: node5@lab29.cpt.haw-hamburg.de
08.11 11:24:07,022|11085: Abstimmung yes, sending to Next One
08.11 11:24:07,920|11085: Got Abstimmung
08.11 11:24:07,921|11085: Got it from someone else
08.11 11:24:07,923|11085: TimeDiff of 5 big enough
08.11 11:24:07,926|11085: Trying to get Nameservice: ns@lab30.cpt.haw-hamburg.de
08.11 11:24:07,957|11085: Got Nameservice: ns@lab30.cpt.haw-hamburg.de
08.11 11:24:07,957|11085: Got Nameservice, trying to contact it for: 113529
08.11 11:24:07,993|11085: 113529 found, Name: 113529 Node: node5@lab29.cpt.haw-hamburg.de
08.11 11:24:07,995|11085: Abstimmung yes, sending to Next One
08.11 11:24:07,517|11085: Got Abstimmung
08.11 11:24:07,518|11085: Got it from someone else
08.11 11:24:07,518|11085: TimeDiff of 5 big enough
08.11 11:24:07,522|11085: Trying to get Nameservice: ns@lab30.cpt.haw-hamburg.de
08.11 11:24:07,555|11085: Got Nameservice: ns@lab30.cpt.haw-hamburg.de
08.11 11:24:07,556|11085: Got Nameservice, trying to contact it for: 113529
08.11 11:24:07,591|11085: 113529 found, Name: 113529 Node: node5@lab29.cpt.haw-hamburg.de
08.11 11:24:07,592|11085: Abstimmung yes, sending to Next One
08.11 11:24:08,002|11085: Got Abstimmung
08.11 11:24:08,003|11085: Got it from someone else
08.11 11:24:08,004|11085: TimeDiff of 6 big enough
08.11 11:24:08,004|11085: Trying to get Nameservice: ns@lab30.cpt.haw-hamburg.de
08.11 11:24:08,010|11085: Got Nameservice: ns@lab30.cpt.haw-hamburg.de
08.11 11:24:08,010|11085: Got Nameservice, trying to contact it for: 113529
08.11 11:24:08,043|11085: 113529 found, Name: 113529 Node: node5@lab29.cpt.haw-hamburg.de
08.11 11:24:08,045|11085: Abstimmung yes, sending to Next One
08.11 11:24:08,080|11085: Got Abstimmung
08.11 11:24:08,081|11085: Got it from someone else
08.11 11:24:08,081|11085: TimeDiff of 6 big enough
08.11 11:24:08,082|11085: Trying to get Nameservice: ns@lab30.cpt.haw-hamburg.de
08.11 11:24:08,088|11085: Got Nameservice: ns@lab30.cpt.haw-hamburg.de
08.11 11:24:08,089|11085: Got Nameservice, trying to contact it for: 113529
08.11 11:24:08,094|11085: 113529 found, Name: 113529 Node: node5@lab29.cpt.haw-hamburg.de
08.11 11:24:08,095|11085: Abstimmung yes, sending to Next One
08.11 11:24:09,705|11085: Got Abstimmung
08.11 11:24:09,706|11085: Got it from someone else
08.11 11:24:09,706|11085: TimeDiff of 7 big enough
08.11 11:24:09,707|11085: Trying to get Nameservice: ns@lab30.cpt.haw-hamburg.de
08.11 11:24:09,713|11085: Got Nameservice: ns@lab30.cpt.haw-hamburg.de
08.11 11:24:09,714|11085: Got Nameservice, trying to contact it for: 113529
08.11 11:24:09,719|11085: 113529 found, Name: 113529 Node: node5@lab29.cpt.haw-hamburg.de
08.11 11:24:09,719|11085: Abstimmung yes, sending to Next One
08.11 11:24:10,246|11085: Got Abstimmung
08.11 11:24:10,260|11085: Got it from someone else
08.11 11:24:10,272|11085: TimeDiff of 8 big enough
08.11 11:24:10,284|11085: Trying to get Nameservice: ns@lab30.cpt.haw-hamburg.de
08.11 11:24:10,340|11085: Got Nameservice: ns@lab30.cpt.haw-hamburg.de
08.11 11:24:10,348|11085: Got Nameservice, trying to contact it for: 113529
08.11 11:24:10,394|11085: 113529 found, Name: 113529 Node: node5@lab29.cpt.haw-hamburg.de
08.11 11:24:10,401|11085: Abstimmung yes, sending to Next One
08.11 11:24:10,368|11085: Got Abstimmung
08.11 11:24:10,369|11085: Got it from someone else
08.11 11:24:10,370|11085: TimeDiff of 8 big enough
08.11 11:24:10,370|11085: Trying to get Nameservice: ns@lab30.cpt.haw-hamburg.de
08.11 11:24:10,375|11085: Got Nameservice: ns@lab30.cpt.haw-hamburg.de
08.11 11:24:10,376|11085: Got Nameservice, trying to contact it for: 113529
08.11 11:24:10,382|11085: 113529 found, Name: 113529 Node: node5@lab29.cpt.haw-hamburg.de
08.11 11:24:10,383|11085: Abstimmung yes, sending to Next One
08.11 11:24:11,331|11085: Got Abstimmung
08.11 11:24:11,332|11085: Got it from someone else
08.11 11:24:11,333|11085: TimeDiff of 9 big enough
08.11 11:24:11,334|11085: Trying to get Nameservice: ns@lab30.cpt.haw-hamburg.de
08.11 11:24:11,340|11085: Got Nameservice: ns@lab30.cpt.haw-hamburg.de
08.11 11:24:11,341|11085: Got Nameservice, trying to contact it for: 113529
08.11 11:24:11,347|11085: 113529 found, Name: 113529 Node: node5@lab29.cpt.haw-hamburg.de
08.11 11:24:11,347|11085: Abstimmung yes, sending to Next One
08.11 11:24:12,946|11085: Got Abstimmung
08.11 11:24:12,947|11085: Got it from someone else
08.11 11:24:12,948|11085: TimeDiff of 10 big enough
08.11 11:24:12,948|11085: Trying to get Nameservice: ns@lab30.cpt.haw-hamburg.de
08.11 11:24:12,954|11085: Got Nameservice: ns@lab30.cpt.haw-hamburg.de
08.11 11:24:12,955|11085: Got Nameservice, trying to contact it for: 113529
08.11 11:24:12,960|11085: 113529 found, Name: 113529 Node: node5@lab29.cpt.haw-hamburg.de
08.11 11:24:12,961|11085: Abstimmung yes, sending to Next One
08.11 11:24:12,711|11085: Got Abstimmung
08.11 11:24:12,711|11085: Got it from someone else
08.11 11:24:12,712|11085: TimeDiff of 10 big enough
08.11 11:24:12,713|11085: Trying to get Nameservice: ns@lab30.cpt.haw-hamburg.de
08.11 11:24:12,746|11085: Got Nameservice: ns@lab30.cpt.haw-hamburg.de
08.11 11:24:12,747|11085: Got Nameservice, trying to contact it for: 113529
08.11 11:24:12,756|11085: 113529 found, Name: 113529 Node: node5@lab29.cpt.haw-hamburg.de
08.11 11:24:12,757|11085: Abstimmung yes, sending to Next One
08.11 11:24:12,789|11085: Got Abstimmung
08.11 11:24:12,789|11085: Got it from someone else
08.11 11:24:12,791|11085: TimeDiff of 10 big enough
08.11 11:24:12,791|11085: Trying to get Nameservice: ns@lab30.cpt.haw-hamburg.de
08.11 11:24:12,817|11085: Got Nameservice: ns@lab30.cpt.haw-hamburg.de
08.11 11:24:12,818|11085: Got Nameservice, trying to contact it for: 113529
08.11 11:24:12,822|11085: 113529 found, Name: 113529 Node: node5@lab29.cpt.haw-hamburg.de
08.11 11:24:12,822|11085: Abstimmung yes, sending to Next One
08.11 11:24:13,544|11085: Got Abstimmung
08.11 11:24:13,545|11085: Got it from someone else
08.11 11:24:13,546|11085: TimeDiff of 11 big enough
08.11 11:24:13,546|11085: Trying to get Nameservice: ns@lab30.cpt.haw-hamburg.de
08.11 11:24:13,555|11085: Got Nameservice: ns@lab30.cpt.haw-hamburg.de
08.11 11:24:13,555|11085: Got Nameservice, trying to contact it for: 113529
08.11 11:24:13,590|11085: 113529 found, Name: 113529 Node: node5@lab29.cpt.haw-hamburg.de
08.11 11:24:13,590|11085: Abstimmung yes, sending to Next One
08.11 11:24:13,819|11085: Got Abstimmung
08.11 11:24:13,821|11085: Got it from someone else
08.11 11:24:13,822|11085: TimeDiff of 11 big enough
08.11 11:24:13,823|11085: Trying to get Nameservice: ns@lab30.cpt.haw-hamburg.de
08.11 11:24:13,845|11085: Got Nameservice: ns@lab30.cpt.haw-hamburg.de
08.11 11:24:13,845|11085: Got Nameservice, trying to contact it for: 113529
08.11 11:24:13,849|11085: 113529 found, Name: 113529 Node: node5@lab29.cpt.haw-hamburg.de
08.11 11:24:13,849|11085: Abstimmung yes, sending to Next One
08.11 11:24:13,782|11085: Got Abstimmung
08.11 11:24:13,782|11085: Got it from someone else
08.11 11:24:13,783|11085: TimeDiff of 11 big enough
08.11 11:24:13,784|11085: Trying to get Nameservice: ns@lab30.cpt.haw-hamburg.de
08.11 11:24:13,808|11085: Got Nameservice: ns@lab30.cpt.haw-hamburg.de
08.11 11:24:13,809|11085: Got Nameservice, trying to contact it for: 113529
08.11 11:24:13,814|11085: 113529 found, Name: 113529 Node: node5@lab29.cpt.haw-hamburg.de
08.11 11:24:13,815|11085: Abstimmung yes, sending to Next One
08.11 11:24:14,098|11085: Got Abstimmung
08.11 11:24:14,099|11085: Got it from someone else
08.11 11:24:14,100|11085: TimeDiff of 12 big enough
08.11 11:24:14,100|11085: Trying to get Nameservice: ns@lab30.cpt.haw-hamburg.de
08.11 11:24:14,106|11085: Got Nameservice: ns@lab30.cpt.haw-hamburg.de
08.11 11:24:14,106|11085: Got Nameservice, trying to contact it for: 113529
08.11 11:24:14,142|11085: 113529 found, Name: 113529 Node: node5@lab29.cpt.haw-hamburg.de
08.11 11:24:14,142|11085: Abstimmung yes, sending to Next One
08.11 11:24:14,244|11085: Got Abstimmung
08.11 11:24:14,245|11085: Got it from someone else
08.11 11:24:14,245|11085: TimeDiff of 12 big enough
08.11 11:24:14,246|11085: Trying to get Nameservice: ns@lab30.cpt.haw-hamburg.de
08.11 11:24:14,255|11085: Got Nameservice: ns@lab30.cpt.haw-hamburg.de
08.11 11:24:14,263|11085: Got Nameservice, trying to contact it for: 113529
08.11 11:24:14,268|11085: 113529 found, Name: 113529 Node: node5@lab29.cpt.haw-hamburg.de
08.11 11:24:14,269|11085: Abstimmung yes, sending to Next One
08.11 11:24:14,314|11085: Got Abstimmung
08.11 11:24:14,315|11085: Got it from someone else
08.11 11:24:14,316|11085: TimeDiff of 12 big enough
08.11 11:24:14,316|11085: Trying to get Nameservice: ns@lab30.cpt.haw-hamburg.de
08.11 11:24:14,322|11085: Got Nameservice: ns@lab30.cpt.haw-hamburg.de
08.11 11:24:14,324|11085: Got Nameservice, trying to contact it for: 113529
08.11 11:24:14,330|11085: 113529 found, Name: 113529 Node: node5@lab29.cpt.haw-hamburg.de
08.11 11:24:14,330|11085: Abstimmung yes, sending to Next One
08.11 11:24:15,009|11085: Got Abstimmung
08.11 11:24:15,033|11085: Got it from someone else
08.11 11:24:15,071|11085: TimeDiff of 13 big enough
08.11 11:24:15,078|11085: Trying to get Nameservice: ns@lab30.cpt.haw-hamburg.de
08.11 11:24:15,472|11085: Got Nameservice: ns@lab30.cpt.haw-hamburg.de
08.11 11:24:15,482|11085: Got Nameservice, trying to contact it for: 113529
08.11 11:24:15,553|11085: 113529 found, Name: 113529 Node: node5@lab29.cpt.haw-hamburg.de
08.11 11:24:15,585|11085: Abstimmung yes, sending to Next One
08.11 11:24:15,425|11085: Got Abstimmung
08.11 11:24:15,427|11085: Got it from someone else
08.11 11:24:15,427|11085: TimeDiff of 13 big enough
08.11 11:24:15,428|11085: Trying to get Nameservice: ns@lab30.cpt.haw-hamburg.de
08.11 11:24:15,434|11085: Got Nameservice: ns@lab30.cpt.haw-hamburg.de
08.11 11:24:15,435|11085: Got Nameservice, trying to contact it for: 113529
08.11 11:24:15,441|11085: 113529 found, Name: 113529 Node: node5@lab29.cpt.haw-hamburg.de
08.11 11:24:15,441|11085: Abstimmung yes, sending to Next One
08.11 11:24:16,998|11085: Got Abstimmung
08.11 11:24:16,001|11085: Got it from someone else
08.11 11:24:16,002|11085: TimeDiff of 14 big enough
08.11 11:24:16,003|11085: Trying to get Nameservice: ns@lab30.cpt.haw-hamburg.de
08.11 11:24:16,009|11085: Got Nameservice: ns@lab30.cpt.haw-hamburg.de
08.11 11:24:16,010|11085: Got Nameservice, trying to contact it for: 113529
08.11 11:24:16,015|11085: 113529 found, Name: 113529 Node: node5@lab29.cpt.haw-hamburg.de
08.11 11:24:16,015|11085: Abstimmung yes, sending to Next One
08.11 11:24:16,433|11085: Got Abstimmung
08.11 11:24:16,434|11085: Got it from someone else
08.11 11:24:16,434|11085: TimeDiff of 14 big enough
08.11 11:24:16,435|11085: Trying to get Nameservice: ns@lab30.cpt.haw-hamburg.de
08.11 11:24:16,458|11085: Got Nameservice: ns@lab30.cpt.haw-hamburg.de
08.11 11:24:16,459|11085: Got Nameservice, trying to contact it for: 113529
08.11 11:24:16,466|11085: 113529 found, Name: 113529 Node: node5@lab29.cpt.haw-hamburg.de
08.11 11:24:16,467|11085: Abstimmung yes, sending to Next One
08.11 11:24:17,212|11085: Got Abstimmung
08.11 11:24:17,218|11085: Got it from someone else
08.11 11:24:17,223|11085: TimeDiff of 15 big enough
08.11 11:24:17,260|11085: Trying to get Nameservice: ns@lab30.cpt.haw-hamburg.de
08.11 11:24:17,650|11085: Got Nameservice: ns@lab30.cpt.haw-hamburg.de
08.11 11:24:17,663|11085: Got Nameservice, trying to contact it for: 113529
08.11 11:24:17,999|11085: 113529 found, Name: 113529 Node: node5@lab29.cpt.haw-hamburg.de
08.11 11:24:17,012|11085: Abstimmung yes, sending to Next One
08.11 11:24:17,535|11085: Got Abstimmung
08.11 11:24:17,536|11085: Got it from someone else
08.11 11:24:17,537|11085: TimeDiff of 15 big enough
08.11 11:24:17,537|11085: Trying to get Nameservice: ns@lab30.cpt.haw-hamburg.de
08.11 11:24:17,544|11085: Got Nameservice: ns@lab30.cpt.haw-hamburg.de
08.11 11:24:17,545|11085: Got Nameservice, trying to contact it for: 113529
08.11 11:24:17,549|11085: 113529 found, Name: 113529 Node: node5@lab29.cpt.haw-hamburg.de
08.11 11:24:17,549|11085: Abstimmung yes, sending to Next One
08.11 11:24:17,077|11085: Got Abstimmung
08.11 11:24:17,078|11085: Got it from someone else
08.11 11:24:17,078|11085: TimeDiff of 15 big enough
08.11 11:24:17,079|11085: Trying to get Nameservice: ns@lab30.cpt.haw-hamburg.de
08.11 11:24:17,086|11085: Got Nameservice: ns@lab30.cpt.haw-hamburg.de
08.11 11:24:17,087|11085: Got Nameservice, trying to contact it for: 113529
08.11 11:24:17,114|11085: 113529 found, Name: 113529 Node: node5@lab29.cpt.haw-hamburg.de
08.11 11:24:17,115|11085: Abstimmung yes, sending to Next One
08.11 11:24:17,687|11085: Got Abstimmung
08.11 11:24:17,688|11085: Got it from someone else
08.11 11:24:17,689|11085: TimeDiff of 15 big enough
08.11 11:24:17,689|11085: Trying to get Nameservice: ns@lab30.cpt.haw-hamburg.de
08.11 11:24:17,695|11085: Got Nameservice: ns@lab30.cpt.haw-hamburg.de
08.11 11:24:17,696|11085: Got Nameservice, trying to contact it for: 113529
08.11 11:24:17,702|11085: 113529 found, Name: 113529 Node: node5@lab29.cpt.haw-hamburg.de
08.11 11:24:17,702|11085: Abstimmung yes, sending to Next One
08.11 11:24:18,934|11085: Got Abstimmung
08.11 11:24:18,935|11085: Got it from someone else
08.11 11:24:18,936|11085: TimeDiff of 16 big enough
08.11 11:24:18,936|11085: Trying to get Nameservice: ns@lab30.cpt.haw-hamburg.de
08.11 11:24:18,941|11085: Got Nameservice: ns@lab30.cpt.haw-hamburg.de
08.11 11:24:18,942|11085: Got Nameservice, trying to contact it for: 113529
08.11 11:24:18,947|11085: 113529 found, Name: 113529 Node: node5@lab29.cpt.haw-hamburg.de
08.11 11:24:18,947|11085: Abstimmung yes, sending to Next One
08.11 11:24:18,643|11085: Got Abstimmung
08.11 11:24:18,644|11085: Got it from someone else
08.11 11:24:18,644|11085: TimeDiff of 16 big enough
08.11 11:24:18,645|11085: Trying to get Nameservice: ns@lab30.cpt.haw-hamburg.de
08.11 11:24:18,650|11085: Got Nameservice: ns@lab30.cpt.haw-hamburg.de
08.11 11:24:18,651|11085: Got Nameservice, trying to contact it for: 113529
08.11 11:24:18,664|11085: 113529 found, Name: 113529 Node: node5@lab29.cpt.haw-hamburg.de
08.11 11:24:18,668|11085: Abstimmung yes, sending to Next One
08.11 11:24:19,890|11085: Got Abstimmung
08.11 11:24:19,890|11085: Got it from someone else
08.11 11:24:19,891|11085: TimeDiff of 17 big enough
08.11 11:24:19,891|11085: Trying to get Nameservice: ns@lab30.cpt.haw-hamburg.de
08.11 11:24:19,898|11085: Got Nameservice: ns@lab30.cpt.haw-hamburg.de
08.11 11:24:19,900|11085: Got Nameservice, trying to contact it for: 113529
08.11 11:24:19,933|11085: 113529 found, Name: 113529 Node: node5@lab29.cpt.haw-hamburg.de
08.11 11:24:19,935|11085: Abstimmung yes, sending to Next One
08.11 11:24:20,841|11085: Got Abstimmung
08.11 11:24:20,842|11085: Got it from someone else
08.11 11:24:20,842|11085: TimeDiff of 18 big enough
08.11 11:24:20,843|11085: Trying to get Nameservice: ns@lab30.cpt.haw-hamburg.de
08.11 11:24:20,851|11085: Got Nameservice: ns@lab30.cpt.haw-hamburg.de
08.11 11:24:20,851|11085: Got Nameservice, trying to contact it for: 113529
08.11 11:24:20,884|11085: 113529 found, Name: 113529 Node: node5@lab29.cpt.haw-hamburg.de
08.11 11:24:20,885|11085: Abstimmung yes, sending to Next One
08.11 11:24:21,020|11085: Got Abstimmung
08.11 11:24:21,031|11085: Got it from someone else
08.11 11:24:21,038|11085: TimeDiff of 19 big enough
08.11 11:24:21,043|11085: Trying to get Nameservice: ns@lab30.cpt.haw-hamburg.de
08.11 11:24:21,134|11085: Got Nameservice: ns@lab30.cpt.haw-hamburg.de
08.11 11:24:21,142|11085: Got Nameservice, trying to contact it for: 113529
08.11 11:24:21,374|11085: 113529 found, Name: 113529 Node: node5@lab29.cpt.haw-hamburg.de
08.11 11:24:21,381|11085: Abstimmung yes, sending to Next One
08.11 11:24:21,783|11085: Got Abstimmung
08.11 11:24:21,784|11085: Got it from someone else
08.11 11:24:21,784|11085: TimeDiff of 19 big enough
08.11 11:24:21,785|11085: Trying to get Nameservice: ns@lab30.cpt.haw-hamburg.de
08.11 11:24:21,791|11085: Got Nameservice: ns@lab30.cpt.haw-hamburg.de
08.11 11:24:21,791|11085: Got Nameservice, trying to contact it for: 113529
08.11 11:24:21,796|11085: 113529 found, Name: 113529 Node: node5@lab29.cpt.haw-hamburg.de
08.11 11:24:21,797|11085: Abstimmung yes, sending to Next One
08.11 11:24:22,325|11085: Got Abstimmung
08.11 11:24:22,326|11085: Got it from someone else
08.11 11:24:22,327|11085: TimeDiff of 20 big enough
08.11 11:24:22,327|11085: Trying to get Nameservice: ns@lab30.cpt.haw-hamburg.de
08.11 11:24:22,333|11085: Got Nameservice: ns@lab30.cpt.haw-hamburg.de
08.11 11:24:22,334|11085: Got Nameservice, trying to contact it for: 113529
08.11 11:24:22,339|11085: 113529 found, Name: 113529 Node: node5@lab29.cpt.haw-hamburg.de
08.11 11:24:22,340|11085: Abstimmung yes, sending to Next One
08.11 11:24:22,986|11085: Got Abstimmung
08.11 11:24:22,987|11085: Got it from someone else
08.11 11:24:22,988|11085: TimeDiff of 20 big enough
08.11 11:24:22,988|11085: Trying to get Nameservice: ns@lab30.cpt.haw-hamburg.de
08.11 11:24:22,994|11085: Got Nameservice: ns@lab30.cpt.haw-hamburg.de
08.11 11:24:22,994|11085: Got Nameservice, trying to contact it for: 113529
08.11 11:24:22,000|11085: 113529 found, Name: 113529 Node: node5@lab29.cpt.haw-hamburg.de
08.11 11:24:22,001|11085: Abstimmung yes, sending to Next One
08.11 11:24:23,433|11085: Got Abstimmung
08.11 11:24:23,434|11085: Got it from someone else
08.11 11:24:23,434|11085: TimeDiff of 21 big enough
08.11 11:24:23,435|11085: Trying to get Nameservice: ns@lab30.cpt.haw-hamburg.de
08.11 11:24:23,443|11085: Got Nameservice: ns@lab30.cpt.haw-hamburg.de
08.11 11:24:23,444|11085: Got Nameservice, trying to contact it for: 113529
08.11 11:24:23,470|11085: 113529 found, Name: 113529 Node: node5@lab29.cpt.haw-hamburg.de
08.11 11:24:23,471|11085: Abstimmung yes, sending to Next One
08.11 11:24:24,585|11085: Got Abstimmung
08.11 11:24:24,594|11085: Got it from someone else
08.11 11:24:24,600|11085: TimeDiff of 22 big enough
08.11 11:24:24,623|11085: Trying to get Nameservice: ns@lab30.cpt.haw-hamburg.de
08.11 11:24:24,734|11085: Got Nameservice: ns@lab30.cpt.haw-hamburg.de
08.11 11:24:24,745|11085: Got Nameservice, trying to contact it for: 113529
08.11 11:24:24,799|11085: 113529 found, Name: 113529 Node: node5@lab29.cpt.haw-hamburg.de
08.11 11:24:24,805|11085: Abstimmung yes, sending to Next One
08.11 11:24:24,074|11085: Got Abstimmung
08.11 11:24:24,075|11085: Got it from someone else
08.11 11:24:24,076|11085: TimeDiff of 22 big enough
08.11 11:24:24,076|11085: Trying to get Nameservice: ns@lab30.cpt.haw-hamburg.de
08.11 11:24:24,093|11085: Got Nameservice: ns@lab30.cpt.haw-hamburg.de
08.11 11:24:24,094|11085: Got Nameservice, trying to contact it for: 113529
08.11 11:24:24,097|11085: 113529 found, Name: 113529 Node: node5@lab29.cpt.haw-hamburg.de
08.11 11:24:24,098|11085: Abstimmung yes, sending to Next One
08.11 11:24:25,714|11085: Got Abstimmung
08.11 11:24:25,721|11085: Got it from someone else
08.11 11:24:25,730|11085: TimeDiff of 23 big enough
08.11 11:24:25,736|11085: Trying to get Nameservice: ns@lab30.cpt.haw-hamburg.de
08.11 11:24:25,785|11085: Got Nameservice: ns@lab30.cpt.haw-hamburg.de
08.11 11:24:25,791|11085: Got Nameservice, trying to contact it for: 113529
08.11 11:24:25,834|11085: 113529 found, Name: 113529 Node: node5@lab29.cpt.haw-hamburg.de
08.11 11:24:25,841|11085: Abstimmung yes, sending to Next One
08.11 11:24:25,771|11085: Got Abstimmung
08.11 11:24:25,772|11085: Got it from someone else
08.11 11:24:25,772|11085: TimeDiff of 23 big enough
08.11 11:24:25,773|11085: Trying to get Nameservice: ns@lab30.cpt.haw-hamburg.de
08.11 11:24:25,779|11085: Got Nameservice: ns@lab30.cpt.haw-hamburg.de
08.11 11:24:25,780|11085: Got Nameservice, trying to contact it for: 113529
08.11 11:24:25,785|11085: 113529 found, Name: 113529 Node: node5@lab29.cpt.haw-hamburg.de
08.11 11:24:25,786|11085: Abstimmung yes, sending to Next One
08.11 11:24:26,487|11085: Got Abstimmung
08.11 11:24:26,495|11085: Got it from someone else
08.11 11:24:26,501|11085: TimeDiff of 24 big enough
08.11 11:24:26,508|11085: Trying to get Nameservice: ns@lab30.cpt.haw-hamburg.de
08.11 11:24:26,575|11085: Got Nameservice: ns@lab30.cpt.haw-hamburg.de
08.11 11:24:26,591|11085: Got Nameservice, trying to contact it for: 113529
08.11 11:24:26,647|11085: 113529 found, Name: 113529 Node: node5@lab29.cpt.haw-hamburg.de
08.11 11:24:26,660|11085: Abstimmung yes, sending to Next One
08.11 11:24:26,009|11085: Got Abstimmung
08.11 11:24:26,010|11085: Got it from someone else
08.11 11:24:26,010|11085: TimeDiff of 24 big enough
08.11 11:24:26,011|11085: Trying to get Nameservice: ns@lab30.cpt.haw-hamburg.de
08.11 11:24:26,016|11085: Got Nameservice: ns@lab30.cpt.haw-hamburg.de
08.11 11:24:26,023|11085: Got Nameservice, trying to contact it for: 113529
08.11 11:24:26,061|11085: 113529 found, Name: 113529 Node: node5@lab29.cpt.haw-hamburg.de
08.11 11:24:26,062|11085: Abstimmung yes, sending to Next One
08.11 11:24:26,848|11085: Got Abstimmung
08.11 11:24:26,848|11085: Got it from someone else
08.11 11:24:26,849|11085: TimeDiff of 24 big enough
08.11 11:24:26,850|11085: Trying to get Nameservice: ns@lab30.cpt.haw-hamburg.de
08.11 11:24:26,890|11085: Got Nameservice: ns@lab30.cpt.haw-hamburg.de
08.11 11:24:26,891|11085: Got Nameservice, trying to contact it for: 113529
08.11 11:24:26,896|11085: 113529 found, Name: 113529 Node: node5@lab29.cpt.haw-hamburg.de
08.11 11:24:26,901|11085: Abstimmung yes, sending to Next One
08.11 11:24:26,120|11085: Got Abstimmung
08.11 11:24:26,121|11085: Got it from someone else
08.11 11:24:26,121|11085: TimeDiff of 24 big enough
08.11 11:24:26,122|11085: Trying to get Nameservice: ns@lab30.cpt.haw-hamburg.de
08.11 11:24:26,127|11085: Got Nameservice: ns@lab30.cpt.haw-hamburg.de
08.11 11:24:26,128|11085: Got Nameservice, trying to contact it for: 113529
08.11 11:24:26,132|11085: 113529 found, Name: 113529 Node: node5@lab29.cpt.haw-hamburg.de
08.11 11:24:26,133|11085: Abstimmung yes, sending to Next One
08.11 11:24:27,292|11085: Got Abstimmung
08.11 11:24:27,292|11085: Got it from someone else
08.11 11:24:27,293|11085: TimeDiff of 25 big enough
08.11 11:24:27,294|11085: Trying to get Nameservice: ns@lab30.cpt.haw-hamburg.de
08.11 11:24:27,299|11085: Got Nameservice: ns@lab30.cpt.haw-hamburg.de
08.11 11:24:27,300|11085: Got Nameservice, trying to contact it for: 113529
08.11 11:24:27,306|11085: 113529 found, Name: 113529 Node: node5@lab29.cpt.haw-hamburg.de
08.11 11:24:27,307|11085: Abstimmung yes, sending to Next One
08.11 11:24:27,625|11085: Got Abstimmung
08.11 11:24:27,626|11085: Got it from someone else
08.11 11:24:27,627|11085: TimeDiff of 25 big enough
08.11 11:24:27,627|11085: Trying to get Nameservice: ns@lab30.cpt.haw-hamburg.de
08.11 11:24:27,666|11085: Got Nameservice: ns@lab30.cpt.haw-hamburg.de
08.11 11:24:27,667|11085: Got Nameservice, trying to contact it for: 113529
08.11 11:24:27,674|11085: 113529 found, Name: 113529 Node: node5@lab29.cpt.haw-hamburg.de
08.11 11:24:27,678|11085: Abstimmung yes, sending to Next One
08.11 11:24:28,381|11085: Got Abstimmung
08.11 11:24:28,382|11085: Got it from someone else
08.11 11:24:28,383|11085: TimeDiff of 26 big enough
08.11 11:24:28,383|11085: Trying to get Nameservice: ns@lab30.cpt.haw-hamburg.de
08.11 11:24:28,389|11085: Got Nameservice: ns@lab30.cpt.haw-hamburg.de
08.11 11:24:28,390|11085: Got Nameservice, trying to contact it for: 113529
08.11 11:24:28,395|11085: 113529 found, Name: 113529 Node: node5@lab29.cpt.haw-hamburg.de
08.11 11:24:28,396|11085: Abstimmung yes, sending to Next One
08.11 11:24:28,833|11085: Got Abstimmung
08.11 11:24:28,837|11085: Got it from someone else
08.11 11:24:28,838|11085: TimeDiff of 26 big enough
08.11 11:24:28,838|11085: Trying to get Nameservice: ns@lab30.cpt.haw-hamburg.de
08.11 11:24:28,845|11085: Got Nameservice: ns@lab30.cpt.haw-hamburg.de
08.11 11:24:28,846|11085: Got Nameservice, trying to contact it for: 113529
08.11 11:24:28,900|11085: 113529 found, Name: 113529 Node: node5@lab29.cpt.haw-hamburg.de
08.11 11:24:28,901|11085: Abstimmung yes, sending to Next One
08.11 11:24:28,749|11085: Got Abstimmung
08.11 11:24:28,750|11085: Got it from someone else
08.11 11:24:28,750|11085: TimeDiff of 26 big enough
08.11 11:24:28,751|11085: Trying to get Nameservice: ns@lab30.cpt.haw-hamburg.de
08.11 11:24:28,759|11085: Got Nameservice: ns@lab30.cpt.haw-hamburg.de
08.11 11:24:28,760|11085: Got Nameservice, trying to contact it for: 113529
08.11 11:24:28,768|11085: 113529 found, Name: 113529 Node: node5@lab29.cpt.haw-hamburg.de
08.11 11:24:28,771|11085: Abstimmung yes, sending to Next One
08.11 11:24:29,510|11085: Got Abstimmung
08.11 11:24:29,517|11085: Got it from someone else
08.11 11:24:29,522|11085: TimeDiff of 27 big enough
08.11 11:24:29,529|11085: Trying to get Nameservice: ns@lab30.cpt.haw-hamburg.de
08.11 11:24:29,583|11085: Got Nameservice: ns@lab30.cpt.haw-hamburg.de
08.11 11:24:29,590|11085: Got Nameservice, trying to contact it for: 113529
08.11 11:24:29,156|11085: 113529 found, Name: 113529 Node: node5@lab29.cpt.haw-hamburg.de
08.11 11:24:29,164|11085: Abstimmung yes, sending to Next One
08.11 11:24:29,342|11085: Got Abstimmung
08.11 11:24:29,342|11085: Got it from someone else
08.11 11:24:29,343|11085: TimeDiff of 27 big enough
08.11 11:24:29,344|11085: Trying to get Nameservice: ns@lab30.cpt.haw-hamburg.de
08.11 11:24:29,385|11085: Got Nameservice: ns@lab30.cpt.haw-hamburg.de
08.11 11:24:29,386|11085: Got Nameservice, trying to contact it for: 113529
08.11 11:24:29,391|11085: 113529 found, Name: 113529 Node: node5@lab29.cpt.haw-hamburg.de
08.11 11:24:29,392|11085: Abstimmung yes, sending to Next One
08.11 11:24:29,287|11085: Got Abstimmung
08.11 11:24:29,288|11085: Got it from someone else
08.11 11:24:29,289|11085: TimeDiff of 27 big enough
08.11 11:24:29,289|11085: Trying to get Nameservice: ns@lab30.cpt.haw-hamburg.de
08.11 11:24:29,301|11085: Got Nameservice: ns@lab30.cpt.haw-hamburg.de
08.11 11:24:29,301|11085: Got Nameservice, trying to contact it for: 113529
08.11 11:24:29,354|11085: 113529 found, Name: 113529 Node: node5@lab29.cpt.haw-hamburg.de
08.11 11:24:29,358|11085: Abstimmung yes, sending to Next One
08.11 11:24:29,964|11085: Got Abstimmung
08.11 11:24:29,965|11085: Got it from someone else
08.11 11:24:29,965|11085: TimeDiff of 27 big enough
08.11 11:24:29,966|11085: Trying to get Nameservice: ns@lab30.cpt.haw-hamburg.de
08.11 11:24:29,998|11085: Got Nameservice: ns@lab30.cpt.haw-hamburg.de
08.11 11:24:29,999|11085: Got Nameservice, trying to contact it for: 113529
08.11 11:24:29,029|11085: 113529 found, Name: 113529 Node: node5@lab29.cpt.haw-hamburg.de
08.11 11:24:29,031|11085: Abstimmung yes, sending to Next One
08.11 11:24:30,110|11085: Got Abstimmung
08.11 11:24:30,117|11085: Got it from someone else
08.11 11:24:30,123|11085: TimeDiff of 28 big enough
08.11 11:24:30,129|11085: Trying to get Nameservice: ns@lab30.cpt.haw-hamburg.de
08.11 11:24:30,478|11085: Got Nameservice: ns@lab30.cpt.haw-hamburg.de
08.11 11:24:30,485|11085: Got Nameservice, trying to contact it for: 113529
08.11 11:24:30,536|11085: 113529 found, Name: 113529 Node: node5@lab29.cpt.haw-hamburg.de
08.11 11:24:30,542|11085: Abstimmung yes, sending to Next One
08.11 11:24:30,745|11085: Got Abstimmung
08.11 11:24:30,746|11085: Got it from someone else
08.11 11:24:30,747|11085: TimeDiff of 28 big enough
08.11 11:24:30,747|11085: Trying to get Nameservice: ns@lab30.cpt.haw-hamburg.de
08.11 11:24:30,753|11085: Got Nameservice: ns@lab30.cpt.haw-hamburg.de
08.11 11:24:30,754|11085: Got Nameservice, trying to contact it for: 113529
08.11 11:24:30,759|11085: 113529 found, Name: 113529 Node: node5@lab29.cpt.haw-hamburg.de
08.11 11:24:30,760|11085: Abstimmung yes, sending to Next One
08.11 11:24:30,981|11085: Got Abstimmung
08.11 11:24:30,982|11085: Got it from someone else
08.11 11:24:30,983|11085: TimeDiff of 28 big enough
08.11 11:24:30,983|11085: Trying to get Nameservice: ns@lab30.cpt.haw-hamburg.de
08.11 11:24:30,991|11085: Got Nameservice: ns@lab30.cpt.haw-hamburg.de
08.11 11:24:30,991|11085: Got Nameservice, trying to contact it for: 113529
08.11 11:24:30,996|11085: 113529 found, Name: 113529 Node: node5@lab29.cpt.haw-hamburg.de
08.11 11:24:30,997|11085: Abstimmung yes, sending to Next One
08.11 11:24:30,658|11085: Got Abstimmung
08.11 11:24:30,660|11085: Got it from someone else
08.11 11:24:30,663|11085: TimeDiff of 28 big enough
08.11 11:24:30,687|11085: Trying to get Nameservice: ns@lab30.cpt.haw-hamburg.de
08.11 11:24:30,731|11085: Got Nameservice: ns@lab30.cpt.haw-hamburg.de
08.11 11:24:30,732|11085: Got Nameservice, trying to contact it for: 113529
08.11 11:24:30,754|11085: 113529 found, Name: 113529 Node: node5@lab29.cpt.haw-hamburg.de
08.11 11:24:30,755|11085: Abstimmung yes, sending to Next One
08.11 11:24:31,676|11085: Got Abstimmung
08.11 11:24:31,696|11085: Got it from someone else
08.11 11:24:31,728|11085: TimeDiff of 29 big enough
08.11 11:24:31,977|11085: Trying to get Nameservice: ns@lab30.cpt.haw-hamburg.de
08.11 11:24:31,065|11085: Got Nameservice: ns@lab30.cpt.haw-hamburg.de
08.11 11:24:31,072|11085: Got Nameservice, trying to contact it for: 113529
08.11 11:24:31,358|11085: 113529 found, Name: 113529 Node: node5@lab29.cpt.haw-hamburg.de
08.11 11:24:31,365|11085: Abstimmung yes, sending to Next One
08.11 11:24:31,667|11085: Got Abstimmung
08.11 11:24:31,668|11085: Got it from someone else
08.11 11:24:31,669|11085: TimeDiff of 29 big enough
08.11 11:24:31,669|11085: Trying to get Nameservice: ns@lab30.cpt.haw-hamburg.de
08.11 11:24:31,675|11085: Got Nameservice: ns@lab30.cpt.haw-hamburg.de
08.11 11:24:31,675|11085: Got Nameservice, trying to contact it for: 113529
08.11 11:24:31,681|11085: 113529 found, Name: 113529 Node: node5@lab29.cpt.haw-hamburg.de
08.11 11:24:31,682|11085: Abstimmung yes, sending to Next One
08.11 11:24:31,112|11085: Got Abstimmung
08.11 11:24:31,114|11085: Got it from someone else
08.11 11:24:31,114|11085: TimeDiff of 29 big enough
08.11 11:24:31,115|11085: Trying to get Nameservice: ns@lab30.cpt.haw-hamburg.de
08.11 11:24:31,121|11085: Got Nameservice: ns@lab30.cpt.haw-hamburg.de
08.11 11:24:31,122|11085: Got Nameservice, trying to contact it for: 113529
08.11 11:24:31,129|11085: 113529 found, Name: 113529 Node: node5@lab29.cpt.haw-hamburg.de
08.11 11:24:31,130|11085: Abstimmung yes, sending to Next One
08.11 11:24:32,935|11085: Got Abstimmung
08.11 11:24:32,936|11085: Got it from someone else
08.11 11:24:32,937|11085: TimeDiff of 30 big enough
08.11 11:24:32,937|11085: Trying to get Nameservice: ns@lab30.cpt.haw-hamburg.de
08.11 11:24:32,944|11085: Got Nameservice: ns@lab30.cpt.haw-hamburg.de
08.11 11:24:32,945|11085: Got Nameservice, trying to contact it for: 113529
08.11 11:24:32,949|11085: 113529 found, Name: 113529 Node: node5@lab29.cpt.haw-hamburg.de
08.11 11:24:32,950|11085: Abstimmung yes, sending to Next One
08.11 11:24:32,217|11085: Got Abstimmung
08.11 11:24:32,217|11085: Got it from someone else
08.11 11:24:32,218|11085: TimeDiff of 30 big enough
08.11 11:24:32,218|11085: Trying to get Nameservice: ns@lab30.cpt.haw-hamburg.de
08.11 11:24:32,254|11085: Got Nameservice: ns@lab30.cpt.haw-hamburg.de
08.11 11:24:32,255|11085: Got Nameservice, trying to contact it for: 113529
08.11 11:24:32,301|11085: 113529 found, Name: 113529 Node: node5@lab29.cpt.haw-hamburg.de
08.11 11:24:32,302|11085: Abstimmung yes, sending to Next One
08.11 11:24:32,599|11085: Got Abstimmung
08.11 11:24:32,600|11085: Got it from someone else
08.11 11:24:32,601|11085: TimeDiff of 30 big enough
08.11 11:24:32,601|11085: Trying to get Nameservice: ns@lab30.cpt.haw-hamburg.de
08.11 11:24:32,633|11085: Got Nameservice: ns@lab30.cpt.haw-hamburg.de
08.11 11:24:32,634|11085: Got Nameservice, trying to contact it for: 113529
08.11 11:24:32,676|11085: 113529 found, Name: 113529 Node: node5@lab29.cpt.haw-hamburg.de
08.11 11:24:32,676|11085: Abstimmung yes, sending to Next One
08.11 11:24:32,685|11085: Got Abstimmung
08.11 11:24:32,686|11085: Got it from someone else
08.11 11:24:32,686|11085: TimeDiff of 30 big enough
08.11 11:24:32,690|11085: Trying to get Nameservice: ns@lab30.cpt.haw-hamburg.de
08.11 11:24:32,696|11085: Got Nameservice: ns@lab30.cpt.haw-hamburg.de
08.11 11:24:32,697|11085: Got Nameservice, trying to contact it for: 113529
08.11 11:24:32,702|11085: 113529 found, Name: 113529 Node: node5@lab29.cpt.haw-hamburg.de
08.11 11:24:32,703|11085: Abstimmung yes, sending to Next One
08.11 11:24:33,334|11085: Got Abstimmung
08.11 11:24:33,335|11085: Got it from someone else
08.11 11:24:33,338|11085: TimeDiff of 31 big enough
08.11 11:24:33,338|11085: Trying to get Nameservice: ns@lab30.cpt.haw-hamburg.de
08.11 11:24:33,367|11085: Got Nameservice: ns@lab30.cpt.haw-hamburg.de
08.11 11:24:33,368|11085: Got Nameservice, trying to contact it for: 113529
08.11 11:24:33,380|11085: 113529 found, Name: 113529 Node: node5@lab29.cpt.haw-hamburg.de
08.11 11:24:33,381|11085: Abstimmung yes, sending to Next One
08.11 11:24:33,398|11085: Got Abstimmung
08.11 11:24:33,398|11085: Got it from someone else
08.11 11:24:33,399|11085: TimeDiff of 31 big enough
08.11 11:24:33,399|11085: Trying to get Nameservice: ns@lab30.cpt.haw-hamburg.de
08.11 11:24:33,405|11085: Got Nameservice: ns@lab30.cpt.haw-hamburg.de
08.11 11:24:33,408|11085: Got Nameservice, trying to contact it for: 113529
08.11 11:24:33,413|11085: 113529 found, Name: 113529 Node: node5@lab29.cpt.haw-hamburg.de
08.11 11:24:33,414|11085: Abstimmung yes, sending to Next One
08.11 11:24:33,450|11085: Got Abstimmung
08.11 11:24:33,451|11085: Got it from someone else
08.11 11:24:33,452|11085: TimeDiff of 31 big enough
08.11 11:24:33,452|11085: Trying to get Nameservice: ns@lab30.cpt.haw-hamburg.de
08.11 11:24:33,481|11085: Got Nameservice: ns@lab30.cpt.haw-hamburg.de
08.11 11:24:33,482|11085: Got Nameservice, trying to contact it for: 113529
08.11 11:24:33,489|11085: 113529 found, Name: 113529 Node: node5@lab29.cpt.haw-hamburg.de
08.11 11:24:33,490|11085: Abstimmung yes, sending to Next One
08.11 11:24:34,905|11085: Got Abstimmung
08.11 11:24:34,906|11085: Got it from someone else
08.11 11:24:34,906|11085: TimeDiff of 32 big enough
08.11 11:24:34,907|11085: Trying to get Nameservice: ns@lab30.cpt.haw-hamburg.de
08.11 11:24:34,913|11085: Got Nameservice: ns@lab30.cpt.haw-hamburg.de
08.11 11:24:34,914|11085: Got Nameservice, trying to contact it for: 113529
08.11 11:24:34,919|11085: 113529 found, Name: 113529 Node: node5@lab29.cpt.haw-hamburg.de
08.11 11:24:34,919|11085: Abstimmung yes, sending to Next One
08.11 11:24:34,952|11085: Got Abstimmung
08.11 11:24:34,953|11085: Got it from someone else
08.11 11:24:34,954|11085: TimeDiff of 32 big enough
08.11 11:24:34,954|11085: Trying to get Nameservice: ns@lab30.cpt.haw-hamburg.de
08.11 11:24:34,964|11085: Got Nameservice: ns@lab30.cpt.haw-hamburg.de
08.11 11:24:34,965|11085: Got Nameservice, trying to contact it for: 113529
08.11 11:24:34,969|11085: 113529 found, Name: 113529 Node: node5@lab29.cpt.haw-hamburg.de
08.11 11:24:34,971|11085: Abstimmung yes, sending to Next One
08.11 11:24:35,216|11085: Got Abstimmung
08.11 11:24:35,217|11085: Got it from someone else
08.11 11:24:35,217|11085: TimeDiff of 33 big enough
08.11 11:24:35,218|11085: Trying to get Nameservice: ns@lab30.cpt.haw-hamburg.de
08.11 11:24:35,224|11085: Got Nameservice: ns@lab30.cpt.haw-hamburg.de
08.11 11:24:35,225|11085: Got Nameservice, trying to contact it for: 113529
08.11 11:24:35,388|11085: 113529 found, Name: 113529 Node: node5@lab29.cpt.haw-hamburg.de
08.11 11:24:35,389|11085: Abstimmung yes, sending to Next One
08.11 11:24:36,277|11085: Got Abstimmung
08.11 11:24:36,278|11085: Got it from someone else
08.11 11:24:36,279|11085: TimeDiff of 34 big enough
08.11 11:24:36,279|11085: Trying to get Nameservice: ns@lab30.cpt.haw-hamburg.de
08.11 11:24:36,289|11085: Got Nameservice: ns@lab30.cpt.haw-hamburg.de
08.11 11:24:36,290|11085: Got Nameservice, trying to contact it for: 113529
08.11 11:24:36,293|11085: 113529 found, Name: 113529 Node: node5@lab29.cpt.haw-hamburg.de
08.11 11:24:36,293|11085: Abstimmung yes, sending to Next One
08.11 11:24:37,852|11085: Got Abstimmung
08.11 11:24:37,853|11085: Got it from someone else
08.11 11:24:37,853|11085: TimeDiff of 35 big enough
08.11 11:24:37,854|11085: Trying to get Nameservice: ns@lab30.cpt.haw-hamburg.de
08.11 11:24:37,860|11085: Got Nameservice: ns@lab30.cpt.haw-hamburg.de
08.11 11:24:37,861|11085: Got Nameservice, trying to contact it for: 113529
08.11 11:24:37,866|11085: 113529 found, Name: 113529 Node: node5@lab29.cpt.haw-hamburg.de
08.11 11:24:37,866|11085: Abstimmung yes, sending to Next One
08.11 11:24:37,352|11085: Got Abstimmung
08.11 11:24:37,353|11085: Got it from someone else
08.11 11:24:37,354|11085: TimeDiff of 35 big enough
08.11 11:24:37,355|11085: Trying to get Nameservice: ns@lab30.cpt.haw-hamburg.de
08.11 11:24:37,361|11085: Got Nameservice: ns@lab30.cpt.haw-hamburg.de
08.11 11:24:37,362|11085: Got Nameservice, trying to contact it for: 113529
08.11 11:24:37,368|11085: 113529 found, Name: 113529 Node: node5@lab29.cpt.haw-hamburg.de
08.11 11:24:37,368|11085: Abstimmung yes, sending to Next One
08.11 11:24:39,393|11085: Got Abstimmung
08.11 11:24:39,393|11085: Got it from someone else
08.11 11:24:39,394|11085: TimeDiff of 37 big enough
08.11 11:24:39,395|11085: Trying to get Nameservice: ns@lab30.cpt.haw-hamburg.de
08.11 11:24:39,400|11085: Got Nameservice: ns@lab30.cpt.haw-hamburg.de
08.11 11:24:39,401|11085: Got Nameservice, trying to contact it for: 113529
08.11 11:24:39,405|11085: 113529 found, Name: 113529 Node: node5@lab29.cpt.haw-hamburg.de
08.11 11:24:39,406|11085: Abstimmung yes, sending to Next One
08.11 11:24:39,400|11085: Got Abstimmung
08.11 11:24:39,520|11085: Got it from someone else
08.11 11:24:39,330|11085: TimeDiff of 38 big enough
08.11 11:24:39,379|11085: Trying to get Nameservice: ns@lab30.cpt.haw-hamburg.de
08.11 11:24:39,366|11085: Got Nameservice: ns@lab30.cpt.haw-hamburg.de
08.11 11:24:39,446|11085: Got Nameservice, trying to contact it for: 113529
08.11 11:24:39,335|11085: 113529 found, Name: 113529 Node: node5@lab29.cpt.haw-hamburg.de
08.11 11:24:39,433|11085: Abstimmung yes, sending to Next One
08.11 11:24:40,295|11085: Got Abstimmung
08.11 11:24:40,296|11085: Got it from someone else
08.11 11:24:40,297|11085: TimeDiff of 38 big enough
08.11 11:24:40,297|11085: Trying to get Nameservice: ns@lab30.cpt.haw-hamburg.de
08.11 11:24:40,304|11085: Got Nameservice: ns@lab30.cpt.haw-hamburg.de
08.11 11:24:40,304|11085: Got Nameservice, trying to contact it for: 113529
08.11 11:24:40,309|11085: 113529 found, Name: 113529 Node: node5@lab29.cpt.haw-hamburg.de
08.11 11:24:40,310|11085: Abstimmung yes, sending to Next One
08.11 11:24:41,555|11085: Got Abstimmung
08.11 11:24:41,556|11085: Got it from someone else
08.11 11:24:41,557|11085: TimeDiff of 39 big enough
08.11 11:24:41,557|11085: Trying to get Nameservice: ns@lab30.cpt.haw-hamburg.de
08.11 11:24:41,563|11085: Got Nameservice: ns@lab30.cpt.haw-hamburg.de
08.11 11:24:41,564|11085: Got Nameservice, trying to contact it for: 113529
08.11 11:24:41,570|11085: 113529 found, Name: 113529 Node: node5@lab29.cpt.haw-hamburg.de
08.11 11:24:41,571|11085: Abstimmung yes, sending to Next One
08.11 11:24:42,898|11085: Got Abstimmung
08.11 11:24:42,899|11085: Got it from someone else
08.11 11:24:42,899|11085: TimeDiff of 40 big enough
08.11 11:24:42,900|11085: Trying to get Nameservice: ns@lab30.cpt.haw-hamburg.de
08.11 11:24:42,936|11085: Got Nameservice: ns@lab30.cpt.haw-hamburg.de
08.11 11:24:42,938|11085: Got Nameservice, trying to contact it for: 113529
08.11 11:24:42,942|11085: 113529 found, Name: 113529 Node: node5@lab29.cpt.haw-hamburg.de
08.11 11:24:42,943|11085: Abstimmung yes, sending to Next One
08.11 11:24:43,339|11085: Got Abstimmung
08.11 11:24:43,341|11085: Got it from someone else
08.11 11:24:43,343|11085: TimeDiff of 41 big enough
08.11 11:24:43,346|11085: Trying to get Nameservice: ns@lab30.cpt.haw-hamburg.de
08.11 11:24:43,411|11085: Got Nameservice: ns@lab30.cpt.haw-hamburg.de
08.11 11:24:43,411|11085: Got Nameservice, trying to contact it for: 113529
08.11 11:24:43,417|11085: 113529 found, Name: 113529 Node: node5@lab29.cpt.haw-hamburg.de
08.11 11:24:43,418|11085: Abstimmung yes, sending to Next One
08.11 11:24:48,673|11085: Got Abstimmung
08.11 11:24:48,674|11085: Got it from someone else
08.11 11:24:48,675|11085: TimeDiff of 46 big enough
08.11 11:24:48,675|11085: Trying to get Nameservice: ns@lab30.cpt.haw-hamburg.de
08.11 11:24:48,681|11085: Got Nameservice: ns@lab30.cpt.haw-hamburg.de
08.11 11:24:48,682|11085: Got Nameservice, trying to contact it for: 113529
08.11 11:24:48,688|11085: 113529 found, Name: 113529 Node: node5@lab29.cpt.haw-hamburg.de
08.11 11:24:48,688|11085: Abstimmung yes, sending to Next One
08.11 11:24:49,984|11085: Got Abstimmung
08.11 11:24:49,985|11085: Got it from someone else
08.11 11:24:49,986|11085: TimeDiff of 47 big enough
08.11 11:24:49,986|11085: Trying to get Nameservice: ns@lab30.cpt.haw-hamburg.de
08.11 11:24:49,992|11085: Got Nameservice: ns@lab30.cpt.haw-hamburg.de
08.11 11:24:49,993|11085: Got Nameservice, trying to contact it for: 113529
08.11 11:24:49,998|11085: 113529 found, Name: 113529 Node: node5@lab29.cpt.haw-hamburg.de
08.11 11:24:49,999|11085: Abstimmung yes, sending to Next One
08.11 11:24:50,333|11085: Got Abstimmung
08.11 11:24:50,333|11085: Got it from someone else
08.11 11:24:50,334|11085: TimeDiff of 48 big enough
08.11 11:24:50,334|11085: Trying to get Nameservice: ns@lab30.cpt.haw-hamburg.de
08.11 11:24:50,353|11085: Got Nameservice: ns@lab30.cpt.haw-hamburg.de
08.11 11:24:50,354|11085: Got Nameservice, trying to contact it for: 113529
08.11 11:24:50,359|11085: 113529 found, Name: 113529 Node: node5@lab29.cpt.haw-hamburg.de
08.11 11:24:50,360|11085: Abstimmung yes, sending to Next One
08.11 11:24:54,471|11085: Got Abstimmung
08.11 11:24:54,472|11085: Got it from someone else
08.11 11:24:54,473|11085: TimeDiff of 52 big enough
08.11 11:24:54,474|11085: Trying to get Nameservice: ns@lab30.cpt.haw-hamburg.de
08.11 11:24:54,480|11085: Got Nameservice: ns@lab30.cpt.haw-hamburg.de
08.11 11:24:54,481|11085: Got Nameservice, trying to contact it for: 113529
08.11 11:24:54,487|11085: 113529 found, Name: 113529 Node: node5@lab29.cpt.haw-hamburg.de
08.11 11:24:54,488|11085: Abstimmung yes, sending to Next One
08.11 11:24:55,929|11085: Got Abstimmung
08.11 11:24:55,930|11085: Got it from someone else
08.11 11:24:55,931|11085: TimeDiff of 53 big enough
08.11 11:24:55,931|11085: Trying to get Nameservice: ns@lab30.cpt.haw-hamburg.de
08.11 11:24:55,937|11085: Got Nameservice: ns@lab30.cpt.haw-hamburg.de
08.11 11:24:55,938|11085: Got Nameservice, trying to contact it for: 113529
08.11 11:24:55,944|11085: 113529 found, Name: 113529 Node: node5@lab29.cpt.haw-hamburg.de
08.11 11:24:55,945|11085: Abstimmung yes, sending to Next One
08.11 11:24:56,504|11085: Got Abstimmung
08.11 11:24:56,505|11085: Got it from someone else
08.11 11:24:56,506|11085: TimeDiff of 54 big enough
08.11 11:24:56,506|11085: Trying to get Nameservice: ns@lab30.cpt.haw-hamburg.de
08.11 11:24:56,544|11085: Got Nameservice: ns@lab30.cpt.haw-hamburg.de
08.11 11:24:56,548|11085: Got Nameservice, trying to contact it for: 113529
08.11 11:24:56,554|11085: 113529 found, Name: 113529 Node: node5@lab29.cpt.haw-hamburg.de
08.11 11:24:56,556|11085: Abstimmung yes, sending to Next One
08.11 11:24:57,007|11085: Got Abstimmung
08.11 11:24:57,008|11085: Got it from someone else
08.11 11:24:57,009|11085: TimeDiff of 55 big enough
08.11 11:24:57,010|11085: Trying to get Nameservice: ns@lab30.cpt.haw-hamburg.de
08.11 11:24:57,016|11085: Got Nameservice: ns@lab30.cpt.haw-hamburg.de
08.11 11:24:57,017|11085: Got Nameservice, trying to contact it for: 113529
08.11 11:24:57,022|11085: 113529 found, Name: 113529 Node: node5@lab29.cpt.haw-hamburg.de
08.11 11:24:57,023|11085: Abstimmung yes, sending to Next One
08.11 11:24:58,029|11085: Got Abstimmung
08.11 11:24:58,029|11085: Got it from someone else
08.11 11:24:58,030|11085: TimeDiff of 56 big enough
08.11 11:24:58,030|11085: Trying to get Nameservice: ns@lab30.cpt.haw-hamburg.de
08.11 11:24:58,036|11085: Got Nameservice: ns@lab30.cpt.haw-hamburg.de
08.11 11:24:58,037|11085: Got Nameservice, trying to contact it for: 113529
08.11 11:24:58,042|11085: 113529 found, Name: 113529 Node: node5@lab29.cpt.haw-hamburg.de
08.11 11:24:58,043|11085: Abstimmung yes, sending to Next One
08.11 11:25:02,705|11085: Got Abstimmung
08.11 11:25:02,716|11085: Got it from someone else
08.11 11:25:02,722|11085: TimeDiff of 60 big enough
08.11 11:25:02,728|11085: Trying to get Nameservice: ns@lab30.cpt.haw-hamburg.de
08.11 11:25:02,791|11085: Got Nameservice: ns@lab30.cpt.haw-hamburg.de
08.11 11:25:02,799|11085: Got Nameservice, trying to contact it for: 113529
08.11 11:25:02,857|11085: 113529 found, Name: 113529 Node: node5@lab29.cpt.haw-hamburg.de
08.11 11:25:02,865|11085: Abstimmung yes, sending to Next One
08.11 11:25:02,512|11085: Got Abstimmung
08.11 11:25:02,513|11085: Got it from someone else
08.11 11:25:02,514|11085: TimeDiff of 60 big enough
08.11 11:25:02,515|11085: Trying to get Nameservice: ns@lab30.cpt.haw-hamburg.de
08.11 11:25:02,520|11085: Got Nameservice: ns@lab30.cpt.haw-hamburg.de
08.11 11:25:02,520|11085: Got Nameservice, trying to contact it for: 113529
08.11 11:25:02,526|11085: 113529 found, Name: 113529 Node: node5@lab29.cpt.haw-hamburg.de
08.11 11:25:02,526|11085: Abstimmung yes, sending to Next One
08.11 11:25:03,178|11085: Got Abstimmung
08.11 11:25:03,178|11085: Got it from someone else
08.11 11:25:03,179|11085: TimeDiff of 61 big enough
08.11 11:25:03,180|11085: Trying to get Nameservice: ns@lab30.cpt.haw-hamburg.de
08.11 11:25:03,214|11085: Got Nameservice: ns@lab30.cpt.haw-hamburg.de
08.11 11:25:03,215|11085: Got Nameservice, trying to contact it for: 113529
08.11 11:25:03,254|11085: 113529 found, Name: 113529 Node: node5@lab29.cpt.haw-hamburg.de
08.11 11:25:03,254|11085: Abstimmung yes, sending to Next One
08.11 11:25:03,140|11085: Got Abstimmung
08.11 11:25:03,140|11085: Got it from someone else
08.11 11:25:03,141|11085: TimeDiff of 61 big enough
08.11 11:25:03,142|11085: Trying to get Nameservice: ns@lab30.cpt.haw-hamburg.de
08.11 11:25:03,147|11085: Got Nameservice: ns@lab30.cpt.haw-hamburg.de
08.11 11:25:03,148|11085: Got Nameservice, trying to contact it for: 113529
08.11 11:25:03,154|11085: 113529 found, Name: 113529 Node: node5@lab29.cpt.haw-hamburg.de
08.11 11:25:03,154|11085: Abstimmung yes, sending to Next One
08.11 11:25:10,053|11085: Got Abstimmung
08.11 11:25:10,054|11085: Got it from someone else
08.11 11:25:10,055|11085: TimeDiff of 68 big enough
08.11 11:25:10,056|11085: Trying to get Nameservice: ns@lab30.cpt.haw-hamburg.de
08.11 11:25:10,061|11085: Got Nameservice: ns@lab30.cpt.haw-hamburg.de
08.11 11:25:10,062|11085: Got Nameservice, trying to contact it for: 113529
08.11 11:25:10,067|11085: 113529 found, Name: 113529 Node: node5@lab29.cpt.haw-hamburg.de
08.11 11:25:10,068|11085: Abstimmung yes, sending to Next One
08.11 11:25:11,760|11085: Got Abstimmung
08.11 11:25:11,761|11085: Got it from someone else
08.11 11:25:11,762|11085: TimeDiff of 69 big enough
08.11 11:25:11,762|11085: Trying to get Nameservice: ns@lab30.cpt.haw-hamburg.de
08.11 11:25:11,768|11085: Got Nameservice: ns@lab30.cpt.haw-hamburg.de
08.11 11:25:11,769|11085: Got Nameservice, trying to contact it for: 113529
08.11 11:25:11,774|11085: 113529 found, Name: 113529 Node: node5@lab29.cpt.haw-hamburg.de
08.11 11:25:11,775|11085: Abstimmung yes, sending to Next One
08.11 11:25:12,986|11085: Got Abstimmung
08.11 11:25:12,989|11085: Got it from someone else
08.11 11:25:12,990|11085: TimeDiff of 70 big enough
08.11 11:25:12,994|11085: Trying to get Nameservice: ns@lab30.cpt.haw-hamburg.de
08.11 11:25:12,052|11085: Got Nameservice: ns@lab30.cpt.haw-hamburg.de
08.11 11:25:12,055|11085: Got Nameservice, trying to contact it for: 113529
08.11 11:25:12,067|11085: 113529 found, Name: 113529 Node: node5@lab29.cpt.haw-hamburg.de
08.11 11:25:12,069|11085: Abstimmung yes, sending to Next One
08.11 11:25:13,061|11085: Got Abstimmung
08.11 11:25:13,062|11085: Got it from someone else
08.11 11:25:13,063|11085: TimeDiff of 71 big enough
08.11 11:25:13,063|11085: Trying to get Nameservice: ns@lab30.cpt.haw-hamburg.de
08.11 11:25:13,069|11085: Got Nameservice: ns@lab30.cpt.haw-hamburg.de
08.11 11:25:13,070|11085: Got Nameservice, trying to contact it for: 113529
08.11 11:25:13,075|11085: 113529 found, Name: 113529 Node: node5@lab29.cpt.haw-hamburg.de
08.11 11:25:13,076|11085: Abstimmung yes, sending to Next One
08.11 11:25:13,028|11085: Got Abstimmung
08.11 11:25:13,029|11085: Got it from someone else
08.11 11:25:13,030|11085: TimeDiff of 71 big enough
08.11 11:25:13,030|11085: Trying to get Nameservice: ns@lab30.cpt.haw-hamburg.de
08.11 11:25:13,035|11085: Got Nameservice: ns@lab30.cpt.haw-hamburg.de
08.11 11:25:13,036|11085: Got Nameservice, trying to contact it for: 113529
08.11 11:25:13,042|11085: 113529 found, Name: 113529 Node: node5@lab29.cpt.haw-hamburg.de
08.11 11:25:13,042|11085: Abstimmung yes, sending to Next One
08.11 11:25:14,006|11085: Got Nameservice: ns@lab30.cpt.haw-hamburg.de
08.11 11:25:14,007|11085: Unbinding from Nameservice
08.11 11:25:14,008|11085: Killed
