08.11 11:20:05,993|11045: Got Nameservice: ns@lab30.cpt.haw-hamburg.de
08.11 11:20:05,994|11045: Sende Nachricht an Nameservicenode: ns@lab30.cpt.haw-hamburg.de
08.11 11:20:05,995|11045: Nachricht an Nameservicenode gesendet
08.11 11:20:05,033|11045: Bind done
08.11 11:20:05,034|11045: Get Koordinator -> Get Dienst
08.11 11:20:05,035|11045: Trying to get Nameservice: ns@lab30.cpt.haw-hamburg.de
08.11 11:20:05,065|11045: Got Nameservice: ns@lab30.cpt.haw-hamburg.de
08.11 11:20:05,066|11045: Got Nameservice, trying to contact it for: chef
08.11 11:20:05,073|11045: chef found, Name: chef Node: ko@lab22.cpt.haw-hamburg.de
08.11 11:20:05,074|11045: Sende Nachricht an Koordinator: chef
08.11 11:20:05,075|11045: warte auf Nachbarmessage vom Koordinator
08.11 11:21:06,536|11045: Neighbors set. Left: 11032 Right: 11055|starting loop
08.11 11:21:12,769|11045: Starting with MI: 88803
08.11 11:21:12,769|11045: Starting new timer
08.11 11:21:15,780|11045: Trying to get Nameservice: ns@lab30.cpt.haw-hamburg.de
08.11 11:21:15,896|11045: Got Nameservice: ns@lab30.cpt.haw-hamburg.de
08.11 11:21:15,897|11045: Got Nameservice, trying to contact it for: 11055
08.11 11:21:15,022|11045: 11055 found, Name: 11055 Node: team10@lab24.cpt.haw-hamburg.de
08.11 11:21:15,023|11045: ABSTIMMUNG start
08.11 11:21:15,024|11045: Got Abstimmung
08.11 11:21:15,025|11045: Got it from someone else
08.11 11:21:15,025|11045: TimeDiff of 3 big enough
08.11 11:21:15,026|11045: Trying to get Nameservice: ns@lab30.cpt.haw-hamburg.de
08.11 11:21:15,246|11045: Got Nameservice: ns@lab30.cpt.haw-hamburg.de
08.11 11:21:15,246|11045: Got Nameservice, trying to contact it for: 11055
08.11 11:21:15,346|11045: 11055 found, Name: 11055 Node: team10@lab24.cpt.haw-hamburg.de
08.11 11:21:15,347|11045: Abstimmung yes, sending to Next One
08.11 11:21:15,348|11045: Got Abstimmung
08.11 11:21:15,349|11045: Got it from someone else
08.11 11:21:15,351|11045: TimeDiff of 3 big enough
08.11 11:21:15,352|11045: Trying to get Nameservice: ns@lab30.cpt.haw-hamburg.de
08.11 11:21:15,407|11045: Got Nameservice: ns@lab30.cpt.haw-hamburg.de
08.11 11:21:15,408|11045: Got Nameservice, trying to contact it for: 11055
08.11 11:21:15,578|11045: 11055 found, Name: 11055 Node: team10@lab24.cpt.haw-hamburg.de
08.11 11:21:15,581|11045: Abstimmung yes, sending to Next One
08.11 11:21:15,582|11045: Got Abstimmung
08.11 11:21:15,583|11045: Got it from someone else
08.11 11:21:15,584|11045: TimeDiff of 3 big enough
08.11 11:21:15,584|11045: Trying to get Nameservice: ns@lab30.cpt.haw-hamburg.de
08.11 11:21:15,685|11045: Got Nameservice: ns@lab30.cpt.haw-hamburg.de
08.11 11:21:15,689|11045: Got Nameservice, trying to contact it for: 11055
08.11 11:21:15,859|11045: 11055 found, Name: 11055 Node: team10@lab24.cpt.haw-hamburg.de
08.11 11:21:15,862|11045: Abstimmung yes, sending to Next One
08.11 11:21:15,862|11045: Got Abstimmung
08.11 11:21:15,863|11045: Got it from someone else
08.11 11:21:15,863|11045: TimeDiff of 3 big enough
08.11 11:21:15,864|11045: Trying to get Nameservice: ns@lab30.cpt.haw-hamburg.de
08.11 11:21:15,983|11045: Got Nameservice: ns@lab30.cpt.haw-hamburg.de
08.11 11:21:15,984|11045: Got Nameservice, trying to contact it for: 11055
08.11 11:21:15,997|11045: 11055 found, Name: 11055 Node: team10@lab24.cpt.haw-hamburg.de
08.11 11:21:15,001|11045: Abstimmung yes, sending to Next One
08.11 11:21:15,002|11045: Got Abstimmung
08.11 11:21:15,003|11045: Got it from someone else
08.11 11:21:15,013|11045: TimeDiff of 3 big enough
08.11 11:21:15,015|11045: Trying to get Nameservice: ns@lab30.cpt.haw-hamburg.de
08.11 11:21:15,030|11045: Got Nameservice: ns@lab30.cpt.haw-hamburg.de
08.11 11:21:15,031|11045: Got Nameservice, trying to contact it for: 11055
08.11 11:21:15,086|11045: 11055 found, Name: 11055 Node: team10@lab24.cpt.haw-hamburg.de
08.11 11:21:15,113|11045: Abstimmung yes, sending to Next One
08.11 11:21:15,125|11045: Got Abstimmung
08.11 11:21:15,125|11045: Got it from someone else
08.11 11:21:15,126|11045: TimeDiff of 3 big enough
08.11 11:21:15,127|11045: Trying to get Nameservice: ns@lab30.cpt.haw-hamburg.de
08.11 11:21:15,141|11045: Got Nameservice: ns@lab30.cpt.haw-hamburg.de
08.11 11:21:15,145|11045: Got Nameservice, trying to contact it for: 11055
08.11 11:21:15,154|11045: 11055 found, Name: 11055 Node: team10@lab24.cpt.haw-hamburg.de
08.11 11:21:15,155|11045: Abstimmung yes, sending to Next One
08.11 11:21:15,155|11045: Got Abstimmung
08.11 11:21:15,156|11045: Got it from someone else
08.11 11:21:15,157|11045: TimeDiff of 3 big enough
08.11 11:21:15,159|11045: Trying to get Nameservice: ns@lab30.cpt.haw-hamburg.de
08.11 11:21:15,174|11045: Got Nameservice: ns@lab30.cpt.haw-hamburg.de
08.11 11:21:15,177|11045: Got Nameservice, trying to contact it for: 11055
08.11 11:21:15,183|11045: 11055 found, Name: 11055 Node: team10@lab24.cpt.haw-hamburg.de
08.11 11:21:15,185|11045: Abstimmung yes, sending to Next One
08.11 11:21:15,186|11045: Got Abstimmung
08.11 11:21:15,187|11045: Got it from someone else
08.11 11:21:15,187|11045: TimeDiff of 3 big enough
08.11 11:21:15,188|11045: Trying to get Nameservice: ns@lab30.cpt.haw-hamburg.de
08.11 11:21:15,195|11045: Got Nameservice: ns@lab30.cpt.haw-hamburg.de
08.11 11:21:15,198|11045: Got Nameservice, trying to contact it for: 11055
08.11 11:21:15,202|11045: 11055 found, Name: 11055 Node: team10@lab24.cpt.haw-hamburg.de
08.11 11:21:15,203|11045: Abstimmung yes, sending to Next One
08.11 11:21:15,517|11045: Got Abstimmung
08.11 11:21:15,518|11045: Got it from someone else
08.11 11:21:15,519|11045: TimeDiff of 3 big enough
08.11 11:21:15,519|11045: Trying to get Nameservice: ns@lab30.cpt.haw-hamburg.de
08.11 11:21:15,550|11045: Got Nameservice: ns@lab30.cpt.haw-hamburg.de
08.11 11:21:15,551|11045: Got Nameservice, trying to contact it for: 11055
08.11 11:21:15,596|11045: 11055 found, Name: 11055 Node: team10@lab24.cpt.haw-hamburg.de
08.11 11:21:15,597|11045: Abstimmung yes, sending to Next One
08.11 11:21:15,667|11045: Got Abstimmung
08.11 11:21:15,670|11045: Got it from someone else
08.11 11:21:15,671|11045: TimeDiff of 3 big enough
08.11 11:21:15,671|11045: Trying to get Nameservice: ns@lab30.cpt.haw-hamburg.de
08.11 11:21:15,676|11045: Got Nameservice: ns@lab30.cpt.haw-hamburg.de
08.11 11:21:15,677|11045: Got Nameservice, trying to contact it for: 11055
08.11 11:21:15,684|11045: 11055 found, Name: 11055 Node: team10@lab24.cpt.haw-hamburg.de
08.11 11:21:15,684|11045: Abstimmung yes, sending to Next One
08.11 11:21:15,114|11045: Got Abstimmung
08.11 11:21:15,114|11045: Got it from someone else
08.11 11:21:15,115|11045: TimeDiff of 3 big enough
08.11 11:21:15,115|11045: Trying to get Nameservice: ns@lab30.cpt.haw-hamburg.de
08.11 11:21:15,121|11045: Got Nameservice: ns@lab30.cpt.haw-hamburg.de
08.11 11:21:15,122|11045: Got Nameservice, trying to contact it for: 11055
08.11 11:21:15,128|11045: 11055 found, Name: 11055 Node: team10@lab24.cpt.haw-hamburg.de
08.11 11:21:15,129|11045: Abstimmung yes, sending to Next One
08.11 11:21:15,687|11045: Got Abstimmung
08.11 11:21:15,688|11045: Got it from someone else
08.11 11:21:15,688|11045: TimeDiff of 3 big enough
08.11 11:21:15,689|11045: Trying to get Nameservice: ns@lab30.cpt.haw-hamburg.de
08.11 11:21:15,729|11045: Got Nameservice: ns@lab30.cpt.haw-hamburg.de
08.11 11:21:15,730|11045: Got Nameservice, trying to contact it for: 11055
08.11 11:21:15,773|11045: 11055 found, Name: 11055 Node: team10@lab24.cpt.haw-hamburg.de
08.11 11:21:15,773|11045: Abstimmung yes, sending to Next One
08.11 11:21:16,459|11045: Got Abstimmung
08.11 11:21:16,466|11045: Got it from someone else
08.11 11:21:16,473|11045: TimeDiff of 4 big enough
08.11 11:21:16,479|11045: Trying to get Nameservice: ns@lab30.cpt.haw-hamburg.de
08.11 11:21:16,515|11045: Got Nameservice: ns@lab30.cpt.haw-hamburg.de
08.11 11:21:16,524|11045: Got Nameservice, trying to contact it for: 11055
08.11 11:21:16,580|11045: 11055 found, Name: 11055 Node: team10@lab24.cpt.haw-hamburg.de
08.11 11:21:16,586|11045: Abstimmung yes, sending to Next One
08.11 11:21:16,692|11045: Got Abstimmung
08.11 11:21:16,700|11045: Got it from someone else
08.11 11:21:16,707|11045: TimeDiff of 4 big enough
08.11 11:21:16,712|11045: Trying to get Nameservice: ns@lab30.cpt.haw-hamburg.de
08.11 11:21:16,233|11045: Got Nameservice: ns@lab30.cpt.haw-hamburg.de
08.11 11:21:16,243|11045: Got Nameservice, trying to contact it for: 11055
08.11 11:21:16,686|11045: 11055 found, Name: 11055 Node: team10@lab24.cpt.haw-hamburg.de
08.11 11:21:16,703|11045: Abstimmung yes, sending to Next One
08.11 11:21:16,168|11045: Got Abstimmung
08.11 11:21:16,168|11045: Got it from someone else
08.11 11:21:16,169|11045: TimeDiff of 4 big enough
08.11 11:21:16,170|11045: Trying to get Nameservice: ns@lab30.cpt.haw-hamburg.de
08.11 11:21:16,212|11045: Got Nameservice: ns@lab30.cpt.haw-hamburg.de
08.11 11:21:16,213|11045: Got Nameservice, trying to contact it for: 11055
08.11 11:21:16,299|11045: 11055 found, Name: 11055 Node: team10@lab24.cpt.haw-hamburg.de
08.11 11:21:16,300|11045: Abstimmung yes, sending to Next One
08.11 11:21:16,349|11045: Got Abstimmung
08.11 11:21:16,350|11045: Got it from someone else
08.11 11:21:16,351|11045: TimeDiff of 4 big enough
08.11 11:21:16,351|11045: Trying to get Nameservice: ns@lab30.cpt.haw-hamburg.de
08.11 11:21:16,376|11045: Got Nameservice: ns@lab30.cpt.haw-hamburg.de
08.11 11:21:16,377|11045: Got Nameservice, trying to contact it for: 11055
08.11 11:21:16,384|11045: 11055 found, Name: 11055 Node: team10@lab24.cpt.haw-hamburg.de
08.11 11:21:16,385|11045: Abstimmung yes, sending to Next One
08.11 11:21:16,132|11045: Got Abstimmung
08.11 11:21:16,133|11045: Got it from someone else
08.11 11:21:16,134|11045: TimeDiff of 4 big enough
08.11 11:21:16,134|11045: Trying to get Nameservice: ns@lab30.cpt.haw-hamburg.de
08.11 11:21:16,166|11045: Got Nameservice: ns@lab30.cpt.haw-hamburg.de
08.11 11:21:16,167|11045: Got Nameservice, trying to contact it for: 11055
08.11 11:21:16,266|11045: 11055 found, Name: 11055 Node: team10@lab24.cpt.haw-hamburg.de
08.11 11:21:16,267|11045: Abstimmung yes, sending to Next One
08.11 11:21:16,847|11045: Got Abstimmung
08.11 11:21:16,847|11045: Got it from someone else
08.11 11:21:16,848|11045: TimeDiff of 4 big enough
08.11 11:21:16,848|11045: Trying to get Nameservice: ns@lab30.cpt.haw-hamburg.de
08.11 11:21:16,881|11045: Got Nameservice: ns@lab30.cpt.haw-hamburg.de
08.11 11:21:16,882|11045: Got Nameservice, trying to contact it for: 11055
08.11 11:21:16,004|11045: 11055 found, Name: 11055 Node: team10@lab24.cpt.haw-hamburg.de
08.11 11:21:16,009|11045: Abstimmung yes, sending to Next One
08.11 11:21:16,257|11045: Got Abstimmung
08.11 11:21:16,257|11045: Got it from someone else
08.11 11:21:16,258|11045: TimeDiff of 4 big enough
08.11 11:21:16,259|11045: Trying to get Nameservice: ns@lab30.cpt.haw-hamburg.de
08.11 11:21:16,282|11045: Got Nameservice: ns@lab30.cpt.haw-hamburg.de
08.11 11:21:16,283|11045: Got Nameservice, trying to contact it for: 11055
08.11 11:21:16,328|11045: 11055 found, Name: 11055 Node: team10@lab24.cpt.haw-hamburg.de
08.11 11:21:16,329|11045: Abstimmung yes, sending to Next One
08.11 11:21:16,868|11045: Got Abstimmung
08.11 11:21:16,869|11045: Got it from someone else
08.11 11:21:16,869|11045: TimeDiff of 4 big enough
08.11 11:21:16,870|11045: Trying to get Nameservice: ns@lab30.cpt.haw-hamburg.de
08.11 11:21:16,898|11045: Got Nameservice: ns@lab30.cpt.haw-hamburg.de
08.11 11:21:16,898|11045: Got Nameservice, trying to contact it for: 11055
08.11 11:21:16,951|11045: 11055 found, Name: 11055 Node: team10@lab24.cpt.haw-hamburg.de
08.11 11:21:16,952|11045: Abstimmung yes, sending to Next One
08.11 11:21:16,160|11045: Got Abstimmung
08.11 11:21:16,161|11045: Got it from someone else
08.11 11:21:16,161|11045: TimeDiff of 4 big enough
08.11 11:21:16,162|11045: Trying to get Nameservice: ns@lab30.cpt.haw-hamburg.de
08.11 11:21:16,196|11045: Got Nameservice: ns@lab30.cpt.haw-hamburg.de
08.11 11:21:16,197|11045: Got Nameservice, trying to contact it for: 11055
08.11 11:21:16,235|11045: 11055 found, Name: 11055 Node: team10@lab24.cpt.haw-hamburg.de
08.11 11:21:16,236|11045: Abstimmung yes, sending to Next One
08.11 11:21:16,242|11045: Got Abstimmung
08.11 11:21:16,243|11045: Got it from someone else
08.11 11:21:16,243|11045: TimeDiff of 4 big enough
08.11 11:21:16,244|11045: Trying to get Nameservice: ns@lab30.cpt.haw-hamburg.de
08.11 11:21:16,280|11045: Got Nameservice: ns@lab30.cpt.haw-hamburg.de
08.11 11:21:16,280|11045: Got Nameservice, trying to contact it for: 11055
08.11 11:21:16,348|11045: 11055 found, Name: 11055 Node: team10@lab24.cpt.haw-hamburg.de
08.11 11:21:16,348|11045: Abstimmung yes, sending to Next One
08.11 11:21:16,269|11045: Got Abstimmung
08.11 11:21:16,270|11045: Got it from someone else
08.11 11:21:16,271|11045: TimeDiff of 4 big enough
08.11 11:21:16,271|11045: Trying to get Nameservice: ns@lab30.cpt.haw-hamburg.de
08.11 11:21:16,335|11045: Got Nameservice: ns@lab30.cpt.haw-hamburg.de
08.11 11:21:16,336|11045: Got Nameservice, trying to contact it for: 11055
08.11 11:21:16,378|11045: 11055 found, Name: 11055 Node: team10@lab24.cpt.haw-hamburg.de
08.11 11:21:16,379|11045: Abstimmung yes, sending to Next One
08.11 11:21:17,340|11045: Got Abstimmung
08.11 11:21:17,341|11045: Got it from someone else
08.11 11:21:17,341|11045: TimeDiff of 5 big enough
08.11 11:21:17,342|11045: Trying to get Nameservice: ns@lab30.cpt.haw-hamburg.de
08.11 11:21:17,351|11045: Got Nameservice: ns@lab30.cpt.haw-hamburg.de
08.11 11:21:17,352|11045: Got Nameservice, trying to contact it for: 11055
08.11 11:21:17,400|11045: 11055 found, Name: 11055 Node: team10@lab24.cpt.haw-hamburg.de
08.11 11:21:17,402|11045: Abstimmung yes, sending to Next One
08.11 11:21:17,088|11045: Got Abstimmung
08.11 11:21:17,089|11045: Got it from someone else
08.11 11:21:17,090|11045: TimeDiff of 5 big enough
08.11 11:21:17,090|11045: Trying to get Nameservice: ns@lab30.cpt.haw-hamburg.de
08.11 11:21:17,111|11045: Got Nameservice: ns@lab30.cpt.haw-hamburg.de
08.11 11:21:17,112|11045: Got Nameservice, trying to contact it for: 11055
08.11 11:21:17,180|11045: 11055 found, Name: 11055 Node: team10@lab24.cpt.haw-hamburg.de
08.11 11:21:17,181|11045: Abstimmung yes, sending to Next One
08.11 11:21:18,893|11045: Got Abstimmung
08.11 11:21:18,901|11045: Got it from someone else
08.11 11:21:18,907|11045: TimeDiff of 6 big enough
08.11 11:21:18,913|11045: Trying to get Nameservice: ns@lab30.cpt.haw-hamburg.de
08.11 11:21:18,305|11045: Got Nameservice: ns@lab30.cpt.haw-hamburg.de
08.11 11:21:18,313|11045: Got Nameservice, trying to contact it for: 11055
08.11 11:21:18,699|11045: 11055 found, Name: 11055 Node: team10@lab24.cpt.haw-hamburg.de
08.11 11:21:18,706|11045: Abstimmung yes, sending to Next One
08.11 11:21:18,001|11045: Got Abstimmung
08.11 11:21:18,001|11045: Got it from someone else
08.11 11:21:18,002|11045: TimeDiff of 6 big enough
08.11 11:21:18,003|11045: Trying to get Nameservice: ns@lab30.cpt.haw-hamburg.de
08.11 11:21:18,041|11045: Got Nameservice: ns@lab30.cpt.haw-hamburg.de
08.11 11:21:18,041|11045: Got Nameservice, trying to contact it for: 11055
08.11 11:21:18,062|11045: 11055 found, Name: 11055 Node: team10@lab24.cpt.haw-hamburg.de
08.11 11:21:18,063|11045: Abstimmung yes, sending to Next One
08.11 11:21:19,530|11045: Got Abstimmung
08.11 11:21:19,539|11045: Got it from someone else
08.11 11:21:19,549|11045: TimeDiff of 7 big enough
08.11 11:21:19,556|11045: Trying to get Nameservice: ns@lab30.cpt.haw-hamburg.de
08.11 11:21:19,875|11045: Got Nameservice: ns@lab30.cpt.haw-hamburg.de
08.11 11:21:19,884|11045: Got Nameservice, trying to contact it for: 11055
08.11 11:21:19,558|11045: 11055 found, Name: 11055 Node: team10@lab24.cpt.haw-hamburg.de
08.11 11:21:19,567|11045: Abstimmung yes, sending to Next One
08.11 11:21:19,039|11045: Got Abstimmung
08.11 11:21:19,041|11045: Got it from someone else
08.11 11:21:19,042|11045: TimeDiff of 7 big enough
08.11 11:21:19,043|11045: Trying to get Nameservice: ns@lab30.cpt.haw-hamburg.de
08.11 11:21:19,079|11045: Got Nameservice: ns@lab30.cpt.haw-hamburg.de
08.11 11:21:19,080|11045: Got Nameservice, trying to contact it for: 11055
08.11 11:21:19,127|11045: 11055 found, Name: 11055 Node: team10@lab24.cpt.haw-hamburg.de
08.11 11:21:19,127|11045: Abstimmung yes, sending to Next One
08.11 11:21:19,245|11045: Got Abstimmung
08.11 11:21:19,246|11045: Got it from someone else
08.11 11:21:19,246|11045: TimeDiff of 7 big enough
08.11 11:21:19,247|11045: Trying to get Nameservice: ns@lab30.cpt.haw-hamburg.de
08.11 11:21:19,257|11045: Got Nameservice: ns@lab30.cpt.haw-hamburg.de
08.11 11:21:19,257|11045: Got Nameservice, trying to contact it for: 11055
08.11 11:21:19,336|11045: 11055 found, Name: 11055 Node: team10@lab24.cpt.haw-hamburg.de
08.11 11:21:19,338|11045: Abstimmung yes, sending to Next One
08.11 11:21:19,171|11045: Got Abstimmung
08.11 11:21:19,172|11045: Got it from someone else
08.11 11:21:19,173|11045: TimeDiff of 7 big enough
08.11 11:21:19,173|11045: Trying to get Nameservice: ns@lab30.cpt.haw-hamburg.de
08.11 11:21:19,204|11045: Got Nameservice: ns@lab30.cpt.haw-hamburg.de
08.11 11:21:19,205|11045: Got Nameservice, trying to contact it for: 11055
08.11 11:21:19,233|11045: 11055 found, Name: 11055 Node: team10@lab24.cpt.haw-hamburg.de
08.11 11:21:19,233|11045: Abstimmung yes, sending to Next One
08.11 11:21:20,823|11045: Got Abstimmung
08.11 11:21:20,823|11045: Got it from someone else
08.11 11:21:20,824|11045: TimeDiff of 8 big enough
08.11 11:21:20,824|11045: Trying to get Nameservice: ns@lab30.cpt.haw-hamburg.de
08.11 11:21:20,857|11045: Got Nameservice: ns@lab30.cpt.haw-hamburg.de
08.11 11:21:20,857|11045: Got Nameservice, trying to contact it for: 11055
08.11 11:21:20,862|11045: 11055 found, Name: 11055 Node: team10@lab24.cpt.haw-hamburg.de
08.11 11:21:20,863|11045: Abstimmung yes, sending to Next One
08.11 11:21:20,824|11045: Got Abstimmung
08.11 11:21:20,825|11045: Got it from someone else
08.11 11:21:20,826|11045: TimeDiff of 8 big enough
08.11 11:21:20,826|11045: Trying to get Nameservice: ns@lab30.cpt.haw-hamburg.de
08.11 11:21:20,857|11045: Got Nameservice: ns@lab30.cpt.haw-hamburg.de
08.11 11:21:20,857|11045: Got Nameservice, trying to contact it for: 11055
08.11 11:21:20,863|11045: 11055 found, Name: 11055 Node: team10@lab24.cpt.haw-hamburg.de
08.11 11:21:20,863|11045: Abstimmung yes, sending to Next One
08.11 11:21:25,877|11045: Got Abstimmung
08.11 11:21:25,878|11045: Got it from someone else
08.11 11:21:25,879|11045: TimeDiff of 13 big enough
08.11 11:21:25,879|11045: Trying to get Nameservice: ns@lab30.cpt.haw-hamburg.de
08.11 11:21:25,909|11045: Got Nameservice: ns@lab30.cpt.haw-hamburg.de
08.11 11:21:25,910|11045: Got Nameservice, trying to contact it for: 11055
08.11 11:21:25,923|11045: 11055 found, Name: 11055 Node: team10@lab24.cpt.haw-hamburg.de
08.11 11:21:25,924|11045: Abstimmung yes, sending to Next One
08.11 11:21:25,741|11045: Got Abstimmung
08.11 11:21:25,742|11045: Got it from someone else
08.11 11:21:25,742|11045: TimeDiff of 13 big enough
08.11 11:21:25,743|11045: Trying to get Nameservice: ns@lab30.cpt.haw-hamburg.de
08.11 11:21:25,773|11045: Got Nameservice: ns@lab30.cpt.haw-hamburg.de
08.11 11:21:25,773|11045: Got Nameservice, trying to contact it for: 11055
08.11 11:21:25,778|11045: 11055 found, Name: 11055 Node: team10@lab24.cpt.haw-hamburg.de
08.11 11:21:25,779|11045: Abstimmung yes, sending to Next One
08.11 11:21:26,080|11045: Got Abstimmung
08.11 11:21:26,081|11045: Got it from someone else
08.11 11:21:26,082|11045: TimeDiff of 14 big enough
08.11 11:21:26,082|11045: Trying to get Nameservice: ns@lab30.cpt.haw-hamburg.de
08.11 11:21:26,165|11045: Got Nameservice: ns@lab30.cpt.haw-hamburg.de
08.11 11:21:26,166|11045: Got Nameservice, trying to contact it for: 11055
08.11 11:21:26,171|11045: 11055 found, Name: 11055 Node: team10@lab24.cpt.haw-hamburg.de
08.11 11:21:26,172|11045: Abstimmung yes, sending to Next One
08.11 11:21:26,133|11045: Got Abstimmung
08.11 11:21:26,134|11045: Got it from someone else
08.11 11:21:26,135|11045: TimeDiff of 14 big enough
08.11 11:21:26,136|11045: Trying to get Nameservice: ns@lab30.cpt.haw-hamburg.de
08.11 11:21:26,174|11045: Got Nameservice: ns@lab30.cpt.haw-hamburg.de
08.11 11:21:26,175|11045: Got Nameservice, trying to contact it for: 11055
08.11 11:21:26,180|11045: 11055 found, Name: 11055 Node: team10@lab24.cpt.haw-hamburg.de
08.11 11:21:26,181|11045: Abstimmung yes, sending to Next One
08.11 11:21:26,883|11045: Got Abstimmung
08.11 11:21:26,883|11045: Got it from someone else
08.11 11:21:26,884|11045: TimeDiff of 14 big enough
08.11 11:21:26,886|11045: Trying to get Nameservice: ns@lab30.cpt.haw-hamburg.de
08.11 11:21:26,918|11045: Got Nameservice: ns@lab30.cpt.haw-hamburg.de
08.11 11:21:26,921|11045: Got Nameservice, trying to contact it for: 11055
08.11 11:21:26,926|11045: 11055 found, Name: 11055 Node: team10@lab24.cpt.haw-hamburg.de
08.11 11:21:26,926|11045: Abstimmung yes, sending to Next One
08.11 11:21:27,376|11045: Got Abstimmung
08.11 11:21:27,377|11045: Got it from someone else
08.11 11:21:27,377|11045: TimeDiff of 15 big enough
08.11 11:21:27,378|11045: Trying to get Nameservice: ns@lab30.cpt.haw-hamburg.de
08.11 11:21:27,413|11045: Got Nameservice: ns@lab30.cpt.haw-hamburg.de
08.11 11:21:27,413|11045: Got Nameservice, trying to contact it for: 11055
08.11 11:21:27,417|11045: 11055 found, Name: 11055 Node: team10@lab24.cpt.haw-hamburg.de
08.11 11:21:27,418|11045: Abstimmung yes, sending to Next One
08.11 11:21:27,415|11045: Got Abstimmung
08.11 11:21:27,416|11045: Got it from someone else
08.11 11:21:27,416|11045: TimeDiff of 15 big enough
08.11 11:21:27,417|11045: Trying to get Nameservice: ns@lab30.cpt.haw-hamburg.de
08.11 11:21:27,466|11045: Got Nameservice: ns@lab30.cpt.haw-hamburg.de
08.11 11:21:27,466|11045: Got Nameservice, trying to contact it for: 11055
08.11 11:21:27,472|11045: 11055 found, Name: 11055 Node: team10@lab24.cpt.haw-hamburg.de
08.11 11:21:27,472|11045: Abstimmung yes, sending to Next One
08.11 11:21:28,574|11045: Got Abstimmung
08.11 11:21:28,574|11045: Got it from someone else
08.11 11:21:28,575|11045: TimeDiff of 16 big enough
08.11 11:21:28,576|11045: Trying to get Nameservice: ns@lab30.cpt.haw-hamburg.de
08.11 11:21:28,640|11045: Got Nameservice: ns@lab30.cpt.haw-hamburg.de
08.11 11:21:28,642|11045: Got Nameservice, trying to contact it for: 11055
08.11 11:21:28,673|11045: 11055 found, Name: 11055 Node: team10@lab24.cpt.haw-hamburg.de
08.11 11:21:28,675|11045: Abstimmung yes, sending to Next One
08.11 11:21:29,367|11045: Got Abstimmung
08.11 11:21:29,375|11045: Got it from someone else
08.11 11:21:29,381|11045: TimeDiff of 17 big enough
08.11 11:21:29,387|11045: Trying to get Nameservice: ns@lab30.cpt.haw-hamburg.de
08.11 11:21:29,614|11045: Got Nameservice: ns@lab30.cpt.haw-hamburg.de
08.11 11:21:29,622|11045: Got Nameservice, trying to contact it for: 11055
08.11 11:21:29,687|11045: 11055 found, Name: 11055 Node: team10@lab24.cpt.haw-hamburg.de
08.11 11:21:29,701|11045: Abstimmung yes, sending to Next One
08.11 11:21:30,497|11045: Got Abstimmung
08.11 11:21:30,498|11045: Got it from someone else
08.11 11:21:30,498|11045: TimeDiff of 18 big enough
08.11 11:21:30,499|11045: Trying to get Nameservice: ns@lab30.cpt.haw-hamburg.de
08.11 11:21:30,505|11045: Got Nameservice: ns@lab30.cpt.haw-hamburg.de
08.11 11:21:30,506|11045: Got Nameservice, trying to contact it for: 11055
08.11 11:21:30,511|11045: 11055 found, Name: 11055 Node: team10@lab24.cpt.haw-hamburg.de
08.11 11:21:30,512|11045: Abstimmung yes, sending to Next One
08.11 11:21:33,530|11045: Got Abstimmung
08.11 11:21:33,531|11045: Got it from someone else
08.11 11:21:33,531|11045: TimeDiff of 21 big enough
08.11 11:21:33,532|11045: Trying to get Nameservice: ns@lab30.cpt.haw-hamburg.de
08.11 11:21:33,564|11045: Got Nameservice: ns@lab30.cpt.haw-hamburg.de
08.11 11:21:33,565|11045: Got Nameservice, trying to contact it for: 11055
08.11 11:21:33,571|11045: 11055 found, Name: 11055 Node: team10@lab24.cpt.haw-hamburg.de
08.11 11:21:33,571|11045: Abstimmung yes, sending to Next One
08.11 11:21:36,060|11045: Got Abstimmung
08.11 11:21:36,060|11045: Got it from someone else
08.11 11:21:36,061|11045: TimeDiff of 24 big enough
08.11 11:21:36,062|11045: Trying to get Nameservice: ns@lab30.cpt.haw-hamburg.de
08.11 11:21:36,067|11045: Got Nameservice: ns@lab30.cpt.haw-hamburg.de
08.11 11:21:36,067|11045: Got Nameservice, trying to contact it for: 11055
08.11 11:21:36,090|11045: 11055 found, Name: 11055 Node: team10@lab24.cpt.haw-hamburg.de
08.11 11:21:36,091|11045: Abstimmung yes, sending to Next One
08.11 11:21:37,804|11045: Got Abstimmung
08.11 11:21:37,882|11045: Got it from someone else
08.11 11:21:37,941|11045: TimeDiff of 25 big enough
08.11 11:21:37,002|11045: Trying to get Nameservice: ns@lab30.cpt.haw-hamburg.de
08.11 11:21:37,557|11045: Got Nameservice: ns@lab30.cpt.haw-hamburg.de
08.11 11:21:37,637|11045: Got Nameservice, trying to contact it for: 11055
08.11 11:21:37,125|11045: 11055 found, Name: 11055 Node: team10@lab24.cpt.haw-hamburg.de
08.11 11:21:37,130|11045: Abstimmung yes, sending to Next One
08.11 11:21:37,486|11045: Got Abstimmung
08.11 11:21:37,487|11045: Got it from someone else
08.11 11:21:37,487|11045: TimeDiff of 25 big enough
08.11 11:21:37,488|11045: Trying to get Nameservice: ns@lab30.cpt.haw-hamburg.de
08.11 11:21:37,518|11045: Got Nameservice: ns@lab30.cpt.haw-hamburg.de
08.11 11:21:37,519|11045: Got Nameservice, trying to contact it for: 11055
08.11 11:21:37,524|11045: 11055 found, Name: 11055 Node: team10@lab24.cpt.haw-hamburg.de
08.11 11:21:37,525|11045: Abstimmung yes, sending to Next One
08.11 11:21:37,995|11045: Got Abstimmung
08.11 11:21:37,996|11045: Got it from someone else
08.11 11:21:37,997|11045: TimeDiff of 25 big enough
08.11 11:21:37,997|11045: Trying to get Nameservice: ns@lab30.cpt.haw-hamburg.de
08.11 11:21:37,034|11045: Got Nameservice: ns@lab30.cpt.haw-hamburg.de
08.11 11:21:37,034|11045: Got Nameservice, trying to contact it for: 11055
08.11 11:21:37,038|11045: 11055 found, Name: 11055 Node: team10@lab24.cpt.haw-hamburg.de
08.11 11:21:37,038|11045: Abstimmung yes, sending to Next One
08.11 11:21:37,544|11045: Got Abstimmung
08.11 11:21:37,545|11045: Got it from someone else
08.11 11:21:37,546|11045: TimeDiff of 25 big enough
08.11 11:21:37,546|11045: Trying to get Nameservice: ns@lab30.cpt.haw-hamburg.de
08.11 11:21:37,556|11045: Got Nameservice: ns@lab30.cpt.haw-hamburg.de
08.11 11:21:37,556|11045: Got Nameservice, trying to contact it for: 11055
08.11 11:21:37,562|11045: 11055 found, Name: 11055 Node: team10@lab24.cpt.haw-hamburg.de
08.11 11:21:37,563|11045: Abstimmung yes, sending to Next One
08.11 11:21:38,390|11045: Got Abstimmung
08.11 11:21:38,390|11045: Got it from someone else
08.11 11:21:38,391|11045: TimeDiff of 26 big enough
08.11 11:21:38,391|11045: Trying to get Nameservice: ns@lab30.cpt.haw-hamburg.de
08.11 11:21:38,424|11045: Got Nameservice: ns@lab30.cpt.haw-hamburg.de
08.11 11:21:38,427|11045: Got Nameservice, trying to contact it for: 11055
08.11 11:21:38,478|11045: 11055 found, Name: 11055 Node: team10@lab24.cpt.haw-hamburg.de
08.11 11:21:38,500|11045: Abstimmung yes, sending to Next One
08.11 11:21:38,005|11045: Got Abstimmung
08.11 11:21:38,005|11045: Got it from someone else
08.11 11:21:38,006|11045: TimeDiff of 26 big enough
08.11 11:21:38,006|11045: Trying to get Nameservice: ns@lab30.cpt.haw-hamburg.de
08.11 11:21:38,054|11045: Got Nameservice: ns@lab30.cpt.haw-hamburg.de
08.11 11:21:38,055|11045: Got Nameservice, trying to contact it for: 11055
08.11 11:21:38,062|11045: 11055 found, Name: 11055 Node: team10@lab24.cpt.haw-hamburg.de
08.11 11:21:38,063|11045: Abstimmung yes, sending to Next One
08.11 11:21:39,758|11045: Got Y: 117
08.11 11:21:39,759|11045: Starting new timer
08.11 11:21:39,760|11045: Caculating new MI: 117 Y: 117
08.11 11:21:39,815|11045: Trying to get Nameservice: ns@lab30.cpt.haw-hamburg.de
08.11 11:21:39,825|11045: Got Nameservice: ns@lab30.cpt.haw-hamburg.de
08.11 11:21:39,825|11045: Got Nameservice, trying to contact it for: 11032
08.11 11:21:39,856|11045: 11032 found, Name: 11032 Node: team10@lab24.cpt.haw-hamburg.de
08.11 11:21:39,858|11045: Sending Y: 117 to Left
08.11 11:21:39,861|11045: Trying to get Nameservice: ns@lab30.cpt.haw-hamburg.de
08.11 11:21:39,903|11045: Got Nameservice: ns@lab30.cpt.haw-hamburg.de
08.11 11:21:39,904|11045: Got Nameservice, trying to contact it for: 11055
08.11 11:21:39,935|11045: 11055 found, Name: 11055 Node: team10@lab24.cpt.haw-hamburg.de
08.11 11:21:39,935|11045: Sending Y: 117 to Right
08.11 11:21:39,936|11045: Get Koordinator -> Get Dienst
08.11 11:21:39,937|11045: Trying to get Nameservice: ns@lab30.cpt.haw-hamburg.de
08.11 11:21:39,969|11045: Got Nameservice: ns@lab30.cpt.haw-hamburg.de
08.11 11:21:39,970|11045: Got Nameservice, trying to contact it for: chef
08.11 11:21:39,006|11045: chef found, Name: chef Node: ko@lab22.cpt.haw-hamburg.de
08.11 11:21:39,007|11045: BriefMi to Koord: 117
08.11 11:21:39,085|11045: Got Y: 117
08.11 11:21:39,086|11045: Killing old timer in Y
08.11 11:21:39,087|11045: Starting new timer
08.11 11:21:39,087|11045: New Y: 117 >= Mi: 117
08.11 11:21:39,349|11045: Got Y: 26
08.11 11:21:39,350|11045: Killing old timer in Y
08.11 11:21:39,350|11045: Starting new timer
08.11 11:21:39,351|11045: Caculating new MI: 13 Y: 26
08.11 11:21:39,392|11045: Trying to get Nameservice: ns@lab30.cpt.haw-hamburg.de
08.11 11:21:39,420|11045: Got Nameservice: ns@lab30.cpt.haw-hamburg.de
08.11 11:21:39,421|11045: Got Nameservice, trying to contact it for: 11032
08.11 11:21:39,478|11045: 11032 found, Name: 11032 Node: team10@lab24.cpt.haw-hamburg.de
08.11 11:21:39,480|11045: Sending Y: 13 to Left
08.11 11:21:39,481|11045: Trying to get Nameservice: ns@lab30.cpt.haw-hamburg.de
08.11 11:21:39,516|11045: Got Nameservice: ns@lab30.cpt.haw-hamburg.de
08.11 11:21:39,517|11045: Got Nameservice, trying to contact it for: 11055
08.11 11:21:39,608|11045: 11055 found, Name: 11055 Node: team10@lab24.cpt.haw-hamburg.de
08.11 11:21:39,610|11045: Sending Y: 13 to Right
08.11 11:21:39,612|11045: Get Koordinator -> Get Dienst
08.11 11:21:39,615|11045: Trying to get Nameservice: ns@lab30.cpt.haw-hamburg.de
08.11 11:21:39,631|11045: Got Nameservice: ns@lab30.cpt.haw-hamburg.de
08.11 11:21:39,633|11045: Got Nameservice, trying to contact it for: chef
08.11 11:21:39,676|11045: chef found, Name: chef Node: ko@lab22.cpt.haw-hamburg.de
08.11 11:21:39,677|11045: BriefMi to Koord: 13
08.11 11:21:39,677|11045: Got Y: 13
08.11 11:21:39,678|11045: Killing old timer in Y
08.11 11:21:39,678|11045: Starting new timer
08.11 11:21:39,679|11045: New Y: 13 >= Mi: 13
08.11 11:21:39,748|11045: Got Y: 13
08.11 11:21:39,749|11045: Killing old timer in Y
08.11 11:21:39,749|11045: Starting new timer
08.11 11:21:39,750|11045: New Y: 13 >= Mi: 13
08.11 11:21:42,531|11045: Got Abstimmung
08.11 11:21:42,533|11045: Got it from someone else
08.11 11:21:42,539|11045: TimeDiff of 3 big enough
08.11 11:21:42,540|11045: Trying to get Nameservice: ns@lab30.cpt.haw-hamburg.de
08.11 11:21:42,563|11045: Got Nameservice: ns@lab30.cpt.haw-hamburg.de
08.11 11:21:42,564|11045: Got Nameservice, trying to contact it for: 11055
08.11 11:21:42,636|11045: 11055 found, Name: 11055 Node: team10@lab24.cpt.haw-hamburg.de
08.11 11:21:42,636|11045: Abstimmung yes, sending to Next One
08.11 11:21:42,762|11045: Trying to get Nameservice: ns@lab30.cpt.haw-hamburg.de
08.11 11:21:42,799|11045: Got Nameservice: ns@lab30.cpt.haw-hamburg.de
08.11 11:21:42,799|11045: Got Nameservice, trying to contact it for: 11055
08.11 11:21:42,804|11045: 11055 found, Name: 11055 Node: team10@lab24.cpt.haw-hamburg.de
08.11 11:21:42,805|11045: ABSTIMMUNG start
08.11 11:21:42,532|11045: Got Abstimmung
08.11 11:21:42,533|11045: Got it from someone else
08.11 11:21:42,533|11045: TimeDiff of 3 big enough
08.11 11:21:42,534|11045: Trying to get Nameservice: ns@lab30.cpt.haw-hamburg.de
08.11 11:21:42,566|11045: Got Nameservice: ns@lab30.cpt.haw-hamburg.de
08.11 11:21:42,566|11045: Got Nameservice, trying to contact it for: 11055
08.11 11:21:42,593|11045: 11055 found, Name: 11055 Node: team10@lab24.cpt.haw-hamburg.de
08.11 11:21:42,594|11045: Abstimmung yes, sending to Next One
08.11 11:21:42,215|11045: Got Abstimmung
08.11 11:21:42,216|11045: Got it from someone else
08.11 11:21:42,218|11045: TimeDiff of 3 big enough
08.11 11:21:42,219|11045: Trying to get Nameservice: ns@lab30.cpt.haw-hamburg.de
08.11 11:21:42,361|11045: Got Nameservice: ns@lab30.cpt.haw-hamburg.de
08.11 11:21:42,361|11045: Got Nameservice, trying to contact it for: 11055
08.11 11:21:42,366|11045: 11055 found, Name: 11055 Node: team10@lab24.cpt.haw-hamburg.de
08.11 11:21:42,366|11045: Abstimmung yes, sending to Next One
08.11 11:21:43,497|11045: Got Abstimmung
08.11 11:21:43,497|11045: Got it from someone else
08.11 11:21:43,498|11045: TimeDiff of 4 big enough
08.11 11:21:43,499|11045: Trying to get Nameservice: ns@lab30.cpt.haw-hamburg.de
08.11 11:21:43,549|11045: Got Nameservice: ns@lab30.cpt.haw-hamburg.de
08.11 11:21:43,553|11045: Got Nameservice, trying to contact it for: 11055
08.11 11:21:43,609|11045: 11055 found, Name: 11055 Node: team10@lab24.cpt.haw-hamburg.de
08.11 11:21:43,638|11045: Abstimmung yes, sending to Next One
08.11 11:21:43,279|11045: Got Abstimmung
08.11 11:21:43,280|11045: Got it from someone else
08.11 11:21:43,280|11045: TimeDiff of 4 big enough
08.11 11:21:43,281|11045: Trying to get Nameservice: ns@lab30.cpt.haw-hamburg.de
08.11 11:21:43,313|11045: Got Nameservice: ns@lab30.cpt.haw-hamburg.de
08.11 11:21:43,314|11045: Got Nameservice, trying to contact it for: 11055
08.11 11:21:43,320|11045: 11055 found, Name: 11055 Node: team10@lab24.cpt.haw-hamburg.de
08.11 11:21:43,322|11045: Abstimmung yes, sending to Next One
08.11 11:21:43,724|11045: Got Abstimmung
08.11 11:21:43,725|11045: Got it from someone else
08.11 11:21:43,726|11045: TimeDiff of 4 big enough
08.11 11:21:43,727|11045: Trying to get Nameservice: ns@lab30.cpt.haw-hamburg.de
08.11 11:21:43,742|11045: Got Nameservice: ns@lab30.cpt.haw-hamburg.de
08.11 11:21:43,743|11045: Got Nameservice, trying to contact it for: 11055
08.11 11:21:43,749|11045: 11055 found, Name: 11055 Node: team10@lab24.cpt.haw-hamburg.de
08.11 11:21:43,750|11045: Abstimmung yes, sending to Next One
08.11 11:21:44,099|11045: Got Abstimmung
08.11 11:21:44,100|11045: Got it from someone else
08.11 11:21:44,101|11045: TimeDiff of 5 big enough
08.11 11:21:44,102|11045: Trying to get Nameservice: ns@lab30.cpt.haw-hamburg.de
08.11 11:21:44,131|11045: Got Nameservice: ns@lab30.cpt.haw-hamburg.de
08.11 11:21:44,132|11045: Got Nameservice, trying to contact it for: 11055
08.11 11:21:44,137|11045: 11055 found, Name: 11055 Node: team10@lab24.cpt.haw-hamburg.de
08.11 11:21:44,137|11045: Abstimmung yes, sending to Next One
08.11 11:21:46,012|11045: Got Abstimmung
08.11 11:21:46,013|11045: Got it from someone else
08.11 11:21:46,014|11045: TimeDiff of 7 big enough
08.11 11:21:46,014|11045: Trying to get Nameservice: ns@lab30.cpt.haw-hamburg.de
08.11 11:21:46,021|11045: Got Nameservice: ns@lab30.cpt.haw-hamburg.de
08.11 11:21:46,021|11045: Got Nameservice, trying to contact it for: 11055
08.11 11:21:46,057|11045: 11055 found, Name: 11055 Node: team10@lab24.cpt.haw-hamburg.de
08.11 11:21:46,057|11045: Abstimmung yes, sending to Next One
08.11 11:21:47,570|11045: Got Abstimmung
08.11 11:21:47,571|11045: Got it from someone else
08.11 11:21:47,572|11045: TimeDiff of 8 big enough
08.11 11:21:47,572|11045: Trying to get Nameservice: ns@lab30.cpt.haw-hamburg.de
08.11 11:21:47,599|11045: Got Nameservice: ns@lab30.cpt.haw-hamburg.de
08.11 11:21:47,600|11045: Got Nameservice, trying to contact it for: 11055
08.11 11:21:47,606|11045: 11055 found, Name: 11055 Node: team10@lab24.cpt.haw-hamburg.de
08.11 11:21:47,607|11045: Abstimmung yes, sending to Next One
08.11 11:21:47,577|11045: Got Abstimmung
08.11 11:21:47,578|11045: Got it from someone else
08.11 11:21:47,578|11045: TimeDiff of 8 big enough
08.11 11:21:47,579|11045: Trying to get Nameservice: ns@lab30.cpt.haw-hamburg.de
08.11 11:21:47,611|11045: Got Nameservice: ns@lab30.cpt.haw-hamburg.de
08.11 11:21:47,612|11045: Got Nameservice, trying to contact it for: 11055
08.11 11:21:47,617|11045: 11055 found, Name: 11055 Node: team10@lab24.cpt.haw-hamburg.de
08.11 11:21:47,618|11045: Abstimmung yes, sending to Next One
08.11 11:21:47,309|11045: Got Abstimmung
08.11 11:21:47,310|11045: Got it from someone else
08.11 11:21:47,310|11045: TimeDiff of 8 big enough
08.11 11:21:47,311|11045: Trying to get Nameservice: ns@lab30.cpt.haw-hamburg.de
08.11 11:21:47,317|11045: Got Nameservice: ns@lab30.cpt.haw-hamburg.de
08.11 11:21:47,317|11045: Got Nameservice, trying to contact it for: 11055
08.11 11:21:47,337|11045: 11055 found, Name: 11055 Node: team10@lab24.cpt.haw-hamburg.de
08.11 11:21:47,338|11045: Abstimmung yes, sending to Next One
08.11 11:21:50,179|11045: Got Abstimmung
08.11 11:21:50,180|11045: Got it from someone else
08.11 11:21:50,180|11045: TimeDiff of 11 big enough
08.11 11:21:50,181|11045: Trying to get Nameservice: ns@lab30.cpt.haw-hamburg.de
08.11 11:21:50,238|11045: Got Nameservice: ns@lab30.cpt.haw-hamburg.de
08.11 11:21:50,241|11045: Got Nameservice, trying to contact it for: 11055
08.11 11:21:50,284|11045: 11055 found, Name: 11055 Node: team10@lab24.cpt.haw-hamburg.de
08.11 11:21:50,308|11045: Abstimmung yes, sending to Next One
08.11 11:21:50,248|11045: Got Abstimmung
08.11 11:21:50,251|11045: Got it from someone else
08.11 11:21:50,254|11045: TimeDiff of 11 big enough
08.11 11:21:50,255|11045: Trying to get Nameservice: ns@lab30.cpt.haw-hamburg.de
08.11 11:21:50,286|11045: Got Nameservice: ns@lab30.cpt.haw-hamburg.de
08.11 11:21:50,287|11045: Got Nameservice, trying to contact it for: 11055
08.11 11:21:50,293|11045: 11055 found, Name: 11055 Node: team10@lab24.cpt.haw-hamburg.de
08.11 11:21:50,294|11045: Abstimmung yes, sending to Next One
08.11 11:21:51,884|11045: Got Abstimmung
08.11 11:21:51,885|11045: Got it from someone else
08.11 11:21:51,885|11045: TimeDiff of 12 big enough
08.11 11:21:51,886|11045: Trying to get Nameservice: ns@lab30.cpt.haw-hamburg.de
08.11 11:21:51,896|11045: Got Nameservice: ns@lab30.cpt.haw-hamburg.de
08.11 11:21:51,896|11045: Got Nameservice, trying to contact it for: 11055
08.11 11:21:51,900|11045: 11055 found, Name: 11055 Node: team10@lab24.cpt.haw-hamburg.de
08.11 11:21:51,901|11045: Abstimmung yes, sending to Next One
08.11 11:21:51,144|11045: Got Abstimmung
08.11 11:21:51,144|11045: Got it from someone else
08.11 11:21:51,145|11045: TimeDiff of 12 big enough
08.11 11:21:51,145|11045: Trying to get Nameservice: ns@lab30.cpt.haw-hamburg.de
08.11 11:21:51,188|11045: Got Nameservice: ns@lab30.cpt.haw-hamburg.de
08.11 11:21:51,189|11045: Got Nameservice, trying to contact it for: 11055
08.11 11:21:51,263|11045: 11055 found, Name: 11055 Node: team10@lab24.cpt.haw-hamburg.de
08.11 11:21:51,264|11045: Abstimmung yes, sending to Next One
08.11 11:21:55,272|11045: Got Abstimmung
08.11 11:21:55,273|11045: Got it from someone else
08.11 11:21:55,274|11045: TimeDiff of 16 big enough
08.11 11:21:55,274|11045: Trying to get Nameservice: ns@lab30.cpt.haw-hamburg.de
08.11 11:21:55,343|11045: Got Nameservice: ns@lab30.cpt.haw-hamburg.de
08.11 11:21:55,344|11045: Got Nameservice, trying to contact it for: 11055
08.11 11:21:55,372|11045: 11055 found, Name: 11055 Node: team10@lab24.cpt.haw-hamburg.de
08.11 11:21:55,375|11045: Abstimmung yes, sending to Next One
08.11 11:21:55,810|11045: Got Abstimmung
08.11 11:21:55,811|11045: Got it from someone else
08.11 11:21:55,812|11045: TimeDiff of 16 big enough
08.11 11:21:55,812|11045: Trying to get Nameservice: ns@lab30.cpt.haw-hamburg.de
08.11 11:21:55,845|11045: Got Nameservice: ns@lab30.cpt.haw-hamburg.de
08.11 11:21:55,847|11045: Got Nameservice, trying to contact it for: 11055
08.11 11:21:55,882|11045: 11055 found, Name: 11055 Node: team10@lab24.cpt.haw-hamburg.de
08.11 11:21:55,883|11045: Abstimmung yes, sending to Next One
08.11 11:21:55,728|11045: Got Abstimmung
08.11 11:21:55,730|11045: Got it from someone else
08.11 11:21:55,731|11045: TimeDiff of 16 big enough
08.11 11:21:55,732|11045: Trying to get Nameservice: ns@lab30.cpt.haw-hamburg.de
08.11 11:21:55,762|11045: Got Nameservice: ns@lab30.cpt.haw-hamburg.de
08.11 11:21:55,763|11045: Got Nameservice, trying to contact it for: 11055
08.11 11:21:55,767|11045: 11055 found, Name: 11055 Node: team10@lab24.cpt.haw-hamburg.de
08.11 11:21:55,768|11045: Abstimmung yes, sending to Next One
08.11 11:21:56,431|11045: Got Abstimmung
08.11 11:21:56,432|11045: Got it from someone else
08.11 11:21:56,433|11045: TimeDiff of 17 big enough
08.11 11:21:56,433|11045: Trying to get Nameservice: ns@lab30.cpt.haw-hamburg.de
08.11 11:21:56,473|11045: Got Nameservice: ns@lab30.cpt.haw-hamburg.de
08.11 11:21:56,476|11045: Got Nameservice, trying to contact it for: 11055
08.11 11:21:56,531|11045: 11055 found, Name: 11055 Node: team10@lab24.cpt.haw-hamburg.de
08.11 11:21:56,552|11045: Abstimmung yes, sending to Next One
08.11 11:21:56,072|11045: Got Abstimmung
08.11 11:21:56,072|11045: Got it from someone else
08.11 11:21:56,073|11045: TimeDiff of 17 big enough
08.11 11:21:56,073|11045: Trying to get Nameservice: ns@lab30.cpt.haw-hamburg.de
08.11 11:21:56,084|11045: Got Nameservice: ns@lab30.cpt.haw-hamburg.de
08.11 11:21:56,085|11045: Got Nameservice, trying to contact it for: 11055
08.11 11:21:56,088|11045: 11055 found, Name: 11055 Node: team10@lab24.cpt.haw-hamburg.de
08.11 11:21:56,089|11045: Abstimmung yes, sending to Next One
08.11 11:21:57,857|11045: Got Abstimmung
08.11 11:21:57,859|11045: Got it from someone else
08.11 11:21:57,861|11045: TimeDiff of 18 big enough
08.11 11:21:57,870|11045: Trying to get Nameservice: ns@lab30.cpt.haw-hamburg.de
08.11 11:21:57,891|11045: Got Nameservice: ns@lab30.cpt.haw-hamburg.de
08.11 11:21:57,892|11045: Got Nameservice, trying to contact it for: 11055
08.11 11:21:57,898|11045: 11055 found, Name: 11055 Node: team10@lab24.cpt.haw-hamburg.de
08.11 11:21:57,898|11045: Abstimmung yes, sending to Next One
08.11 11:21:57,183|11045: Got Abstimmung
08.11 11:21:57,184|11045: Got it from someone else
08.11 11:21:57,186|11045: TimeDiff of 18 big enough
08.11 11:21:57,187|11045: Trying to get Nameservice: ns@lab30.cpt.haw-hamburg.de
08.11 11:21:57,218|11045: Got Nameservice: ns@lab30.cpt.haw-hamburg.de
08.11 11:21:57,219|11045: Got Nameservice, trying to contact it for: 11055
08.11 11:21:57,271|11045: 11055 found, Name: 11055 Node: team10@lab24.cpt.haw-hamburg.de
08.11 11:21:57,271|11045: Abstimmung yes, sending to Next One
08.11 11:21:57,881|11045: Got Abstimmung
08.11 11:21:57,881|11045: Got it from someone else
08.11 11:21:57,882|11045: TimeDiff of 18 big enough
08.11 11:21:57,882|11045: Trying to get Nameservice: ns@lab30.cpt.haw-hamburg.de
08.11 11:21:57,934|11045: Got Nameservice: ns@lab30.cpt.haw-hamburg.de
08.11 11:21:57,934|11045: Got Nameservice, trying to contact it for: 11055
08.11 11:21:57,942|11045: 11055 found, Name: 11055 Node: team10@lab24.cpt.haw-hamburg.de
08.11 11:21:57,968|11045: Abstimmung yes, sending to Next One
08.11 11:21:58,204|11045: Got Abstimmung
08.11 11:21:58,205|11045: Got it from someone else
08.11 11:21:58,205|11045: TimeDiff of 19 big enough
08.11 11:21:58,206|11045: Trying to get Nameservice: ns@lab30.cpt.haw-hamburg.de
08.11 11:21:58,241|11045: Got Nameservice: ns@lab30.cpt.haw-hamburg.de
08.11 11:21:58,242|11045: Got Nameservice, trying to contact it for: 11055
08.11 11:21:58,271|11045: 11055 found, Name: 11055 Node: team10@lab24.cpt.haw-hamburg.de
08.11 11:21:58,272|11045: Abstimmung yes, sending to Next One
08.11 11:21:58,811|11045: Got Abstimmung
08.11 11:21:58,812|11045: Got it from someone else
08.11 11:21:58,812|11045: TimeDiff of 19 big enough
08.11 11:21:58,813|11045: Trying to get Nameservice: ns@lab30.cpt.haw-hamburg.de
08.11 11:21:58,844|11045: Got Nameservice: ns@lab30.cpt.haw-hamburg.de
08.11 11:21:58,844|11045: Got Nameservice, trying to contact it for: 11055
08.11 11:21:58,850|11045: 11055 found, Name: 11055 Node: team10@lab24.cpt.haw-hamburg.de
08.11 11:21:58,851|11045: Abstimmung yes, sending to Next One
08.11 11:21:59,299|11045: Got Abstimmung
08.11 11:21:59,299|11045: Got it from someone else
08.11 11:21:59,300|11045: TimeDiff of 20 big enough
08.11 11:21:59,300|11045: Trying to get Nameservice: ns@lab30.cpt.haw-hamburg.de
08.11 11:21:59,336|11045: Got Nameservice: ns@lab30.cpt.haw-hamburg.de
08.11 11:21:59,339|11045: Got Nameservice, trying to contact it for: 11055
08.11 11:21:59,347|11045: 11055 found, Name: 11055 Node: team10@lab24.cpt.haw-hamburg.de
08.11 11:21:59,349|11045: Abstimmung yes, sending to Next One
08.11 11:21:59,895|11045: Got Abstimmung
08.11 11:21:59,896|11045: Got it from someone else
08.11 11:21:59,896|11045: TimeDiff of 20 big enough
08.11 11:21:59,897|11045: Trying to get Nameservice: ns@lab30.cpt.haw-hamburg.de
08.11 11:21:59,965|11045: Got Nameservice: ns@lab30.cpt.haw-hamburg.de
08.11 11:21:59,968|11045: Got Nameservice, trying to contact it for: 11055
08.11 11:21:59,012|11045: 11055 found, Name: 11055 Node: team10@lab24.cpt.haw-hamburg.de
08.11 11:21:59,037|11045: Abstimmung yes, sending to Next One
08.11 11:22:00,072|11045: Got Abstimmung
08.11 11:22:00,073|11045: Got it from someone else
08.11 11:22:00,073|11045: TimeDiff of 21 big enough
08.11 11:22:00,074|11045: Trying to get Nameservice: ns@lab30.cpt.haw-hamburg.de
08.11 11:22:00,108|11045: Got Nameservice: ns@lab30.cpt.haw-hamburg.de
08.11 11:22:00,108|11045: Got Nameservice, trying to contact it for: 11055
08.11 11:22:00,114|11045: 11055 found, Name: 11055 Node: team10@lab24.cpt.haw-hamburg.de
08.11 11:22:00,116|11045: Abstimmung yes, sending to Next One
08.11 11:22:01,624|11045: Got Abstimmung
08.11 11:22:01,624|11045: Got it from someone else
08.11 11:22:01,625|11045: TimeDiff of 22 big enough
08.11 11:22:01,626|11045: Trying to get Nameservice: ns@lab30.cpt.haw-hamburg.de
08.11 11:22:01,661|11045: Got Nameservice: ns@lab30.cpt.haw-hamburg.de
08.11 11:22:01,662|11045: Got Nameservice, trying to contact it for: 11055
08.11 11:22:01,690|11045: 11055 found, Name: 11055 Node: team10@lab24.cpt.haw-hamburg.de
08.11 11:22:01,691|11045: Abstimmung yes, sending to Next One
08.11 11:22:02,986|11045: Got Abstimmung
08.11 11:22:02,986|11045: Got it from someone else
08.11 11:22:02,987|11045: TimeDiff of 23 big enough
08.11 11:22:02,988|11045: Trying to get Nameservice: ns@lab30.cpt.haw-hamburg.de
08.11 11:22:02,021|11045: Got Nameservice: ns@lab30.cpt.haw-hamburg.de
08.11 11:22:02,022|11045: Got Nameservice, trying to contact it for: 11055
08.11 11:22:02,047|11045: 11055 found, Name: 11055 Node: team10@lab24.cpt.haw-hamburg.de
08.11 11:22:02,047|11045: Abstimmung yes, sending to Next One
08.11 11:22:03,691|11045: Got Abstimmung
08.11 11:22:03,698|11045: Got it from someone else
08.11 11:22:03,704|11045: TimeDiff of 24 big enough
08.11 11:22:03,711|11045: Trying to get Nameservice: ns@lab30.cpt.haw-hamburg.de
08.11 11:22:03,139|11045: Got Nameservice: ns@lab30.cpt.haw-hamburg.de
08.11 11:22:03,147|11045: Got Nameservice, trying to contact it for: 11055
08.11 11:22:03,188|11045: 11055 found, Name: 11055 Node: team10@lab24.cpt.haw-hamburg.de
08.11 11:22:03,196|11045: Abstimmung yes, sending to Next One
08.11 11:22:03,562|11045: Got Abstimmung
08.11 11:22:03,563|11045: Got it from someone else
08.11 11:22:03,563|11045: TimeDiff of 24 big enough
08.11 11:22:03,564|11045: Trying to get Nameservice: ns@lab30.cpt.haw-hamburg.de
08.11 11:22:03,610|11045: Got Nameservice: ns@lab30.cpt.haw-hamburg.de
08.11 11:22:03,610|11045: Got Nameservice, trying to contact it for: 11055
08.11 11:22:03,617|11045: 11055 found, Name: 11055 Node: team10@lab24.cpt.haw-hamburg.de
08.11 11:22:03,618|11045: Abstimmung yes, sending to Next One
08.11 11:22:04,580|11045: Got Abstimmung
08.11 11:22:04,586|11045: Got it from someone else
08.11 11:22:04,592|11045: TimeDiff of 25 big enough
08.11 11:22:04,598|11045: Trying to get Nameservice: ns@lab30.cpt.haw-hamburg.de
08.11 11:22:04,891|11045: Got Nameservice: ns@lab30.cpt.haw-hamburg.de
08.11 11:22:04,898|11045: Got Nameservice, trying to contact it for: 11055
08.11 11:22:04,939|11045: 11055 found, Name: 11055 Node: team10@lab24.cpt.haw-hamburg.de
08.11 11:22:04,945|11045: Abstimmung yes, sending to Next One
08.11 11:22:04,007|11045: Got Abstimmung
08.11 11:22:04,007|11045: Got it from someone else
08.11 11:22:04,008|11045: TimeDiff of 25 big enough
08.11 11:22:04,008|11045: Trying to get Nameservice: ns@lab30.cpt.haw-hamburg.de
08.11 11:22:04,041|11045: Got Nameservice: ns@lab30.cpt.haw-hamburg.de
08.11 11:22:04,041|11045: Got Nameservice, trying to contact it for: 11055
08.11 11:22:04,050|11045: 11055 found, Name: 11055 Node: team10@lab24.cpt.haw-hamburg.de
08.11 11:22:04,050|11045: Abstimmung yes, sending to Next One
08.11 11:22:05,972|11045: Got Abstimmung
08.11 11:22:05,973|11045: Got it from someone else
08.11 11:22:05,974|11045: TimeDiff of 26 big enough
08.11 11:22:05,974|11045: Trying to get Nameservice: ns@lab30.cpt.haw-hamburg.de
08.11 11:22:05,018|11045: Got Nameservice: ns@lab30.cpt.haw-hamburg.de
08.11 11:22:05,022|11045: Got Nameservice, trying to contact it for: 11055
08.11 11:22:05,070|11045: 11055 found, Name: 11055 Node: team10@lab24.cpt.haw-hamburg.de
08.11 11:22:05,093|11045: Abstimmung yes, sending to Next One
08.11 11:22:05,671|11045: Got Abstimmung
08.11 11:22:05,672|11045: Got it from someone else
08.11 11:22:05,673|11045: TimeDiff of 26 big enough
08.11 11:22:05,673|11045: Trying to get Nameservice: ns@lab30.cpt.haw-hamburg.de
08.11 11:22:05,709|11045: Got Nameservice: ns@lab30.cpt.haw-hamburg.de
08.11 11:22:05,710|11045: Got Nameservice, trying to contact it for: 11055
08.11 11:22:05,738|11045: 11055 found, Name: 11055 Node: team10@lab24.cpt.haw-hamburg.de
08.11 11:22:05,741|11045: Abstimmung yes, sending to Next One
08.11 11:22:06,272|11045: Got Abstimmung
08.11 11:22:06,273|11045: Got it from someone else
08.11 11:22:06,273|11045: TimeDiff of 27 big enough
08.11 11:22:06,274|11045: Trying to get Nameservice: ns@lab30.cpt.haw-hamburg.de
08.11 11:22:06,296|11045: Got Nameservice: ns@lab30.cpt.haw-hamburg.de
08.11 11:22:06,297|11045: Got Nameservice, trying to contact it for: 11055
08.11 11:22:06,302|11045: 11055 found, Name: 11055 Node: team10@lab24.cpt.haw-hamburg.de
08.11 11:22:06,303|11045: Abstimmung yes, sending to Next One
08.11 11:22:06,775|11045: Got Abstimmung
08.11 11:22:06,776|11045: Got it from someone else
08.11 11:22:06,776|11045: TimeDiff of 27 big enough
08.11 11:22:06,777|11045: Trying to get Nameservice: ns@lab30.cpt.haw-hamburg.de
08.11 11:22:06,815|11045: Got Nameservice: ns@lab30.cpt.haw-hamburg.de
08.11 11:22:06,816|11045: Got Nameservice, trying to contact it for: 11055
08.11 11:22:06,867|11045: 11055 found, Name: 11055 Node: team10@lab24.cpt.haw-hamburg.de
08.11 11:22:06,867|11045: Abstimmung yes, sending to Next One
08.11 11:22:06,801|11045: Got Abstimmung
08.11 11:22:06,802|11045: Got it from someone else
08.11 11:22:06,802|11045: TimeDiff of 27 big enough
08.11 11:22:06,803|11045: Trying to get Nameservice: ns@lab30.cpt.haw-hamburg.de
08.11 11:22:06,852|11045: Got Nameservice: ns@lab30.cpt.haw-hamburg.de
08.11 11:22:06,855|11045: Got Nameservice, trying to contact it for: 11055
08.11 11:22:06,893|11045: 11055 found, Name: 11055 Node: team10@lab24.cpt.haw-hamburg.de
08.11 11:22:06,916|11045: Abstimmung yes, sending to Next One
08.11 11:22:06,064|11045: Got Abstimmung
08.11 11:22:06,064|11045: Got it from someone else
08.11 11:22:06,065|11045: TimeDiff of 27 big enough
08.11 11:22:06,065|11045: Trying to get Nameservice: ns@lab30.cpt.haw-hamburg.de
08.11 11:22:06,097|11045: Got Nameservice: ns@lab30.cpt.haw-hamburg.de
08.11 11:22:06,097|11045: Got Nameservice, trying to contact it for: 11055
08.11 11:22:06,102|11045: 11055 found, Name: 11055 Node: team10@lab24.cpt.haw-hamburg.de
08.11 11:22:06,103|11045: Abstimmung yes, sending to Next One
08.11 11:22:07,318|11045: Got Abstimmung
08.11 11:22:07,319|11045: Got it from someone else
08.11 11:22:07,321|11045: TimeDiff of 28 big enough
08.11 11:22:07,321|11045: Trying to get Nameservice: ns@lab30.cpt.haw-hamburg.de
08.11 11:22:07,357|11045: Got Nameservice: ns@lab30.cpt.haw-hamburg.de
08.11 11:22:07,361|11045: Got Nameservice, trying to contact it for: 11055
08.11 11:22:07,404|11045: 11055 found, Name: 11055 Node: team10@lab24.cpt.haw-hamburg.de
08.11 11:22:07,406|11045: Abstimmung yes, sending to Next One
08.11 11:22:07,370|11045: Got Abstimmung
08.11 11:22:07,370|11045: Got it from someone else
08.11 11:22:07,371|11045: TimeDiff of 28 big enough
08.11 11:22:07,372|11045: Trying to get Nameservice: ns@lab30.cpt.haw-hamburg.de
08.11 11:22:07,408|11045: Got Nameservice: ns@lab30.cpt.haw-hamburg.de
08.11 11:22:07,409|11045: Got Nameservice, trying to contact it for: 11055
08.11 11:22:07,436|11045: 11055 found, Name: 11055 Node: team10@lab24.cpt.haw-hamburg.de
08.11 11:22:07,437|11045: Abstimmung yes, sending to Next One
08.11 11:22:08,279|11045: Got Abstimmung
08.11 11:22:08,280|11045: Got it from someone else
08.11 11:22:08,280|11045: TimeDiff of 29 big enough
08.11 11:22:08,280|11045: Trying to get Nameservice: ns@lab30.cpt.haw-hamburg.de
08.11 11:22:08,316|11045: Got Nameservice: ns@lab30.cpt.haw-hamburg.de
08.11 11:22:08,317|11045: Got Nameservice, trying to contact it for: 11055
08.11 11:22:08,320|11045: 11055 found, Name: 11055 Node: team10@lab24.cpt.haw-hamburg.de
08.11 11:22:08,321|11045: Abstimmung yes, sending to Next One
08.11 11:22:09,477|11045: Got Abstimmung
08.11 11:22:09,478|11045: Got it from someone else
08.11 11:22:09,478|11045: TimeDiff of 30 big enough
08.11 11:22:09,479|11045: Trying to get Nameservice: ns@lab30.cpt.haw-hamburg.de
08.11 11:22:09,521|11045: Got Nameservice: ns@lab30.cpt.haw-hamburg.de
08.11 11:22:09,525|11045: Got Nameservice, trying to contact it for: 11055
08.11 11:22:09,600|11045: 11055 found, Name: 11055 Node: team10@lab24.cpt.haw-hamburg.de
08.11 11:22:09,604|11045: Abstimmung yes, sending to Next One
08.11 11:22:10,537|11045: Got Abstimmung
08.11 11:22:10,538|11045: Got it from someone else
08.11 11:22:10,538|11045: TimeDiff of 31 big enough
08.11 11:22:10,539|11045: Trying to get Nameservice: ns@lab30.cpt.haw-hamburg.de
08.11 11:22:10,582|11045: Got Nameservice: ns@lab30.cpt.haw-hamburg.de
08.11 11:22:10,583|11045: Got Nameservice, trying to contact it for: 11055
08.11 11:22:10,615|11045: 11055 found, Name: 11055 Node: team10@lab24.cpt.haw-hamburg.de
08.11 11:22:10,616|11045: Abstimmung yes, sending to Next One
08.11 11:22:12,567|11045: Got Abstimmung
08.11 11:22:12,568|11045: Got it from someone else
08.11 11:22:12,568|11045: TimeDiff of 33 big enough
08.11 11:22:12,569|11045: Trying to get Nameservice: ns@lab30.cpt.haw-hamburg.de
08.11 11:22:12,602|11045: Got Nameservice: ns@lab30.cpt.haw-hamburg.de
08.11 11:22:12,602|11045: Got Nameservice, trying to contact it for: 11055
08.11 11:22:12,610|11045: 11055 found, Name: 11055 Node: team10@lab24.cpt.haw-hamburg.de
08.11 11:22:12,613|11045: Abstimmung yes, sending to Next One
08.11 11:22:13,875|11045: Got Abstimmung
08.11 11:22:13,901|11045: Got it from someone else
08.11 11:22:13,907|11045: TimeDiff of 34 big enough
08.11 11:22:13,913|11045: Trying to get Nameservice: ns@lab30.cpt.haw-hamburg.de
08.11 11:22:13,016|11045: Got Nameservice: ns@lab30.cpt.haw-hamburg.de
08.11 11:22:13,017|11045: Got Nameservice, trying to contact it for: 11055
08.11 11:22:13,021|11045: 11055 found, Name: 11055 Node: team10@lab24.cpt.haw-hamburg.de
08.11 11:22:13,022|11045: Abstimmung yes, sending to Next One
08.11 11:22:14,869|11045: Got Abstimmung
08.11 11:22:14,869|11045: Got it from someone else
08.11 11:22:14,871|11045: TimeDiff of 35 big enough
08.11 11:22:14,872|11045: Trying to get Nameservice: ns@lab30.cpt.haw-hamburg.de
08.11 11:22:14,902|11045: Got Nameservice: ns@lab30.cpt.haw-hamburg.de
08.11 11:22:14,902|11045: Got Nameservice, trying to contact it for: 11055
08.11 11:22:14,908|11045: 11055 found, Name: 11055 Node: team10@lab24.cpt.haw-hamburg.de
08.11 11:22:14,909|11045: Abstimmung yes, sending to Next One
08.11 11:22:16,573|11045: Got Abstimmung
08.11 11:22:16,574|11045: Got it from someone else
08.11 11:22:16,575|11045: TimeDiff of 37 big enough
08.11 11:22:16,575|11045: Trying to get Nameservice: ns@lab30.cpt.haw-hamburg.de
08.11 11:22:16,607|11045: Got Nameservice: ns@lab30.cpt.haw-hamburg.de
08.11 11:22:16,608|11045: Got Nameservice, trying to contact it for: 11055
08.11 11:22:16,613|11045: 11055 found, Name: 11055 Node: team10@lab24.cpt.haw-hamburg.de
08.11 11:22:16,614|11045: Abstimmung yes, sending to Next One
08.11 11:22:18,102|11045: Got Abstimmung
08.11 11:22:18,103|11045: Got it from someone else
08.11 11:22:18,103|11045: TimeDiff of 39 big enough
08.11 11:22:18,104|11045: Trying to get Nameservice: ns@lab30.cpt.haw-hamburg.de
08.11 11:22:18,169|11045: Got Nameservice: ns@lab30.cpt.haw-hamburg.de
08.11 11:22:18,173|11045: Got Nameservice, trying to contact it for: 11055
08.11 11:22:18,212|11045: 11055 found, Name: 11055 Node: team10@lab24.cpt.haw-hamburg.de
08.11 11:22:18,240|11045: Abstimmung yes, sending to Next One
08.11 11:22:18,627|11045: Got Abstimmung
08.11 11:22:18,628|11045: Got it from someone else
08.11 11:22:18,629|11045: TimeDiff of 39 big enough
08.11 11:22:18,629|11045: Trying to get Nameservice: ns@lab30.cpt.haw-hamburg.de
08.11 11:22:18,681|11045: Got Nameservice: ns@lab30.cpt.haw-hamburg.de
08.11 11:22:18,682|11045: Got Nameservice, trying to contact it for: 11055
08.11 11:22:18,685|11045: 11055 found, Name: 11055 Node: team10@lab24.cpt.haw-hamburg.de
08.11 11:22:18,687|11045: Abstimmung yes, sending to Next One
08.11 11:22:19,811|11045: Got Abstimmung
08.11 11:22:19,812|11045: Got it from someone else
08.11 11:22:19,812|11045: TimeDiff of 40 big enough
08.11 11:22:19,813|11045: Trying to get Nameservice: ns@lab30.cpt.haw-hamburg.de
08.11 11:22:19,871|11045: Got Nameservice: ns@lab30.cpt.haw-hamburg.de
08.11 11:22:19,875|11045: Got Nameservice, trying to contact it for: 11055
08.11 11:22:19,918|11045: 11055 found, Name: 11055 Node: team10@lab24.cpt.haw-hamburg.de
08.11 11:22:19,942|11045: Abstimmung yes, sending to Next One
08.11 11:22:20,112|11045: Got Abstimmung
08.11 11:22:20,113|11045: Got it from someone else
08.11 11:22:20,113|11045: TimeDiff of 41 big enough
08.11 11:22:20,114|11045: Trying to get Nameservice: ns@lab30.cpt.haw-hamburg.de
08.11 11:22:20,176|11045: Got Nameservice: ns@lab30.cpt.haw-hamburg.de
08.11 11:22:20,180|11045: Got Nameservice, trying to contact it for: 11055
08.11 11:22:20,187|11045: 11055 found, Name: 11055 Node: team10@lab24.cpt.haw-hamburg.de
08.11 11:22:20,190|11045: Abstimmung yes, sending to Next One
08.11 11:22:20,145|11045: Got Abstimmung
08.11 11:22:20,145|11045: Got it from someone else
08.11 11:22:20,146|11045: TimeDiff of 41 big enough
08.11 11:22:20,146|11045: Trying to get Nameservice: ns@lab30.cpt.haw-hamburg.de
08.11 11:22:20,169|11045: Got Nameservice: ns@lab30.cpt.haw-hamburg.de
08.11 11:22:20,170|11045: Got Nameservice, trying to contact it for: 11055
08.11 11:22:20,175|11045: 11055 found, Name: 11055 Node: team10@lab24.cpt.haw-hamburg.de
08.11 11:22:20,178|11045: Abstimmung yes, sending to Next One
08.11 11:22:23,471|11045: Got Abstimmung
08.11 11:22:23,471|11045: Got it from someone else
08.11 11:22:23,472|11045: TimeDiff of 44 big enough
08.11 11:22:23,472|11045: Trying to get Nameservice: ns@lab30.cpt.haw-hamburg.de
08.11 11:22:23,527|11045: Got Nameservice: ns@lab30.cpt.haw-hamburg.de
08.11 11:22:23,530|11045: Got Nameservice, trying to contact it for: 11055
08.11 11:22:23,574|11045: 11055 found, Name: 11055 Node: team10@lab24.cpt.haw-hamburg.de
08.11 11:22:23,599|11045: Abstimmung yes, sending to Next One
08.11 11:22:24,024|11045: Got Abstimmung
08.11 11:22:24,024|11045: Got it from someone else
08.11 11:22:24,025|11045: TimeDiff of 45 big enough
08.11 11:22:24,025|11045: Trying to get Nameservice: ns@lab30.cpt.haw-hamburg.de
08.11 11:22:24,059|11045: Got Nameservice: ns@lab30.cpt.haw-hamburg.de
08.11 11:22:24,060|11045: Got Nameservice, trying to contact it for: 11055
08.11 11:22:24,092|11045: 11055 found, Name: 11055 Node: team10@lab24.cpt.haw-hamburg.de
08.11 11:22:24,095|11045: Abstimmung yes, sending to Next One
08.11 11:22:26,406|11045: Got Abstimmung
08.11 11:22:26,407|11045: Got it from someone else
08.11 11:22:26,408|11045: TimeDiff of 47 big enough
08.11 11:22:26,409|11045: Trying to get Nameservice: ns@lab30.cpt.haw-hamburg.de
08.11 11:22:26,418|11045: Got Nameservice: ns@lab30.cpt.haw-hamburg.de
08.11 11:22:26,419|11045: Got Nameservice, trying to contact it for: 11055
08.11 11:22:26,422|11045: 11055 found, Name: 11055 Node: team10@lab24.cpt.haw-hamburg.de
08.11 11:22:26,423|11045: Abstimmung yes, sending to Next One
08.11 11:24:02,049|11045: Starting with MI: 48139
08.11 11:24:02,050|11045: Starting new timer
08.11 11:24:05,071|11045: Trying to get Nameservice: ns@lab30.cpt.haw-hamburg.de
08.11 11:24:05,114|11045: Got Nameservice: ns@lab30.cpt.haw-hamburg.de
08.11 11:24:05,115|11045: Got Nameservice, trying to contact it for: 11055
08.11 11:24:05,205|11045: 11055 found, Name: 11055 Node: team10@lab24.cpt.haw-hamburg.de
08.11 11:24:05,206|11045: ABSTIMMUNG start
08.11 11:24:05,208|11045: Got Abstimmung
08.11 11:24:05,212|11045: Got it from someone else
08.11 11:24:05,213|11045: TimeDiff of 3 big enough
08.11 11:24:05,213|11045: Trying to get Nameservice: ns@lab30.cpt.haw-hamburg.de
08.11 11:24:05,231|11045: Got Nameservice: ns@lab30.cpt.haw-hamburg.de
08.11 11:24:05,232|11045: Got Nameservice, trying to contact it for: 11055
08.11 11:24:05,280|11045: 11055 found, Name: 11055 Node: team10@lab24.cpt.haw-hamburg.de
08.11 11:24:05,282|11045: Abstimmung yes, sending to Next One
08.11 11:24:05,283|11045: Got Abstimmung
08.11 11:24:05,285|11045: Got it from someone else
08.11 11:24:05,286|11045: TimeDiff of 3 big enough
08.11 11:24:05,287|11045: Trying to get Nameservice: ns@lab30.cpt.haw-hamburg.de
08.11 11:24:05,316|11045: Got Nameservice: ns@lab30.cpt.haw-hamburg.de
08.11 11:24:05,316|11045: Got Nameservice, trying to contact it for: 11055
08.11 11:24:05,415|11045: 11055 found, Name: 11055 Node: team10@lab24.cpt.haw-hamburg.de
08.11 11:24:05,415|11045: Abstimmung yes, sending to Next One
08.11 11:24:05,416|11045: Got Abstimmung
08.11 11:24:05,417|11045: Got it from someone else
08.11 11:24:05,418|11045: TimeDiff of 3 big enough
08.11 11:24:05,419|11045: Trying to get Nameservice: ns@lab30.cpt.haw-hamburg.de
08.11 11:24:05,447|11045: Got Nameservice: ns@lab30.cpt.haw-hamburg.de
08.11 11:24:05,448|11045: Got Nameservice, trying to contact it for: 11055
08.11 11:24:05,500|11045: 11055 found, Name: 11055 Node: team10@lab24.cpt.haw-hamburg.de
08.11 11:24:05,504|11045: Abstimmung yes, sending to Next One
08.11 11:24:05,505|11045: Got Abstimmung
08.11 11:24:05,506|11045: Got it from someone else
08.11 11:24:05,507|11045: TimeDiff of 3 big enough
08.11 11:24:05,507|11045: Trying to get Nameservice: ns@lab30.cpt.haw-hamburg.de
08.11 11:24:05,571|11045: Got Nameservice: ns@lab30.cpt.haw-hamburg.de
08.11 11:24:05,572|11045: Got Nameservice, trying to contact it for: 11055
08.11 11:24:05,688|11045: 11055 found, Name: 11055 Node: team10@lab24.cpt.haw-hamburg.de
08.11 11:24:05,689|11045: Abstimmung yes, sending to Next One
08.11 11:24:05,690|11045: Got Abstimmung
08.11 11:24:05,690|11045: Got it from someone else
08.11 11:24:05,691|11045: TimeDiff of 3 big enough
08.11 11:24:05,692|11045: Trying to get Nameservice: ns@lab30.cpt.haw-hamburg.de
08.11 11:24:05,768|11045: Got Nameservice: ns@lab30.cpt.haw-hamburg.de
08.11 11:24:05,770|11045: Got Nameservice, trying to contact it for: 11055
08.11 11:24:05,782|11045: 11055 found, Name: 11055 Node: team10@lab24.cpt.haw-hamburg.de
08.11 11:24:05,783|11045: Abstimmung yes, sending to Next One
08.11 11:24:05,783|11045: Got Abstimmung
08.11 11:24:05,784|11045: Got it from someone else
08.11 11:24:05,785|11045: TimeDiff of 3 big enough
08.11 11:24:05,787|11045: Trying to get Nameservice: ns@lab30.cpt.haw-hamburg.de
08.11 11:24:05,795|11045: Got Nameservice: ns@lab30.cpt.haw-hamburg.de
08.11 11:24:05,796|11045: Got Nameservice, trying to contact it for: 11055
08.11 11:24:05,804|11045: 11055 found, Name: 11055 Node: team10@lab24.cpt.haw-hamburg.de
08.11 11:24:05,806|11045: Abstimmung yes, sending to Next One
08.11 11:24:05,808|11045: Got Abstimmung
08.11 11:24:05,809|11045: Got it from someone else
08.11 11:24:05,812|11045: TimeDiff of 3 big enough
08.11 11:24:05,812|11045: Trying to get Nameservice: ns@lab30.cpt.haw-hamburg.de
08.11 11:24:05,821|11045: Got Nameservice: ns@lab30.cpt.haw-hamburg.de
08.11 11:24:05,822|11045: Got Nameservice, trying to contact it for: 11055
08.11 11:24:05,829|11045: 11055 found, Name: 11055 Node: team10@lab24.cpt.haw-hamburg.de
08.11 11:24:05,829|11045: Abstimmung yes, sending to Next One
08.11 11:24:05,904|11045: Got Abstimmung
08.11 11:24:05,904|11045: Got it from someone else
08.11 11:24:05,905|11045: TimeDiff of 3 big enough
08.11 11:24:05,905|11045: Trying to get Nameservice: ns@lab30.cpt.haw-hamburg.de
08.11 11:24:05,910|11045: Got Nameservice: ns@lab30.cpt.haw-hamburg.de
08.11 11:24:05,911|11045: Got Nameservice, trying to contact it for: 11055
08.11 11:24:05,916|11045: 11055 found, Name: 11055 Node: team10@lab24.cpt.haw-hamburg.de
08.11 11:24:05,917|11045: Abstimmung yes, sending to Next One
08.11 11:24:05,967|11045: Got Abstimmung
08.11 11:24:05,967|11045: Got it from someone else
08.11 11:24:05,968|11045: TimeDiff of 3 big enough
08.11 11:24:05,969|11045: Trying to get Nameservice: ns@lab30.cpt.haw-hamburg.de
08.11 11:24:05,978|11045: Got Nameservice: ns@lab30.cpt.haw-hamburg.de
08.11 11:24:05,979|11045: Got Nameservice, trying to contact it for: 11055
08.11 11:24:05,984|11045: 11055 found, Name: 11055 Node: team10@lab24.cpt.haw-hamburg.de
08.11 11:24:05,985|11045: Abstimmung yes, sending to Next One
08.11 11:24:05,255|11045: Got Abstimmung
08.11 11:24:05,256|11045: Got it from someone else
08.11 11:24:05,257|11045: TimeDiff of 3 big enough
08.11 11:24:05,257|11045: Trying to get Nameservice: ns@lab30.cpt.haw-hamburg.de
08.11 11:24:05,262|11045: Got Nameservice: ns@lab30.cpt.haw-hamburg.de
08.11 11:24:05,263|11045: Got Nameservice, trying to contact it for: 11055
08.11 11:24:05,268|11045: 11055 found, Name: 11055 Node: team10@lab24.cpt.haw-hamburg.de
08.11 11:24:05,270|11045: Abstimmung yes, sending to Next One
08.11 11:24:05,405|11045: Got Abstimmung
08.11 11:24:05,405|11045: Got it from someone else
08.11 11:24:05,406|11045: TimeDiff of 3 big enough
08.11 11:24:05,407|11045: Trying to get Nameservice: ns@lab30.cpt.haw-hamburg.de
08.11 11:24:05,415|11045: Got Nameservice: ns@lab30.cpt.haw-hamburg.de
08.11 11:24:05,416|11045: Got Nameservice, trying to contact it for: 11055
08.11 11:24:05,542|11045: 11055 found, Name: 11055 Node: team10@lab24.cpt.haw-hamburg.de
08.11 11:24:05,543|11045: Abstimmung yes, sending to Next One
08.11 11:24:05,644|11045: Got Abstimmung
08.11 11:24:05,644|11045: Got it from someone else
08.11 11:24:05,645|11045: TimeDiff of 3 big enough
08.11 11:24:05,645|11045: Trying to get Nameservice: ns@lab30.cpt.haw-hamburg.de
08.11 11:24:05,832|11045: Got Nameservice: ns@lab30.cpt.haw-hamburg.de
08.11 11:24:05,835|11045: Got Nameservice, trying to contact it for: 11055
08.11 11:24:05,012|11045: 11055 found, Name: 11055 Node: team10@lab24.cpt.haw-hamburg.de
08.11 11:24:05,013|11045: Abstimmung yes, sending to Next One
08.11 11:24:05,013|11045: Got Abstimmung
08.11 11:24:05,014|11045: Got it from someone else
08.11 11:24:05,014|11045: TimeDiff of 3 big enough
08.11 11:24:05,015|11045: Trying to get Nameservice: ns@lab30.cpt.haw-hamburg.de
08.11 11:24:05,588|11045: Got Nameservice: ns@lab30.cpt.haw-hamburg.de
08.11 11:24:05,589|11045: Got Nameservice, trying to contact it for: 11055
08.11 11:24:05,750|11045: 11055 found, Name: 11055 Node: team10@lab24.cpt.haw-hamburg.de
08.11 11:24:05,751|11045: Abstimmung yes, sending to Next One
08.11 11:24:05,752|11045: Got Abstimmung
08.11 11:24:05,752|11045: Got it from someone else
08.11 11:24:05,753|11045: TimeDiff of 3 big enough
08.11 11:24:05,753|11045: Trying to get Nameservice: ns@lab30.cpt.haw-hamburg.de
08.11 11:24:05,901|11045: Got Nameservice: ns@lab30.cpt.haw-hamburg.de
08.11 11:24:05,903|11045: Got Nameservice, trying to contact it for: 11055
08.11 11:24:05,971|11045: 11055 found, Name: 11055 Node: team10@lab24.cpt.haw-hamburg.de
08.11 11:24:05,972|11045: Abstimmung yes, sending to Next One
08.11 11:24:05,903|11045: Got Abstimmung
08.11 11:24:05,904|11045: Got it from someone else
08.11 11:24:05,904|11045: TimeDiff of 3 big enough
08.11 11:24:05,905|11045: Trying to get Nameservice: ns@lab30.cpt.haw-hamburg.de
08.11 11:24:05,940|11045: Got Nameservice: ns@lab30.cpt.haw-hamburg.de
08.11 11:24:05,942|11045: Got Nameservice, trying to contact it for: 11055
08.11 11:24:05,920|11045: 11055 found, Name: 11055 Node: team10@lab24.cpt.haw-hamburg.de
08.11 11:24:05,260|11045: Abstimmung yes, sending to Next One
08.11 11:24:06,549|11045: Got Abstimmung
08.11 11:24:06,555|11045: Got it from someone else
08.11 11:24:06,562|11045: TimeDiff of 4 big enough
08.11 11:24:06,568|11045: Trying to get Nameservice: ns@lab30.cpt.haw-hamburg.de
08.11 11:24:06,923|11045: Got Nameservice: ns@lab30.cpt.haw-hamburg.de
08.11 11:24:06,930|11045: Got Nameservice, trying to contact it for: 11055
08.11 11:24:06,326|11045: 11055 found, Name: 11055 Node: team10@lab24.cpt.haw-hamburg.de
08.11 11:24:06,333|11045: Abstimmung yes, sending to Next One
08.11 11:24:06,080|11045: Got Abstimmung
08.11 11:24:06,081|11045: Got it from someone else
08.11 11:24:06,081|11045: TimeDiff of 4 big enough
08.11 11:24:06,082|11045: Trying to get Nameservice: ns@lab30.cpt.haw-hamburg.de
08.11 11:24:06,088|11045: Got Nameservice: ns@lab30.cpt.haw-hamburg.de
08.11 11:24:06,088|11045: Got Nameservice, trying to contact it for: 11055
08.11 11:24:06,095|11045: 11055 found, Name: 11055 Node: team10@lab24.cpt.haw-hamburg.de
08.11 11:24:06,096|11045: Abstimmung yes, sending to Next One
08.11 11:24:06,251|11045: Got Abstimmung
08.11 11:24:06,255|11045: Got it from someone else
08.11 11:24:06,256|11045: TimeDiff of 4 big enough
08.11 11:24:06,256|11045: Trying to get Nameservice: ns@lab30.cpt.haw-hamburg.de
08.11 11:24:06,288|11045: Got Nameservice: ns@lab30.cpt.haw-hamburg.de
08.11 11:24:06,289|11045: Got Nameservice, trying to contact it for: 11055
08.11 11:24:06,388|11045: 11055 found, Name: 11055 Node: team10@lab24.cpt.haw-hamburg.de
08.11 11:24:06,389|11045: Abstimmung yes, sending to Next One
08.11 11:24:06,386|11045: Got Abstimmung
08.11 11:24:06,386|11045: Got it from someone else
08.11 11:24:06,387|11045: TimeDiff of 4 big enough
08.11 11:24:06,388|11045: Trying to get Nameservice: ns@lab30.cpt.haw-hamburg.de
08.11 11:24:06,457|11045: Got Nameservice: ns@lab30.cpt.haw-hamburg.de
08.11 11:24:06,457|11045: Got Nameservice, trying to contact it for: 11055
08.11 11:24:06,500|11045: 11055 found, Name: 11055 Node: team10@lab24.cpt.haw-hamburg.de
08.11 11:24:06,501|11045: Abstimmung yes, sending to Next One
08.11 11:24:06,661|11045: Got Abstimmung
08.11 11:24:06,662|11045: Got it from someone else
08.11 11:24:06,662|11045: TimeDiff of 4 big enough
08.11 11:24:06,663|11045: Trying to get Nameservice: ns@lab30.cpt.haw-hamburg.de
08.11 11:24:06,875|11045: Got Nameservice: ns@lab30.cpt.haw-hamburg.de
08.11 11:24:06,876|11045: Got Nameservice, trying to contact it for: 11055
08.11 11:24:06,916|11045: 11055 found, Name: 11055 Node: team10@lab24.cpt.haw-hamburg.de
08.11 11:24:06,917|11045: Abstimmung yes, sending to Next One
08.11 11:24:07,519|11045: Got Abstimmung
08.11 11:24:07,520|11045: Got it from someone else
08.11 11:24:07,521|11045: TimeDiff of 5 big enough
08.11 11:24:07,522|11045: Trying to get Nameservice: ns@lab30.cpt.haw-hamburg.de
08.11 11:24:07,592|11045: Got Nameservice: ns@lab30.cpt.haw-hamburg.de
08.11 11:24:07,593|11045: Got Nameservice, trying to contact it for: 11055
08.11 11:24:07,621|11045: 11055 found, Name: 11055 Node: team10@lab24.cpt.haw-hamburg.de
08.11 11:24:07,621|11045: Abstimmung yes, sending to Next One
08.11 11:24:12,111|11045: Got Abstimmung
08.11 11:24:12,112|11045: Got it from someone else
08.11 11:24:12,112|11045: TimeDiff of 10 big enough
08.11 11:24:12,113|11045: Trying to get Nameservice: ns@lab30.cpt.haw-hamburg.de
08.11 11:24:12,150|11045: Got Nameservice: ns@lab30.cpt.haw-hamburg.de
08.11 11:24:12,151|11045: Got Nameservice, trying to contact it for: 11055
08.11 11:24:12,156|11045: 11055 found, Name: 11055 Node: team10@lab24.cpt.haw-hamburg.de
08.11 11:24:12,157|11045: Abstimmung yes, sending to Next One
08.11 11:24:12,074|11045: Got Abstimmung
08.11 11:24:12,074|11045: Got it from someone else
08.11 11:24:12,075|11045: TimeDiff of 10 big enough
08.11 11:24:12,075|11045: Trying to get Nameservice: ns@lab30.cpt.haw-hamburg.de
08.11 11:24:12,088|11045: Got Nameservice: ns@lab30.cpt.haw-hamburg.de
08.11 11:24:12,089|11045: Got Nameservice, trying to contact it for: 11055
08.11 11:24:12,095|11045: 11055 found, Name: 11055 Node: team10@lab24.cpt.haw-hamburg.de
08.11 11:24:12,096|11045: Abstimmung yes, sending to Next One
08.11 11:24:13,111|11045: Got Abstimmung
08.11 11:24:13,112|11045: Got it from someone else
08.11 11:24:13,113|11045: TimeDiff of 11 big enough
08.11 11:24:13,113|11045: Trying to get Nameservice: ns@lab30.cpt.haw-hamburg.de
08.11 11:24:13,156|11045: Got Nameservice: ns@lab30.cpt.haw-hamburg.de
08.11 11:24:13,157|11045: Got Nameservice, trying to contact it for: 11055
08.11 11:24:13,162|11045: 11055 found, Name: 11055 Node: team10@lab24.cpt.haw-hamburg.de
08.11 11:24:13,163|11045: Abstimmung yes, sending to Next One
08.11 11:24:14,481|11045: Got Abstimmung
08.11 11:24:14,487|11045: Got it from someone else
08.11 11:24:14,494|11045: TimeDiff of 12 big enough
08.11 11:24:14,500|11045: Trying to get Nameservice: ns@lab30.cpt.haw-hamburg.de
08.11 11:24:14,785|11045: Got Nameservice: ns@lab30.cpt.haw-hamburg.de
08.11 11:24:14,795|11045: Got Nameservice, trying to contact it for: 11055
08.11 11:24:14,848|11045: 11055 found, Name: 11055 Node: team10@lab24.cpt.haw-hamburg.de
08.11 11:24:14,855|11045: Abstimmung yes, sending to Next One
08.11 11:24:17,917|11045: Got Abstimmung
08.11 11:24:17,918|11045: Got it from someone else
08.11 11:24:17,919|11045: TimeDiff of 15 big enough
08.11 11:24:17,919|11045: Trying to get Nameservice: ns@lab30.cpt.haw-hamburg.de
08.11 11:24:17,947|11045: Got Nameservice: ns@lab30.cpt.haw-hamburg.de
08.11 11:24:17,948|11045: Got Nameservice, trying to contact it for: 11055
08.11 11:24:17,953|11045: 11055 found, Name: 11055 Node: team10@lab24.cpt.haw-hamburg.de
08.11 11:24:17,953|11045: Abstimmung yes, sending to Next One
08.11 11:24:17,310|11045: Got Abstimmung
08.11 11:24:17,310|11045: Got it from someone else
08.11 11:24:17,311|11045: TimeDiff of 15 big enough
08.11 11:24:17,311|11045: Trying to get Nameservice: ns@lab30.cpt.haw-hamburg.de
08.11 11:24:17,350|11045: Got Nameservice: ns@lab30.cpt.haw-hamburg.de
08.11 11:24:17,351|11045: Got Nameservice, trying to contact it for: 11055
08.11 11:24:17,385|11045: 11055 found, Name: 11055 Node: team10@lab24.cpt.haw-hamburg.de
08.11 11:24:17,388|11045: Abstimmung yes, sending to Next One
08.11 11:24:20,823|11045: Got Abstimmung
08.11 11:24:20,824|11045: Got it from someone else
08.11 11:24:20,825|11045: TimeDiff of 18 big enough
08.11 11:24:20,825|11045: Trying to get Nameservice: ns@lab30.cpt.haw-hamburg.de
08.11 11:24:20,864|11045: Got Nameservice: ns@lab30.cpt.haw-hamburg.de
08.11 11:24:20,864|11045: Got Nameservice, trying to contact it for: 11055
08.11 11:24:20,868|11045: 11055 found, Name: 11055 Node: team10@lab24.cpt.haw-hamburg.de
08.11 11:24:20,869|11045: Abstimmung yes, sending to Next One
08.11 11:24:21,873|11045: Got Abstimmung
08.11 11:24:21,874|11045: Got it from someone else
08.11 11:24:21,874|11045: TimeDiff of 19 big enough
08.11 11:24:21,875|11045: Trying to get Nameservice: ns@lab30.cpt.haw-hamburg.de
08.11 11:24:21,904|11045: Got Nameservice: ns@lab30.cpt.haw-hamburg.de
08.11 11:24:21,905|11045: Got Nameservice, trying to contact it for: 11055
08.11 11:24:21,911|11045: 11055 found, Name: 11055 Node: team10@lab24.cpt.haw-hamburg.de
08.11 11:24:21,912|11045: Abstimmung yes, sending to Next One
08.11 11:24:22,009|11045: Got Abstimmung
08.11 11:24:22,010|11045: Got it from someone else
08.11 11:24:22,011|11045: TimeDiff of 20 big enough
08.11 11:24:22,011|11045: Trying to get Nameservice: ns@lab30.cpt.haw-hamburg.de
08.11 11:24:22,043|11045: Got Nameservice: ns@lab30.cpt.haw-hamburg.de
08.11 11:24:22,044|11045: Got Nameservice, trying to contact it for: 11055
08.11 11:24:22,054|11045: 11055 found, Name: 11055 Node: team10@lab24.cpt.haw-hamburg.de
08.11 11:24:22,055|11045: Abstimmung yes, sending to Next One
08.11 11:24:23,687|11045: Got Abstimmung
08.11 11:24:23,688|11045: Got it from someone else
08.11 11:24:23,689|11045: TimeDiff of 21 big enough
08.11 11:24:23,689|11045: Trying to get Nameservice: ns@lab30.cpt.haw-hamburg.de
08.11 11:24:23,728|11045: Got Nameservice: ns@lab30.cpt.haw-hamburg.de
08.11 11:24:23,729|11045: Got Nameservice, trying to contact it for: 11055
08.11 11:24:23,736|11045: 11055 found, Name: 11055 Node: team10@lab24.cpt.haw-hamburg.de
08.11 11:24:23,737|11045: Abstimmung yes, sending to Next One
08.11 11:24:26,944|11045: Got Abstimmung
08.11 11:24:26,945|11045: Got it from someone else
08.11 11:24:26,945|11045: TimeDiff of 24 big enough
08.11 11:24:26,946|11045: Trying to get Nameservice: ns@lab30.cpt.haw-hamburg.de
08.11 11:24:26,981|11045: Got Nameservice: ns@lab30.cpt.haw-hamburg.de
08.11 11:24:26,982|11045: Got Nameservice, trying to contact it for: 11055
08.11 11:24:26,044|11045: 11055 found, Name: 11055 Node: team10@lab24.cpt.haw-hamburg.de
08.11 11:24:26,045|11045: Abstimmung yes, sending to Next One
08.11 11:24:27,758|11045: Got Abstimmung
08.11 11:24:27,759|11045: Got it from someone else
08.11 11:24:27,759|11045: TimeDiff of 25 big enough
08.11 11:24:27,760|11045: Trying to get Nameservice: ns@lab30.cpt.haw-hamburg.de
08.11 11:24:27,041|11045: Got Nameservice: ns@lab30.cpt.haw-hamburg.de
08.11 11:24:27,043|11045: Got Nameservice, trying to contact it for: 11055
08.11 11:24:27,050|11045: 11055 found, Name: 11055 Node: team10@lab24.cpt.haw-hamburg.de
08.11 11:24:27,078|11045: Abstimmung yes, sending to Next One
08.11 11:24:27,766|11045: Got Abstimmung
08.11 11:24:27,768|11045: Got it from someone else
08.11 11:24:27,770|11045: TimeDiff of 25 big enough
08.11 11:24:27,773|11045: Trying to get Nameservice: ns@lab30.cpt.haw-hamburg.de
08.11 11:24:27,796|11045: Got Nameservice: ns@lab30.cpt.haw-hamburg.de
08.11 11:24:27,797|11045: Got Nameservice, trying to contact it for: 11055
08.11 11:24:27,803|11045: 11055 found, Name: 11055 Node: team10@lab24.cpt.haw-hamburg.de
08.11 11:24:27,804|11045: Abstimmung yes, sending to Next One
08.11 11:24:28,204|11045: Got Abstimmung
08.11 11:24:28,204|11045: Got it from someone else
08.11 11:24:28,205|11045: TimeDiff of 26 big enough
08.11 11:24:28,205|11045: Trying to get Nameservice: ns@lab30.cpt.haw-hamburg.de
08.11 11:24:28,238|11045: Got Nameservice: ns@lab30.cpt.haw-hamburg.de
08.11 11:24:28,239|11045: Got Nameservice, trying to contact it for: 11055
08.11 11:24:28,245|11045: 11055 found, Name: 11055 Node: team10@lab24.cpt.haw-hamburg.de
08.11 11:24:28,245|11045: Abstimmung yes, sending to Next One
08.11 11:24:28,952|11045: Got Abstimmung
08.11 11:24:28,953|11045: Got it from someone else
08.11 11:24:28,953|11045: TimeDiff of 26 big enough
08.11 11:24:28,954|11045: Trying to get Nameservice: ns@lab30.cpt.haw-hamburg.de
08.11 11:24:28,986|11045: Got Nameservice: ns@lab30.cpt.haw-hamburg.de
08.11 11:24:28,987|11045: Got Nameservice, trying to contact it for: 11055
08.11 11:24:28,015|11045: 11055 found, Name: 11055 Node: team10@lab24.cpt.haw-hamburg.de
08.11 11:24:28,017|11045: Abstimmung yes, sending to Next One
08.11 11:24:28,349|11045: Got Abstimmung
08.11 11:24:28,350|11045: Got it from someone else
08.11 11:24:28,350|11045: TimeDiff of 26 big enough
08.11 11:24:28,351|11045: Trying to get Nameservice: ns@lab30.cpt.haw-hamburg.de
08.11 11:24:28,385|11045: Got Nameservice: ns@lab30.cpt.haw-hamburg.de
08.11 11:24:28,386|11045: Got Nameservice, trying to contact it for: 11055
08.11 11:24:28,391|11045: 11055 found, Name: 11055 Node: team10@lab24.cpt.haw-hamburg.de
08.11 11:24:28,391|11045: Abstimmung yes, sending to Next One
08.11 11:24:29,952|11045: Got Abstimmung
08.11 11:24:29,953|11045: Got it from someone else
08.11 11:24:29,953|11045: TimeDiff of 27 big enough
08.11 11:24:29,954|11045: Trying to get Nameservice: ns@lab30.cpt.haw-hamburg.de
08.11 11:24:29,990|11045: Got Nameservice: ns@lab30.cpt.haw-hamburg.de
08.11 11:24:29,991|11045: Got Nameservice, trying to contact it for: 11055
08.11 11:24:29,022|11045: 11055 found, Name: 11055 Node: team10@lab24.cpt.haw-hamburg.de
08.11 11:24:29,023|11045: Abstimmung yes, sending to Next One
08.11 11:24:29,492|11045: Got Abstimmung
08.11 11:24:29,493|11045: Got it from someone else
08.11 11:24:29,494|11045: TimeDiff of 27 big enough
08.11 11:24:29,494|11045: Trying to get Nameservice: ns@lab30.cpt.haw-hamburg.de
08.11 11:24:29,557|11045: Got Nameservice: ns@lab30.cpt.haw-hamburg.de
08.11 11:24:29,557|11045: Got Nameservice, trying to contact it for: 11055
08.11 11:24:29,607|11045: 11055 found, Name: 11055 Node: team10@lab24.cpt.haw-hamburg.de
08.11 11:24:29,608|11045: Abstimmung yes, sending to Next One
08.11 11:24:30,895|11045: Got Abstimmung
08.11 11:24:30,895|11045: Got it from someone else
08.11 11:24:30,896|11045: TimeDiff of 28 big enough
08.11 11:24:30,896|11045: Trying to get Nameservice: ns@lab30.cpt.haw-hamburg.de
08.11 11:24:30,930|11045: Got Nameservice: ns@lab30.cpt.haw-hamburg.de
08.11 11:24:30,931|11045: Got Nameservice, trying to contact it for: 11055
08.11 11:24:30,935|11045: 11055 found, Name: 11055 Node: team10@lab24.cpt.haw-hamburg.de
08.11 11:24:30,937|11045: Abstimmung yes, sending to Next One
08.11 11:24:30,997|11045: Got Abstimmung
08.11 11:24:30,998|11045: Got it from someone else
08.11 11:24:30,999|11045: TimeDiff of 28 big enough
08.11 11:24:30,000|11045: Trying to get Nameservice: ns@lab30.cpt.haw-hamburg.de
08.11 11:24:30,036|11045: Got Nameservice: ns@lab30.cpt.haw-hamburg.de
08.11 11:24:30,036|11045: Got Nameservice, trying to contact it for: 11055
08.11 11:24:30,064|11045: 11055 found, Name: 11055 Node: team10@lab24.cpt.haw-hamburg.de
08.11 11:24:30,064|11045: Abstimmung yes, sending to Next One
08.11 11:24:30,239|11045: Got Abstimmung
08.11 11:24:30,239|11045: Got it from someone else
08.11 11:24:30,240|11045: TimeDiff of 28 big enough
08.11 11:24:30,240|11045: Trying to get Nameservice: ns@lab30.cpt.haw-hamburg.de
08.11 11:24:30,267|11045: Got Nameservice: ns@lab30.cpt.haw-hamburg.de
08.11 11:24:30,268|11045: Got Nameservice, trying to contact it for: 11055
08.11 11:24:30,341|11045: 11055 found, Name: 11055 Node: team10@lab24.cpt.haw-hamburg.de
08.11 11:24:30,344|11045: Abstimmung yes, sending to Next One
08.11 11:24:30,541|11045: Got Abstimmung
08.11 11:24:30,542|11045: Got it from someone else
08.11 11:24:30,543|11045: TimeDiff of 28 big enough
08.11 11:24:30,543|11045: Trying to get Nameservice: ns@lab30.cpt.haw-hamburg.de
08.11 11:24:30,584|11045: Got Nameservice: ns@lab30.cpt.haw-hamburg.de
08.11 11:24:30,585|11045: Got Nameservice, trying to contact it for: 11055
08.11 11:24:30,616|11045: 11055 found, Name: 11055 Node: team10@lab24.cpt.haw-hamburg.de
08.11 11:24:30,617|11045: Abstimmung yes, sending to Next One
08.11 11:24:31,962|11045: Got Abstimmung
08.11 11:24:31,963|11045: Got it from someone else
08.11 11:24:31,963|11045: TimeDiff of 29 big enough
08.11 11:24:31,964|11045: Trying to get Nameservice: ns@lab30.cpt.haw-hamburg.de
08.11 11:24:31,998|11045: Got Nameservice: ns@lab30.cpt.haw-hamburg.de
08.11 11:24:31,999|11045: Got Nameservice, trying to contact it for: 11055
08.11 11:24:31,005|11045: 11055 found, Name: 11055 Node: team10@lab24.cpt.haw-hamburg.de
08.11 11:24:31,006|11045: Abstimmung yes, sending to Next One
08.11 11:24:31,654|11045: Got Abstimmung
08.11 11:24:31,654|11045: Got it from someone else
08.11 11:24:31,655|11045: TimeDiff of 29 big enough
08.11 11:24:31,655|11045: Trying to get Nameservice: ns@lab30.cpt.haw-hamburg.de
08.11 11:24:31,692|11045: Got Nameservice: ns@lab30.cpt.haw-hamburg.de
08.11 11:24:31,693|11045: Got Nameservice, trying to contact it for: 11055
08.11 11:24:31,726|11045: 11055 found, Name: 11055 Node: team10@lab24.cpt.haw-hamburg.de
08.11 11:24:31,727|11045: Abstimmung yes, sending to Next One
08.11 11:24:32,808|11045: Got Abstimmung
08.11 11:24:32,808|11045: Got it from someone else
08.11 11:24:32,809|11045: TimeDiff of 30 big enough
08.11 11:24:32,809|11045: Trying to get Nameservice: ns@lab30.cpt.haw-hamburg.de
08.11 11:24:32,840|11045: Got Nameservice: ns@lab30.cpt.haw-hamburg.de
08.11 11:24:32,841|11045: Got Nameservice, trying to contact it for: 11055
08.11 11:24:32,846|11045: 11055 found, Name: 11055 Node: team10@lab24.cpt.haw-hamburg.de
08.11 11:24:32,847|11045: Abstimmung yes, sending to Next One
08.11 11:24:32,088|11045: Got Abstimmung
08.11 11:24:32,088|11045: Got it from someone else
08.11 11:24:32,089|11045: TimeDiff of 30 big enough
08.11 11:24:32,090|11045: Trying to get Nameservice: ns@lab30.cpt.haw-hamburg.de
08.11 11:24:32,126|11045: Got Nameservice: ns@lab30.cpt.haw-hamburg.de
08.11 11:24:32,127|11045: Got Nameservice, trying to contact it for: 11055
08.11 11:24:32,180|11045: 11055 found, Name: 11055 Node: team10@lab24.cpt.haw-hamburg.de
08.11 11:24:32,180|11045: Abstimmung yes, sending to Next One
08.11 11:24:32,304|11045: Got Abstimmung
08.11 11:24:32,305|11045: Got it from someone else
08.11 11:24:32,305|11045: TimeDiff of 30 big enough
08.11 11:24:32,306|11045: Trying to get Nameservice: ns@lab30.cpt.haw-hamburg.de
08.11 11:24:32,335|11045: Got Nameservice: ns@lab30.cpt.haw-hamburg.de
08.11 11:24:32,336|11045: Got Nameservice, trying to contact it for: 11055
08.11 11:24:32,341|11045: 11055 found, Name: 11055 Node: team10@lab24.cpt.haw-hamburg.de
08.11 11:24:32,341|11045: Abstimmung yes, sending to Next One
08.11 11:24:33,439|11045: Got Abstimmung
08.11 11:24:33,439|11045: Got it from someone else
08.11 11:24:33,440|11045: TimeDiff of 31 big enough
08.11 11:24:33,440|11045: Trying to get Nameservice: ns@lab30.cpt.haw-hamburg.de
08.11 11:24:33,484|11045: Got Nameservice: ns@lab30.cpt.haw-hamburg.de
08.11 11:24:33,484|11045: Got Nameservice, trying to contact it for: 11055
08.11 11:24:33,549|11045: 11055 found, Name: 11055 Node: team10@lab24.cpt.haw-hamburg.de
08.11 11:24:33,550|11045: Abstimmung yes, sending to Next One
08.11 11:24:39,315|11045: Got Abstimmung
08.11 11:24:39,315|11045: Got it from someone else
08.11 11:24:39,316|11045: TimeDiff of 37 big enough
08.11 11:24:39,316|11045: Trying to get Nameservice: ns@lab30.cpt.haw-hamburg.de
08.11 11:24:39,329|11045: Got Nameservice: ns@lab30.cpt.haw-hamburg.de
08.11 11:24:39,330|11045: Got Nameservice, trying to contact it for: 11055
08.11 11:24:39,335|11045: 11055 found, Name: 11055 Node: team10@lab24.cpt.haw-hamburg.de
08.11 11:24:39,336|11045: Abstimmung yes, sending to Next One
08.11 11:24:40,197|11045: Got Abstimmung
08.11 11:24:40,197|11045: Got it from someone else
08.11 11:24:40,198|11045: TimeDiff of 38 big enough
08.11 11:24:40,198|11045: Trying to get Nameservice: ns@lab30.cpt.haw-hamburg.de
08.11 11:24:40,257|11045: Got Nameservice: ns@lab30.cpt.haw-hamburg.de
08.11 11:24:40,258|11045: Got Nameservice, trying to contact it for: 11055
08.11 11:24:40,261|11045: 11055 found, Name: 11055 Node: team10@lab24.cpt.haw-hamburg.de
08.11 11:24:40,262|11045: Abstimmung yes, sending to Next One
08.11 11:24:42,445|11045: Got Abstimmung
08.11 11:24:42,446|11045: Got it from someone else
08.11 11:24:42,446|11045: TimeDiff of 40 big enough
08.11 11:24:42,447|11045: Trying to get Nameservice: ns@lab30.cpt.haw-hamburg.de
08.11 11:24:42,480|11045: Got Nameservice: ns@lab30.cpt.haw-hamburg.de
08.11 11:24:42,480|11045: Got Nameservice, trying to contact it for: 11055
08.11 11:24:42,485|11045: 11055 found, Name: 11055 Node: team10@lab24.cpt.haw-hamburg.de
08.11 11:24:42,485|11045: Abstimmung yes, sending to Next One
08.11 11:24:46,302|11045: Got Abstimmung
08.11 11:24:46,302|11045: Got it from someone else
08.11 11:24:46,303|11045: TimeDiff of 44 big enough
08.11 11:24:46,304|11045: Trying to get Nameservice: ns@lab30.cpt.haw-hamburg.de
08.11 11:24:46,345|11045: Got Nameservice: ns@lab30.cpt.haw-hamburg.de
08.11 11:24:46,346|11045: Got Nameservice, trying to contact it for: 11055
08.11 11:24:46,388|11045: 11055 found, Name: 11055 Node: team10@lab24.cpt.haw-hamburg.de
08.11 11:24:46,392|11045: Abstimmung yes, sending to Next One
08.11 11:24:48,132|11045: Got Abstimmung
08.11 11:24:48,133|11045: Got it from someone else
08.11 11:24:48,133|11045: TimeDiff of 46 big enough
08.11 11:24:48,134|11045: Trying to get Nameservice: ns@lab30.cpt.haw-hamburg.de
08.11 11:24:48,165|11045: Got Nameservice: ns@lab30.cpt.haw-hamburg.de
08.11 11:24:48,166|11045: Got Nameservice, trying to contact it for: 11055
08.11 11:24:48,171|11045: 11055 found, Name: 11055 Node: team10@lab24.cpt.haw-hamburg.de
08.11 11:24:48,171|11045: Abstimmung yes, sending to Next One
08.11 11:24:48,492|11045: Got Abstimmung
08.11 11:24:48,493|11045: Got it from someone else
08.11 11:24:48,493|11045: TimeDiff of 46 big enough
08.11 11:24:48,494|11045: Trying to get Nameservice: ns@lab30.cpt.haw-hamburg.de
08.11 11:24:48,507|11045: Got Nameservice: ns@lab30.cpt.haw-hamburg.de
08.11 11:24:48,508|11045: Got Nameservice, trying to contact it for: 11055
08.11 11:24:48,513|11045: 11055 found, Name: 11055 Node: team10@lab24.cpt.haw-hamburg.de
08.11 11:24:48,514|11045: Abstimmung yes, sending to Next One
08.11 11:24:49,330|11045: Got Abstimmung
08.11 11:24:49,331|11045: Got it from someone else
08.11 11:24:49,332|11045: TimeDiff of 47 big enough
08.11 11:24:49,332|11045: Trying to get Nameservice: ns@lab30.cpt.haw-hamburg.de
08.11 11:24:49,360|11045: Got Nameservice: ns@lab30.cpt.haw-hamburg.de
08.11 11:24:49,361|11045: Got Nameservice, trying to contact it for: 11055
08.11 11:24:49,366|11045: 11055 found, Name: 11055 Node: team10@lab24.cpt.haw-hamburg.de
08.11 11:24:49,367|11045: Abstimmung yes, sending to Next One
08.11 11:24:50,166|11045: Got Abstimmung
08.11 11:24:50,166|11045: Got it from someone else
08.11 11:24:50,167|11045: TimeDiff of 48 big enough
08.11 11:24:50,167|11045: Trying to get Nameservice: ns@lab30.cpt.haw-hamburg.de
08.11 11:24:50,197|11045: Got Nameservice: ns@lab30.cpt.haw-hamburg.de
08.11 11:24:50,198|11045: Got Nameservice, trying to contact it for: 11055
08.11 11:24:50,203|11045: 11055 found, Name: 11055 Node: team10@lab24.cpt.haw-hamburg.de
08.11 11:24:50,205|11045: Abstimmung yes, sending to Next One
08.11 11:24:53,700|11045: Got Abstimmung
08.11 11:24:53,701|11045: Got it from someone else
08.11 11:24:53,701|11045: TimeDiff of 51 big enough
08.11 11:24:53,702|11045: Trying to get Nameservice: ns@lab30.cpt.haw-hamburg.de
08.11 11:24:53,755|11045: Got Nameservice: ns@lab30.cpt.haw-hamburg.de
08.11 11:24:53,756|11045: Got Nameservice, trying to contact it for: 11055
08.11 11:24:53,763|11045: 11055 found, Name: 11055 Node: team10@lab24.cpt.haw-hamburg.de
08.11 11:24:53,763|11045: Abstimmung yes, sending to Next One
08.11 11:24:54,684|11045: Got Abstimmung
08.11 11:24:54,686|11045: Got it from someone else
08.11 11:24:54,688|11045: TimeDiff of 52 big enough
08.11 11:24:54,690|11045: Trying to get Nameservice: ns@lab30.cpt.haw-hamburg.de
08.11 11:24:54,714|11045: Got Nameservice: ns@lab30.cpt.haw-hamburg.de
08.11 11:24:54,715|11045: Got Nameservice, trying to contact it for: 11055
08.11 11:24:54,720|11045: 11055 found, Name: 11055 Node: team10@lab24.cpt.haw-hamburg.de
08.11 11:24:54,721|11045: Abstimmung yes, sending to Next One
08.11 11:24:55,074|11045: Got Abstimmung
08.11 11:24:55,075|11045: Got it from someone else
08.11 11:24:55,075|11045: TimeDiff of 53 big enough
08.11 11:24:55,076|11045: Trying to get Nameservice: ns@lab30.cpt.haw-hamburg.de
08.11 11:24:55,126|11045: Got Nameservice: ns@lab30.cpt.haw-hamburg.de
08.11 11:24:55,127|11045: Got Nameservice, trying to contact it for: 11055
08.11 11:24:55,133|11045: 11055 found, Name: 11055 Node: team10@lab24.cpt.haw-hamburg.de
08.11 11:24:55,133|11045: Abstimmung yes, sending to Next One
08.11 11:24:56,103|11045: Got Abstimmung
08.11 11:24:56,104|11045: Got it from someone else
08.11 11:24:56,104|11045: TimeDiff of 54 big enough
08.11 11:24:56,105|11045: Trying to get Nameservice: ns@lab30.cpt.haw-hamburg.de
08.11 11:24:56,137|11045: Got Nameservice: ns@lab30.cpt.haw-hamburg.de
08.11 11:24:56,138|11045: Got Nameservice, trying to contact it for: 11055
08.11 11:24:56,143|11045: 11055 found, Name: 11055 Node: team10@lab24.cpt.haw-hamburg.de
08.11 11:24:56,144|11045: Abstimmung yes, sending to Next One
08.11 11:25:05,557|11045: Got Abstimmung
08.11 11:25:05,563|11045: Got it from someone else
08.11 11:25:05,569|11045: TimeDiff of 63 big enough
08.11 11:25:05,575|11045: Trying to get Nameservice: ns@lab30.cpt.haw-hamburg.de
08.11 11:25:05,889|11045: Got Nameservice: ns@lab30.cpt.haw-hamburg.de
08.11 11:25:05,897|11045: Got Nameservice, trying to contact it for: 11055
08.11 11:25:05,950|11045: 11055 found, Name: 11055 Node: team10@lab24.cpt.haw-hamburg.de
08.11 11:25:05,957|11045: Abstimmung yes, sending to Next One
08.11 11:25:05,555|11045: Got Abstimmung
08.11 11:25:05,555|11045: Got it from someone else
08.11 11:25:05,556|11045: TimeDiff of 63 big enough
08.11 11:25:05,556|11045: Trying to get Nameservice: ns@lab30.cpt.haw-hamburg.de
08.11 11:25:05,650|11045: Got Nameservice: ns@lab30.cpt.haw-hamburg.de
08.11 11:25:05,651|11045: Got Nameservice, trying to contact it for: 11055
08.11 11:25:05,656|11045: 11055 found, Name: 11055 Node: team10@lab24.cpt.haw-hamburg.de
08.11 11:25:05,657|11045: Abstimmung yes, sending to Next One
08.11 11:25:07,759|11045: Got Abstimmung
08.11 11:25:07,765|11045: Got it from someone else
08.11 11:25:07,771|11045: TimeDiff of 65 big enough
08.11 11:25:07,778|11045: Trying to get Nameservice: ns@lab30.cpt.haw-hamburg.de
08.11 11:25:07,100|11045: Got Nameservice: ns@lab30.cpt.haw-hamburg.de
08.11 11:25:07,109|11045: Got Nameservice, trying to contact it for: 11055
08.11 11:25:07,361|11045: 11055 found, Name: 11055 Node: team10@lab24.cpt.haw-hamburg.de
08.11 11:25:07,368|11045: Abstimmung yes, sending to Next One
08.11 11:25:07,915|11045: Got Abstimmung
08.11 11:25:07,916|11045: Got it from someone else
08.11 11:25:07,916|11045: TimeDiff of 65 big enough
08.11 11:25:07,917|11045: Trying to get Nameservice: ns@lab30.cpt.haw-hamburg.de
08.11 11:25:07,953|11045: Got Nameservice: ns@lab30.cpt.haw-hamburg.de
08.11 11:25:07,954|11045: Got Nameservice, trying to contact it for: 11055
08.11 11:25:07,990|11045: 11055 found, Name: 11055 Node: team10@lab24.cpt.haw-hamburg.de
08.11 11:25:07,992|11045: Abstimmung yes, sending to Next One
08.11 11:25:08,635|11045: Got Abstimmung
08.11 11:25:08,635|11045: Got it from someone else
08.11 11:25:08,636|11045: TimeDiff of 66 big enough
08.11 11:25:08,637|11045: Trying to get Nameservice: ns@lab30.cpt.haw-hamburg.de
08.11 11:25:08,664|11045: Got Nameservice: ns@lab30.cpt.haw-hamburg.de
08.11 11:25:08,665|11045: Got Nameservice, trying to contact it for: 11055
08.11 11:25:08,669|11045: 11055 found, Name: 11055 Node: team10@lab24.cpt.haw-hamburg.de
08.11 11:25:08,669|11045: Abstimmung yes, sending to Next One
08.11 11:25:08,839|11045: Got Abstimmung
08.11 11:25:08,839|11045: Got it from someone else
08.11 11:25:08,840|11045: TimeDiff of 66 big enough
08.11 11:25:08,840|11045: Trying to get Nameservice: ns@lab30.cpt.haw-hamburg.de
08.11 11:25:08,897|11045: Got Nameservice: ns@lab30.cpt.haw-hamburg.de
08.11 11:25:08,898|11045: Got Nameservice, trying to contact it for: 11055
08.11 11:25:08,937|11045: 11055 found, Name: 11055 Node: team10@lab24.cpt.haw-hamburg.de
08.11 11:25:08,940|11045: Abstimmung yes, sending to Next One
08.11 11:25:14,279|11045: Got Nameservice: ns@lab30.cpt.haw-hamburg.de
08.11 11:25:14,280|11045: Unbinding from Nameservice
08.11 11:25:14,281|11045: Killed
